T36C8 000:000.602   SEGGER J-Link V7.96a Log File
T36C8 000:000.701   DLL Compiled: Mar 14 2024 17:11:32
T36C8 000:000.707   Logging started @ 2024-07-13 18:57
T36C8 000:000.712   Process: C:\Users\a8456\.eclipse\com.renesas.platform_766579204\DebugComp\RA\e2-server-gdb.exe
T36C8 000:000.720 - 0.717ms
T36C8 000:000.737 JLINK_GetDLLVersion()
T36C8 000:000.747 - 0.007ms returns 79601
T36C8 000:002.191 JLINK_OpenEx(...)
T36C8 000:006.404   Firmware: J-Link V9 compiled May  7 2021 16:26:12
T36C8 000:006.938   Firmware: J-Link V9 compiled May  7 2021 16:26:12
T36C8 000:007.053   Decompressing FW timestamp took 98 us
T36C8 000:012.562   Hardware: V9.60
T36C8 000:012.587   S/N: 69660718
T36C8 000:012.595   OEM: SEGGER
T36C8 000:012.602   Feature(s): RDI, GDB, FlashDL, FlashBP, JFlash
T36C8 000:013.042   Bootloader: (Could not read)
T36C8 000:013.704   TELNET listener socket opened on port 19021
T36C8 000:013.839   WEBSRV WEBSRV_Init(): Starting webserver thread(s)
T36C8 000:013.966   WEBSRV Webserver running on local port 19080
T36C8 000:014.067   Looking for J-Link GUI Server exe at: C:\Users\a8456\.eclipse\com.renesas.platform_766579204\DebugComp\RA\ARM\Segger_v7.96.1\JLinkGUIServer.exe
T36C8 000:014.190   Looking for J-Link GUI Server exe at: C:\Program Files\SEGGER\JLink_V796h\JLinkGUIServer.exe
T36C8 000:014.273   Forking J-Link GUI Server: C:\Program Files\SEGGER\JLink_V796h\JLinkGUIServer.exe
T36C8 000:109.681   J-Link GUI Server info: "J-Link GUI server V7.96h "
T36C8 000:113.120 - 110.917ms returns "O.K."
T36C8 000:113.242 JLINK_ExecCommand("ProjectFile=C:\Users\a8456\e2_studio\workspace_5.3\RA0E1_P1/RA0E1_P1 Debug_Flat.jlink", ...). 
T36C8 000:132.254 - 19.017ms returns 0x00
T36C8 000:132.495 JLINK_ExecCommand("device=R7FA0E107", ...). 
T36C8 000:133.306   Flash bank @ 0x00000000: SFL: Parsing sectorization info from ELF file
T36C8 000:133.323     FlashDevice.SectorInfo[0]: .SectorSize = 0x00000800, .SectorStartAddr = 0x00000000
T36C8 000:133.370   Flash bank @ 0x40100000: SFL: Parsing sectorization info from ELF file
T36C8 000:133.378     FlashDevice.SectorInfo[0]: .SectorSize = 0x00000100, .SectorStartAddr = 0x00000000
T36C8 000:133.386   FlashBank @0x40100000: Sectorization info from SFL ELF file ignored because sectorization override from DLL / XML file is active.
T36C8 000:133.400   Device "R7FA0E107" selected.
T36C8 000:133.649 - 1.145ms returns 0x00
T36C8 000:133.680 JLINK_ExecCommand("SetCPUConnectIDCODE = FFFFFFFFFFFFFFFFFFFFFFFFFFFFFFFF", ...). 
T36C8 000:133.692 - 0.005ms returns 0x00
T36C8 000:133.698 JLINK_TIF_GetAvailable(...)
T36C8 000:133.837 - 0.138ms
T36C8 000:133.853 JLINK_TIF_Select(JLINKARM_TIF_SWD)
T36C8 000:134.233 - 0.380ms returns 0x00
T36C8 000:134.245 JLINK_SetSpeed(4000)
T36C8 000:134.306 - 0.064ms
T36C8 000:134.315 JLINK_SetEndian(ARM_ENDIAN_LITTLE)
T36C8 000:134.320 - 0.005ms returns 0
T36C8 000:134.327 JLINK_SetInitRegsOnReset(OFF)
T36C8 000:134.332 - 0.005ms returns 1
T36C8 000:134.338 JLINK_SetResetType(JLINKARM_RESET_TYPE_NO_RESET)
T36C8 000:134.343 - 0.005ms returns JLINKARM_RESET_TYPE_NORMAL
T36C8 000:134.350 JLINK_ExecCommand("EnableFlashBPs", ...). 
T36C8 000:134.356 - 0.000ms returns 0x00
T36C8 000:134.363 JLINK_ExecCommand("SetAllowFlashCache = 1", ...). 
T36C8 000:134.369 - 0.000ms returns 0x01
T36C8 000:134.375 JLINK_ExecCommand("SetRestartOnClose = 0", ...). 
T36C8 000:134.382 - 0.000ms returns 0x01
T36C8 000:134.391 JLINK_EnableSoftBPs(ON)
T36C8 000:134.396 - 0.007ms
T36C8 000:134.401 JLINK_Connect()
T36C8 000:134.628   InitTarget() start
T36C8 000:134.640    J-Link Script File: Executing InitTarget()
T36C8 000:134.652   Identifying target device...
T36C8 000:134.660   SWD selected. Executing JTAG -> SWD switching sequence...
T36C8 000:135.121   Initializing DAP...
T36C8 000:136.141   DAP initialized successfully.
T36C8 000:137.164   Low power mode detected. Waking device from low power mode.
T36C8 000:138.553   InitTarget() end - Took 3.91ms
T36C8 000:138.956   Found SW-DP with ID 0x5BA02477
T36C8 000:140.342   DPIDR: 0x5BA02477
T36C8 000:140.387   CoreSight SoC-400 or earlier
T36C8 000:140.395   Scanning AP map to find all available APs
T36C8 000:140.954   AP[2]: Stopped AP scan as end of AP map has been reached
T36C8 000:140.966   AP[0]: AHB-AP (IDR: 0x74770001)
T36C8 000:140.974   AP[1]: APB-AP (IDR: 0x44770002)
T36C8 000:140.981   Iterating through AP map to find AHB-AP to use
T36C8 000:141.640   AP[0]: Core found
T36C8 000:141.653   AP[0]: AHB-AP ROM base: 0x4001A000
T36C8 000:141.990   CPUID register: 0x411CD200. Implementer code: 0x41 (ARM)
T36C8 000:142.002   Feature set: Baseline
T36C8 000:142.334   Cache: No cache
T36C8 000:142.343   Found Cortex-M23 r1p0, Little endian.
T36C8 000:142.601   -- Max. mem block: 0x00010C40
T36C8 000:142.995   
  ***** Warning: 
T36C8 000:143.003   Cortex-M (ARMv8-M and later): The connected J-Link (S/N 69660718) uses an old firmware module that does not handle I/D-cache correctly. Proper debugging functionality cannot be guaranteed if cache is enabled
T36C8 000:143.021   CPU_ReadMem(4 bytes @ 0xE000EDF0)
T36C8 000:143.227   CPU_WriteMem(4 bytes @ 0xE000EDF0)
T36C8 000:143.454   CPU_ReadMem(4 bytes @ 0xE0002000)
T36C8 000:143.710   FPUnit: 4 code (BP) slots and 0 literal slots
T36C8 000:143.718   CPU_ReadMem(4 bytes @ 0xE000EDFC)
T36C8 000:143.925   CPU_WriteMem(4 bytes @ 0xE000EDFC)
T36C8 000:144.157   CPU_ReadMem(4 bytes @ 0xE0001000)
T36C8 000:144.366   CPU_ReadMem(4 bytes @ 0xE0001000)
T36C8 000:144.614   CPU_ReadMem(4 bytes @ 0xE0001028)
T36C8 000:144.829   CPU_ReadMem(4 bytes @ 0xE0001038)
T36C8 000:145.048   CPU_WriteMem(4 bytes @ 0xE0001000)
T36C8 000:145.282   CPU_ReadMem(4 bytes @ 0xE000ED88)
T36C8 000:145.552   CPU_WriteMem(4 bytes @ 0xE000ED88)
T36C8 000:145.784   CPU_ReadMem(4 bytes @ 0xE000ED88)
T36C8 000:145.990   CPU_WriteMem(4 bytes @ 0xE000ED88)
T36C8 000:146.218   CPU_ReadMem(4 bytes @ 0xE000EFB8)
T36C8 000:146.434   Security extension: not implemented
T36C8 000:146.442   CoreSight components:
T36C8 000:146.449   ROMTbl[0] @ 4001A000
T36C8 000:146.457   CPU_ReadMem(64 bytes @ 0x4001A000)
T36C8 000:146.989   CPU_ReadMem(32 bytes @ 0xE000EFE0)
T36C8 000:147.338   CPU_ReadMem(4 bytes @ 0xE000EFBC)
T36C8 000:147.557   CPU_ReadMem(4 bytes @ 0xE000EFCC)
T36C8 000:147.761   [0][0]: E000E000 CID B105900D PID 000BBD20 DEVARCH 47702A04 DEVTYPE 00 Cortex-M23
T36C8 000:147.769   CPU_ReadMem(32 bytes @ 0xE0001FE0)
T36C8 000:148.105   CPU_ReadMem(4 bytes @ 0xE0001FBC)
T36C8 000:148.339   CPU_ReadMem(4 bytes @ 0xE0001FCC)
T36C8 000:148.552   [0][1]: E0001000 CID B105900D PID 000BBD20 DEVARCH 47701A02 DEVTYPE 00 DWT
T36C8 000:148.561   CPU_ReadMem(32 bytes @ 0xE0002FE0)
T36C8 000:148.900   CPU_ReadMem(4 bytes @ 0xE0002FBC)
T36C8 000:149.110   CPU_ReadMem(4 bytes @ 0xE0002FCC)
T36C8 000:149.312   [0][2]: E0002000 CID B105900D PID 000BBD20 DEVARCH 47701A03 DEVTYPE 00 FPB
T36C8 000:149.320   CPU_ReadMem(32 bytes @ 0x40019FE0)
T36C8 000:149.660   CPU_ReadMem(4 bytes @ 0x40019FBC)
T36C8 000:149.862   CPU_ReadMem(4 bytes @ 0x40019FCC)
T36C8 000:150.058   [0][3]: 40019000 CID B105900D PID 000BBD20 DEVARCH 47710A31 DEVTYPE 31 MTB
T36C8 000:150.090 - 15.688ms returns 0x00
T36C8 000:150.101 JLINK_Halt()
T36C8 000:152.129 - 2.028ms returns 0x00
T36C8 000:152.150 JLINK_IsHalted()
T36C8 000:152.167 - 0.016ms returns TRUE
T36C8 000:152.217 JLINK_ResetPullsRESET(ON)
T36C8 000:152.223 - 0.005ms
T36C8 000:152.229 JLINK_Reset()
T36C8 000:152.256   CPU_WriteMem(4 bytes @ 0xE000EDF0)
T36C8 000:152.563   CPU_ReadMem(4 bytes @ 0xE000ED44)
T36C8 000:152.790   CPU_WriteMem(4 bytes @ 0xE000EDFC)
T36C8 000:153.036   Reset: Halt core after reset via DEMCR.VC_CORERESET.
T36C8 000:153.314   Reset: Reset device via AIRCR.SYSRESETREQ.
T36C8 000:153.331   CPU_WriteMem(4 bytes @ 0xE000ED0C)
T36C8 000:206.093   CPU_ReadMem(4 bytes @ 0xE000EDF0)
T36C8 000:206.336   CPU_ReadMem(4 bytes @ 0xE000EDF0)
T36C8 000:206.573   CPU_WriteMem(4 bytes @ 0xE000EDFC)
T36C8 000:212.367   CPU_ReadMem(4 bytes @ 0xE000EDF0)
T36C8 000:214.625   CPU_WriteMem(4 bytes @ 0xE0002000)
T36C8 000:214.870   CPU_ReadMem(4 bytes @ 0xE000EDFC)
T36C8 000:215.088   CPU_ReadMem(4 bytes @ 0xE0001000)
T36C8 000:215.292   CPU_WriteMem(4 bytes @ 0xE0001000)
T36C8 000:215.568   CPU_ReadMem(4 bytes @ 0xE000EE08)
T36C8 000:215.791 - 63.562ms
T36C8 000:215.858 JLINK_ReadMem(0x01011080, 0x10 Bytes, ...)
T36C8 000:215.872   CPU_ReadMem(16 bytes @ 0x01011080)
T36C8 000:216.155   Data:  4A 46 43 33 37 30 31 45 30 41 46 37 52 20 20 20
T36C8 000:216.164 - 0.306ms returns 0
T36C8 000:216.181 JLINK_IsHalted()
T36C8 000:216.187 - 0.005ms returns TRUE
T36C8 000:216.427 JLINK_MeasureCPUSpeed(RAMAddr = 0xFFFFFFFF)
T36C8 000:216.435   CPU_ReadMem(16 bytes @ 0x20004000)
T36C8 000:216.803   CPU_ReadMem(64 bytes @ 0x20004000)
T36C8 000:217.298    -- Updating C cache (64 bytes @ 0x20004000)
T36C8 000:217.307    -- Read from C cache (6 bytes @ 0x20004000)
T36C8 000:217.315   CPU_ReadMem(4 bytes @ 0x40019004)
T36C8 000:217.664   CPU_ReadMem(4 bytes @ 0xE000ED90)
T36C8 000:217.927   CPU_WriteMem(16 bytes @ 0x20004000)
T36C8 000:218.223   CPU_WriteMem(6 bytes @ 0x20004000)
T36C8 000:218.599   CPU_ReadMem(64 bytes @ 0x20004000)
T36C8 000:219.123    -- Updating C cache (64 bytes @ 0x20004000)
T36C8 000:219.165    -- Read from C cache (6 bytes @ 0x20004000)
T36C8 000:219.210   CPU_ReadMem(4 bytes @ 0xE000EE08)
T36C8 000:219.596   CPU_WriteMem(4 bytes @ 0xE0002008)
T36C8 000:219.626   CPU_WriteMem(4 bytes @ 0xE000200C)
T36C8 000:219.640   CPU_WriteMem(4 bytes @ 0xE0002010)
T36C8 000:219.654   CPU_WriteMem(4 bytes @ 0xE0002014)
T36C8 000:224.938   CPU_WriteMem(4 bytes @ 0xE0002008)
T36C8 000:225.275   CPU_WriteMem(4 bytes @ 0xE000200C)
T36C8 000:225.563   CPU_WriteMem(4 bytes @ 0xE0002010)
T36C8 000:225.835   CPU_WriteMem(4 bytes @ 0xE0002014)
T36C8 000:226.080   CPU_ReadMem(4 bytes @ 0xE000EE08)
T36C8 000:226.291   CPU_ReadMem(4 bytes @ 0xE000EE08)
T36C8 000:226.551   CPU_ReadMem(4 bytes @ 0xE000EE08)
T36C8 000:250.947   CPU_WriteMem(6 bytes @ 0x20004000)
T36C8 000:251.243   ClockFreq: 4001850 Hz
T36C8 000:251.262 - 34.833ms returns 4001850
T36C8 000:251.321 JLINK_ReadReg(XPSR)
T36C8 000:251.346   CPU_ReadMem(4 bytes @ 0xE000EE08)
T36C8 000:251.766 - 0.445ms returns 0x41000000
T29B8 002:352.894 JLINK_ReadReg(XPSR)
T29B8 002:353.249   CPU_ReadMem(4 bytes @ 0xE000EE08)
T29B8 002:353.619 - 0.724ms returns 0x41000000
T29B8 002:413.877 JLINK_ReadReg(XPSR)
T29B8 002:413.912 - 0.035ms returns 0x41000000
T29B8 002:614.015 JLINK_SetEndian(ARM_ENDIAN_LITTLE)
T29B8 002:614.039 - 0.024ms returns 0
T29B8 002:614.140 JLINK_BeginDownload(Flags = 0x00000000)
T29B8 002:614.147 - 0.007ms
T29B8 002:631.044 JLINK_WriteMem(0x00000000, 0x934 Bytes, ...)
T29B8 002:631.065   Data:  38 45 00 20 A9 01 00 00 C1 00 00 00 A5 01 00 00 ...
T29B8 002:631.355   completely In flash
T29B8 002:631.369 - 0.325ms returns 0x934
T29B8 002:631.559 JLINK_WriteMem(0x00000934, 0x8 Bytes, ...)
T29B8 002:631.577   Data:  89 04 00 00 59 04 00 00
T29B8 002:631.588   completely In flash
T29B8 002:631.597 - 0.037ms returns 0x8
T29B8 002:631.716 JLINK_WriteMem(0x01010018, 0x1C Bytes, ...)
T29B8 002:631.731   Data:  FF FF FF FF FF FF FF FF FF FF FF FF FF FF FF FF ...
T29B8 002:632.117   CPU_ReadMem(4 bytes @ 0x40019004)
T29B8 002:632.340   CPU_ReadMem(4 bytes @ 0xE000ED90)
T29B8 002:632.578    -- --------------------------------------
T29B8 002:632.594    -- Start of determining flash info (Bank @ 0x00000000)
T29B8 002:632.614    -- End of determining flash info
T29B8 002:632.622    -- Start of determining dirty areas in flash cache
T29B8 002:632.631    -- Filling invalid ranges in sector buffer (flash cache) for sector @ 0x00000000 if necessary
T29B8 002:632.640    -- Filling invalid ranges in sector buffer (flash cache) for sector @ 0x00000800 if necessary
T29B8 002:632.657    -- End of determining dirty areas
T29B8 002:632.665    -- Start of preparing flash programming
T29B8 002:632.676    -- Preparing RAMCode
T29B8 002:632.684    -- Calculating RAM usage
T29B8 002:632.692    -- RAM usage = 4792 Bytes
T29B8 002:632.700    -- Preserving CPU registers
T29B8 002:632.736    -- Preparing memory
T29B8 002:632.744    -- Determining CPU clock frequency
T29B8 002:663.734    -- CPU frequency = 4001 kHz
T29B8 002:663.755    -- Preparing target
T29B8 002:663.763    -- Preserving target RAM temporarily used for programming
T29B8 002:685.020    -- Downloading RAMCode
T29B8 002:703.255    -- Initializing RAMCode (InitType: 3 = Verify)
T29B8 002:703.293    -- Executing Init(3)
T29B8 002:716.294    -- End of preparing flash programming
T29B8 002:741.538   
  ***** Warning: 
T29B8 002:741.563   CPU is running at low speed (4001 kHz).
T29B8 002:741.571    -- CPU is running at 4001 kHz.
T29B8 002:741.580    -- Start of comparing flash
T29B8 002:741.590    -- CRC check was estimated as fastest method
T29B8 002:771.262    -- Comparing range 0x0000 - 0x0FFF (2 Sectors, 4 KB), using single-block CRC calculation
T29B8 002:799.073    -- CRC does not match, checking individual sectors
T29B8 002:823.515    -- CRC does not match for sectors 0-1
T29B8 002:823.550    -- End of comparing flash
T29B8 002:823.559    -- Start of erasing sectors
T29B8 002:823.568    -- Erasing range 0x00000000 - 0x00000FFF (  2 Sectors, 4 KB)
T29B8 002:823.577    -- Initializing RAMCode (InitType: 1 = Erase)
T29B8 002:823.585    -- Executing UnInit()
T29B8 002:832.906    -- Executing Init(1)
T29B8 002:869.014    -- End of erasing sectors
T29B8 002:869.068    -- Start of flash programming
T29B8 002:869.086    -- Programming range 0x00000000 - 0x00000FFF (  2 Sectors, 4 KB)
T29B8 002:870.970    -- Initializing RAMCode (InitType: 2 = Program)
T29B8 002:871.021    -- Executing UnInit()
T29B8 002:881.577    -- Executing Init(2)
T29B8 002:890.694    -- Program page timeout too high. Use default timeout: 10000 [s]
T29B8 002:890.741    -- Program page timeout too high. Use default timeout: 10000 [s]
T29B8 002:927.408    -- End of flash programming
T29B8 002:927.441    -- 0x0000 - 0x0FFF (  2 Sectors, 4 KB)
T29B8 002:927.452    -- Start of verifying flash
T29B8 002:927.460    -- Checksum calculation was estimated as fastest method
T29B8 002:927.468    -- Checksum is not supported by this flash bank. Switched to read back method.
T29B8 002:927.478    -- Initializing RAMCode (InitType: 3 = Verify)
T29B8 002:927.486    -- Executing UnInit()
T29B8 002:994.990    -- Executing Init(3)
T29B8 003:031.109    -- End of verifying flash
T29B8 003:031.130    -- Start of restoring
T29B8 003:031.139    -- Executing UnInit()
T29B8 003:040.692    -- Restoring target memory
T29B8 003:058.450    -- Restoring CPU registers
T29B8 003:058.742    -- End of restoring
T29B8 003:058.753    -- Bank 0 @ 0x00000000: 1 range affected (4096 bytes)
T29B8 003:058.762    -- Total: 0.426s (Prepare: 0.108s, Compare: 0.081s, Erase: 0.045s, Program: 0.117s, Verify: 0.044s, Restore: 0.027s)
T29B8 003:058.771    -- Program speed: 34 KB/s
T29B8 003:061.914   CPU_WriteMem(28 bytes @ 0x01010018)
T29B8 003:062.304 - 430.587ms returns 0x1C
T29B8 003:067.014 JLINK_EndDownload()
T29B8 003:067.079 - 0.064ms returns 0 (0x0)
T29B8 003:067.268 JLINK_WriteReg(R15 (PC), 0x000001A8)
T29B8 003:067.296 - 0.029ms returns 0
T29B8 003:067.310 JLINK_WriteReg(XPSR, 0x01000000)
T29B8 003:067.322 - 0.012ms returns 0
T29B8 003:067.337 JLINK_ResetPullsRESET(ON)
T29B8 003:067.346 - 0.010ms
T29B8 003:067.357 JLINK_Halt()
T29B8 003:067.367 - 0.009ms returns 0x00
T29B8 003:067.378 JLINK_IsHalted()
T29B8 003:067.388 - 0.010ms returns TRUE
T29B8 003:067.399 JLINK_Reset()
T29B8 003:067.412   CPU_ReadMem(4 bytes @ 0x01010018)
T29B8 003:067.964   CPU_WriteMem(4 bytes @ 0x01010018)
T29B8 003:069.103   CPU_WriteMem(4 bytes @ 0xE000EDF0)
T29B8 003:069.567   CPU_ReadMem(4 bytes @ 0xE000ED44)
T29B8 003:070.090   CPU_WriteMem(4 bytes @ 0xE000EDFC)
T29B8 003:070.620   Reset: Halt core after reset via DEMCR.VC_CORERESET.
T29B8 003:071.024   Reset: Reset device via AIRCR.SYSRESETREQ.
T29B8 003:071.059   CPU_WriteMem(4 bytes @ 0xE000ED0C)
T29B8 003:123.686   CPU_ReadMem(4 bytes @ 0xE000EDF0)
T29B8 003:124.053   CPU_ReadMem(4 bytes @ 0xE000EDF0)
T29B8 003:124.385   CPU_WriteMem(4 bytes @ 0xE000EDFC)
T29B8 003:129.903   CPU_ReadMem(4 bytes @ 0xE000EDF0)
T29B8 003:132.112   CPU_WriteMem(4 bytes @ 0xE0002000)
T29B8 003:132.354   CPU_ReadMem(4 bytes @ 0xE000EDFC)
T29B8 003:132.563   CPU_ReadMem(4 bytes @ 0xE0001000)
T29B8 003:132.766   CPU_WriteMem(4 bytes @ 0xE0001000)
T29B8 003:132.989   CPU_ReadMem(4 bytes @ 0xE000EE08)
T29B8 003:133.200 - 65.801ms
T29B8 003:133.211 JLINK_SetEndian(ARM_ENDIAN_LITTLE)
T29B8 003:133.216 - 0.005ms returns 0
T29B8 003:133.638 JLINK_ResetPullsRESET(ON)
T29B8 003:133.651 - 0.012ms
T29B8 003:133.658 JLINK_Halt()
T29B8 003:133.664 - 0.005ms returns 0x00
T29B8 003:133.670 JLINK_IsHalted()
T29B8 003:133.676 - 0.005ms returns TRUE
T29B8 003:133.682 JLINK_Reset()
T29B8 003:133.692   CPU_WriteMem(4 bytes @ 0xE000EDF0)
T29B8 003:133.940   CPU_ReadMem(4 bytes @ 0xE000ED44)
T29B8 003:134.160   CPU_WriteMem(4 bytes @ 0xE000EDFC)
T29B8 003:134.390   Reset: Halt core after reset via DEMCR.VC_CORERESET.
T29B8 003:134.674   Reset: Reset device via AIRCR.SYSRESETREQ.
T29B8 003:134.693   CPU_WriteMem(4 bytes @ 0xE000ED0C)
T29B8 003:188.437   CPU_ReadMem(4 bytes @ 0xE000EDF0)
T29B8 003:188.771   CPU_ReadMem(4 bytes @ 0xE000EDF0)
T29B8 003:188.970   CPU_WriteMem(4 bytes @ 0xE000EDFC)
T29B8 003:194.325   CPU_ReadMem(4 bytes @ 0xE000EDF0)
T29B8 003:196.617   CPU_WriteMem(4 bytes @ 0xE0002000)
T29B8 003:196.843   CPU_ReadMem(4 bytes @ 0xE000EDFC)
T29B8 003:197.053   CPU_ReadMem(4 bytes @ 0xE0001000)
T29B8 003:197.266   CPU_WriteMem(4 bytes @ 0xE0001000)
T29B8 003:197.554   CPU_ReadMem(4 bytes @ 0xE000EE08)
T29B8 003:197.760 - 64.078ms
T29B8 003:197.778 JLINK_SetEndian(ARM_ENDIAN_LITTLE)
T29B8 003:197.784 - 0.005ms returns 0
T29B8 003:221.175 JLINK_ReadReg(XPSR)
T29B8 003:221.228   CPU_ReadMem(4 bytes @ 0xE000EE08)
T29B8 003:221.599 - 0.424ms returns 0x41000000
T29B8 003:222.378 JLINK_ReadMem(0x000001A8, 0x4 Bytes, ...)
T29B8 003:222.414    -- Read from flash cache (4 bytes @ 0x000001A8)
T29B8 003:222.430   Data:  10 B5 00 F0
T29B8 003:222.444 - 0.066ms returns 0
T29B8 003:251.400 JLINK_ReadReg(XPSR)
T29B8 003:251.545 - 0.143ms returns 0x41000000
T29B8 003:255.059 JLINK_ReadMem(0x000001A8, 0x4 Bytes, ...)
T29B8 003:255.112    -- Read from flash cache (4 bytes @ 0x000001A8)
T29B8 003:255.129   Data:  10 B5 00 F0
T29B8 003:255.144 - 0.085ms returns 0
T29B8 003:259.116 JLINK_ReadMem(0x000004C4, 0x2 Bytes, ...)
T29B8 003:259.153    -- Read from flash cache (2 bytes @ 0x000004C4)
T29B8 003:259.169   Data:  40 F2
T29B8 003:259.184 - 0.069ms returns 0
T29B8 003:259.336 JLINK_ReadMem(0x00000480, 0x40 Bytes, ...)
T29B8 003:259.355    -- Read from flash cache (64 bytes @ 0x00000480)
T29B8 003:259.369   Data:  01 23 23 70 10 BD C0 46 40 F2 00 03 C0 F2 00 03 ...
T29B8 003:259.383 - 0.046ms returns 0
T29B8 003:259.714 JLINK_ReadMem(0x000004C4, 0x2 Bytes, ...)
T29B8 003:259.743    -- Read from flash cache (2 bytes @ 0x000004C4)
T29B8 003:259.759   Data:  40 F2
T29B8 003:259.774 - 0.060ms returns 0
T29B8 003:260.153 JLINK_GetNumBPUnits(Type = 0xFFFFFF00)
T29B8 003:260.174 - 0.021ms returns 0x04
T29B8 003:260.185 JLINK_GetNumWPUnits()
T29B8 003:260.195 - 0.009ms returns 2
T29B8 003:260.206 JLINK_GetNumWPUnits()
T29B8 003:260.215 - 0.009ms returns 2
T29B8 003:260.232 JLINK_GetNumBPUnits(Type = 0xFFFFFF00)
T29B8 003:260.242 - 0.010ms returns 0x04
T29B8 003:260.253 JLINK_GetNumWPUnits()
T29B8 003:260.262 - 0.009ms returns 2
T29B8 003:260.272 JLINK_GetNumWPUnits()
T29B8 003:260.282 - 0.009ms returns 2
T29B8 003:260.296 JLINK_GetNumBPUnits(Type = 0xFFFFFF00)
T29B8 003:260.306 - 0.009ms returns 0x04
T29B8 003:260.316 JLINK_GetNumWPUnits()
T29B8 003:260.325 - 0.009ms returns 2
T29B8 003:260.335 JLINK_GetNumWPUnits()
T29B8 003:260.344 - 0.008ms returns 2
T29B8 003:260.400 JLINK_SetBPEx(Addr = 0x000004C4, Type = 0xFFFFFF00)
T29B8 003:260.414 - 0.014ms returns 0x00000001
T29B8 003:261.020 JLINK_ReadMem(0x000004CE, 0x2 Bytes, ...)
T29B8 003:261.044    -- Read from flash cache (2 bytes @ 0x000004CE)
T29B8 003:261.068   Data:  23 00
T29B8 003:261.083 - 0.063ms returns 0
T29B8 003:261.213 JLINK_ReadMem(0x00000480, 0x40 Bytes, ...)
T29B8 003:261.231    -- Read from flash cache (64 bytes @ 0x00000480)
T29B8 003:261.245   Data:  01 23 23 70 10 BD C0 46 40 F2 00 03 C0 F2 00 03 ...
T29B8 003:261.259 - 0.046ms returns 0
T29B8 003:261.452 JLINK_ReadMem(0x000004CE, 0x2 Bytes, ...)
T29B8 003:261.480    -- Read from flash cache (2 bytes @ 0x000004CE)
T29B8 003:261.496   Data:  23 00
T29B8 003:261.511 - 0.059ms returns 0
T29B8 003:261.842 JLINK_ClrBPEx(BPHandle = 0x00000001)
T29B8 003:261.868 - 0.026ms returns 0x00
T29B8 003:261.885 JLINK_SetBPEx(Addr = 0x000004C4, Type = 0xFFFFFF00)
T29B8 003:261.899 - 0.014ms returns 0x00000002
T29B8 003:261.911 JLINK_SetBPEx(Addr = 0x000004CE, Type = 0xFFFFFF00)
T29B8 003:261.922 - 0.011ms returns 0x00000003
T29B8 003:385.812 JLINK_ClrBPEx(BPHandle = 0x00000002)
T29B8 003:385.852 - 0.040ms returns 0x00
T29B8 003:385.866 JLINK_ClrBPEx(BPHandle = 0x00000003)
T29B8 003:385.877 - 0.011ms returns 0x00
T29B8 003:385.894 JLINK_SetBPEx(Addr = 0x000004C4, Type = 0xFFFFFF00)
T29B8 003:385.910 - 0.015ms returns 0x00000004
T29B8 003:385.922 JLINK_SetBPEx(Addr = 0x000004CE, Type = 0xFFFFFF00)
T29B8 003:385.935 - 0.012ms returns 0x00000005
T29B8 003:385.996 JLINK_SetBPEx(Addr = 0x00000514, Type = 0xFFFFFF00)
T29B8 003:386.010 - 0.013ms returns 0x00000006
T29B8 003:386.021 JLINK_ClrBPEx(BPHandle = 0x00000004)
T29B8 003:386.028 - 0.007ms returns 0x00
T29B8 003:386.034 JLINK_ClrBPEx(BPHandle = 0x00000005)
T29B8 003:386.040 - 0.005ms returns 0x00
T29B8 003:386.046 JLINK_ClrBPEx(BPHandle = 0x00000006)
T29B8 003:386.051 - 0.005ms returns 0x00
T29B8 003:386.059 JLINK_SetBPEx(Addr = 0x000004C4, Type = 0xFFFFFF00)
T29B8 003:386.064 - 0.005ms returns 0x00000007
T29B8 003:386.070 JLINK_SetBPEx(Addr = 0x000004CE, Type = 0xFFFFFF00)
T29B8 003:386.075 - 0.005ms returns 0x00000008
T29B8 003:401.946 JLINK_ReadMem(0x00000500, 0x40 Bytes, ...)
T29B8 003:401.974    -- Read from flash cache (64 bytes @ 0x00000500)
T29B8 003:402.001   Data:  00 F0 68 F8 F7 E7 C0 46 90 C0 7E 40 04 09 00 00 ...
T29B8 003:402.032 - 0.085ms returns 0
T29B8 003:402.332 JLINK_ReadMem(0x00000514, 0x2 Bytes, ...)
T29B8 003:402.349    -- Read from flash cache (2 bytes @ 0x00000514)
T29B8 003:402.358   Data:  10 B5
T29B8 003:402.368 - 0.036ms returns 0
T29B8 003:402.576 JLINK_ClrBPEx(BPHandle = 0x00000007)
T29B8 003:402.591 - 0.014ms returns 0x00
T29B8 003:402.597 JLINK_ClrBPEx(BPHandle = 0x00000008)
T29B8 003:402.602 - 0.005ms returns 0x00
T29B8 003:402.612 JLINK_SetBPEx(Addr = 0x000004C4, Type = 0xFFFFFF00)
T29B8 003:402.618 - 0.007ms returns 0x00000009
T29B8 003:402.624 JLINK_SetBPEx(Addr = 0x000004CE, Type = 0xFFFFFF00)
T29B8 003:402.629 - 0.005ms returns 0x0000000A
T29B8 003:402.635 JLINK_SetBPEx(Addr = 0x00000514, Type = 0xFFFFFF00)
T29B8 003:402.640 - 0.005ms returns 0x0000000B
T29B8 003:509.828 JLINK_ReadRegs(NumRegs = 22, Indexes: 0, 1, 2, 3, 4, 5, 6, 7, 8, 9, 10, 11, 12, 13, 14, 15, 16, 17, 18, 86, 87, 20)
T29B8 003:509.888    -- R0=0x00, R1=0x20005280, R2=0x00, R3=0xFF, R4=0x20005270, R5=0x00, R6=0x20005280, R7=0xFFFFFFFF, R8=0x2C6E4E25, R9=0x4000867C, R10=0x966EBA87, R11=0x353E55B8, R12=0x547FDF83, R13 (SP)=0x20004538, R14=0x20004291, R15 (PC)=0x1A8, XPSR=0x41000000, MSP=0x20004538, PSP=0x938B0A28, MSPLIM=0x00, PSPLIM=0x00, CFBP=0x00
T29B8 003:509.906 - 0.079ms returns 0x00
T29B8 003:510.276 JLINK_ReadReg(XPSR)
T29B8 003:510.373 - 0.097ms returns 0x41000000
T29B8 003:510.987 JLINK_ReadMem(0x000001A8, 0x4 Bytes, ...)
T29B8 003:511.018    -- Read from flash cache (4 bytes @ 0x000001A8)
T29B8 003:511.035   Data:  10 B5 00 F0
T29B8 003:511.051 - 0.064ms returns 0
T508C 003:579.538 JLINK_GetNumBPUnits(Type = 0xFFFFFF00)
T508C 003:579.557 - 0.018ms returns 0x04
T508C 003:579.563 JLINK_GetNumWPUnits()
T508C 003:579.569 - 0.005ms returns 2
T508C 003:579.574 JLINK_GetNumWPUnits()
T508C 003:579.580 - 0.005ms returns 2
T508C 003:579.860 JLINK_GetNumBPUnits(Type = 0xFFFFFF00)
T508C 003:579.894 - 0.033ms returns 0x04
T508C 003:579.908 JLINK_GetNumWPUnits()
T508C 003:579.918 - 0.009ms returns 2
T508C 003:579.929 JLINK_GetNumWPUnits()
T508C 003:579.938 - 0.009ms returns 2
T508C 003:580.144 JLINK_GetNumBPUnits(Type = 0xFFFFFF00)
T508C 003:580.168 - 0.023ms returns 0x04
T508C 003:580.180 JLINK_GetNumWPUnits()
T508C 003:580.190 - 0.009ms returns 2
T508C 003:580.200 JLINK_GetNumWPUnits()
T508C 003:580.209 - 0.009ms returns 2
T508C 003:580.389 JLINK_GetNumBPUnits(Type = 0xFFFFFF00)
T508C 003:580.402 - 0.013ms returns 0x04
T508C 003:580.408 JLINK_GetNumWPUnits()
T508C 003:580.413 - 0.004ms returns 2
T508C 003:580.419 JLINK_GetNumWPUnits()
T508C 003:580.424 - 0.005ms returns 2
T508C 003:580.570 JLINK_GetNumBPUnits(Type = 0xFFFFFF00)
T508C 003:580.576 - 0.007ms returns 0x04
T508C 003:580.582 JLINK_GetNumWPUnits()
T508C 003:580.587 - 0.004ms returns 2
T508C 003:580.593 JLINK_GetNumWPUnits()
T508C 003:580.598 - 0.004ms returns 2
T508C 003:580.702 JLINK_GetNumBPUnits(Type = 0xFFFFFF00)
T508C 003:580.708 - 0.006ms returns 0x04
T508C 003:580.713 JLINK_GetNumWPUnits()
T508C 003:580.718 - 0.004ms returns 2
T508C 003:580.724 JLINK_GetNumWPUnits()
T508C 003:580.728 - 0.004ms returns 2
T508C 003:580.822 JLINK_GetNumBPUnits(Type = 0xFFFFFF00)
T508C 003:580.828 - 0.006ms returns 0x04
T508C 003:580.833 JLINK_GetNumWPUnits()
T508C 003:580.838 - 0.004ms returns 2
T508C 003:580.844 JLINK_GetNumWPUnits()
T508C 003:580.848 - 0.004ms returns 2
T508C 003:580.940 JLINK_GetNumBPUnits(Type = 0xFFFFFF00)
T508C 003:580.945 - 0.006ms returns 0x04
T508C 003:580.951 JLINK_GetNumWPUnits()
T508C 003:580.956 - 0.004ms returns 2
T508C 003:580.961 JLINK_GetNumWPUnits()
T508C 003:580.966 - 0.004ms returns 2
T29B8 006:807.353 JLINK_ReadReg(XPSR)
T29B8 006:807.595 - 0.241ms returns 0x41000000
T29B8 006:807.981 JLINK_ReadMem(0x000001A8, 0x4 Bytes, ...)
T29B8 006:807.992    -- Read from flash cache (4 bytes @ 0x000001A8)
T29B8 006:808.001   Data:  10 B5 00 F0
T29B8 006:808.013 - 0.032ms returns 0
T29B8 007:605.421 JLINK_ReadReg(XPSR)
T29B8 007:605.739 - 0.319ms returns 0x41000000
T29B8 007:606.406 JLINK_ReadReg(XPSR)
T29B8 007:606.433 - 0.026ms returns 0x41000000
T29B8 011:664.438 JLINK_STRACE_Read(..., NumItems = 0x10000)
T29B8 011:664.675 - 0.237ms NumItemsRead = 0x00
T29B8 011:664.703 JLINK_IsHalted()
T29B8 011:665.022 - 0.318ms returns TRUE
T29B8 011:665.049 JLINK_STRACE_Read(..., NumItems = 0x10000)
T29B8 011:665.061 - 0.012ms NumItemsRead = 0x00
T29B8 011:665.074 JLINK_GoEx(MaxEmulInsts = 0, Flags = 0x01)
T29B8 011:665.098   CPU_WriteMem(4 bytes @ 0xE0002000)
T29B8 011:665.406   CPU_WriteMem(4 bytes @ 0xE0002000)
T29B8 011:665.818   CPU_WriteMem(4 bytes @ 0xE0002000)
T29B8 011:666.178   CPU_ReadMem(4 bytes @ 0xE0001000)
T29B8 011:666.769   CPU_WriteMem(4 bytes @ 0xE0001000)
T29B8 011:667.063   CPU_WriteMem(4 bytes @ 0xE0002008)
T29B8 011:667.085   CPU_WriteMem(4 bytes @ 0xE000200C)
T29B8 011:667.099   CPU_WriteMem(4 bytes @ 0xE0002010)
T29B8 011:667.114   CPU_WriteMem(4 bytes @ 0xE0002014)
T29B8 011:667.826   CPU_WriteMem(4 bytes @ 0xE0001004)
T29B8 011:668.835   Memory map 'after startup completion point' is active
T29B8 011:668.868 - 3.793ms
T29B8 011:769.228 JLINK_IsHalted()
T29B8 011:771.617 - 2.388ms returns TRUE
T29B8 011:771.641 JLINK_ReadReg(XPSR)
T29B8 011:771.653   CPU_ReadMem(4 bytes @ 0xE000EE08)
T29B8 011:771.916 - 0.275ms returns 0x41000000
T29B8 011:771.926 JLINK_ReadReg(R15 (PC))
T29B8 011:771.933 - 0.006ms returns 0x00000514
T29B8 011:771.952 JLINK_ReadReg(XPSR)
T29B8 011:771.958 - 0.005ms returns 0x41000000
T29B8 011:771.964 JLINK_ReadReg(XPSR)
T29B8 011:771.969 - 0.005ms returns 0x41000000
T29B8 011:771.974 JLINK_ReadReg(R15 (PC))
T29B8 011:771.980 - 0.005ms returns 0x00000514
T29B8 011:771.986 JLINK_ReadReg(XPSR)
T29B8 011:771.991 - 0.005ms returns 0x41000000
T29B8 011:771.997 JLINK_ReadReg(XPSR)
T29B8 011:772.002 - 0.005ms returns 0x41000000
T29B8 011:772.008 JLINK_ReadMem(0x00000514, 0x1 Bytes, ...)
T29B8 011:772.018    -- Read from flash cache (1 bytes @ 0x00000514)
T29B8 011:772.026   Data:  10
T29B8 011:772.034 - 0.025ms returns 0
T29B8 011:772.040 JLINK_IsHalted()
T29B8 011:772.045 - 0.005ms returns TRUE
T29B8 011:772.050 JLINK_ReadReg(XPSR)
T29B8 011:772.056 - 0.005ms returns 0x41000000
T29B8 011:772.062 JLINK_ReadReg(XPSR)
T29B8 011:772.066 - 0.005ms returns 0x41000000
T29B8 011:772.072 JLINK_ReadReg(R15 (PC))
T29B8 011:772.077 - 0.005ms returns 0x00000514
T29B8 011:772.083 JLINK_ReadReg(XPSR)
T29B8 011:772.088 - 0.005ms returns 0x41000000
T29B8 011:772.094 JLINK_ReadReg(XPSR)
T29B8 011:772.098 - 0.005ms returns 0x41000000
T29B8 011:772.104 JLINK_ReadMem(0x00000514, 0x1 Bytes, ...)
T29B8 011:772.110    -- Read from flash cache (1 bytes @ 0x00000514)
T29B8 011:772.117   Data:  10
T29B8 011:772.123 - 0.019ms returns 0
T29B8 011:772.483 JLINK_ReadRegs(NumRegs = 22, Indexes: 0, 1, 2, 3, 4, 5, 6, 7, 8, 9, 10, 11, 12, 13, 14, 15, 16, 17, 18, 86, 87, 20)
T29B8 011:772.506    -- R0=0x00, R1=0x00, R2=0x80, R3=0x400A0340, R4=0x20005270, R5=0x00, R6=0x20005280, R7=0xFFFFFFFF, R8=0x2C6E4E25, R9=0x4000867C, R10=0x966EBA87, R11=0x353E55B8, R12=0x547FDF83, R13 (SP)=0x20004530, R14=0x1B3, R15 (PC)=0x514, XPSR=0x41000000, MSP=0x20004530, PSP=0x938B0A28, MSPLIM=0x00, PSPLIM=0x00, CFBP=0x00
T29B8 011:772.514 - 0.030ms returns 0x00
T29B8 011:772.941 JLINK_ReadReg(XPSR)
T29B8 011:772.961 - 0.019ms returns 0x41000000
T29B8 011:773.425 JLINK_ReadMem(0x00000514, 0x4 Bytes, ...)
T29B8 011:773.454    -- Read from flash cache (4 bytes @ 0x00000514)
T29B8 011:773.471   Data:  10 B5 FF F7
T29B8 011:773.486 - 0.061ms returns 0
T29B8 011:774.333 JLINK_ClrBPEx(BPHandle = 0x00000009)
T29B8 011:774.361 - 0.027ms returns 0x00
T29B8 011:774.374 JLINK_ClrBPEx(BPHandle = 0x0000000A)
T29B8 011:774.384 - 0.010ms returns 0x00
T29B8 011:774.395 JLINK_ClrBPEx(BPHandle = 0x0000000B)
T29B8 011:774.406 - 0.010ms returns 0x00
T29B8 011:774.422 JLINK_SetBPEx(Addr = 0x000004C4, Type = 0xFFFFFF00)
T29B8 011:774.435 - 0.013ms returns 0x0000000C
T29B8 011:774.446 JLINK_SetBPEx(Addr = 0x000004CE, Type = 0xFFFFFF00)
T29B8 011:774.457 - 0.010ms returns 0x0000000D
T29B8 011:788.521 JLINK_ReadMem(0x00000514, 0x4 Bytes, ...)
T29B8 011:788.548    -- Read from flash cache (4 bytes @ 0x00000514)
T29B8 011:788.555   Data:  10 B5 FF F7
T29B8 011:788.564 - 0.043ms returns 0
T29B8 011:818.510 JLINK_ReadReg(XPSR)
T29B8 011:818.562 - 0.051ms returns 0x41000000
T29B8 011:819.710 JLINK_ReadReg(XPSR)
T29B8 011:819.761 - 0.055ms returns 0x41000000
T29B8 012:439.279 JLINK_STRACE_Read(..., NumItems = 0x10000)
T29B8 012:439.303 - 0.024ms NumItemsRead = 0x00
T29B8 012:439.312 JLINK_IsHalted()
T29B8 012:439.596 - 0.282ms returns TRUE
T29B8 012:439.622 JLINK_STRACE_Read(..., NumItems = 0x10000)
T29B8 012:439.634 - 0.012ms NumItemsRead = 0x00
T29B8 012:439.652 JLINK_GoEx(MaxEmulInsts = 0, Flags = 0x01)
T29B8 012:439.672   CPU_WriteMem(4 bytes @ 0xE0002000)
T29B8 012:439.981   CPU_WriteMem(4 bytes @ 0xE0002000)
T29B8 012:440.285   CPU_ReadMem(4 bytes @ 0xE0001000)
T29B8 012:440.583   CPU_WriteMem(4 bytes @ 0xE0002010)
T29B8 012:441.181 - 1.528ms
T29B8 012:535.369 JLINK_IsHalted()
T29B8 012:537.708 - 2.340ms returns TRUE
T29B8 012:537.729 JLINK_ReadReg(XPSR)
T29B8 012:537.740   CPU_ReadMem(4 bytes @ 0xE000EE08)
T29B8 012:537.998 - 0.268ms returns 0x41000000
T29B8 012:538.014 JLINK_ReadReg(R15 (PC))
T29B8 012:538.024 - 0.009ms returns 0x000004C4
T29B8 012:538.032 JLINK_ReadReg(XPSR)
T29B8 012:538.038 - 0.005ms returns 0x41000000
T29B8 012:538.044 JLINK_ReadReg(XPSR)
T29B8 012:538.050 - 0.005ms returns 0x41000000
T29B8 012:538.055 JLINK_ReadReg(R15 (PC))
T29B8 012:538.060 - 0.005ms returns 0x000004C4
T29B8 012:538.066 JLINK_ReadReg(XPSR)
T29B8 012:538.071 - 0.005ms returns 0x41000000
T29B8 012:538.077 JLINK_ReadReg(XPSR)
T29B8 012:538.082 - 0.005ms returns 0x41000000
T29B8 012:538.089 JLINK_ReadMem(0x000004C4, 0x1 Bytes, ...)
T29B8 012:538.096    -- Read from flash cache (1 bytes @ 0x000004C4)
T29B8 012:538.103   Data:  40
T29B8 012:538.143 - 0.054ms returns 0
T29B8 012:538.153 JLINK_IsHalted()
T29B8 012:538.158 - 0.005ms returns TRUE
T29B8 012:538.164 JLINK_ReadReg(XPSR)
T29B8 012:538.170 - 0.005ms returns 0x41000000
T29B8 012:538.176 JLINK_ReadReg(XPSR)
T29B8 012:538.181 - 0.005ms returns 0x41000000
T29B8 012:538.186 JLINK_ReadReg(R15 (PC))
T29B8 012:538.192 - 0.005ms returns 0x000004C4
T29B8 012:538.198 JLINK_ReadReg(XPSR)
T29B8 012:538.202 - 0.005ms returns 0x41000000
T29B8 012:538.208 JLINK_ReadReg(XPSR)
T29B8 012:538.214 - 0.005ms returns 0x41000000
T29B8 012:538.219 JLINK_ReadMem(0x000004C4, 0x1 Bytes, ...)
T29B8 012:538.224    -- Read from flash cache (1 bytes @ 0x000004C4)
T29B8 012:538.232   Data:  40
T29B8 012:538.239 - 0.019ms returns 0
T29B8 012:538.589 JLINK_ReadRegs(NumRegs = 22, Indexes: 0, 1, 2, 3, 4, 5, 6, 7, 8, 9, 10, 11, 12, 13, 14, 15, 16, 17, 18, 86, 87, 20)
T29B8 012:538.616    -- R0=0x00, R1=0x400A0000, R2=0x400A0000, R3=0x4000, R4=0x6000, R5=0x00, R6=0x20005280, R7=0xFFFFFFFF, R8=0x2C6E4E25, R9=0x4000867C, R10=0x966EBA87, R11=0x353E55B8, R12=0x547FDF83, R13 (SP)=0x20004520, R14=0x4C5, R15 (PC)=0x4C4, XPSR=0x41000000, MSP=0x20004520, PSP=0x938B0A28, MSPLIM=0x00, PSPLIM=0x00, CFBP=0x00
T29B8 012:538.624 - 0.035ms returns 0x00
T29B8 012:538.883 JLINK_ReadReg(XPSR)
T29B8 012:538.894 - 0.011ms returns 0x41000000
T29B8 012:539.386 JLINK_ReadMem(0x000004C4, 0x4 Bytes, ...)
T29B8 012:539.411    -- Read from flash cache (4 bytes @ 0x000004C4)
T29B8 012:539.426   Data:  40 F2 E8 31
T29B8 012:539.441 - 0.055ms returns 0
T29B8 012:562.118 JLINK_ReadMem(0x000004C4, 0x4 Bytes, ...)
T29B8 012:562.141    -- Read from flash cache (4 bytes @ 0x000004C4)
T29B8 012:562.150   Data:  40 F2 E8 31
T29B8 012:562.159 - 0.041ms returns 0
T29B8 012:562.301 JLINK_ReadMem(0x20004500, 0x40 Bytes, ...)
T29B8 012:562.316   CPU_ReadMem(64 bytes @ 0x20004500)
T29B8 012:562.854    -- Updating C cache (64 bytes @ 0x20004500)
T29B8 012:562.870    -- Read from C cache (64 bytes @ 0x20004500)
T29B8 012:562.881   Data:  01 00 00 00 01 00 00 00 80 52 00 20 E1 05 00 00 ...
T29B8 012:562.888 - 0.587ms returns 0
T29B8 012:563.025 JLINK_ReadMem(0x0000051A, 0x4 Bytes, ...)
T29B8 012:563.038    -- Read from flash cache (4 bytes @ 0x0000051A)
T29B8 012:563.048   Data:  00 20 10 BD
T29B8 012:563.056 - 0.031ms returns 0
T29B8 012:577.711 JLINK_ReadReg(XPSR)
T29B8 012:577.744 - 0.032ms returns 0x41000000
T29B8 012:578.388 JLINK_ReadReg(XPSR)
T29B8 012:578.408 - 0.019ms returns 0x41000000
T29B8 013:147.574 JLINK_ReadReg(XPSR)
T29B8 013:147.924 - 0.349ms returns 0x41000000
T29B8 013:149.950 JLINK_ReadReg(XPSR)
T29B8 013:149.990 - 0.040ms returns 0x41000000
T29B8 013:151.150 JLINK_ClrBPEx(BPHandle = 0x0000000C)
T29B8 013:151.293 - 0.142ms returns 0x00
T29B8 013:151.314 JLINK_ClrBPEx(BPHandle = 0x0000000D)
T29B8 013:151.326 - 0.011ms returns 0x00
T29B8 013:151.342 JLINK_SetBPEx(Addr = 0x000004CE, Type = 0xFFFFFF00)
T29B8 013:151.354 - 0.013ms returns 0x0000000E
T29B8 013:152.356 JLINK_STRACE_Read(..., NumItems = 0x10000)
T29B8 013:152.387 - 0.032ms NumItemsRead = 0x00
T29B8 013:152.405 JLINK_Step()
T29B8 013:152.420    -- Read from flash cache (2 bytes @ 0x000004C4)
T29B8 013:152.439   CPU_ReadMem(4 bytes @ 0xE000ED18)
T29B8 013:153.598   CPU_WriteMem(4 bytes @ 0xE000ED18)
T29B8 013:153.954   CPU_ReadMem(4 bytes @ 0xE000ED18)
T29B8 013:154.393   CPU_WriteMem(4 bytes @ 0xE000ED18)
T29B8 013:154.807   CPU_ReadMem(4 bytes @ 0xE0001004)
T29B8 013:155.144    -- Read from flash cache (2 bytes @ 0x000004C6)
T29B8 013:155.182   -- Simulated
T29B8 013:155.199 - 2.793ms returns 0
T29B8 013:155.241 JLINK_ReadReg(XPSR)
T29B8 013:155.259 - 0.017ms returns 0x41000000
T29B8 013:159.030 JLINK_ClrBPEx(BPHandle = 0x0000000E)
T29B8 013:159.076 - 0.046ms returns 0x00
T29B8 013:159.094 JLINK_SetBPEx(Addr = 0x000004CE, Type = 0xFFFFFF00)
T29B8 013:159.107 - 0.013ms returns 0x0000000F
T29B8 013:159.119 JLINK_SetBPEx(Addr = 0x000004C4, Type = 0xFFFFFF00)
T29B8 013:159.130 - 0.010ms returns 0x00000010
T29B8 013:159.803 JLINK_ReadReg(XPSR)
T29B8 013:159.905 - 0.101ms returns 0x41000000
T29B8 013:160.283 JLINK_ReadRegs(NumRegs = 22, Indexes: 0, 1, 2, 3, 4, 5, 6, 7, 8, 9, 10, 11, 12, 13, 14, 15, 16, 17, 18, 86, 87, 20)
T29B8 013:160.328    -- R0=0x00, R1=0x3E8, R2=0x400A0000, R3=0x4000, R4=0x6000, R5=0x00, R6=0x20005280, R7=0xFFFFFFFF, R8=0x2C6E4E25, R9=0x4000867C, R10=0x966EBA87, R11=0x353E55B8, R12=0x547FDF83, R13 (SP)=0x20004520, R14=0x4C5, R15 (PC)=0x4C8, XPSR=0x41000000, MSP=0x20004520, PSP=0x938B0A28, MSPLIM=0x00, PSPLIM=0x00, CFBP=0x00
T29B8 013:160.344 - 0.060ms returns 0x00
T29B8 013:161.126 JLINK_STRACE_Read(..., NumItems = 0x10000)
T29B8 013:161.156 - 0.029ms NumItemsRead = 0x00
T29B8 013:161.171 JLINK_IsHalted()
T29B8 013:161.183 - 0.011ms returns TRUE
T29B8 013:161.194 JLINK_STRACE_Read(..., NumItems = 0x10000)
T29B8 013:161.205 - 0.010ms NumItemsRead = 0x00
T29B8 013:161.237 JLINK_GoEx(MaxEmulInsts = 0, Flags = 0x01)
T29B8 013:161.250   CPU_WriteMem(4 bytes @ 0xE0002000)
T29B8 013:161.620   CPU_WriteMem(4 bytes @ 0xE0002000)
T29B8 013:161.951   CPU_ReadMem(4 bytes @ 0xE0001000)
T29B8 013:162.205   CPU_WriteMem(4 bytes @ 0xE0002008)
T29B8 013:162.234   CPU_WriteMem(4 bytes @ 0xE000200C)
T29B8 013:162.682   CPU_WriteMem(4 bytes @ 0xE0001004)
T29B8 013:163.705 - 2.468ms
T29B8 013:269.514 JLINK_IsHalted()
T29B8 013:271.658 - 2.144ms returns TRUE
T29B8 013:271.677 JLINK_ReadReg(XPSR)
T29B8 013:271.686   CPU_ReadMem(4 bytes @ 0xE000EE08)
T29B8 013:271.946 - 0.268ms returns 0x61000000
T29B8 013:271.965 JLINK_ReadReg(R15 (PC))
T29B8 013:271.974 - 0.008ms returns 0x000004CE
T29B8 013:271.982 JLINK_ReadReg(XPSR)
T29B8 013:271.987 - 0.005ms returns 0x61000000
T29B8 013:271.993 JLINK_ReadReg(XPSR)
T29B8 013:271.998 - 0.005ms returns 0x61000000
T29B8 013:272.004 JLINK_ReadReg(R15 (PC))
T29B8 013:272.009 - 0.005ms returns 0x000004CE
T29B8 013:272.014 JLINK_ReadReg(XPSR)
T29B8 013:272.020 - 0.005ms returns 0x61000000
T29B8 013:272.026 JLINK_ReadReg(XPSR)
T29B8 013:272.030 - 0.005ms returns 0x61000000
T29B8 013:272.037 JLINK_ReadMem(0x000004CE, 0x1 Bytes, ...)
T29B8 013:272.045    -- Read from flash cache (1 bytes @ 0x000004CE)
T29B8 013:272.052   Data:  23
T29B8 013:272.059 - 0.022ms returns 0
T29B8 013:272.066 JLINK_IsHalted()
T29B8 013:272.070 - 0.005ms returns TRUE
T29B8 013:272.076 JLINK_ReadReg(XPSR)
T29B8 013:272.082 - 0.005ms returns 0x61000000
T29B8 013:272.087 JLINK_ReadReg(XPSR)
T29B8 013:272.093 - 0.005ms returns 0x61000000
T29B8 013:272.098 JLINK_ReadReg(R15 (PC))
T29B8 013:272.103 - 0.005ms returns 0x000004CE
T29B8 013:272.109 JLINK_ReadReg(XPSR)
T29B8 013:272.115 - 0.005ms returns 0x61000000
T29B8 013:272.120 JLINK_ReadReg(XPSR)
T29B8 013:272.126 - 0.005ms returns 0x61000000
T29B8 013:272.131 JLINK_ReadMem(0x000004CE, 0x1 Bytes, ...)
T29B8 013:272.136    -- Read from flash cache (1 bytes @ 0x000004CE)
T29B8 013:272.143   Data:  23
T29B8 013:272.150 - 0.019ms returns 0
T29B8 013:272.478 JLINK_ReadRegs(NumRegs = 22, Indexes: 0, 1, 2, 3, 4, 5, 6, 7, 8, 9, 10, 11, 12, 13, 14, 15, 16, 17, 18, 86, 87, 20)
T29B8 013:272.502    -- R0=0x00, R1=0x00, R2=0x3E8, R3=0x00, R4=0x6000, R5=0x00, R6=0x20005280, R7=0xFFFFFFFF, R8=0x2C6E4E25, R9=0x4000867C, R10=0x966EBA87, R11=0x353E55B8, R12=0x20DE100, R13 (SP)=0x20004520, R14=0x75, R15 (PC)=0x4CE, XPSR=0x61000000, MSP=0x20004520, PSP=0x938B0A28, MSPLIM=0x00, PSPLIM=0x00, CFBP=0x00
T29B8 013:272.511 - 0.033ms returns 0x00
T29B8 013:272.766 JLINK_ReadReg(XPSR)
T29B8 013:272.782 - 0.016ms returns 0x61000000
T29B8 013:273.108 JLINK_ReadMem(0x000004CE, 0x4 Bytes, ...)
T29B8 013:273.119    -- Read from flash cache (4 bytes @ 0x000004CE)
T29B8 013:273.126   Data:  23 00 44 F2
T29B8 013:273.134 - 0.026ms returns 0
T29B8 013:284.289 JLINK_ReadMem(0x000004CE, 0x4 Bytes, ...)
T29B8 013:284.313    -- Read from flash cache (4 bytes @ 0x000004CE)
T29B8 013:284.321   Data:  23 00 44 F2
T29B8 013:284.329 - 0.039ms returns 0
T29B8 013:284.670 JLINK_ReadMem(0x20004500, 0x40 Bytes, ...)
T29B8 013:284.715   CPU_ReadMem(64 bytes @ 0x20004500)
T29B8 013:285.367    -- Updating C cache (64 bytes @ 0x20004500)
T29B8 013:285.384    -- Read from C cache (64 bytes @ 0x20004500)
T29B8 013:285.394   Data:  7D 00 00 00 80 52 00 20 FF FF FF FF 67 00 00 00 ...
T29B8 013:285.402 - 0.732ms returns 0
T29B8 013:285.719 JLINK_ReadMem(0x0000051A, 0x4 Bytes, ...)
T29B8 013:285.748    -- Read from flash cache (4 bytes @ 0x0000051A)
T29B8 013:285.763   Data:  00 20 10 BD
T29B8 013:285.778 - 0.059ms returns 0
T29B8 013:300.742 JLINK_ReadReg(XPSR)
T29B8 013:300.780 - 0.038ms returns 0x61000000
T29B8 013:302.842 JLINK_ReadReg(XPSR)
T29B8 013:302.904 - 0.061ms returns 0x61000000
T29B8 014:682.438 JLINK_ReadReg(XPSR)
T29B8 014:682.779 - 0.340ms returns 0x61000000
T29B8 014:683.790 JLINK_ReadReg(XPSR)
T29B8 014:683.826 - 0.034ms returns 0x61000000
T29B8 014:685.018 JLINK_ClrBPEx(BPHandle = 0x0000000F)
T29B8 014:685.048 - 0.031ms returns 0x00
T29B8 014:685.061 JLINK_ClrBPEx(BPHandle = 0x00000010)
T29B8 014:685.072 - 0.010ms returns 0x00
T29B8 014:685.086 JLINK_SetBPEx(Addr = 0x000004C4, Type = 0xFFFFFF00)
T29B8 014:685.101 - 0.014ms returns 0x00000011
T29B8 014:685.827 JLINK_STRACE_Read(..., NumItems = 0x10000)
T29B8 014:685.891 - 0.064ms NumItemsRead = 0x00
T29B8 014:685.910 JLINK_Step()
T29B8 014:685.928    -- Read from flash cache (2 bytes @ 0x000004CE)
T29B8 014:685.946   CPU_ReadMem(4 bytes @ 0xE0001004)
T29B8 014:686.968   -- Simulated
T29B8 014:687.006 - 1.095ms returns 0
T29B8 014:687.043 JLINK_ReadReg(XPSR)
T29B8 014:687.061 - 0.017ms returns 0x21000000
T29B8 014:687.818 JLINK_ClrBPEx(BPHandle = 0x00000011)
T29B8 014:687.850 - 0.031ms returns 0x00
T29B8 014:687.867 JLINK_SetBPEx(Addr = 0x000004C4, Type = 0xFFFFFF00)
T29B8 014:687.880 - 0.013ms returns 0x00000012
T29B8 014:687.891 JLINK_SetBPEx(Addr = 0x000004CE, Type = 0xFFFFFF00)
T29B8 014:687.902 - 0.011ms returns 0x00000013
T29B8 014:688.306 JLINK_ReadReg(XPSR)
T29B8 014:688.333 - 0.027ms returns 0x21000000
T29B8 014:688.723 JLINK_ReadRegs(NumRegs = 22, Indexes: 0, 1, 2, 3, 4, 5, 6, 7, 8, 9, 10, 11, 12, 13, 14, 15, 16, 17, 18, 86, 87, 20)
T29B8 014:688.760    -- R0=0x00, R1=0x00, R2=0x3E8, R3=0x6000, R4=0x6000, R5=0x00, R6=0x20005280, R7=0xFFFFFFFF, R8=0x2C6E4E25, R9=0x4000867C, R10=0x966EBA87, R11=0x353E55B8, R12=0x20DE100, R13 (SP)=0x20004520, R14=0x75, R15 (PC)=0x4D0, XPSR=0x21000000, MSP=0x20004520, PSP=0x938B0A28, MSPLIM=0x00, PSPLIM=0x00, CFBP=0x00
T29B8 014:688.774 - 0.051ms returns 0x00
T29B8 014:689.206 JLINK_STRACE_Read(..., NumItems = 0x10000)
T29B8 014:689.234 - 0.028ms NumItemsRead = 0x00
T29B8 014:689.250 JLINK_IsHalted()
T29B8 014:689.261 - 0.011ms returns TRUE
T29B8 014:689.272 JLINK_STRACE_Read(..., NumItems = 0x10000)
T29B8 014:689.282 - 0.009ms NumItemsRead = 0x00
T29B8 014:689.293 JLINK_GoEx(MaxEmulInsts = 0, Flags = 0x01)
T29B8 014:689.309   CPU_WriteMem(4 bytes @ 0xE0002000)
T29B8 014:689.605   CPU_WriteMem(4 bytes @ 0xE0002000)
T29B8 014:689.923   CPU_ReadMem(4 bytes @ 0xE0001000)
T29B8 014:690.211   CPU_WriteMem(4 bytes @ 0xE0002008)
T29B8 014:690.238   CPU_WriteMem(4 bytes @ 0xE000200C)
T29B8 014:690.698   CPU_WriteMem(4 bytes @ 0xE0001004)
T29B8 014:691.715 - 2.421ms
T508C 014:777.032 JLINK_IsHalted()
T508C 014:777.315 - 0.282ms returns FALSE
T508C 014:777.333 JLINK_IsHalted()
T508C 014:777.688 - 0.356ms returns FALSE
T29B8 014:784.834 JLINK_IsHalted()
T29B8 014:785.136 - 0.301ms returns FALSE
T29B8 014:785.152 JLINK_IsHalted()
T29B8 014:785.445 - 0.290ms returns FALSE
T29B8 014:894.307 JLINK_IsHalted()
T29B8 014:896.485 - 2.178ms returns TRUE
T29B8 014:896.509 JLINK_ReadReg(XPSR)
T29B8 014:896.518   CPU_ReadMem(4 bytes @ 0xE000EE08)
T29B8 014:896.771 - 0.262ms returns 0x41000000
T29B8 014:896.778 JLINK_ReadReg(R15 (PC))
T29B8 014:896.784 - 0.006ms returns 0x000004C4
T29B8 014:896.792 JLINK_ReadReg(XPSR)
T29B8 014:896.798 - 0.005ms returns 0x41000000
T29B8 014:896.803 JLINK_ReadReg(XPSR)
T29B8 014:896.813 - 0.009ms returns 0x41000000
T29B8 014:896.819 JLINK_ReadReg(R15 (PC))
T29B8 014:896.824 - 0.005ms returns 0x000004C4
T29B8 014:896.866 JLINK_ReadReg(XPSR)
T29B8 014:896.874 - 0.007ms returns 0x41000000
T29B8 014:896.880 JLINK_ReadReg(XPSR)
T29B8 014:896.885 - 0.005ms returns 0x41000000
T29B8 014:896.891 JLINK_ReadMem(0x000004C4, 0x1 Bytes, ...)
T29B8 014:896.898    -- Read from flash cache (1 bytes @ 0x000004C4)
T29B8 014:896.906   Data:  40
T29B8 014:896.914 - 0.021ms returns 0
T29B8 014:896.918 JLINK_IsHalted()
T29B8 014:896.925 - 0.005ms returns TRUE
T29B8 014:896.930 JLINK_ReadReg(XPSR)
T29B8 014:896.934 - 0.005ms returns 0x41000000
T29B8 014:896.941 JLINK_ReadReg(XPSR)
T29B8 014:896.946 - 0.005ms returns 0x41000000
T29B8 014:896.950 JLINK_ReadReg(R15 (PC))
T29B8 014:896.957 - 0.005ms returns 0x000004C4
T29B8 014:896.962 JLINK_ReadReg(XPSR)
T29B8 014:896.966 - 0.005ms returns 0x41000000
T29B8 014:896.973 JLINK_ReadReg(XPSR)
T29B8 014:896.978 - 0.005ms returns 0x41000000
T29B8 014:896.984 JLINK_ReadMem(0x000004C4, 0x1 Bytes, ...)
T29B8 014:896.989    -- Read from flash cache (1 bytes @ 0x000004C4)
T29B8 014:896.995   Data:  40
T29B8 014:897.003 - 0.019ms returns 0
T29B8 014:897.374 JLINK_ReadRegs(NumRegs = 22, Indexes: 0, 1, 2, 3, 4, 5, 6, 7, 8, 9, 10, 11, 12, 13, 14, 15, 16, 17, 18, 86, 87, 20)
T29B8 014:897.395    -- R0=0x00, R1=0x400A0000, R2=0x400A0000, R3=0x4000, R4=0x6000, R5=0x00, R6=0x20005280, R7=0xFFFFFFFF, R8=0x2C6E4E25, R9=0x4000867C, R10=0x966EBA87, R11=0x353E55B8, R12=0x20DE100, R13 (SP)=0x20004520, R14=0x4C5, R15 (PC)=0x4C4, XPSR=0x41000000, MSP=0x20004520, PSP=0x938B0A28, MSPLIM=0x00, PSPLIM=0x00, CFBP=0x00
T29B8 014:897.403 - 0.029ms returns 0x00
T29B8 014:897.861 JLINK_ReadReg(XPSR)
T29B8 014:897.904 - 0.042ms returns 0x41000000
T29B8 014:898.634 JLINK_ReadMem(0x000004C4, 0x4 Bytes, ...)
T29B8 014:898.661    -- Read from flash cache (4 bytes @ 0x000004C4)
T29B8 014:898.675   Data:  40 F2 E8 31
T29B8 014:898.690 - 0.057ms returns 0
T29B8 014:929.782 JLINK_ReadMem(0x000004C4, 0x4 Bytes, ...)
T29B8 014:929.814    -- Read from flash cache (4 bytes @ 0x000004C4)
T29B8 014:929.822   Data:  40 F2 E8 31
T29B8 014:929.830 - 0.048ms returns 0
T29B8 014:930.038 JLINK_ReadMem(0x20004500, 0x40 Bytes, ...)
T29B8 014:930.085   CPU_ReadMem(64 bytes @ 0x20004500)
T29B8 014:930.659    -- Updating C cache (64 bytes @ 0x20004500)
T29B8 014:930.669    -- Read from C cache (64 bytes @ 0x20004500)
T29B8 014:930.675   Data:  7D 00 00 00 80 52 00 20 FF FF FF FF 67 00 00 00 ...
T29B8 014:930.683 - 0.646ms returns 0
T29B8 014:930.827 JLINK_ReadMem(0x0000051A, 0x4 Bytes, ...)
T29B8 014:930.835    -- Read from flash cache (4 bytes @ 0x0000051A)
T29B8 014:930.843   Data:  00 20 10 BD
T29B8 014:930.851 - 0.024ms returns 0
T29B8 014:945.757 JLINK_ReadReg(XPSR)
T29B8 014:945.816 - 0.054ms returns 0x41000000
T29B8 014:946.672 JLINK_ReadReg(XPSR)
T29B8 014:946.702 - 0.030ms returns 0x41000000
T29B8 015:614.874 JLINK_ReadReg(XPSR)
T29B8 015:615.192 - 0.319ms returns 0x41000000
T29B8 015:616.077 JLINK_ReadReg(XPSR)
T29B8 015:616.109 - 0.032ms returns 0x41000000
T29B8 015:616.512 JLINK_ClrBPEx(BPHandle = 0x00000012)
T29B8 015:616.536 - 0.024ms returns 0x00
T29B8 015:616.547 JLINK_ClrBPEx(BPHandle = 0x00000013)
T29B8 015:616.557 - 0.009ms returns 0x00
T29B8 015:616.571 JLINK_SetBPEx(Addr = 0x000004CE, Type = 0xFFFFFF00)
T29B8 015:616.584 - 0.012ms returns 0x00000014
T29B8 015:616.814 JLINK_STRACE_Read(..., NumItems = 0x10000)
T29B8 015:616.842 - 0.027ms NumItemsRead = 0x00
T29B8 015:616.859 JLINK_Step()
T29B8 015:616.874    -- Read from flash cache (2 bytes @ 0x000004C4)
T29B8 015:616.890   CPU_ReadMem(4 bytes @ 0xE0001004)
T29B8 015:617.173    -- Read from flash cache (2 bytes @ 0x000004C6)
T29B8 015:617.195   -- Simulated
T29B8 015:617.210 - 0.350ms returns 0
T29B8 015:617.234 JLINK_ReadReg(XPSR)
T29B8 015:617.246 - 0.012ms returns 0x41000000
T29B8 015:617.634 JLINK_ClrBPEx(BPHandle = 0x00000014)
T29B8 015:617.658 - 0.024ms returns 0x00
T29B8 015:617.672 JLINK_SetBPEx(Addr = 0x000004CE, Type = 0xFFFFFF00)
T29B8 015:617.685 - 0.012ms returns 0x00000015
T29B8 015:617.696 JLINK_SetBPEx(Addr = 0x000004C4, Type = 0xFFFFFF00)
T29B8 015:617.773 - 0.077ms returns 0x00000016
T29B8 015:618.549 JLINK_ReadReg(XPSR)
T29B8 015:618.582 - 0.033ms returns 0x41000000
T29B8 015:619.339 JLINK_ReadRegs(NumRegs = 22, Indexes: 0, 1, 2, 3, 4, 5, 6, 7, 8, 9, 10, 11, 12, 13, 14, 15, 16, 17, 18, 86, 87, 20)
T29B8 015:619.394    -- R0=0x00, R1=0x3E8, R2=0x400A0000, R3=0x4000, R4=0x6000, R5=0x00, R6=0x20005280, R7=0xFFFFFFFF, R8=0x2C6E4E25, R9=0x4000867C, R10=0x966EBA87, R11=0x353E55B8, R12=0x20DE100, R13 (SP)=0x20004520, R14=0x4C5, R15 (PC)=0x4C8, XPSR=0x41000000, MSP=0x20004520, PSP=0x938B0A28, MSPLIM=0x00, PSPLIM=0x00, CFBP=0x00
T29B8 015:619.410 - 0.071ms returns 0x00
T29B8 015:619.925 JLINK_STRACE_Read(..., NumItems = 0x10000)
T29B8 015:619.955 - 0.029ms NumItemsRead = 0x00
T29B8 015:619.970 JLINK_IsHalted()
T29B8 015:619.982 - 0.011ms returns TRUE
T29B8 015:619.994 JLINK_STRACE_Read(..., NumItems = 0x10000)
T29B8 015:620.003 - 0.009ms NumItemsRead = 0x00
T29B8 015:620.014 JLINK_GoEx(MaxEmulInsts = 0, Flags = 0x01)
T29B8 015:620.032   CPU_WriteMem(4 bytes @ 0xE0002000)
T29B8 015:620.362   CPU_WriteMem(4 bytes @ 0xE0002000)
T29B8 015:620.778   CPU_ReadMem(4 bytes @ 0xE0001000)
T29B8 015:621.067   CPU_WriteMem(4 bytes @ 0xE0002008)
T29B8 015:621.085   CPU_WriteMem(4 bytes @ 0xE000200C)
T29B8 015:621.555   CPU_WriteMem(4 bytes @ 0xE0001004)
T29B8 015:622.626 - 2.611ms
T29B8 015:722.190 JLINK_IsHalted()
T29B8 015:722.459 - 0.268ms returns FALSE
T29B8 015:722.475 JLINK_IsHalted()
T29B8 015:724.610 - 2.133ms returns TRUE
T29B8 015:724.624 JLINK_ReadReg(XPSR)
T29B8 015:724.634   CPU_ReadMem(4 bytes @ 0xE000EE08)
T29B8 015:724.861 - 0.235ms returns 0x61000000
T29B8 015:724.875 JLINK_ReadReg(XPSR)
T29B8 015:724.883 - 0.007ms returns 0x61000000
T29B8 015:724.888 JLINK_ReadReg(R15 (PC))
T29B8 015:724.894 - 0.005ms returns 0x000004CE
T29B8 015:724.901 JLINK_ReadReg(XPSR)
T29B8 015:724.906 - 0.005ms returns 0x61000000
T29B8 015:724.912 JLINK_ReadReg(XPSR)
T29B8 015:724.917 - 0.005ms returns 0x61000000
T29B8 015:724.923 JLINK_ReadMem(0x000004CE, 0x1 Bytes, ...)
T29B8 015:724.930    -- Read from flash cache (1 bytes @ 0x000004CE)
T29B8 015:724.938   Data:  23
T29B8 015:724.946 - 0.021ms returns 0
T29B8 015:725.294 JLINK_ReadRegs(NumRegs = 22, Indexes: 0, 1, 2, 3, 4, 5, 6, 7, 8, 9, 10, 11, 12, 13, 14, 15, 16, 17, 18, 86, 87, 20)
T29B8 015:725.314    -- R0=0x00, R1=0x00, R2=0x3E8, R3=0x00, R4=0x6000, R5=0x00, R6=0x20005280, R7=0xFFFFFFFF, R8=0x2C6E4E25, R9=0x4000867C, R10=0x966EBA87, R11=0x353E55B8, R12=0x20DE100, R13 (SP)=0x20004520, R14=0x75, R15 (PC)=0x4CE, XPSR=0x61000000, MSP=0x20004520, PSP=0x938B0A28, MSPLIM=0x00, PSPLIM=0x00, CFBP=0x00
T29B8 015:725.320 - 0.027ms returns 0x00
T29B8 015:725.594 JLINK_ReadReg(XPSR)
T29B8 015:725.605 - 0.011ms returns 0x61000000
T29B8 015:726.070 JLINK_ReadMem(0x000004CE, 0x4 Bytes, ...)
T29B8 015:726.096    -- Read from flash cache (4 bytes @ 0x000004CE)
T29B8 015:726.112   Data:  23 00 44 F2
T29B8 015:726.125 - 0.055ms returns 0
T29B8 015:739.544 JLINK_ReadMem(0x000004CE, 0x4 Bytes, ...)
T29B8 015:739.563    -- Read from flash cache (4 bytes @ 0x000004CE)
T29B8 015:739.573   Data:  23 00 44 F2
T29B8 015:739.582 - 0.038ms returns 0
T29B8 015:739.754 JLINK_ReadMem(0x20004500, 0x40 Bytes, ...)
T29B8 015:739.779   CPU_ReadMem(64 bytes @ 0x20004500)
T29B8 015:740.358    -- Updating C cache (64 bytes @ 0x20004500)
T29B8 015:740.373    -- Read from C cache (64 bytes @ 0x20004500)
T29B8 015:740.381   Data:  7D 00 00 00 80 52 00 20 FF FF FF FF 67 00 00 00 ...
T29B8 015:740.387 - 0.635ms returns 0
T29B8 015:740.536 JLINK_ReadMem(0x0000051A, 0x4 Bytes, ...)
T29B8 015:740.546    -- Read from flash cache (4 bytes @ 0x0000051A)
T29B8 015:740.554   Data:  00 20 10 BD
T29B8 015:740.563 - 0.027ms returns 0
T29B8 015:755.394 JLINK_ReadReg(XPSR)
T29B8 015:755.421 - 0.026ms returns 0x61000000
T29B8 015:756.051 JLINK_ReadReg(XPSR)
T29B8 015:756.074 - 0.023ms returns 0x61000000
T29B8 016:159.237 JLINK_ReadReg(XPSR)
T29B8 016:159.283 - 0.046ms returns 0x61000000
T29B8 016:159.835 JLINK_ReadReg(XPSR)
T29B8 016:159.874 - 0.038ms returns 0x61000000
T29B8 016:160.634 JLINK_ClrBPEx(BPHandle = 0x00000015)
T29B8 016:160.667 - 0.033ms returns 0x00
T29B8 016:160.680 JLINK_ClrBPEx(BPHandle = 0x00000016)
T29B8 016:160.709 - 0.027ms returns 0x00
T29B8 016:160.726 JLINK_SetBPEx(Addr = 0x000004C4, Type = 0xFFFFFF00)
T29B8 016:160.741 - 0.013ms returns 0x00000017
T29B8 016:161.042 JLINK_STRACE_Read(..., NumItems = 0x10000)
T29B8 016:161.072 - 0.030ms NumItemsRead = 0x00
T29B8 016:161.090 JLINK_Step()
T29B8 016:161.106    -- Read from flash cache (2 bytes @ 0x000004CE)
T29B8 016:161.125   CPU_ReadMem(4 bytes @ 0xE0001004)
T29B8 016:161.437   -- Simulated
T29B8 016:161.461 - 0.370ms returns 0
T29B8 016:161.488 JLINK_ReadReg(XPSR)
T29B8 016:161.502 - 0.014ms returns 0x21000000
T29B8 016:161.918 JLINK_ClrBPEx(BPHandle = 0x00000017)
T29B8 016:161.947 - 0.028ms returns 0x00
T29B8 016:161.963 JLINK_SetBPEx(Addr = 0x000004C4, Type = 0xFFFFFF00)
T29B8 016:161.976 - 0.013ms returns 0x00000018
T29B8 016:161.987 JLINK_SetBPEx(Addr = 0x000004CE, Type = 0xFFFFFF00)
T29B8 016:161.997 - 0.010ms returns 0x00000019
T29B8 016:162.302 JLINK_ReadReg(XPSR)
T29B8 016:162.331 - 0.029ms returns 0x21000000
T29B8 016:162.723 JLINK_ReadRegs(NumRegs = 22, Indexes: 0, 1, 2, 3, 4, 5, 6, 7, 8, 9, 10, 11, 12, 13, 14, 15, 16, 17, 18, 86, 87, 20)
T29B8 016:162.762    -- R0=0x00, R1=0x00, R2=0x3E8, R3=0x6000, R4=0x6000, R5=0x00, R6=0x20005280, R7=0xFFFFFFFF, R8=0x2C6E4E25, R9=0x4000867C, R10=0x966EBA87, R11=0x353E55B8, R12=0x20DE100, R13 (SP)=0x20004520, R14=0x75, R15 (PC)=0x4D0, XPSR=0x21000000, MSP=0x20004520, PSP=0x938B0A28, MSPLIM=0x00, PSPLIM=0x00, CFBP=0x00
T29B8 016:162.778 - 0.054ms returns 0x00
T29B8 016:163.179 JLINK_STRACE_Read(..., NumItems = 0x10000)
T29B8 016:163.230 - 0.051ms NumItemsRead = 0x00
T29B8 016:163.246 JLINK_IsHalted()
T29B8 016:163.258 - 0.011ms returns TRUE
T29B8 016:163.269 JLINK_STRACE_Read(..., NumItems = 0x10000)
T29B8 016:163.280 - 0.010ms NumItemsRead = 0x00
T29B8 016:163.291 JLINK_GoEx(MaxEmulInsts = 0, Flags = 0x01)
T29B8 016:163.307   CPU_WriteMem(4 bytes @ 0xE0002000)
T29B8 016:163.635   CPU_WriteMem(4 bytes @ 0xE0002000)
T29B8 016:163.968   CPU_ReadMem(4 bytes @ 0xE0001000)
T29B8 016:164.333   CPU_WriteMem(4 bytes @ 0xE0002008)
T29B8 016:164.360   CPU_WriteMem(4 bytes @ 0xE000200C)
T29B8 016:164.862   CPU_WriteMem(4 bytes @ 0xE0001004)
T29B8 016:165.891 - 2.601ms
T29B8 016:269.758 JLINK_IsHalted()
T29B8 016:271.986 - 2.227ms returns TRUE
T29B8 016:272.010 JLINK_ReadReg(XPSR)
T29B8 016:272.021   CPU_ReadMem(4 bytes @ 0xE000EE08)
T29B8 016:272.302 - 0.292ms returns 0x41000000
T29B8 016:272.322 JLINK_ReadReg(R15 (PC))
T29B8 016:272.330 - 0.008ms returns 0x000004C4
T29B8 016:272.338 JLINK_ReadReg(XPSR)
T29B8 016:272.344 - 0.005ms returns 0x41000000
T29B8 016:272.350 JLINK_ReadReg(XPSR)
T29B8 016:272.355 - 0.005ms returns 0x41000000
T29B8 016:272.360 JLINK_ReadReg(R15 (PC))
T29B8 016:272.366 - 0.005ms returns 0x000004C4
T29B8 016:272.371 JLINK_ReadReg(XPSR)
T29B8 016:272.378 - 0.005ms returns 0x41000000
T29B8 016:272.382 JLINK_ReadReg(XPSR)
T29B8 016:272.387 - 0.005ms returns 0x41000000
T29B8 016:272.394 JLINK_ReadMem(0x000004C4, 0x1 Bytes, ...)
T29B8 016:272.400    -- Read from flash cache (1 bytes @ 0x000004C4)
T29B8 016:272.408   Data:  40
T29B8 016:272.416 - 0.021ms returns 0
T29B8 016:272.422 JLINK_IsHalted()
T29B8 016:272.427 - 0.005ms returns TRUE
T29B8 016:272.432 JLINK_ReadReg(XPSR)
T29B8 016:272.438 - 0.005ms returns 0x41000000
T29B8 016:272.443 JLINK_ReadReg(XPSR)
T29B8 016:272.448 - 0.005ms returns 0x41000000
T29B8 016:272.454 JLINK_ReadReg(R15 (PC))
T29B8 016:272.459 - 0.005ms returns 0x000004C4
T29B8 016:272.466 JLINK_ReadReg(XPSR)
T29B8 016:272.470 - 0.005ms returns 0x41000000
T29B8 016:272.475 JLINK_ReadReg(XPSR)
T29B8 016:272.480 - 0.005ms returns 0x41000000
T29B8 016:272.486 JLINK_ReadMem(0x000004C4, 0x1 Bytes, ...)
T29B8 016:272.491    -- Read from flash cache (1 bytes @ 0x000004C4)
T29B8 016:272.504   Data:  40
T29B8 016:272.510 - 0.024ms returns 0
T29B8 016:272.883 JLINK_ReadRegs(NumRegs = 22, Indexes: 0, 1, 2, 3, 4, 5, 6, 7, 8, 9, 10, 11, 12, 13, 14, 15, 16, 17, 18, 86, 87, 20)
T29B8 016:272.902    -- R0=0x00, R1=0x400A0000, R2=0x400A0000, R3=0x4000, R4=0x6000, R5=0x00, R6=0x20005280, R7=0xFFFFFFFF, R8=0x2C6E4E25, R9=0x4000867C, R10=0x966EBA87, R11=0x353E55B8, R12=0x20DE100, R13 (SP)=0x20004520, R14=0x4C5, R15 (PC)=0x4C4, XPSR=0x41000000, MSP=0x20004520, PSP=0x938B0A28, MSPLIM=0x00, PSPLIM=0x00, CFBP=0x00
T29B8 016:272.910 - 0.028ms returns 0x00
T29B8 016:273.187 JLINK_ReadReg(XPSR)
T29B8 016:273.226 - 0.037ms returns 0x41000000
T29B8 016:273.678 JLINK_ReadMem(0x000004C4, 0x4 Bytes, ...)
T29B8 016:273.691    -- Read from flash cache (4 bytes @ 0x000004C4)
T29B8 016:273.702   Data:  40 F2 E8 31
T29B8 016:273.710 - 0.032ms returns 0
T29B8 016:299.206 JLINK_ReadMem(0x000004C4, 0x4 Bytes, ...)
T29B8 016:299.253    -- Read from flash cache (4 bytes @ 0x000004C4)
T29B8 016:299.267   Data:  40 F2 E8 31
T29B8 016:299.282 - 0.076ms returns 0
T29B8 016:299.456 JLINK_ReadMem(0x20004500, 0x40 Bytes, ...)
T29B8 016:299.491   CPU_ReadMem(64 bytes @ 0x20004500)
T29B8 016:300.054    -- Updating C cache (64 bytes @ 0x20004500)
T29B8 016:300.066    -- Read from C cache (64 bytes @ 0x20004500)
T29B8 016:300.074   Data:  7D 00 00 00 80 52 00 20 FF FF FF FF 67 00 00 00 ...
T29B8 016:300.082 - 0.625ms returns 0
T29B8 016:300.259 JLINK_ReadMem(0x0000051A, 0x4 Bytes, ...)
T29B8 016:300.266    -- Read from flash cache (4 bytes @ 0x0000051A)
T29B8 016:300.274   Data:  00 20 10 BD
T29B8 016:300.280 - 0.021ms returns 0
T29B8 016:315.130 JLINK_ReadReg(XPSR)
T29B8 016:315.163 - 0.033ms returns 0x41000000
T29B8 016:315.690 JLINK_ReadReg(XPSR)
T29B8 016:315.712 - 0.023ms returns 0x41000000
T508C 016:778.264 JLINK_IsHalted()
T508C 016:778.588 - 0.324ms returns TRUE
T508C 016:778.628 JLINK_ReadReg(XPSR)
T508C 016:778.646 - 0.017ms returns 0x41000000
T508C 016:778.658 JLINK_ReadReg(R15 (PC))
T508C 016:778.668 - 0.011ms returns 0x000004C4
T508C 016:778.682 JLINK_ReadReg(XPSR)
T508C 016:778.692 - 0.010ms returns 0x41000000
T508C 016:778.704 JLINK_ReadReg(XPSR)
T508C 016:778.714 - 0.010ms returns 0x41000000
T508C 016:778.724 JLINK_ReadReg(R15 (PC))
T508C 016:778.734 - 0.009ms returns 0x000004C4
T508C 016:778.746 JLINK_ReadReg(XPSR)
T508C 016:778.756 - 0.010ms returns 0x41000000
T508C 016:778.766 JLINK_ReadReg(XPSR)
T508C 016:778.776 - 0.010ms returns 0x41000000
T508C 016:778.788 JLINK_ReadMem(0x000004C4, 0x1 Bytes, ...)
T508C 016:778.800    -- Read from flash cache (1 bytes @ 0x000004C4)
T508C 016:778.814   Data:  40
T508C 016:778.828 - 0.039ms returns 0
T508C 016:778.838 JLINK_IsHalted()
T508C 016:778.848 - 0.009ms returns TRUE
T508C 016:778.858 JLINK_ReadReg(XPSR)
T508C 016:778.868 - 0.010ms returns 0x41000000
T508C 016:778.878 JLINK_ReadReg(XPSR)
T508C 016:778.890 - 0.009ms returns 0x41000000
T508C 016:778.900 JLINK_ReadReg(R15 (PC))
T508C 016:778.908 - 0.009ms returns 0x000004C4
T508C 016:778.920 JLINK_ReadReg(XPSR)
T508C 016:778.930 - 0.010ms returns 0x41000000
T508C 016:778.940 JLINK_ReadReg(XPSR)
T508C 016:778.950 - 0.009ms returns 0x41000000
T508C 016:778.962 JLINK_ReadMem(0x000004C4, 0x1 Bytes, ...)
T508C 016:778.972    -- Read from flash cache (1 bytes @ 0x000004C4)
T508C 016:778.984   Data:  40
T508C 016:778.996 - 0.035ms returns 0
T508C 016:779.128 JLINK_WriteMem(0xE0001FB0, 0x4 Bytes, ...)
T508C 016:779.140   Data:  55 CE AC C5
T508C 016:779.502   CPU_WriteMem(4 bytes @ 0xE0001FB0)
T508C 016:779.830 - 0.701ms returns 0x4
T508C 016:779.906 JLINK_WriteMem(0xE0001000, 0x4 Bytes, ...)
T508C 016:779.916   Data:  01 00 00 48
T508C 016:779.932   Debug reg: DWT_CTRL
T508C 016:779.948   CPU_WriteMem(4 bytes @ 0xE0001000)
T508C 016:780.236 - 0.331ms returns 0x4
T508C 016:780.304 JLINK_ReadMem(0xE0001000, 0x4 Bytes, ...)
T508C 016:780.316   CPU_ReadMem(4 bytes @ 0xE0001000)
T508C 016:780.584   Data:  00 00 00 2B
T508C 016:780.602   Debug reg: DWT_CTRL
T508C 016:780.622 - 0.318ms returns 0
T508C 017:782.054 JLINK_IsHalted()
T508C 017:782.394 - 0.338ms returns TRUE
T508C 017:782.418 JLINK_ReadReg(XPSR)
T508C 017:782.428 - 0.010ms returns 0x41000000
T508C 017:782.434 JLINK_ReadReg(R15 (PC))
T508C 017:782.440 - 0.005ms returns 0x000004C4
T508C 017:782.446 JLINK_ReadReg(XPSR)
T508C 017:782.452 - 0.005ms returns 0x41000000
T508C 017:782.458 JLINK_ReadReg(XPSR)
T508C 017:782.462 - 0.005ms returns 0x41000000
T508C 017:782.468 JLINK_ReadReg(R15 (PC))
T508C 017:782.474 - 0.005ms returns 0x000004C4
T508C 017:782.480 JLINK_ReadReg(XPSR)
T508C 017:782.484 - 0.005ms returns 0x41000000
T508C 017:782.490 JLINK_ReadReg(XPSR)
T508C 017:782.496 - 0.005ms returns 0x41000000
T508C 017:782.502 JLINK_ReadMem(0x000004C4, 0x1 Bytes, ...)
T508C 017:782.508    -- Read from flash cache (1 bytes @ 0x000004C4)
T508C 017:782.516   Data:  40
T508C 017:782.524 - 0.022ms returns 0
T508C 017:782.532 JLINK_IsHalted()
T508C 017:782.536 - 0.004ms returns TRUE
T508C 017:782.540 JLINK_ReadReg(XPSR)
T508C 017:782.546 - 0.005ms returns 0x41000000
T508C 017:782.552 JLINK_ReadReg(XPSR)
T508C 017:782.556 - 0.005ms returns 0x41000000
T508C 017:782.562 JLINK_ReadReg(R15 (PC))
T508C 017:782.568 - 0.005ms returns 0x000004C4
T508C 017:782.572 JLINK_ReadReg(XPSR)
T508C 017:782.578 - 0.005ms returns 0x41000000
T508C 017:782.584 JLINK_ReadReg(XPSR)
T508C 017:782.588 - 0.005ms returns 0x41000000
T508C 017:782.594 JLINK_ReadMem(0x000004C4, 0x1 Bytes, ...)
T508C 017:782.598    -- Read from flash cache (1 bytes @ 0x000004C4)
T508C 017:782.606   Data:  40
T508C 017:782.612 - 0.019ms returns 0
T29B8 018:005.310 JLINK_ReadReg(XPSR)
T29B8 018:005.352 - 0.040ms returns 0x41000000
T29B8 018:006.304 JLINK_ReadReg(XPSR)
T29B8 018:006.340 - 0.034ms returns 0x41000000
T29B8 018:020.566 JLINK_ReadReg(XPSR)
T29B8 018:020.630 - 0.064ms returns 0x41000000
T36C8 018:509.226 JLINK_ClrBPEx(BPHandle = 0x00000018)
T36C8 018:510.716 - 1.490ms returns 0x00
T36C8 018:510.740 JLINK_ClrBPEx(BPHandle = 0x00000019)
T36C8 018:510.748 - 0.007ms returns 0x00
T36C8 018:510.760 JLINK_Halt()
T36C8 018:510.764 - 0.005ms returns 0x00
T36C8 018:510.772 JLINK_ReadReg(XPSR)
T36C8 018:510.784 - 0.011ms returns 0x41000000
T36C8 018:524.076 JLINK_Close()
T36C8 018:525.566   CPU_WriteMem(4 bytes @ 0xE0002008)
T36C8 018:525.606   CPU_WriteMem(4 bytes @ 0xE000200C)
T36C8 018:526.204   OnDisconnectTarget() start
T36C8 018:526.224    J-Link Script File: Executing OnDisconnectTarget()
T36C8 018:526.332   Restoring low power mode settings.
T36C8 018:528.284   OnDisconnectTarget() end - Took 2.03ms
T36C8 018:532.732 - 8.657ms
T36C8 018:532.774   
T36C8 018:532.786   Closed
