T3634 000:000.540   SEGGER J-Link V7.96a Log File
T3634 000:000.887   DLL Compiled: Mar 14 2024 17:11:32
T3634 000:000.899   Logging started @ 2024-10-09 16:15
T3634 000:000.910   Process: C:\Users\a8456\.eclipse\com.renesas.platform_766579204\DebugComp\RA\e2-server-gdb.exe
T3634 000:000.922 - 0.918ms
T3634 000:000.949 JLINK_GetDLLVersion()
T3634 000:000.963 - 0.011ms returns 79601
T3634 000:001.556 JLINK_OpenEx(...)
T3634 000:005.052   Firmware: J-Link V9 compiled May  7 2021 16:26:12
T3634 000:005.734   Firmware: J-Link V9 compiled May  7 2021 16:26:12
T3634 000:005.846   Decompressing FW timestamp took 91 us
T3634 000:011.120   Hardware: V9.60
T3634 000:011.137   S/N: 69660718
T3634 000:011.144   OEM: SEGGER
T3634 000:011.151   Feature(s): RDI, GDB, FlashDL, FlashBP, JFlash
T3634 000:011.637   Bootloader: (Could not read)
T3634 000:012.188   TELNET listener socket opened on port 19021
T3634 000:012.294   WEBSRV WEBSRV_Init(): Starting webserver thread(s)
T3634 000:012.487   WEBSRV Webserver running on local port 19080
T3634 000:012.608   Looking for J-Link GUI Server exe at: C:\Users\a8456\.eclipse\com.renesas.platform_766579204\DebugComp\RA\ARM\Segger_v7.96.1\JLinkGUIServer.exe
T3634 000:012.682   Looking for J-Link GUI Server exe at: C:\Program Files\SEGGER\JLink_V796h\JLinkGUIServer.exe
T3634 000:012.707   Forking J-Link GUI Server: C:\Program Files\SEGGER\JLink_V796h\JLinkGUIServer.exe
T3634 000:033.171   J-Link GUI Server info: "J-Link GUI server V7.96h "
T3634 000:036.242 - 34.679ms returns "O.K."
T3634 000:036.354 JLINK_ExecCommand("ProjectFile=C:\Users\a8456\e2_studio\workspace_5.3\RA0E1_TAU_PWM/RA0E1_TAU_PWM Debug_Flat.jlink", ...). 
T3634 000:051.660 - 15.310ms returns 0x00
T3634 000:051.985 JLINK_ExecCommand("device=R7FA0E107", ...). 
T3634 000:052.847   Flash bank @ 0x00000000: SFL: Parsing sectorization info from ELF file
T3634 000:052.864     FlashDevice.SectorInfo[0]: .SectorSize = 0x00000800, .SectorStartAddr = 0x00000000
T3634 000:052.909   Flash bank @ 0x40100000: SFL: Parsing sectorization info from ELF file
T3634 000:052.917     FlashDevice.SectorInfo[0]: .SectorSize = 0x00000100, .SectorStartAddr = 0x00000000
T3634 000:052.925   FlashBank @0x40100000: Sectorization info from SFL ELF file ignored because sectorization override from DLL / XML file is active.
T3634 000:052.938   Device "R7FA0E107" selected.
T3634 000:053.199 - 1.180ms returns 0x00
T3634 000:053.220 JLINK_ExecCommand("SetCPUConnectIDCODE = FFFFFFFFFFFFFFFFFFFFFFFFFFFFFFFF", ...). 
T3634 000:053.229 - 0.002ms returns 0x00
T3634 000:053.236 JLINK_TIF_GetAvailable(...)
T3634 000:053.392 - 0.155ms
T3634 000:053.407 JLINK_TIF_Select(JLINKARM_TIF_SWD)
T3634 000:053.800 - 0.393ms returns 0x00
T3634 000:053.809 JLINK_SetSpeed(4000)
T3634 000:053.850 - 0.042ms
T3634 000:053.857 JLINK_SetEndian(ARM_ENDIAN_LITTLE)
T3634 000:053.863 - 0.005ms returns 0
T3634 000:053.869 JLINK_SetInitRegsOnReset(OFF)
T3634 000:053.874 - 0.005ms returns 1
T3634 000:053.881 JLINK_SetResetType(JLINKARM_RESET_TYPE_NO_RESET)
T3634 000:053.886 - 0.005ms returns JLINKARM_RESET_TYPE_NORMAL
T3634 000:053.893 JLINK_ExecCommand("EnableFlashBPs", ...). 
T3634 000:053.899 - 0.000ms returns 0x00
T3634 000:053.906 JLINK_ExecCommand("SetAllowFlashCache = 1", ...). 
T3634 000:053.913 - 0.000ms returns 0x01
T3634 000:053.920 JLINK_ExecCommand("SetRestartOnClose = 0", ...). 
T3634 000:053.927 - 0.001ms returns 0x01
T3634 000:053.934 JLINK_EnableSoftBPs(ON)
T3634 000:053.939 - 0.006ms
T3634 000:053.945 JLINK_Connect()
T3634 000:054.070   InitTarget() start
T3634 000:054.079    J-Link Script File: Executing InitTarget()
T3634 000:054.087   Identifying target device...
T3634 000:054.095   SWD selected. Executing JTAG -> SWD switching sequence...
T3634 000:054.514   Initializing DAP...
T3634 000:055.349   DAP initialized successfully.
T3634 000:056.427   Low power mode detected. Waking device from low power mode.
T3634 000:057.807   InitTarget() end - Took 3.72ms
T3634 000:058.255   Found SW-DP with ID 0x5BA02477
T3634 000:059.839   DPIDR: 0x5BA02477
T3634 000:059.875   CoreSight SoC-400 or earlier
T3634 000:059.883   Scanning AP map to find all available APs
T3634 000:060.471   AP[2]: Stopped AP scan as end of AP map has been reached
T3634 000:060.502   AP[0]: AHB-AP (IDR: 0x74770001)
T3634 000:060.517   AP[1]: APB-AP (IDR: 0x44770002)
T3634 000:060.530   Iterating through AP map to find AHB-AP to use
T3634 000:061.262   AP[0]: Core found
T3634 000:061.295   AP[0]: AHB-AP ROM base: 0x4001A000
T3634 000:061.633   CPUID register: 0x411CD200. Implementer code: 0x41 (ARM)
T3634 000:061.646   Feature set: Baseline
T3634 000:061.999   Cache: No cache
T3634 000:062.008   Found Cortex-M23 r1p0, Little endian.
T3634 000:062.234   -- Max. mem block: 0x00010C40
T3634 000:062.604   
  ***** Warning: 
T3634 000:062.620   Cortex-M (ARMv8-M and later): The connected J-Link (S/N 69660718) uses an old firmware module that does not handle I/D-cache correctly. Proper debugging functionality cannot be guaranteed if cache is enabled
T3634 000:062.637   CPU_ReadMem(4 bytes @ 0xE000EDF0)
T3634 000:062.861   CPU_ReadMem(4 bytes @ 0xE0002000)
T3634 000:063.065   FPUnit: 4 code (BP) slots and 0 literal slots
T3634 000:063.073   CPU_ReadMem(4 bytes @ 0xE000EDFC)
T3634 000:063.300   CPU_ReadMem(4 bytes @ 0xE0001000)
T3634 000:063.534   CPU_ReadMem(4 bytes @ 0xE0001000)
T3634 000:063.736   CPU_ReadMem(4 bytes @ 0xE0001028)
T3634 000:063.930   CPU_ReadMem(4 bytes @ 0xE0001038)
T3634 000:064.125   CPU_WriteMem(4 bytes @ 0xE0001000)
T3634 000:064.420   CPU_ReadMem(4 bytes @ 0xE000ED88)
T3634 000:064.629   CPU_WriteMem(4 bytes @ 0xE000ED88)
T3634 000:064.843   CPU_ReadMem(4 bytes @ 0xE000ED88)
T3634 000:065.036   CPU_WriteMem(4 bytes @ 0xE000ED88)
T3634 000:065.276   CPU_ReadMem(4 bytes @ 0xE000EFB8)
T3634 000:065.477   Security extension: not implemented
T3634 000:065.487   CoreSight components:
T3634 000:065.495   ROMTbl[0] @ 4001A000
T3634 000:065.502   CPU_ReadMem(64 bytes @ 0x4001A000)
T3634 000:066.002   CPU_ReadMem(32 bytes @ 0xE000EFE0)
T3634 000:066.357   CPU_ReadMem(4 bytes @ 0xE000EFBC)
T3634 000:066.573   CPU_ReadMem(4 bytes @ 0xE000EFCC)
T3634 000:066.767   [0][0]: E000E000 CID B105900D PID 000BBD20 DEVARCH 47702A04 DEVTYPE 00 Cortex-M23
T3634 000:066.775   CPU_ReadMem(32 bytes @ 0xE0001FE0)
T3634 000:067.104   CPU_ReadMem(4 bytes @ 0xE0001FBC)
T3634 000:067.316   CPU_ReadMem(4 bytes @ 0xE0001FCC)
T3634 000:067.515   [0][1]: E0001000 CID B105900D PID 000BBD20 DEVARCH 47701A02 DEVTYPE 00 DWT
T3634 000:067.523   CPU_ReadMem(32 bytes @ 0xE0002FE0)
T3634 000:067.858   CPU_ReadMem(4 bytes @ 0xE0002FBC)
T3634 000:068.060   CPU_ReadMem(4 bytes @ 0xE0002FCC)
T3634 000:068.324   [0][2]: E0002000 CID B105900D PID 000BBD20 DEVARCH 47701A03 DEVTYPE 00 FPB
T3634 000:068.338   CPU_ReadMem(32 bytes @ 0x40019FE0)
T3634 000:068.659   CPU_ReadMem(4 bytes @ 0x40019FBC)
T3634 000:068.863   CPU_ReadMem(4 bytes @ 0x40019FCC)
T3634 000:069.070   [0][3]: 40019000 CID B105900D PID 000BBD20 DEVARCH 47710A31 DEVTYPE 31 MTB
T3634 000:069.098 - 15.152ms returns 0x00
T3634 000:069.108 JLINK_Halt()
T3634 000:071.088 - 1.979ms returns 0x00
T3634 000:071.098 JLINK_IsHalted()
T3634 000:071.106 - 0.007ms returns TRUE
T3634 000:071.138 JLINK_ResetPullsRESET(ON)
T3634 000:071.143 - 0.005ms
T3634 000:071.149 JLINK_Reset()
T3634 000:071.163   CPU_WriteMem(4 bytes @ 0xE000EDF0)
T3634 000:071.428   CPU_ReadMem(4 bytes @ 0xE000ED44)
T3634 000:071.697   CPU_WriteMem(4 bytes @ 0xE000EDFC)
T3634 000:071.923   Reset: Halt core after reset via DEMCR.VC_CORERESET.
T3634 000:072.144   Reset: Reset device via AIRCR.SYSRESETREQ.
T3634 000:072.152   CPU_WriteMem(4 bytes @ 0xE000ED0C)
T3634 000:125.463   CPU_ReadMem(4 bytes @ 0xE000EDF0)
T3634 000:125.745   CPU_ReadMem(4 bytes @ 0xE000EDF0)
T3634 000:126.123   CPU_WriteMem(4 bytes @ 0xE000EDFC)
T3634 000:131.756   CPU_ReadMem(4 bytes @ 0xE000EDF0)
T3634 000:134.008   CPU_WriteMem(4 bytes @ 0xE0002000)
T3634 000:134.235   CPU_ReadMem(4 bytes @ 0xE000EDFC)
T3634 000:134.442   CPU_ReadMem(4 bytes @ 0xE0001000)
T3634 000:134.640   CPU_WriteMem(4 bytes @ 0xE0001000)
T3634 000:134.875   CPU_ReadMem(4 bytes @ 0xE000EE08)
T3634 000:135.078 - 63.928ms
T3634 000:135.114 JLINK_ReadMem(0x01011080, 0x10 Bytes, ...)
T3634 000:135.124   CPU_ReadMem(16 bytes @ 0x01011080)
T3634 000:135.455   Data:  4A 46 43 33 37 30 31 45 30 41 46 37 52 20 20 20
T3634 000:135.467 - 0.352ms returns 0
T3634 000:135.484 JLINK_IsHalted()
T3634 000:135.489 - 0.005ms returns TRUE
T3634 000:135.658 JLINK_MeasureCPUSpeed(RAMAddr = 0xFFFFFFFF)
T3634 000:135.666   CPU_ReadMem(16 bytes @ 0x20004000)
T3634 000:135.980   CPU_ReadMem(64 bytes @ 0x20004000)
T3634 000:136.505    -- Updating C cache (64 bytes @ 0x20004000)
T3634 000:136.519    -- Read from C cache (6 bytes @ 0x20004000)
T3634 000:136.528   CPU_ReadMem(4 bytes @ 0x40019004)
T3634 000:136.728   CPU_ReadMem(4 bytes @ 0xE000ED90)
T3634 000:136.952   CPU_WriteMem(16 bytes @ 0x20004000)
T3634 000:137.241   CPU_WriteMem(6 bytes @ 0x20004000)
T3634 000:137.499   CPU_ReadMem(64 bytes @ 0x20004000)
T3634 000:138.005    -- Updating C cache (64 bytes @ 0x20004000)
T3634 000:138.014    -- Read from C cache (6 bytes @ 0x20004000)
T3634 000:138.027   CPU_ReadMem(4 bytes @ 0xE000EE08)
T3634 000:138.239   CPU_WriteMem(4 bytes @ 0xE0002008)
T3634 000:138.247   CPU_WriteMem(4 bytes @ 0xE000200C)
T3634 000:138.254   CPU_WriteMem(4 bytes @ 0xE0002010)
T3634 000:138.261   CPU_WriteMem(4 bytes @ 0xE0002014)
T3634 000:143.304   CPU_WriteMem(4 bytes @ 0xE0002008)
T3634 000:143.533   CPU_WriteMem(4 bytes @ 0xE000200C)
T3634 000:143.765   CPU_WriteMem(4 bytes @ 0xE0002010)
T3634 000:144.044   CPU_WriteMem(4 bytes @ 0xE0002014)
T3634 000:144.288   CPU_ReadMem(4 bytes @ 0xE000EE08)
T3634 000:144.486   CPU_ReadMem(4 bytes @ 0xE000EE08)
T3634 000:144.723   CPU_ReadMem(4 bytes @ 0xE000EE08)
T3634 000:169.326   CPU_WriteMem(6 bytes @ 0x20004000)
T3634 000:169.630   ClockFreq: 4000500 Hz
T3634 000:169.641 - 33.982ms returns 4000500
T3634 000:169.693 JLINK_ReadReg(XPSR)
T3634 000:169.702   CPU_ReadMem(4 bytes @ 0xE000EE08)
T3634 000:169.912 - 0.219ms returns 0x61000000
T27D0 002:232.622 JLINK_ReadReg(XPSR)
T27D0 002:232.992   CPU_ReadMem(4 bytes @ 0xE000EE08)
T27D0 002:233.292 - 0.669ms returns 0x61000000
T27D0 002:259.589 JLINK_ReadReg(XPSR)
T27D0 002:259.644 - 0.055ms returns 0x61000000
T27D0 002:290.906 JLINK_ReadReg(XPSR)
T27D0 002:290.940 - 0.033ms returns 0x61000000
T27D0 002:418.996 JLINK_SetEndian(ARM_ENDIAN_LITTLE)
T27D0 002:419.042 - 0.045ms returns 0
T27D0 002:419.174 JLINK_BeginDownload(Flags = 0x00000000)
T27D0 002:419.192 - 0.018ms
T27D0 002:436.360 JLINK_WriteMem(0x00000000, 0xBD0 Bytes, ...)
T27D0 002:436.377   Data:  48 45 00 20 F5 01 00 00 0D 01 00 00 F1 01 00 00 ...
T27D0 002:436.592   completely In flash
T27D0 002:436.604 - 0.244ms returns 0xBD0
T27D0 002:436.768 JLINK_WriteMem(0x00000BD0, 0x1C Bytes, ...)
T27D0 002:436.778   Data:  00 01 00 00 08 01 00 00 04 01 00 00 0C 01 00 00 ...
T27D0 002:436.789   completely In flash
T27D0 002:436.797 - 0.029ms returns 0x1C
T27D0 002:436.891 JLINK_WriteMem(0x00000BEC, 0x8 Bytes, ...)
T27D0 002:436.908   Data:  89 04 00 00 59 04 00 00
T27D0 002:436.918   completely In flash
T27D0 002:436.927 - 0.037ms returns 0x8
T27D0 002:437.020 JLINK_WriteMem(0x01010018, 0x1C Bytes, ...)
T27D0 002:437.028   Data:  FF FF FF FF FF FF FF FF FF FF FF FF FF FF FF FF ...
T27D0 002:437.339   CPU_ReadMem(4 bytes @ 0x40019004)
T27D0 002:437.580   CPU_ReadMem(4 bytes @ 0xE000ED90)
T27D0 002:437.863    -- --------------------------------------
T27D0 002:437.874    -- Start of determining flash info (Bank @ 0x00000000)
T27D0 002:437.886    -- End of determining flash info
T27D0 002:437.896    -- Start of determining dirty areas in flash cache
T27D0 002:437.904    -- Filling invalid ranges in sector buffer (flash cache) for sector @ 0x00000000 if necessary
T27D0 002:437.912    -- Filling invalid ranges in sector buffer (flash cache) for sector @ 0x00000800 if necessary
T27D0 002:437.928    -- End of determining dirty areas
T27D0 002:437.936    -- Start of preparing flash programming
T27D0 002:437.948    -- Preparing RAMCode
T27D0 002:437.956    -- Calculating RAM usage
T27D0 002:437.963    -- RAM usage = 4792 Bytes
T27D0 002:437.971    -- Preserving CPU registers
T27D0 002:437.994    -- Preparing memory
T27D0 002:438.001    -- Determining CPU clock frequency
T27D0 002:469.058    -- CPU frequency = 4000 kHz
T27D0 002:469.083    -- Preparing target
T27D0 002:469.091    -- Preserving target RAM temporarily used for programming
T27D0 002:490.393    -- Downloading RAMCode
T27D0 002:508.514    -- Initializing RAMCode (InitType: 3 = Verify)
T27D0 002:508.559    -- Executing Init(3)
T27D0 002:521.618    -- End of preparing flash programming
T27D0 002:552.146   
  ***** Warning: 
T27D0 002:552.184   CPU is running at low speed (4000 kHz).
T27D0 002:552.198    -- CPU is running at 4000 kHz.
T27D0 002:552.214    -- Start of comparing flash
T27D0 002:552.229    -- CRC check was estimated as fastest method
T27D0 002:584.252    -- Comparing range 0x0000 - 0x0FFF (2 Sectors, 4 KB), using single-block CRC calculation
T27D0 002:611.920    -- CRC does not match, checking individual sectors
T27D0 002:636.236    -- CRC does not match for sectors 0-1
T27D0 002:636.264    -- End of comparing flash
T27D0 002:636.273    -- Start of erasing sectors
T27D0 002:636.282    -- Erasing range 0x00000000 - 0x00000FFF (  2 Sectors, 4 KB)
T27D0 002:636.290    -- Initializing RAMCode (InitType: 1 = Erase)
T27D0 002:636.298    -- Executing UnInit()
T27D0 002:645.631    -- Executing Init(1)
T27D0 002:681.807    -- End of erasing sectors
T27D0 002:681.837    -- Start of flash programming
T27D0 002:681.846    -- Programming range 0x00000000 - 0x00000FFF (  2 Sectors, 4 KB)
T27D0 002:683.097    -- Initializing RAMCode (InitType: 2 = Program)
T27D0 002:683.118    -- Executing UnInit()
T27D0 002:693.360    -- Executing Init(2)
T27D0 002:702.326    -- Program page timeout too high. Use default timeout: 10000 [s]
T27D0 002:702.363    -- Program page timeout too high. Use default timeout: 10000 [s]
T27D0 002:738.216    -- End of flash programming
T27D0 002:738.242    -- 0x0000 - 0x0FFF (  2 Sectors, 4 KB)
T27D0 002:738.251    -- Start of verifying flash
T27D0 002:738.259    -- Checksum calculation was estimated as fastest method
T27D0 002:738.267    -- Checksum is not supported by this flash bank. Switched to read back method.
T27D0 002:738.276    -- Initializing RAMCode (InitType: 3 = Verify)
T27D0 002:738.284    -- Executing UnInit()
T27D0 002:806.369    -- Executing Init(3)
T27D0 002:839.977    -- End of verifying flash
T27D0 002:840.006    -- Start of restoring
T27D0 002:840.014    -- Executing UnInit()
T27D0 002:849.433    -- Restoring target memory
T27D0 002:867.140    -- Restoring CPU registers
T27D0 002:867.403    -- End of restoring
T27D0 002:867.421    -- Bank 0 @ 0x00000000: 1 range affected (4096 bytes)
T27D0 002:867.435    -- Total: 0.429s (Prepare: 0.114s, Compare: 0.084s, Erase: 0.045s, Program: 0.116s, Verify: 0.042s, Restore: 0.027s)
T27D0 002:867.444    -- Program speed: 34 KB/s
T27D0 002:871.251   CPU_WriteMem(28 bytes @ 0x01010018)
T27D0 002:871.659 - 434.638ms returns 0x1C
T27D0 002:888.972 JLINK_EndDownload()
T27D0 002:889.020 - 0.047ms returns 0 (0x0)
T27D0 002:889.177 JLINK_WriteReg(R15 (PC), 0x000001F4)
T27D0 002:889.204 - 0.027ms returns 0
T27D0 002:889.217 JLINK_WriteReg(XPSR, 0x01000000)
T27D0 002:889.229 - 0.012ms returns 0
T27D0 002:889.243 JLINK_ResetPullsRESET(ON)
T27D0 002:889.254 - 0.010ms
T27D0 002:889.264 JLINK_Halt()
T27D0 002:889.274 - 0.009ms returns 0x00
T27D0 002:889.317 JLINK_IsHalted()
T27D0 002:889.332 - 0.014ms returns TRUE
T27D0 002:889.343 JLINK_Reset()
T27D0 002:889.358   CPU_ReadMem(4 bytes @ 0x01010018)
T27D0 002:889.618   CPU_WriteMem(4 bytes @ 0x01010018)
T27D0 002:889.892   CPU_WriteMem(4 bytes @ 0xE000EDF0)
T27D0 002:890.141   CPU_ReadMem(4 bytes @ 0xE000ED44)
T27D0 002:890.393   CPU_WriteMem(4 bytes @ 0xE000EDFC)
T27D0 002:890.666   Reset: Halt core after reset via DEMCR.VC_CORERESET.
T27D0 002:891.002   Reset: Reset device via AIRCR.SYSRESETREQ.
T27D0 002:891.031   CPU_WriteMem(4 bytes @ 0xE000ED0C)
T27D0 002:943.932   CPU_ReadMem(4 bytes @ 0xE000EDF0)
T27D0 002:944.243   CPU_ReadMem(4 bytes @ 0xE000EDF0)
T27D0 002:944.472   CPU_WriteMem(4 bytes @ 0xE000EDFC)
T27D0 002:950.567   CPU_ReadMem(4 bytes @ 0xE000EDF0)
T27D0 002:952.969   CPU_WriteMem(4 bytes @ 0xE0002000)
T27D0 002:953.232   CPU_ReadMem(4 bytes @ 0xE000EDFC)
T27D0 002:953.444   CPU_ReadMem(4 bytes @ 0xE0001000)
T27D0 002:953.644   CPU_WriteMem(4 bytes @ 0xE0001000)
T27D0 002:953.860   CPU_ReadMem(4 bytes @ 0xE000EE08)
T27D0 002:954.054 - 64.710ms
T27D0 002:954.065 JLINK_SetEndian(ARM_ENDIAN_LITTLE)
T27D0 002:954.071 - 0.005ms returns 0
T27D0 002:954.592 JLINK_ResetPullsRESET(ON)
T27D0 002:954.605 - 0.013ms
T27D0 002:954.613 JLINK_Halt()
T27D0 002:954.619 - 0.006ms returns 0x00
T27D0 002:954.626 JLINK_IsHalted()
T27D0 002:954.633 - 0.006ms returns TRUE
T27D0 002:954.639 JLINK_Reset()
T27D0 002:954.651   CPU_WriteMem(4 bytes @ 0xE000EDF0)
T27D0 002:954.890   CPU_ReadMem(4 bytes @ 0xE000ED44)
T27D0 002:955.100   CPU_WriteMem(4 bytes @ 0xE000EDFC)
T27D0 002:955.335   Reset: Halt core after reset via DEMCR.VC_CORERESET.
T27D0 002:955.630   Reset: Reset device via AIRCR.SYSRESETREQ.
T27D0 002:955.657   CPU_WriteMem(4 bytes @ 0xE000ED0C)
T27D0 003:008.063   CPU_ReadMem(4 bytes @ 0xE000EDF0)
T27D0 003:008.340   CPU_ReadMem(4 bytes @ 0xE000EDF0)
T27D0 003:008.608   CPU_WriteMem(4 bytes @ 0xE000EDFC)
T27D0 003:014.549   CPU_ReadMem(4 bytes @ 0xE000EDF0)
T27D0 003:016.859   CPU_WriteMem(4 bytes @ 0xE0002000)
T27D0 003:017.100   CPU_ReadMem(4 bytes @ 0xE000EDFC)
T27D0 003:017.321   CPU_ReadMem(4 bytes @ 0xE0001000)
T27D0 003:017.548   CPU_WriteMem(4 bytes @ 0xE0001000)
T27D0 003:017.806   CPU_ReadMem(4 bytes @ 0xE000EE08)
T27D0 003:018.071 - 63.431ms
T27D0 003:018.091 JLINK_SetEndian(ARM_ENDIAN_LITTLE)
T27D0 003:018.096 - 0.005ms returns 0
T27D0 003:033.461 JLINK_ReadReg(XPSR)
T27D0 003:033.508   CPU_ReadMem(4 bytes @ 0xE000EE08)
T27D0 003:033.775 - 0.314ms returns 0x41000000
T27D0 003:034.346 JLINK_ReadMem(0x000001F4, 0x4 Bytes, ...)
T27D0 003:034.373    -- Read from flash cache (4 bytes @ 0x000001F4)
T27D0 003:034.388   Data:  10 B5 00 F0
T27D0 003:034.403 - 0.057ms returns 0
T27D0 003:045.987 JLINK_ReadReg(XPSR)
T27D0 003:046.047 - 0.060ms returns 0x41000000
T27D0 003:046.841 JLINK_ReadMem(0x000001F4, 0x4 Bytes, ...)
T27D0 003:046.868    -- Read from flash cache (4 bytes @ 0x000001F4)
T27D0 003:046.876   Data:  10 B5 00 F0
T27D0 003:046.884 - 0.043ms returns 0
T27D0 003:054.266 JLINK_ReadMem(0x00000514, 0x2 Bytes, ...)
T27D0 003:054.301    -- Read from flash cache (2 bytes @ 0x00000514)
T27D0 003:054.317   Data:  18 B1
T27D0 003:054.332 - 0.066ms returns 0
T27D0 003:054.496 JLINK_ReadMem(0x00000480, 0x40 Bytes, ...)
T27D0 003:054.520    -- Read from flash cache (64 bytes @ 0x00000480)
T27D0 003:054.536   Data:  01 23 23 70 10 BD C0 46 40 F2 00 03 C0 F2 00 03 ...
T27D0 003:054.550 - 0.053ms returns 0
T27D0 003:054.811 JLINK_ReadMem(0x00000514, 0x2 Bytes, ...)
T27D0 003:054.836    -- Read from flash cache (2 bytes @ 0x00000514)
T27D0 003:054.852   Data:  18 B1
T27D0 003:054.866 - 0.055ms returns 0
T27D0 003:055.227 JLINK_GetNumBPUnits(Type = 0xFFFFFF00)
T27D0 003:055.273 - 0.045ms returns 0x04
T27D0 003:055.293 JLINK_GetNumWPUnits()
T27D0 003:055.304 - 0.010ms returns 2
T27D0 003:055.315 JLINK_GetNumWPUnits()
T27D0 003:055.325 - 0.009ms returns 2
T27D0 003:055.347 JLINK_GetNumBPUnits(Type = 0xFFFFFF00)
T27D0 003:055.358 - 0.011ms returns 0x04
T27D0 003:055.369 JLINK_GetNumWPUnits()
T27D0 003:055.379 - 0.009ms returns 2
T27D0 003:055.390 JLINK_GetNumWPUnits()
T27D0 003:055.400 - 0.009ms returns 2
T27D0 003:055.416 JLINK_GetNumBPUnits(Type = 0xFFFFFF00)
T27D0 003:055.428 - 0.012ms returns 0x04
T27D0 003:055.440 JLINK_GetNumWPUnits()
T27D0 003:055.450 - 0.010ms returns 2
T27D0 003:055.461 JLINK_GetNumWPUnits()
T27D0 003:055.471 - 0.009ms returns 2
T27D0 003:055.569 JLINK_SetBPEx(Addr = 0x00000514, Type = 0xFFFFFF00)
T27D0 003:055.611 - 0.042ms returns 0x00000001
T27D0 003:125.516 JLINK_ReadReg(XPSR)
T27D0 003:125.548 - 0.031ms returns 0x41000000
T27D0 003:141.244 JLINK_ClrBPEx(BPHandle = 0x00000001)
T27D0 003:141.272 - 0.027ms returns 0x00
T27D0 003:141.281 JLINK_SetBPEx(Addr = 0x00000514, Type = 0xFFFFFF00)
T27D0 003:141.289 - 0.007ms returns 0x00000002
T27D0 003:141.295 JLINK_SetBPEx(Addr = 0x00000560, Type = 0xFFFFFF00)
T27D0 003:141.300 - 0.005ms returns 0x00000003
T27D0 003:141.308 JLINK_ClrBPEx(BPHandle = 0x00000002)
T27D0 003:141.314 - 0.006ms returns 0x00
T27D0 003:141.320 JLINK_ClrBPEx(BPHandle = 0x00000003)
T27D0 003:141.325 - 0.005ms returns 0x00
T27D0 003:141.331 JLINK_SetBPEx(Addr = 0x00000514, Type = 0xFFFFFF00)
T27D0 003:141.336 - 0.005ms returns 0x00000004
T27D0 003:156.492 JLINK_ReadMem(0x00000540, 0x40 Bytes, ...)
T27D0 003:156.520    -- Read from flash cache (64 bytes @ 0x00000540)
T27D0 003:156.529   Data:  1A 70 10 BD 02 28 FC D1 03 49 04 48 00 F0 8A F9 ...
T27D0 003:156.537 - 0.044ms returns 0
T27D0 003:156.722 JLINK_ReadMem(0x00000560, 0x2 Bytes, ...)
T27D0 003:156.744    -- Read from flash cache (2 bytes @ 0x00000560)
T27D0 003:156.752   Data:  10 B5
T27D0 003:156.760 - 0.038ms returns 0
T27D0 003:157.100 JLINK_ClrBPEx(BPHandle = 0x00000004)
T27D0 003:157.118 - 0.018ms returns 0x00
T27D0 003:157.128 JLINK_SetBPEx(Addr = 0x00000514, Type = 0xFFFFFF00)
T27D0 003:157.134 - 0.006ms returns 0x00000005
T27D0 003:157.141 JLINK_SetBPEx(Addr = 0x00000560, Type = 0xFFFFFF00)
T27D0 003:157.146 - 0.005ms returns 0x00000006
T27D0 003:235.380 JLINK_ReadRegs(NumRegs = 22, Indexes: 0, 1, 2, 3, 4, 5, 6, 7, 8, 9, 10, 11, 12, 13, 14, 15, 16, 17, 18, 86, 87, 20)
T27D0 003:235.510    -- R0=0x40044400, R1=0x00, R2=0x00, R3=0xFF, R4=0x20005270, R5=0x00, R6=0x20005280, R7=0xFFFFFFFF, R8=0x3BBAA885, R9=0x4000867C, R10=0x357BF58, R11=0x78BE1D1F, R12=0x400A260A, R13 (SP)=0x20004548, R14=0x20004291, R15 (PC)=0x1F4, XPSR=0x41000000, MSP=0x20004548, PSP=0xD570E660, MSPLIM=0x00, PSPLIM=0x00, CFBP=0x00
T27D0 003:235.532 - 0.155ms returns 0x00
T27D0 003:236.212 JLINK_ReadReg(XPSR)
T27D0 003:236.251 - 0.038ms returns 0x41000000
T27D0 003:236.927 JLINK_ReadMem(0x000001F4, 0x4 Bytes, ...)
T27D0 003:236.967    -- Read from flash cache (4 bytes @ 0x000001F4)
T27D0 003:236.984   Data:  10 B5 00 F0
T27D0 003:237.001 - 0.074ms returns 0
T31B8 003:255.442 JLINK_GetNumBPUnits(Type = 0xFFFFFF00)
T31B8 003:255.469 - 0.027ms returns 0x04
T31B8 003:255.476 JLINK_GetNumWPUnits()
T31B8 003:255.482 - 0.005ms returns 2
T31B8 003:255.488 JLINK_GetNumWPUnits()
T31B8 003:255.494 - 0.005ms returns 2
T31B8 003:255.644 JLINK_GetNumBPUnits(Type = 0xFFFFFF00)
T31B8 003:255.672 - 0.028ms returns 0x04
T31B8 003:255.684 JLINK_GetNumWPUnits()
T31B8 003:255.695 - 0.010ms returns 2
T31B8 003:255.705 JLINK_GetNumWPUnits()
T31B8 003:255.715 - 0.009ms returns 2
T31B8 003:255.943 JLINK_GetNumBPUnits(Type = 0xFFFFFF00)
T31B8 003:255.957 - 0.014ms returns 0x04
T31B8 003:255.989 JLINK_GetNumWPUnits()
T31B8 003:256.003 - 0.013ms returns 2
T31B8 003:256.014 JLINK_GetNumWPUnits()
T31B8 003:256.024 - 0.009ms returns 2
T31B8 003:256.398 JLINK_GetNumBPUnits(Type = 0xFFFFFF00)
T31B8 003:256.419 - 0.021ms returns 0x04
T31B8 003:256.431 JLINK_GetNumWPUnits()
T31B8 003:256.441 - 0.009ms returns 2
T31B8 003:256.452 JLINK_GetNumWPUnits()
T31B8 003:256.462 - 0.009ms returns 2
T31B8 003:256.785 JLINK_GetNumBPUnits(Type = 0xFFFFFF00)
T31B8 003:256.799 - 0.014ms returns 0x04
T31B8 003:256.806 JLINK_GetNumWPUnits()
T31B8 003:256.811 - 0.005ms returns 2
T31B8 003:256.818 JLINK_GetNumWPUnits()
T31B8 003:256.823 - 0.005ms returns 2
T31B8 003:256.986 JLINK_GetNumBPUnits(Type = 0xFFFFFF00)
T31B8 003:257.009 - 0.023ms returns 0x04
T31B8 003:257.021 JLINK_GetNumWPUnits()
T31B8 003:257.031 - 0.010ms returns 2
T31B8 003:257.042 JLINK_GetNumWPUnits()
T31B8 003:257.052 - 0.009ms returns 2
T31B8 003:257.190 JLINK_GetNumBPUnits(Type = 0xFFFFFF00)
T31B8 003:257.200 - 0.010ms returns 0x04
T31B8 003:257.212 JLINK_GetNumWPUnits()
T31B8 003:257.220 - 0.007ms returns 2
T31B8 003:257.226 JLINK_GetNumWPUnits()
T31B8 003:257.250 - 0.024ms returns 2
T31B8 003:257.382 JLINK_GetNumBPUnits(Type = 0xFFFFFF00)
T31B8 003:257.402 - 0.019ms returns 0x04
T31B8 003:257.427 JLINK_GetNumWPUnits()
T31B8 003:257.438 - 0.010ms returns 2
T31B8 003:257.450 JLINK_GetNumWPUnits()
T31B8 003:257.460 - 0.010ms returns 2
T27D0 003:376.037 JLINK_ReadReg(XPSR)
T27D0 003:376.069 - 0.032ms returns 0x41000000
T27D0 003:376.437 JLINK_ReadMem(0x000001F4, 0x4 Bytes, ...)
T27D0 003:376.463    -- Read from flash cache (4 bytes @ 0x000001F4)
T27D0 003:376.472   Data:  10 B5 00 F0
T27D0 003:376.482 - 0.044ms returns 0
T27D0 003:392.279 JLINK_ReadReg(XPSR)
T27D0 003:392.313 - 0.033ms returns 0x41000000
T27D0 006:673.787 JLINK_STRACE_Read(..., NumItems = 0x10000)
T27D0 006:674.090 - 0.302ms NumItemsRead = 0x00
T27D0 006:674.128 JLINK_IsHalted()
T27D0 006:674.442 - 0.313ms returns TRUE
T27D0 006:674.488 JLINK_STRACE_Read(..., NumItems = 0x10000)
T27D0 006:674.501 - 0.013ms NumItemsRead = 0x00
T27D0 006:674.516 JLINK_GoEx(MaxEmulInsts = 0, Flags = 0x01)
T27D0 006:674.540   CPU_WriteMem(4 bytes @ 0xE0002000)
T27D0 006:674.857   CPU_WriteMem(4 bytes @ 0xE0002000)
T27D0 006:675.175   CPU_ReadMem(4 bytes @ 0xE0001000)
T27D0 006:675.437   CPU_WriteMem(4 bytes @ 0xE0001000)
T27D0 006:675.721   CPU_WriteMem(4 bytes @ 0xE0002008)
T27D0 006:675.749   CPU_WriteMem(4 bytes @ 0xE000200C)
T27D0 006:675.773   CPU_WriteMem(4 bytes @ 0xE0002010)
T27D0 006:675.796   CPU_WriteMem(4 bytes @ 0xE0002014)
T27D0 006:676.487   CPU_WriteMem(4 bytes @ 0xE0001004)
T27D0 006:677.467   Memory map 'after startup completion point' is active
T27D0 006:677.503 - 2.986ms
T27D0 006:777.995 JLINK_IsHalted()
T27D0 006:780.109 - 2.114ms returns TRUE
T27D0 006:780.133 JLINK_ReadReg(XPSR)
T27D0 006:780.142   CPU_ReadMem(4 bytes @ 0xE000EE08)
T27D0 006:780.441 - 0.308ms returns 0x41000000
T27D0 006:780.475 JLINK_ReadReg(R15 (PC))
T27D0 006:780.496 - 0.021ms returns 0x00000560
T27D0 006:780.509 JLINK_ReadReg(XPSR)
T27D0 006:780.514 - 0.005ms returns 0x41000000
T27D0 006:780.521 JLINK_ReadReg(XPSR)
T27D0 006:780.525 - 0.005ms returns 0x41000000
T27D0 006:780.531 JLINK_ReadReg(R15 (PC))
T27D0 006:780.537 - 0.005ms returns 0x00000560
T27D0 006:780.543 JLINK_ReadReg(XPSR)
T27D0 006:780.548 - 0.005ms returns 0x41000000
T27D0 006:780.553 JLINK_ReadReg(XPSR)
T27D0 006:780.559 - 0.005ms returns 0x41000000
T27D0 006:780.565 JLINK_ReadMem(0x00000560, 0x1 Bytes, ...)
T27D0 006:780.571    -- Read from flash cache (1 bytes @ 0x00000560)
T27D0 006:780.579   Data:  10
T27D0 006:780.586 - 0.021ms returns 0
T27D0 006:780.593 JLINK_IsHalted()
T27D0 006:780.598 - 0.005ms returns TRUE
T27D0 006:780.604 JLINK_ReadReg(XPSR)
T27D0 006:780.609 - 0.005ms returns 0x41000000
T27D0 006:780.614 JLINK_ReadReg(XPSR)
T27D0 006:780.620 - 0.005ms returns 0x41000000
T27D0 006:780.625 JLINK_ReadReg(R15 (PC))
T27D0 006:780.630 - 0.005ms returns 0x00000560
T27D0 006:780.637 JLINK_ReadReg(XPSR)
T27D0 006:780.641 - 0.005ms returns 0x41000000
T27D0 006:780.647 JLINK_ReadReg(XPSR)
T27D0 006:780.653 - 0.005ms returns 0x41000000
T27D0 006:780.657 JLINK_ReadMem(0x00000560, 0x1 Bytes, ...)
T27D0 006:780.663    -- Read from flash cache (1 bytes @ 0x00000560)
T27D0 006:780.670   Data:  10
T27D0 006:780.677 - 0.019ms returns 0
T27D0 006:780.988 JLINK_ReadRegs(NumRegs = 22, Indexes: 0, 1, 2, 3, 4, 5, 6, 7, 8, 9, 10, 11, 12, 13, 14, 15, 16, 17, 18, 86, 87, 20)
T27D0 006:781.006    -- R0=0x00, R1=0x00, R2=0x80, R3=0x400A0340, R4=0x20005270, R5=0x00, R6=0x20005280, R7=0xFFFFFFFF, R8=0x3BBAA885, R9=0x4000867C, R10=0x357BF58, R11=0x78BE1D1F, R12=0x400A260A, R13 (SP)=0x20004540, R14=0x1FF, R15 (PC)=0x560, XPSR=0x41000000, MSP=0x20004540, PSP=0xD570E660, MSPLIM=0x00, PSPLIM=0x00, CFBP=0x00
T27D0 006:781.013 - 0.026ms returns 0x00
T27D0 006:781.473 JLINK_ReadReg(XPSR)
T27D0 006:781.504 - 0.030ms returns 0x41000000
T27D0 006:782.004 JLINK_ReadMem(0x00000560, 0x4 Bytes, ...)
T27D0 006:782.038    -- Read from flash cache (4 bytes @ 0x00000560)
T27D0 006:782.057   Data:  10 B5 FF F7
T27D0 006:782.065 - 0.061ms returns 0
T27D0 006:782.482 JLINK_ClrBPEx(BPHandle = 0x00000005)
T27D0 006:782.510 - 0.028ms returns 0x00
T27D0 006:782.523 JLINK_ClrBPEx(BPHandle = 0x00000006)
T27D0 006:782.534 - 0.011ms returns 0x00
T27D0 006:782.549 JLINK_SetBPEx(Addr = 0x00000514, Type = 0xFFFFFF00)
T27D0 006:782.561 - 0.012ms returns 0x00000007
T27D0 006:816.288 JLINK_ReadMem(0x00000560, 0x4 Bytes, ...)
T27D0 006:816.320    -- Read from flash cache (4 bytes @ 0x00000560)
T27D0 006:816.328   Data:  10 B5 FF F7
T27D0 006:816.337 - 0.048ms returns 0
T27D0 006:848.619 JLINK_ReadReg(XPSR)
T27D0 006:848.672 - 0.048ms returns 0x41000000
T27D0 006:849.416 JLINK_ReadReg(XPSR)
T27D0 006:849.446 - 0.030ms returns 0x41000000
T27D0 007:350.173 JLINK_STRACE_Read(..., NumItems = 0x10000)
T27D0 007:350.198 - 0.025ms NumItemsRead = 0x00
T27D0 007:350.208 JLINK_IsHalted()
T27D0 007:350.494 - 0.285ms returns TRUE
T27D0 007:350.529 JLINK_STRACE_Read(..., NumItems = 0x10000)
T27D0 007:350.542 - 0.013ms NumItemsRead = 0x00
T27D0 007:350.557 JLINK_GoEx(MaxEmulInsts = 0, Flags = 0x01)
T27D0 007:350.579   CPU_WriteMem(4 bytes @ 0xE0002000)
T27D0 007:350.863   CPU_ReadMem(4 bytes @ 0xE0001000)
T27D0 007:351.169   CPU_WriteMem(4 bytes @ 0xE000200C)
T27D0 007:351.808 - 1.251ms
T27D0 007:449.426 JLINK_IsHalted()
T27D0 007:451.580 - 2.153ms returns TRUE
T27D0 007:451.599 JLINK_ReadReg(XPSR)
T27D0 007:451.609   CPU_ReadMem(4 bytes @ 0xE000EE08)
T27D0 007:451.853 - 0.253ms returns 0x41000000
T27D0 007:451.861 JLINK_ReadReg(R15 (PC))
T27D0 007:451.866 - 0.005ms returns 0x00000514
T27D0 007:451.874 JLINK_ReadReg(XPSR)
T27D0 007:451.879 - 0.005ms returns 0x41000000
T27D0 007:451.885 JLINK_ReadReg(XPSR)
T27D0 007:451.890 - 0.005ms returns 0x41000000
T27D0 007:451.896 JLINK_ReadReg(R15 (PC))
T27D0 007:451.901 - 0.005ms returns 0x00000514
T27D0 007:451.907 JLINK_ReadReg(XPSR)
T27D0 007:451.912 - 0.005ms returns 0x41000000
T27D0 007:451.917 JLINK_ReadReg(XPSR)
T27D0 007:451.922 - 0.005ms returns 0x41000000
T27D0 007:451.929 JLINK_ReadMem(0x00000514, 0x1 Bytes, ...)
T27D0 007:451.936    -- Read from flash cache (1 bytes @ 0x00000514)
T27D0 007:451.944   Data:  18
T27D0 007:451.951 - 0.022ms returns 0
T27D0 007:451.957 JLINK_IsHalted()
T27D0 007:451.962 - 0.004ms returns TRUE
T27D0 007:451.968 JLINK_ReadReg(XPSR)
T27D0 007:451.973 - 0.005ms returns 0x41000000
T27D0 007:451.978 JLINK_ReadReg(XPSR)
T27D0 007:451.984 - 0.005ms returns 0x41000000
T27D0 007:451.989 JLINK_ReadReg(R15 (PC))
T27D0 007:451.994 - 0.005ms returns 0x00000514
T27D0 007:452.000 JLINK_ReadReg(XPSR)
T27D0 007:452.005 - 0.005ms returns 0x41000000
T27D0 007:452.011 JLINK_ReadReg(XPSR)
T27D0 007:452.034 - 0.023ms returns 0x41000000
T27D0 007:452.041 JLINK_ReadMem(0x00000514, 0x1 Bytes, ...)
T27D0 007:452.045    -- Read from flash cache (1 bytes @ 0x00000514)
T27D0 007:452.053   Data:  18
T27D0 007:452.060 - 0.019ms returns 0
T27D0 007:452.379 JLINK_ReadRegs(NumRegs = 22, Indexes: 0, 1, 2, 3, 4, 5, 6, 7, 8, 9, 10, 11, 12, 13, 14, 15, 16, 17, 18, 86, 87, 20)
T27D0 007:452.405    -- R0=0x00, R1=0x1770, R2=0x0A, R3=0x400A2600, R4=0x20005270, R5=0x00, R6=0x20005280, R7=0xFFFFFFFF, R8=0x3BBAA885, R9=0x4000867C, R10=0x357BF58, R11=0x78BE1D1F, R12=0x400A260A, R13 (SP)=0x20004520, R14=0x515, R15 (PC)=0x514, XPSR=0x41000000, MSP=0x20004520, PSP=0xD570E660, MSPLIM=0x00, PSPLIM=0x00, CFBP=0x00
T27D0 007:452.414 - 0.035ms returns 0x00
T27D0 007:452.657 JLINK_ReadReg(XPSR)
T27D0 007:452.663 - 0.006ms returns 0x41000000
T27D0 007:453.051 JLINK_ReadMem(0x00000514, 0x4 Bytes, ...)
T27D0 007:453.065    -- Read from flash cache (4 bytes @ 0x00000514)
T27D0 007:453.073   Data:  18 B1 35 21
T27D0 007:453.081 - 0.029ms returns 0
T27D0 007:489.030 JLINK_ReadMem(0x00000514, 0x4 Bytes, ...)
T27D0 007:489.064    -- Read from flash cache (4 bytes @ 0x00000514)
T27D0 007:489.073   Data:  18 B1 35 21
T27D0 007:489.083 - 0.053ms returns 0
T27D0 007:489.304 JLINK_ReadMem(0x20004500, 0x40 Bytes, ...)
T27D0 007:489.333   CPU_ReadMem(64 bytes @ 0x20004500)
T27D0 007:489.881    -- Updating C cache (64 bytes @ 0x20004500)
T27D0 007:489.897    -- Read from C cache (64 bytes @ 0x20004500)
T27D0 007:489.905   Data:  44 40 00 20 24 45 00 20 29 00 00 00 FE 26 0A 40 ...
T27D0 007:489.913 - 0.609ms returns 0
T27D0 007:490.057 JLINK_ReadMem(0x00000566, 0x4 Bytes, ...)
T27D0 007:490.065    -- Read from flash cache (4 bytes @ 0x00000566)
T27D0 007:490.073   Data:  00 20 10 BD
T27D0 007:490.082 - 0.025ms returns 0
T27D0 007:505.080 JLINK_ReadReg(XPSR)
T27D0 007:505.111 - 0.031ms returns 0x41000000
T27D0 007:505.569 JLINK_ReadReg(XPSR)
T27D0 007:505.605 - 0.035ms returns 0x41000000
T31B8 008:784.002 JLINK_IsHalted()
T31B8 008:784.292 - 0.289ms returns TRUE
T31B8 008:784.313 JLINK_ReadReg(XPSR)
T31B8 008:784.324 - 0.011ms returns 0x41000000
T31B8 008:784.330 JLINK_ReadReg(R15 (PC))
T31B8 008:784.336 - 0.005ms returns 0x00000514
T31B8 008:784.345 JLINK_ReadReg(XPSR)
T31B8 008:784.353 - 0.008ms returns 0x41000000
T31B8 008:784.358 JLINK_ReadReg(XPSR)
T31B8 008:784.364 - 0.005ms returns 0x41000000
T31B8 008:784.370 JLINK_ReadReg(R15 (PC))
T31B8 008:784.375 - 0.005ms returns 0x00000514
T31B8 008:784.381 JLINK_ReadReg(XPSR)
T31B8 008:784.386 - 0.005ms returns 0x41000000
T31B8 008:784.392 JLINK_ReadReg(XPSR)
T31B8 008:784.398 - 0.005ms returns 0x41000000
T31B8 008:784.404 JLINK_ReadMem(0x00000514, 0x1 Bytes, ...)
T31B8 008:784.410    -- Read from flash cache (1 bytes @ 0x00000514)
T31B8 008:784.418   Data:  18
T31B8 008:784.426 - 0.022ms returns 0
T31B8 008:784.432 JLINK_IsHalted()
T31B8 008:784.437 - 0.005ms returns TRUE
T31B8 008:784.442 JLINK_ReadReg(XPSR)
T31B8 008:784.448 - 0.005ms returns 0x41000000
T31B8 008:784.454 JLINK_ReadReg(XPSR)
T31B8 008:784.458 - 0.005ms returns 0x41000000
T31B8 008:784.464 JLINK_ReadReg(R15 (PC))
T31B8 008:784.470 - 0.005ms returns 0x00000514
T31B8 008:784.475 JLINK_ReadReg(XPSR)
T31B8 008:784.480 - 0.005ms returns 0x41000000
T31B8 008:784.486 JLINK_ReadReg(XPSR)
T31B8 008:784.491 - 0.005ms returns 0x41000000
T31B8 008:784.497 JLINK_ReadMem(0x00000514, 0x1 Bytes, ...)
T31B8 008:784.502    -- Read from flash cache (1 bytes @ 0x00000514)
T31B8 008:784.509   Data:  18
T31B8 008:784.516 - 0.019ms returns 0
T31B8 008:784.614 JLINK_WriteMem(0xE0001FB0, 0x4 Bytes, ...)
T31B8 008:784.621   Data:  55 CE AC C5
T31B8 008:784.855   CPU_WriteMem(4 bytes @ 0xE0001FB0)
T31B8 008:785.138 - 0.523ms returns 0x4
T31B8 008:785.183 JLINK_WriteMem(0xE0001000, 0x4 Bytes, ...)
T31B8 008:785.189   Data:  01 00 00 48
T31B8 008:785.198   Debug reg: DWT_CTRL
T31B8 008:785.210   CPU_WriteMem(4 bytes @ 0xE0001000)
T31B8 008:785.456 - 0.272ms returns 0x4
T31B8 008:785.538 JLINK_ReadMem(0xE0001000, 0x4 Bytes, ...)
T31B8 008:785.550   CPU_ReadMem(4 bytes @ 0xE0001000)
T31B8 008:785.782   Data:  00 00 00 2B
T31B8 008:785.808   Debug reg: DWT_CTRL
T31B8 008:785.827 - 0.289ms returns 0
T31B8 008:786.851 JLINK_IsHalted()
T31B8 008:786.877 - 0.025ms returns TRUE
T31B8 008:786.891 JLINK_ReadReg(XPSR)
T31B8 008:786.906 - 0.014ms returns 0x41000000
T31B8 008:786.925 JLINK_ReadReg(R15 (PC))
T31B8 008:786.942 - 0.017ms returns 0x00000514
T31B8 008:786.950 JLINK_ReadReg(XPSR)
T31B8 008:786.955 - 0.005ms returns 0x41000000
T31B8 008:786.961 JLINK_ReadReg(XPSR)
T31B8 008:786.966 - 0.005ms returns 0x41000000
T31B8 008:786.972 JLINK_ReadReg(R15 (PC))
T31B8 008:786.978 - 0.005ms returns 0x00000514
T31B8 008:786.983 JLINK_ReadReg(XPSR)
T31B8 008:786.989 - 0.005ms returns 0x41000000
T31B8 008:786.994 JLINK_ReadReg(XPSR)
T31B8 008:786.999 - 0.005ms returns 0x41000000
T31B8 008:787.006 JLINK_ReadMem(0x00000514, 0x1 Bytes, ...)
T31B8 008:787.012    -- Read from flash cache (1 bytes @ 0x00000514)
T31B8 008:787.019   Data:  18
T31B8 008:787.027 - 0.021ms returns 0
T31B8 008:787.034 JLINK_IsHalted()
T31B8 008:787.038 - 0.005ms returns TRUE
T31B8 008:787.044 JLINK_ReadReg(XPSR)
T31B8 008:787.050 - 0.005ms returns 0x41000000
T31B8 008:787.077 JLINK_ReadReg(XPSR)
T31B8 008:787.095 - 0.018ms returns 0x41000000
T31B8 008:787.102 JLINK_ReadReg(R15 (PC))
T31B8 008:787.107 - 0.005ms returns 0x00000514
T31B8 008:787.114 JLINK_ReadReg(XPSR)
T31B8 008:787.119 - 0.005ms returns 0x41000000
T31B8 008:787.125 JLINK_ReadReg(XPSR)
T31B8 008:787.130 - 0.005ms returns 0x41000000
T31B8 008:787.136 JLINK_ReadMem(0x00000514, 0x1 Bytes, ...)
T31B8 008:787.142    -- Read from flash cache (1 bytes @ 0x00000514)
T31B8 008:787.149   Data:  18
T31B8 008:787.156 - 0.019ms returns 0
T27D0 037:877.316 JLINK_ReadMemEx(0x400A2604, 0x2 Bytes, Flags = 0x00000002)
T27D0 037:877.380   CPU_ReadMem(2 bytes @ 0x400A2604)
T27D0 037:877.704   Data:  00 00
T27D0 037:877.740 - 0.424ms returns 2 (0x2)
T27D0 037:878.352 JLINK_ReadMemEx(0x400A2600, 0x2 Bytes, Flags = 0x00000002)
T27D0 037:878.388   CPU_ReadMem(2 bytes @ 0x400A2600)
T27D0 037:878.656   Data:  3F 1F
T27D0 037:878.684 - 0.333ms returns 2 (0x2)
T27D0 037:879.600 JLINK_ReadMemEx(0x400A2602, 0x2 Bytes, Flags = 0x00000002)
T27D0 037:879.636   CPU_ReadMem(2 bytes @ 0x400A2602)
T27D0 037:879.936   Data:  00 00
T27D0 037:879.992 - 0.389ms returns 2 (0x2)
T27D0 037:880.524 JLINK_ReadMemEx(0x400A2602, 0x1 Bytes, Flags = 0x00000001)
T27D0 037:880.556   CPU_ReadMem(1 bytes @ 0x400A2602)
T27D0 037:880.844   Data:  00
T27D0 037:880.916 - 0.391ms returns 1 (0x1)
T27D0 037:881.708 JLINK_ReadMemEx(0x400A2603, 0x1 Bytes, Flags = 0x00000001)
T27D0 037:881.740   CPU_ReadMem(1 bytes @ 0x400A2603)
T27D0 037:882.036   Data:  00
T27D0 037:882.052 - 0.343ms returns 1 (0x1)
T27D0 037:882.500 JLINK_ReadMemEx(0x400A2606, 0x2 Bytes, Flags = 0x00000002)
T27D0 037:882.528   CPU_ReadMem(2 bytes @ 0x400A2606)
T27D0 037:882.768   Data:  D0 07
T27D0 037:882.792 - 0.295ms returns 2 (0x2)
T27D0 037:883.280 JLINK_ReadMemEx(0x400A2606, 0x1 Bytes, Flags = 0x00000001)
T27D0 037:883.308   CPU_ReadMem(1 bytes @ 0x400A2606)
T27D0 037:883.536   Data:  D0
T27D0 037:883.560 - 0.277ms returns 1 (0x1)
T27D0 037:884.008 JLINK_ReadMemEx(0x400A2607, 0x1 Bytes, Flags = 0x00000001)
T27D0 037:884.036   CPU_ReadMem(1 bytes @ 0x400A2607)
T27D0 037:884.276   Data:  07
T27D0 037:884.304 - 0.297ms returns 1 (0x1)
T27D0 037:887.320 JLINK_ReadMemEx(0x400A2608, 0x2 Bytes, Flags = 0x00000002)
T27D0 037:887.356   CPU_ReadMem(2 bytes @ 0x400A2608)
T27D0 037:887.596   Data:  00 00
T27D0 037:887.624 - 0.302ms returns 2 (0x2)
T27D0 037:888.208 JLINK_ReadMemEx(0x400A260A, 0x2 Bytes, Flags = 0x00000002)
T27D0 037:888.240   CPU_ReadMem(2 bytes @ 0x400A260A)
T27D0 037:888.488   Data:  70 17
T27D0 037:888.512 - 0.302ms returns 2 (0x2)
T27D0 037:889.288 JLINK_ReadMemEx(0x400A260C, 0x2 Bytes, Flags = 0x00000002)
T27D0 037:889.316   CPU_ReadMem(2 bytes @ 0x400A260C)
T27D0 037:889.552   Data:  00 00
T27D0 037:889.576 - 0.288ms returns 2 (0x2)
T27D0 037:889.992 JLINK_ReadMemEx(0x400A260E, 0x2 Bytes, Flags = 0x00000002)
T27D0 037:890.024   CPU_ReadMem(2 bytes @ 0x400A260E)
T27D0 037:890.276   Data:  00 00
T27D0 037:890.296 - 0.306ms returns 2 (0x2)
T27D0 037:907.640 JLINK_ReadMemEx(0x400A2710, 0x2 Bytes, Flags = 0x00000002)
T27D0 037:907.688   CPU_ReadMem(2 bytes @ 0x400A2710)
T27D0 037:908.004   Data:  01 00
T27D0 037:908.040 - 0.398ms returns 2 (0x2)
T27D0 037:908.524 JLINK_ReadMemEx(0x400A2712, 0x2 Bytes, Flags = 0x00000002)
T27D0 037:908.560   CPU_ReadMem(2 bytes @ 0x400A2712)
T27D0 037:908.848   Data:  00 00
T27D0 037:908.872 - 0.349ms returns 2 (0x2)
T27D0 037:909.960 JLINK_ReadMemEx(0x400A2714, 0x2 Bytes, Flags = 0x00000002)
T27D0 037:910.076   CPU_ReadMem(2 bytes @ 0x400A2714)
T27D0 037:910.852   Data:  00 00
T27D0 037:910.896 - 0.935ms returns 2 (0x2)
T27D0 037:911.776 JLINK_ReadMemEx(0x400A2716, 0x2 Bytes, Flags = 0x00000002)
T27D0 037:911.812   CPU_ReadMem(2 bytes @ 0x400A2716)
T27D0 037:912.104   Data:  09 04
T27D0 037:912.136 - 0.359ms returns 2 (0x2)
T27D0 037:912.828 JLINK_ReadMemEx(0x400A2718, 0x2 Bytes, Flags = 0x00000002)
T27D0 037:912.864   CPU_ReadMem(2 bytes @ 0x400A2718)
T27D0 037:913.144   Data:  00 00
T27D0 037:913.192 - 0.362ms returns 2 (0x2)
T27D0 037:914.152 JLINK_ReadMemEx(0x400A271A, 0x2 Bytes, Flags = 0x00000002)
T27D0 037:914.184   CPU_ReadMem(2 bytes @ 0x400A271A)
T27D0 037:914.448   Data:  09 04
T27D0 037:914.476 - 0.324ms returns 2 (0x2)
T27D0 037:914.920 JLINK_ReadMemEx(0x400A271C, 0x2 Bytes, Flags = 0x00000002)
T27D0 037:914.944   CPU_ReadMem(2 bytes @ 0x400A271C)
T27D0 037:915.224   Data:  00 00
T27D0 037:915.264 - 0.347ms returns 2 (0x2)
T27D0 037:938.444 JLINK_ReadMemEx(0x400A271E, 0x2 Bytes, Flags = 0x00000002)
T27D0 037:938.476   CPU_ReadMem(2 bytes @ 0x400A271E)
T27D0 037:938.728   Data:  00 00
T27D0 037:938.736 - 0.290ms returns 2 (0x2)
T27D0 037:939.180 JLINK_ReadMemEx(0x400A2730, 0x2 Bytes, Flags = 0x00000002)
T27D0 037:939.220   CPU_ReadMem(2 bytes @ 0x400A2730)
T27D0 037:939.436   Data:  29 00
T27D0 037:939.448 - 0.266ms returns 2 (0x2)
T27D0 037:939.784 JLINK_ReadMemEx(0x400A2732, 0x2 Bytes, Flags = 0x00000002)
T27D0 037:939.816   CPU_ReadMem(2 bytes @ 0x400A2732)
T27D0 037:940.076   Data:  00 00
T27D0 037:940.104 - 0.323ms returns 2 (0x2)
T27D0 037:940.504 JLINK_ReadMemEx(0x400A2734, 0x2 Bytes, Flags = 0x00000002)
T27D0 037:940.520   CPU_ReadMem(2 bytes @ 0x400A2734)
T27D0 037:940.756   Data:  00 00
T27D0 037:940.780 - 0.275ms returns 2 (0x2)
T27D0 037:941.224 JLINK_ReadMemEx(0x400A2736, 0x2 Bytes, Flags = 0x00000002)
T27D0 037:941.244   CPU_ReadMem(2 bytes @ 0x400A2736)
T27D0 037:941.468   Data:  00 00
T27D0 037:941.496 - 0.268ms returns 2 (0x2)
T27D0 037:941.912 JLINK_ReadMemEx(0x400A2738, 0x2 Bytes, Flags = 0x00000002)
T27D0 037:941.932   CPU_ReadMem(2 bytes @ 0x400A2738)
T27D0 037:942.220   Data:  00 00
T27D0 037:942.256 - 0.340ms returns 2 (0x2)
T27D0 037:942.648 JLINK_ReadMemEx(0x400A273A, 0x2 Bytes, Flags = 0x00000002)
T27D0 037:942.664   CPU_ReadMem(2 bytes @ 0x400A273A)
T27D0 037:942.896   Data:  28 00
T27D0 037:942.920 - 0.271ms returns 2 (0x2)
T27D0 037:943.508 JLINK_ReadMemEx(0x400A273C, 0x2 Bytes, Flags = 0x00000002)
T27D0 037:943.544   CPU_ReadMem(2 bytes @ 0x400A273C)
T27D0 037:943.772   Data:  00 00
T27D0 037:943.784 - 0.273ms returns 2 (0x2)
T27D0 037:944.236 JLINK_ReadMemEx(0x400A273E, 0x2 Bytes, Flags = 0x00000002)
T27D0 037:944.248   CPU_ReadMem(2 bytes @ 0x400A273E)
T27D0 037:944.460   Data:  28 00
T27D0 037:944.488 - 0.251ms returns 2 (0x2)
T27D0 227:526.112 JLINK_ReadMem(0x00000512, 0x2 Bytes, ...)
T27D0 227:526.144    -- Read from flash cache (2 bytes @ 0x00000512)
T27D0 227:526.176   Data:  4C F8
T27D0 227:526.176 - 0.068ms returns 0
T27D0 227:526.240 JLINK_ReadMem(0x00000480, 0x40 Bytes, ...)
T27D0 227:526.272    -- Read from flash cache (64 bytes @ 0x00000480)
T27D0 227:526.272   Data:  01 23 23 70 10 BD C0 46 40 F2 00 03 C0 F2 00 03 ...
T27D0 227:526.272 - 0.022ms returns 0
T27D0 227:526.352 JLINK_ReadMem(0x00000512, 0x2 Bytes, ...)
T27D0 227:526.352    -- Read from flash cache (2 bytes @ 0x00000512)
T27D0 227:526.368   Data:  4C F8
T27D0 227:526.368 - 0.020ms returns 0
T27D0 227:526.624 JLINK_ClrBPEx(BPHandle = 0x00000007)
T27D0 227:526.944 - 0.290ms returns 0x00
T27D0 227:527.040 JLINK_SetBPEx(Addr = 0x00000512, Type = 0xFFFFFF00)
T27D0 227:527.072 - 0.011ms returns 0x00000008
T27D0 227:548.368 JLINK_ResetPullsRESET(ON)
T27D0 227:548.384 - 0.029ms
T27D0 227:548.416 JLINK_Halt()
T27D0 227:548.416 - 0.012ms returns 0x00
T27D0 227:548.448 JLINK_IsHalted()
T27D0 227:548.448 - 0.012ms returns TRUE
T27D0 227:548.448 JLINK_Reset()
T27D0 227:548.464   Memory map 'before startup completion point' is active
T27D0 227:548.496   CPU_WriteMem(4 bytes @ 0xE000EDF0)
T27D0 227:548.800   CPU_ReadMem(4 bytes @ 0xE000ED44)
T27D0 227:549.152   CPU_WriteMem(4 bytes @ 0xE000EDFC)
T27D0 227:549.440   Reset: Halt core after reset via DEMCR.VC_CORERESET.
T27D0 227:549.824   Reset: Reset device via AIRCR.SYSRESETREQ.
T27D0 227:549.856   CPU_WriteMem(4 bytes @ 0xE000ED0C)
T27D0 227:603.104   CPU_ReadMem(4 bytes @ 0xE000EDF0)
T27D0 227:603.328   CPU_ReadMem(4 bytes @ 0xE000EDF0)
T27D0 227:603.504   CPU_WriteMem(4 bytes @ 0xE000EDFC)
T27D0 227:609.520   CPU_ReadMem(4 bytes @ 0xE000EDF0)
T27D0 227:612.128   CPU_WriteMem(4 bytes @ 0xE0002000)
T27D0 227:612.384   CPU_ReadMem(4 bytes @ 0xE000EDFC)
T27D0 227:612.624   CPU_ReadMem(4 bytes @ 0xE0001000)
T27D0 227:612.880   CPU_WriteMem(4 bytes @ 0xE0001000)
T27D0 227:613.104   CPU_ReadMem(4 bytes @ 0xE000EE08)
T27D0 227:613.312 - 64.859ms
T27D0 227:613.344 JLINK_SetEndian(ARM_ENDIAN_LITTLE)
T27D0 227:613.344 - 0.010ms returns 0
T27D0 227:613.648 JLINK_BeginDownload(Flags = 0x00000000)
T27D0 227:613.664 - 0.019ms
T27D0 227:626.880 JLINK_WriteMem(0x00000000, 0xBD0 Bytes, ...)
T27D0 227:626.912   Data:  48 45 00 20 F5 01 00 00 0D 01 00 00 F1 01 00 00 ...
T27D0 227:626.912   completely In flash
T27D0 227:626.928 - 0.037ms returns 0xBD0
T27D0 227:627.216 JLINK_WriteMem(0x00000BD0, 0x1C Bytes, ...)
T27D0 227:627.232   Data:  00 01 00 00 08 01 00 00 04 01 00 00 0C 01 00 00 ...
T27D0 227:627.232   completely In flash
T27D0 227:627.232 - 0.032ms returns 0x1C
T27D0 227:627.392 JLINK_WriteMem(0x00000BEC, 0x8 Bytes, ...)
T27D0 227:627.392   Data:  89 04 00 00 59 04 00 00
T27D0 227:627.424   completely In flash
T27D0 227:627.424 - 0.026ms returns 0x8
T27D0 227:627.616 JLINK_WriteMem(0x01010018, 0x1C Bytes, ...)
T27D0 227:627.616   Data:  FF FF FF FF FF FF FF FF FF FF FF FF FF FF FF FF ...
T27D0 227:627.824   CPU_ReadMem(4 bytes @ 0x40019004)
T27D0 227:628.112   CPU_ReadMem(4 bytes @ 0xE000ED90)
T27D0 227:628.336    -- --------------------------------------
T27D0 227:628.368    -- Start of determining flash info (Bank @ 0x00000000)
T27D0 227:628.368    -- End of determining flash info
T27D0 227:628.368    -- Start of determining dirty areas in flash cache
T27D0 227:628.384    -- Filling invalid ranges in sector buffer (flash cache) for sector @ 0x00000000 if necessary
T27D0 227:628.384    -- Filling invalid ranges in sector buffer (flash cache) for sector @ 0x00000800 if necessary
T27D0 227:628.416    -- End of determining dirty areas
T27D0 227:628.416    -- Start of preparing flash programming
T27D0 227:628.416    -- Preparing RAMCode
T27D0 227:628.448    -- Calculating RAM usage
T27D0 227:628.448    -- RAM usage = 4792 Bytes
T27D0 227:628.448    -- Preserving CPU registers
T27D0 227:628.704    -- Preparing memory
T27D0 227:628.704    -- Determining CPU clock frequency
T27D0 227:660.976    -- CPU frequency = 4000 kHz
T27D0 227:661.008    -- Preparing target
T27D0 227:661.008    -- Preserving target RAM temporarily used for programming
T27D0 227:682.336    -- Downloading RAMCode
T27D0 227:700.448    -- Initializing RAMCode (InitType: 3 = Verify)
T27D0 227:700.480    -- Executing Init(3)
T27D0 227:713.488    -- End of preparing flash programming
T27D0 227:714.896   
  ***** Warning: 
T27D0 227:714.912   CPU is running at low speed (4000 kHz).
T27D0 227:714.912    -- CPU is running at 4000 kHz.
T27D0 227:714.944    -- Start of comparing flash
T27D0 227:714.944    -- CRC check was estimated as fastest method
T27D0 227:727.840    -- Comparing range 0x0000 - 0x0FFF (2 Sectors, 4 KB), using single-block CRC calculation
T27D0 227:754.752    -- CRC does not match, checking individual sectors
T27D0 227:779.104    -- CRC does not match for sectors 0-1
T27D0 227:779.152    -- End of comparing flash
T27D0 227:779.152    -- Start of erasing sectors
T27D0 227:779.152    -- Erasing range 0x00000000 - 0x00000FFF (  2 Sectors, 4 KB)
T27D0 227:779.168    -- Initializing RAMCode (InitType: 1 = Erase)
T27D0 227:779.168    -- Executing UnInit()
T27D0 227:788.720    -- Executing Init(1)
T27D0 227:825.072    -- End of erasing sectors
T27D0 227:825.120    -- Start of flash programming
T27D0 227:825.120    -- Programming range 0x00000000 - 0x00000FFF (  2 Sectors, 4 KB)
T27D0 227:826.944    -- Initializing RAMCode (InitType: 2 = Program)
T27D0 227:826.976    -- Executing UnInit()
T27D0 227:836.976    -- Executing Init(2)
T27D0 227:846.176    -- Program page timeout too high. Use default timeout: 10000 [s]
T27D0 227:846.224    -- Program page timeout too high. Use default timeout: 10000 [s]
T27D0 227:882.592    -- End of flash programming
T27D0 227:882.624    -- 0x0000 - 0x0FFF (  2 Sectors, 4 KB)
T27D0 227:882.656    -- Start of verifying flash
T27D0 227:882.656    -- Checksum calculation was estimated as fastest method
T27D0 227:882.656    -- Checksum is not supported by this flash bank. Switched to read back method.
T27D0 227:882.672    -- Initializing RAMCode (InitType: 3 = Verify)
T27D0 227:882.672    -- Executing UnInit()
T27D0 227:950.496    -- Executing Init(3)
T27D0 227:984.000    -- End of verifying flash
T27D0 227:984.032    -- Start of restoring
T27D0 227:984.048    -- Executing UnInit()
T27D0 227:993.344    -- Restoring target memory
T27D0 228:011.008    -- Restoring CPU registers
T27D0 228:011.296    -- End of restoring
T27D0 228:011.344    -- Bank 0 @ 0x00000000: 1 range affected (4096 bytes)
T27D0 228:011.360    -- Total: 0.382s (Prepare: 0.086s, Compare: 0.064s, Erase: 0.045s, Program: 0.116s, Verify: 0.042s, Restore: 0.027s)
T27D0 228:011.360    -- Program speed: 34 KB/s
T27D0 228:015.024   CPU_WriteMem(28 bytes @ 0x01010018)
T27D0 228:015.408 - 387.788ms returns 0x1C
T27D0 228:019.296 JLINK_ReadMem(0x00000512, 0x2 Bytes, ...)
T27D0 228:019.328    -- Read from flash cache (2 bytes @ 0x00000512)
T27D0 228:019.360   Data:  18 B1
T27D0 228:019.360 - 0.067ms returns 0
T27D0 228:019.504 JLINK_ReadMem(0x00000480, 0x40 Bytes, ...)
T27D0 228:019.536    -- Read from flash cache (64 bytes @ 0x00000480)
T27D0 228:019.536   Data:  01 23 23 70 10 BD C0 46 40 F2 00 03 C0 F2 00 03 ...
T27D0 228:019.552 - 0.045ms returns 0
T27D0 228:019.792 JLINK_ReadMem(0x00000512, 0x2 Bytes, ...)
T27D0 228:019.808    -- Read from flash cache (2 bytes @ 0x00000512)
T27D0 228:019.840   Data:  18 B1
T27D0 228:019.840 - 0.053ms returns 0
T27D0 228:061.856 JLINK_ReadMem(0x00000512, 0x2 Bytes, ...)
T27D0 228:061.872    -- Read from flash cache (2 bytes @ 0x00000512)
T27D0 228:061.872   Data:  18 B1
T27D0 228:061.904 - 0.041ms returns 0
T27D0 228:062.032 JLINK_ReadMem(0x00000480, 0x40 Bytes, ...)
T27D0 228:062.048    -- Read from flash cache (64 bytes @ 0x00000480)
T27D0 228:062.080   Data:  01 23 23 70 10 BD C0 46 40 F2 00 03 C0 F2 00 03 ...
T27D0 228:062.080 - 0.040ms returns 0
T27D0 228:062.240 JLINK_ReadMem(0x00000512, 0x2 Bytes, ...)
T27D0 228:062.240    -- Read from flash cache (2 bytes @ 0x00000512)
T27D0 228:062.240   Data:  18 B1
T27D0 228:062.240 - 0.022ms returns 0
T27D0 228:100.384 JLINK_EndDownload()
T27D0 228:100.432 - 0.033ms returns 0 (0x0)
T27D0 228:100.528 JLINK_WriteReg(R15 (PC), 0x000001F4)
T27D0 228:100.528 - 0.012ms returns 0
T27D0 228:100.528 JLINK_WriteReg(XPSR, 0x01000000)
T27D0 228:100.560 - 0.005ms returns 0
T27D0 228:100.560 JLINK_ResetPullsRESET(ON)
T27D0 228:100.560 - 0.005ms
T27D0 228:100.560 JLINK_Halt()
T27D0 228:100.560 - 0.004ms returns 0x00
T27D0 228:100.576 JLINK_IsHalted()
T27D0 228:100.576 - 0.005ms returns TRUE
T27D0 228:100.576 JLINK_Reset()
T27D0 228:100.576   CPU_ReadMem(4 bytes @ 0x01010018)
T27D0 228:100.896   CPU_WriteMem(4 bytes @ 0x01010018)
T27D0 228:101.168   CPU_WriteMem(4 bytes @ 0xE000EDF0)
T27D0 228:101.376   CPU_ReadMem(4 bytes @ 0xE000ED44)
T27D0 228:101.584   CPU_WriteMem(4 bytes @ 0xE000EDFC)
T27D0 228:101.808   Reset: Halt core after reset via DEMCR.VC_CORERESET.
T27D0 228:102.016   Reset: Reset device via AIRCR.SYSRESETREQ.
T27D0 228:102.048   CPU_WriteMem(4 bytes @ 0xE000ED0C)
T27D0 228:154.784   CPU_ReadMem(4 bytes @ 0xE000EDF0)
T27D0 228:155.040   CPU_ReadMem(4 bytes @ 0xE000EDF0)
T27D0 228:155.520   CPU_WriteMem(4 bytes @ 0xE000EDFC)
T27D0 228:161.200   CPU_ReadMem(4 bytes @ 0xE000EDF0)
T27D0 228:163.424   CPU_WriteMem(4 bytes @ 0xE0002000)
T27D0 228:163.680   CPU_ReadMem(4 bytes @ 0xE000EDFC)
T27D0 228:163.920   CPU_ReadMem(4 bytes @ 0xE0001000)
T27D0 228:164.176   CPU_WriteMem(4 bytes @ 0xE0001000)
T27D0 228:164.432   CPU_ReadMem(4 bytes @ 0xE000EE08)
T27D0 228:164.640 - 64.041ms
T27D0 228:164.640 JLINK_SetEndian(ARM_ENDIAN_LITTLE)
T27D0 228:164.656 - 0.007ms returns 0
T27D0 228:200.624 JLINK_ResetPullsRESET(ON)
T27D0 228:200.704 - 0.065ms
T27D0 228:200.704 JLINK_Halt()
T27D0 228:200.736 - 0.006ms returns 0x00
T27D0 228:200.736 JLINK_IsHalted()
T27D0 228:200.736 - 0.006ms returns TRUE
T27D0 228:200.736 JLINK_Reset()
T27D0 228:200.752   CPU_WriteMem(4 bytes @ 0xE000EDF0)
T27D0 228:201.008   CPU_ReadMem(4 bytes @ 0xE000ED44)
T27D0 228:201.264   CPU_WriteMem(4 bytes @ 0xE000EDFC)
T27D0 228:201.520   Reset: Halt core after reset via DEMCR.VC_CORERESET.
T27D0 228:201.824   Reset: Reset device via AIRCR.SYSRESETREQ.
T27D0 228:201.824   CPU_WriteMem(4 bytes @ 0xE000ED0C)
T27D0 228:254.928   CPU_ReadMem(4 bytes @ 0xE000EDF0)
T27D0 228:255.200   CPU_ReadMem(4 bytes @ 0xE000EDF0)
T27D0 228:255.456   CPU_WriteMem(4 bytes @ 0xE000EDFC)
T27D0 228:261.088   CPU_ReadMem(4 bytes @ 0xE000EDF0)
T27D0 228:263.328   CPU_WriteMem(4 bytes @ 0xE0002000)
T27D0 228:263.584   CPU_ReadMem(4 bytes @ 0xE000EDFC)
T27D0 228:263.760   CPU_ReadMem(4 bytes @ 0xE0001000)
T27D0 228:263.968   CPU_WriteMem(4 bytes @ 0xE0001000)
T27D0 228:264.192   CPU_ReadMem(4 bytes @ 0xE000EE08)
T27D0 228:264.400 - 63.662ms
T27D0 228:264.416 JLINK_SetEndian(ARM_ENDIAN_LITTLE)
T27D0 228:264.416 - 0.005ms returns 0
T27D0 228:403.120 JLINK_IsHalted()
T27D0 228:403.168 - 0.044ms returns TRUE
T27D0 228:403.168 JLINK_ReadReg(XPSR)
T27D0 228:403.200   CPU_ReadMem(4 bytes @ 0xE000EE08)
T27D0 228:403.504 - 0.324ms returns 0x21000000
T27D0 228:403.552 JLINK_ReadReg(R15 (PC))
T27D0 228:403.584 - 0.008ms returns 0x000001F4
T27D0 228:403.584 JLINK_ReadReg(XPSR)
T27D0 228:403.584 - 0.005ms returns 0x21000000
T27D0 228:403.584 JLINK_ReadReg(XPSR)
T27D0 228:403.616 - 0.005ms returns 0x21000000
T27D0 228:403.616 JLINK_ReadReg(R15 (PC))
T27D0 228:403.616 - 0.005ms returns 0x000001F4
T27D0 228:403.616 JLINK_ReadReg(XPSR)
T27D0 228:403.616 - 0.005ms returns 0x21000000
T27D0 228:403.632 JLINK_ReadReg(XPSR)
T27D0 228:403.632 - 0.005ms returns 0x21000000
T27D0 228:403.632 JLINK_ReadMem(0x000001F4, 0x1 Bytes, ...)
T27D0 228:403.632    -- Read from flash cache (1 bytes @ 0x000001F4)
T27D0 228:403.664   Data:  10
T27D0 228:403.664 - 0.022ms returns 0
T27D0 228:403.664 JLINK_IsHalted()
T27D0 228:403.664 - 0.005ms returns TRUE
T27D0 228:403.680 JLINK_ReadReg(XPSR)
T27D0 228:403.680 - 0.005ms returns 0x21000000
T27D0 228:403.680 JLINK_ReadReg(XPSR)
T27D0 228:403.680 - 0.005ms returns 0x21000000
T27D0 228:403.680 JLINK_ReadReg(R15 (PC))
T27D0 228:403.712 - 0.005ms returns 0x000001F4
T27D0 228:403.712 JLINK_ReadReg(XPSR)
T27D0 228:403.712 - 0.005ms returns 0x21000000
T27D0 228:403.712 JLINK_ReadReg(XPSR)
T27D0 228:403.744 - 0.005ms returns 0x21000000
T27D0 228:403.744 JLINK_ReadMem(0x000001F4, 0x1 Bytes, ...)
T27D0 228:403.744    -- Read from flash cache (1 bytes @ 0x000001F4)
T27D0 228:403.744   Data:  10
T27D0 228:403.760 - 0.019ms returns 0
T27D0 228:404.192 JLINK_ReadRegs(NumRegs = 22, Indexes: 0, 1, 2, 3, 4, 5, 6, 7, 8, 9, 10, 11, 12, 13, 14, 15, 16, 17, 18, 86, 87, 20)
T27D0 228:404.256    -- R0=0x200044B5, R1=0x20005280, R2=0x00, R3=0xFF, R4=0x20005270, R5=0x00, R6=0x20005280, R7=0xFFFFFFFF, R8=0x3BBAA885, R9=0x4000867C, R10=0x357BF58, R11=0x78BE1D1F, R12=0x400A260A, R13 (SP)=0x20004548, R14=0x20004291, R15 (PC)=0x1F4, XPSR=0x21000000, MSP=0x20004548, PSP=0xD570E660, MSPLIM=0x00, PSPLIM=0x00, CFBP=0x00
T27D0 228:404.272 - 0.067ms returns 0x00
T27D0 228:404.528 JLINK_ReadReg(XPSR)
T27D0 228:404.560 - 0.014ms returns 0x21000000
T27D0 228:404.960 JLINK_ReadMem(0x000001F4, 0x4 Bytes, ...)
T27D0 228:405.024    -- Read from flash cache (4 bytes @ 0x000001F4)
T27D0 228:405.040   Data:  10 B5 00 F0
T27D0 228:405.040 - 0.079ms returns 0
T27D0 228:434.592 JLINK_ReadMemEx(0x400A2600, 0x2 Bytes, Flags = 0x00000002)
T27D0 228:434.608   CPU_ReadMem(2 bytes @ 0x400A2600)
T27D0 228:434.864   Data:  00 00
T27D0 228:434.896 - 0.317ms returns 2 (0x2)
T27D0 228:435.360 JLINK_ReadMemEx(0x400A2602, 0x2 Bytes, Flags = 0x00000002)
T27D0 228:435.376   CPU_ReadMem(2 bytes @ 0x400A2602)
T27D0 228:435.632   Data:  00 00
T27D0 228:435.632 - 0.284ms returns 2 (0x2)
T27D0 228:435.920 JLINK_ReadMemEx(0x400A2602, 0x1 Bytes, Flags = 0x00000001)
T27D0 228:435.936   CPU_ReadMem(1 bytes @ 0x400A2602)
T27D0 228:436.192   Data:  00
T27D0 228:436.192 - 0.282ms returns 1 (0x1)
T27D0 228:436.512 JLINK_ReadMemEx(0x400A2603, 0x1 Bytes, Flags = 0x00000001)
T27D0 228:436.512   CPU_ReadMem(1 bytes @ 0x400A2603)
T27D0 228:436.784   Data:  00
T27D0 228:436.816 - 0.296ms returns 1 (0x1)
T27D0 228:437.040 JLINK_ReadMemEx(0x400A2604, 0x2 Bytes, Flags = 0x00000002)
T27D0 228:437.072   CPU_ReadMem(2 bytes @ 0x400A2604)
T27D0 228:437.424   Data:  00 00
T27D0 228:437.456 - 0.400ms returns 2 (0x2)
T27D0 228:437.984 JLINK_ReadMemEx(0x400A2606, 0x2 Bytes, Flags = 0x00000002)
T27D0 228:438.016   CPU_ReadMem(2 bytes @ 0x400A2606)
T27D0 228:438.304   Data:  00 00
T27D0 228:438.304 - 0.323ms returns 2 (0x2)
T27D0 228:438.656 JLINK_ReadMemEx(0x400A2606, 0x1 Bytes, Flags = 0x00000001)
T27D0 228:438.656   CPU_ReadMem(1 bytes @ 0x400A2606)
T27D0 228:438.880   Data:  00
T27D0 228:438.912 - 0.262ms returns 1 (0x1)
T27D0 228:439.264 JLINK_ReadMemEx(0x400A2607, 0x1 Bytes, Flags = 0x00000001)
T27D0 228:439.264   CPU_ReadMem(1 bytes @ 0x400A2607)
T27D0 228:439.504   Data:  00
T27D0 228:439.520 - 0.257ms returns 1 (0x1)
T27D0 228:439.776 JLINK_ReadMemEx(0x400A2608, 0x2 Bytes, Flags = 0x00000002)
T27D0 228:439.808   CPU_ReadMem(2 bytes @ 0x400A2608)
T27D0 228:440.032   Data:  00 00
T27D0 228:440.032 - 0.249ms returns 2 (0x2)
T27D0 228:440.320 JLINK_ReadMemEx(0x400A260A, 0x2 Bytes, Flags = 0x00000002)
T27D0 228:440.352   CPU_ReadMem(2 bytes @ 0x400A260A)
T27D0 228:440.544   Data:  00 00
T27D0 228:440.576 - 0.253ms returns 2 (0x2)
T27D0 228:440.912 JLINK_ReadMemEx(0x400A260C, 0x2 Bytes, Flags = 0x00000002)
T27D0 228:440.928   CPU_ReadMem(2 bytes @ 0x400A260C)
T27D0 228:441.168   Data:  00 00
T27D0 228:441.168 - 0.260ms returns 2 (0x2)
T27D0 228:441.520 JLINK_ReadMemEx(0x400A260E, 0x2 Bytes, Flags = 0x00000002)
T27D0 228:441.520   CPU_ReadMem(2 bytes @ 0x400A260E)
T27D0 228:441.760   Data:  00 00
T27D0 228:441.776 - 0.251ms returns 2 (0x2)
T27D0 228:442.064 JLINK_ReadMemEx(0x400A2710, 0x2 Bytes, Flags = 0x00000002)
T27D0 228:442.080   CPU_ReadMem(2 bytes @ 0x400A2710)
T27D0 228:442.288   Data:  00 00
T27D0 228:442.288 - 0.241ms returns 2 (0x2)
T27D0 228:442.592 JLINK_ReadMemEx(0x400A2712, 0x2 Bytes, Flags = 0x00000002)
T27D0 228:442.592   CPU_ReadMem(2 bytes @ 0x400A2712)
T27D0 228:442.832   Data:  00 00
T27D0 228:442.848 - 0.246ms returns 2 (0x2)
T27D0 228:443.216 JLINK_ReadMemEx(0x400A2714, 0x2 Bytes, Flags = 0x00000002)
T27D0 228:443.216   CPU_ReadMem(2 bytes @ 0x400A2714)
T27D0 228:443.440   Data:  00 00
T27D0 228:443.472 - 0.262ms returns 2 (0x2)
T27D0 228:443.808 JLINK_ReadMemEx(0x400A2716, 0x2 Bytes, Flags = 0x00000002)
T27D0 228:443.824   CPU_ReadMem(2 bytes @ 0x400A2716)
T27D0 228:444.112   Data:  00 00
T27D0 228:444.112 - 0.310ms returns 2 (0x2)
T27D0 228:444.416 JLINK_ReadMemEx(0x400A2718, 0x2 Bytes, Flags = 0x00000002)
T27D0 228:444.448   CPU_ReadMem(2 bytes @ 0x400A2718)
T27D0 228:444.640   Data:  00 00
T27D0 228:444.640 - 0.230ms returns 2 (0x2)
T27D0 228:445.008 JLINK_ReadMemEx(0x400A271A, 0x2 Bytes, Flags = 0x00000002)
T27D0 228:445.024   CPU_ReadMem(2 bytes @ 0x400A271A)
T27D0 228:445.264   Data:  00 00
T27D0 228:445.280 - 0.288ms returns 2 (0x2)
T27D0 228:445.648 JLINK_ReadMemEx(0x400A271C, 0x2 Bytes, Flags = 0x00000002)
T27D0 228:445.664   CPU_ReadMem(2 bytes @ 0x400A271C)
T27D0 228:445.904   Data:  00 00
T27D0 228:445.904 - 0.249ms returns 2 (0x2)
T27D0 228:446.240 JLINK_ReadMemEx(0x400A271E, 0x2 Bytes, Flags = 0x00000002)
T27D0 228:446.240   CPU_ReadMem(2 bytes @ 0x400A271E)
T27D0 228:446.464   Data:  00 00
T27D0 228:446.464 - 0.247ms returns 2 (0x2)
T27D0 228:446.752 JLINK_ReadMemEx(0x400A2730, 0x2 Bytes, Flags = 0x00000002)
T27D0 228:446.752   CPU_ReadMem(2 bytes @ 0x400A2730)
T27D0 228:446.944   Data:  00 00
T27D0 228:446.976 - 0.225ms returns 2 (0x2)
T27D0 228:447.312 JLINK_ReadMemEx(0x400A2732, 0x2 Bytes, Flags = 0x00000002)
T27D0 228:447.312   CPU_ReadMem(2 bytes @ 0x400A2732)
T27D0 228:447.536   Data:  00 00
T27D0 228:447.536 - 0.248ms returns 2 (0x2)
T27D0 228:447.824 JLINK_ReadMemEx(0x400A2734, 0x2 Bytes, Flags = 0x00000002)
T27D0 228:447.840   CPU_ReadMem(2 bytes @ 0x400A2734)
T27D0 228:448.096   Data:  00 00
T27D0 228:448.128 - 0.292ms returns 2 (0x2)
T27D0 228:448.432 JLINK_ReadMemEx(0x400A2736, 0x2 Bytes, Flags = 0x00000002)
T27D0 228:448.432   CPU_ReadMem(2 bytes @ 0x400A2736)
T27D0 228:448.640   Data:  00 00
T27D0 228:448.672 - 0.230ms returns 2 (0x2)
T27D0 228:448.864 JLINK_ReadMemEx(0x400A2738, 0x2 Bytes, Flags = 0x00000002)
T27D0 228:448.896   CPU_ReadMem(2 bytes @ 0x400A2738)
T27D0 228:449.104   Data:  00 00
T27D0 228:449.104 - 0.236ms returns 2 (0x2)
T27D0 228:449.312 JLINK_ReadMemEx(0x400A273A, 0x2 Bytes, Flags = 0x00000002)
T27D0 228:449.312   CPU_ReadMem(2 bytes @ 0x400A273A)
T27D0 228:449.504   Data:  00 00
T27D0 228:449.536 - 0.236ms returns 2 (0x2)
T27D0 228:449.744 JLINK_ReadMemEx(0x400A273C, 0x2 Bytes, Flags = 0x00000002)
T27D0 228:449.744   CPU_ReadMem(2 bytes @ 0x400A273C)
T27D0 228:449.968   Data:  00 00
T27D0 228:449.968 - 0.237ms returns 2 (0x2)
T27D0 228:450.336 JLINK_ReadMemEx(0x400A273E, 0x2 Bytes, Flags = 0x00000002)
T27D0 228:450.352   CPU_ReadMem(2 bytes @ 0x400A273E)
T27D0 228:450.592   Data:  00 00
T27D0 228:450.608 - 0.267ms returns 2 (0x2)
T27D0 228:482.464 JLINK_ReadMem(0x000001F4, 0x4 Bytes, ...)
T27D0 228:482.480    -- Read from flash cache (4 bytes @ 0x000001F4)
T27D0 228:482.480   Data:  10 B5 00 F0
T27D0 228:482.512 - 0.039ms returns 0
T27D0 228:562.480 JLINK_ReadReg(XPSR)
T27D0 228:562.512 - 0.037ms returns 0x21000000
T27D0 228:563.040 JLINK_ReadReg(XPSR)
T27D0 228:563.104 - 0.055ms returns 0x21000000
T27D0 229:032.400 JLINK_STRACE_Read(..., NumItems = 0x10000)
T27D0 229:032.416 - 0.034ms NumItemsRead = 0x00
T27D0 229:032.416 JLINK_IsHalted()
T27D0 229:032.704 - 0.261ms returns TRUE
T27D0 229:032.736 JLINK_STRACE_Read(..., NumItems = 0x10000)
T27D0 229:032.736 - 0.011ms NumItemsRead = 0x00
T27D0 229:032.752 JLINK_GoEx(MaxEmulInsts = 0, Flags = 0x01)
T27D0 229:032.752   CPU_WriteMem(4 bytes @ 0xE0002000)
T27D0 229:033.056   CPU_ReadMem(4 bytes @ 0xE0001000)
T27D0 229:033.312   CPU_WriteMem(4 bytes @ 0xE0001000)
T27D0 229:033.600   CPU_WriteMem(4 bytes @ 0xE0002008)
T27D0 229:033.632   CPU_WriteMem(4 bytes @ 0xE000200C)
T27D0 229:033.632   CPU_WriteMem(4 bytes @ 0xE0002010)
T27D0 229:033.648   CPU_WriteMem(4 bytes @ 0xE0002014)
T27D0 229:034.368   CPU_WriteMem(4 bytes @ 0xE0001004)
T27D0 229:034.928   Memory map 'after startup completion point' is active
T27D0 229:034.960 - 2.205ms
T27D0 229:137.200 JLINK_IsHalted()
T27D0 229:139.408 - 2.206ms returns TRUE
T27D0 229:139.424 JLINK_ReadReg(XPSR)
T27D0 229:139.424   CPU_ReadMem(4 bytes @ 0xE000EE08)
T27D0 229:139.680 - 0.263ms returns 0x41000000
T27D0 229:139.712 JLINK_ReadReg(R15 (PC))
T27D0 229:139.712 - 0.007ms returns 0x00000512
T27D0 229:139.712 JLINK_ReadReg(XPSR)
T27D0 229:139.744 - 0.005ms returns 0x41000000
T27D0 229:139.744 JLINK_ReadReg(XPSR)
T27D0 229:139.744 - 0.005ms returns 0x41000000
T27D0 229:139.744 JLINK_ReadReg(R15 (PC))
T27D0 229:139.744 - 0.005ms returns 0x00000512
T27D0 229:139.760 JLINK_ReadReg(XPSR)
T27D0 229:139.760 - 0.005ms returns 0x41000000
T27D0 229:139.760 JLINK_ReadReg(XPSR)
T27D0 229:139.760 - 0.005ms returns 0x41000000
T27D0 229:139.760 JLINK_ReadMem(0x00000512, 0x1 Bytes, ...)
T27D0 229:139.792    -- Read from flash cache (1 bytes @ 0x00000512)
T27D0 229:139.792   Data:  18
T27D0 229:139.792 - 0.021ms returns 0
T27D0 229:139.808 JLINK_IsHalted()
T27D0 229:139.808 - 0.005ms returns TRUE
T27D0 229:139.808 JLINK_ReadReg(XPSR)
T27D0 229:139.808 - 0.005ms returns 0x41000000
T27D0 229:139.808 JLINK_ReadReg(XPSR)
T27D0 229:139.840 - 0.005ms returns 0x41000000
T27D0 229:139.840 JLINK_ReadReg(R15 (PC))
T27D0 229:139.840 - 0.005ms returns 0x00000512
T27D0 229:139.888 JLINK_ReadReg(XPSR)
T27D0 229:139.888 - 0.007ms returns 0x41000000
T27D0 229:139.888 JLINK_ReadReg(XPSR)
T27D0 229:139.920 - 0.005ms returns 0x41000000
T27D0 229:139.920 JLINK_ReadMem(0x00000512, 0x1 Bytes, ...)
T27D0 229:139.920    -- Read from flash cache (1 bytes @ 0x00000512)
T27D0 229:139.920   Data:  18
T27D0 229:139.936 - 0.019ms returns 0
T27D0 229:140.320 JLINK_ReadRegs(NumRegs = 22, Indexes: 0, 1, 2, 3, 4, 5, 6, 7, 8, 9, 10, 11, 12, 13, 14, 15, 16, 17, 18, 86, 87, 20)
T27D0 229:140.352    -- R0=0x00, R1=0x1770, R2=0x0A, R3=0x400A2600, R4=0x20005270, R5=0x00, R6=0x20005280, R7=0xFFFFFFFF, R8=0x3BBAA885, R9=0x4000867C, R10=0x357BF58, R11=0x78BE1D1F, R12=0x400A260A, R13 (SP)=0x20004520, R14=0x513, R15 (PC)=0x512, XPSR=0x41000000, MSP=0x20004520, PSP=0xD570E660, MSPLIM=0x00, PSPLIM=0x00, CFBP=0x00
T27D0 229:140.384 - 0.033ms returns 0x00
T27D0 229:140.640 JLINK_ReadReg(XPSR)
T27D0 229:140.656 - 0.013ms returns 0x41000000
T27D0 229:141.152 JLINK_ReadMem(0x00000512, 0x4 Bytes, ...)
T27D0 229:141.200    -- Read from flash cache (4 bytes @ 0x00000512)
T27D0 229:141.216   Data:  18 B1 35 21
T27D0 229:141.216 - 0.083ms returns 0
T27D0 229:174.448 JLINK_ReadMemEx(0x400A2600, 0x2 Bytes, Flags = 0x00000002)
T27D0 229:174.528   CPU_ReadMem(2 bytes @ 0x400A2600)
T27D0 229:174.864   Data:  7F 38
T27D0 229:174.880 - 0.450ms returns 2 (0x2)
T27D0 229:175.520 JLINK_ReadMemEx(0x400A2602, 0x2 Bytes, Flags = 0x00000002)
T27D0 229:175.584   CPU_ReadMem(2 bytes @ 0x400A2602)
T27D0 229:175.856   Data:  00 00
T27D0 229:175.888 - 0.337ms returns 2 (0x2)
T27D0 229:176.480 JLINK_ReadMemEx(0x400A2602, 0x1 Bytes, Flags = 0x00000001)
T27D0 229:176.496   CPU_ReadMem(1 bytes @ 0x400A2602)
T27D0 229:176.800   Data:  00
T27D0 229:176.832 - 0.370ms returns 1 (0x1)
T27D0 229:177.424 JLINK_ReadMemEx(0x400A2603, 0x1 Bytes, Flags = 0x00000001)
T27D0 229:177.440   CPU_ReadMem(1 bytes @ 0x400A2603)
T27D0 229:177.728   Data:  00
T27D0 229:177.728 - 0.319ms returns 1 (0x1)
T27D0 229:178.144 JLINK_ReadMemEx(0x400A2604, 0x2 Bytes, Flags = 0x00000002)
T27D0 229:178.160   CPU_ReadMem(2 bytes @ 0x400A2604)
T27D0 229:178.400   Data:  00 00
T27D0 229:178.400 - 0.241ms returns 2 (0x2)
T27D0 229:178.784 JLINK_ReadMemEx(0x400A2606, 0x2 Bytes, Flags = 0x00000002)
T27D0 229:178.800   CPU_ReadMem(2 bytes @ 0x400A2606)
T27D0 229:179.040   Data:  D0 07
T27D0 229:179.040 - 0.259ms returns 2 (0x2)
T27D0 229:179.392 JLINK_ReadMemEx(0x400A2606, 0x1 Bytes, Flags = 0x00000001)
T27D0 229:179.424   CPU_ReadMem(1 bytes @ 0x400A2606)
T27D0 229:179.680   Data:  D0
T27D0 229:179.696 - 0.303ms returns 1 (0x1)
T27D0 229:180.160 JLINK_ReadMemEx(0x400A2607, 0x1 Bytes, Flags = 0x00000001)
T27D0 229:180.192   CPU_ReadMem(1 bytes @ 0x400A2607)
T27D0 229:180.544   Data:  07
T27D0 229:180.576 - 0.403ms returns 1 (0x1)
T27D0 229:181.136 JLINK_ReadMemEx(0x400A2608, 0x2 Bytes, Flags = 0x00000002)
T27D0 229:181.152   CPU_ReadMem(2 bytes @ 0x400A2608)
T27D0 229:181.392   Data:  00 00
T27D0 229:181.408 - 0.266ms returns 2 (0x2)
T27D0 229:181.776 JLINK_ReadMemEx(0x400A260A, 0x2 Bytes, Flags = 0x00000002)
T27D0 229:181.792   CPU_ReadMem(2 bytes @ 0x400A260A)
T27D0 229:182.032   Data:  70 17
T27D0 229:182.048 - 0.287ms returns 2 (0x2)
T27D0 229:182.464 JLINK_ReadMemEx(0x400A260C, 0x2 Bytes, Flags = 0x00000002)
T27D0 229:182.496   CPU_ReadMem(2 bytes @ 0x400A260C)
T27D0 229:182.720   Data:  00 00
T27D0 229:182.752 - 0.279ms returns 2 (0x2)
T27D0 229:183.072 JLINK_ReadMemEx(0x400A260E, 0x2 Bytes, Flags = 0x00000002)
T27D0 229:183.104   CPU_ReadMem(2 bytes @ 0x400A260E)
T27D0 229:183.328   Data:  00 00
T27D0 229:183.360 - 0.274ms returns 2 (0x2)
T27D0 229:183.712 JLINK_ReadMemEx(0x400A2710, 0x2 Bytes, Flags = 0x00000002)
T27D0 229:183.744   CPU_ReadMem(2 bytes @ 0x400A2710)
T27D0 229:183.952   Data:  01 00
T27D0 229:183.968 - 0.242ms returns 2 (0x2)
T27D0 229:184.352 JLINK_ReadMemEx(0x400A2712, 0x2 Bytes, Flags = 0x00000002)
T27D0 229:184.352   CPU_ReadMem(2 bytes @ 0x400A2712)
T27D0 229:184.560   Data:  00 00
T27D0 229:184.592 - 0.238ms returns 2 (0x2)
T27D0 229:184.928 JLINK_ReadMemEx(0x400A2714, 0x2 Bytes, Flags = 0x00000002)
T27D0 229:184.928   CPU_ReadMem(2 bytes @ 0x400A2714)
T27D0 229:185.152   Data:  00 00
T27D0 229:185.152 - 0.244ms returns 2 (0x2)
T27D0 229:185.488 JLINK_ReadMemEx(0x400A2716, 0x2 Bytes, Flags = 0x00000002)
T27D0 229:185.504   CPU_ReadMem(2 bytes @ 0x400A2716)
T27D0 229:185.712   Data:  09 04
T27D0 229:185.744 - 0.253ms returns 2 (0x2)
T27D0 229:186.080 JLINK_ReadMemEx(0x400A2718, 0x2 Bytes, Flags = 0x00000002)
T27D0 229:186.096   CPU_ReadMem(2 bytes @ 0x400A2718)
T27D0 229:186.336   Data:  00 00
T27D0 229:186.352 - 0.263ms returns 2 (0x2)
T27D0 229:186.640 JLINK_ReadMemEx(0x400A271A, 0x2 Bytes, Flags = 0x00000002)
T27D0 229:186.656   CPU_ReadMem(2 bytes @ 0x400A271A)
T27D0 229:186.864   Data:  09 04
T27D0 229:186.896 - 0.247ms returns 2 (0x2)
T27D0 229:187.168 JLINK_ReadMemEx(0x400A271C, 0x2 Bytes, Flags = 0x00000002)
T27D0 229:187.200   CPU_ReadMem(2 bytes @ 0x400A271C)
T27D0 229:187.408   Data:  00 00
T27D0 229:187.424 - 0.255ms returns 2 (0x2)
T27D0 229:187.840 JLINK_ReadMemEx(0x400A271E, 0x2 Bytes, Flags = 0x00000002)
T27D0 229:187.872   CPU_ReadMem(2 bytes @ 0x400A271E)
T27D0 229:188.304   Data:  00 00
T27D0 229:188.320 - 0.476ms returns 2 (0x2)
T27D0 229:188.736 JLINK_ReadMemEx(0x400A2730, 0x2 Bytes, Flags = 0x00000002)
T27D0 229:188.768   CPU_ReadMem(2 bytes @ 0x400A2730)
T27D0 229:188.992   Data:  29 00
T27D0 229:189.024 - 0.268ms returns 2 (0x2)
T27D0 229:189.280 JLINK_ReadMemEx(0x400A2732, 0x2 Bytes, Flags = 0x00000002)
T27D0 229:189.280   CPU_ReadMem(2 bytes @ 0x400A2732)
T27D0 229:189.504   Data:  00 00
T27D0 229:189.536 - 0.245ms returns 2 (0x2)
T27D0 229:189.760 JLINK_ReadMemEx(0x400A2734, 0x2 Bytes, Flags = 0x00000002)
T27D0 229:189.760   CPU_ReadMem(2 bytes @ 0x400A2734)
T27D0 229:189.968   Data:  00 00
T27D0 229:189.984 - 0.243ms returns 2 (0x2)
T27D0 229:190.320 JLINK_ReadMemEx(0x400A2736, 0x2 Bytes, Flags = 0x00000002)
T27D0 229:190.320   CPU_ReadMem(2 bytes @ 0x400A2736)
T27D0 229:190.560   Data:  00 00
T27D0 229:190.576 - 0.256ms returns 2 (0x2)
T27D0 229:190.832 JLINK_ReadMemEx(0x400A2738, 0x2 Bytes, Flags = 0x00000002)
T27D0 229:190.864   CPU_ReadMem(2 bytes @ 0x400A2738)
T27D0 229:191.120   Data:  28 00
T27D0 229:191.136 - 0.295ms returns 2 (0x2)
T27D0 229:191.456 JLINK_ReadMemEx(0x400A273A, 0x2 Bytes, Flags = 0x00000002)
T27D0 229:191.456   CPU_ReadMem(2 bytes @ 0x400A273A)
T27D0 229:191.648   Data:  28 00
T27D0 229:191.680 - 0.232ms returns 2 (0x2)
T27D0 229:191.968 JLINK_ReadMemEx(0x400A273C, 0x2 Bytes, Flags = 0x00000002)
T27D0 229:191.984   CPU_ReadMem(2 bytes @ 0x400A273C)
T27D0 229:192.272   Data:  00 00
T27D0 229:192.272 - 0.302ms returns 2 (0x2)
T27D0 229:192.576 JLINK_ReadMemEx(0x400A273E, 0x2 Bytes, Flags = 0x00000002)
T27D0 229:192.576   CPU_ReadMem(2 bytes @ 0x400A273E)
T27D0 229:192.800   Data:  28 00
T27D0 229:192.800 - 0.251ms returns 2 (0x2)
T27D0 229:222.240 JLINK_ReadMem(0x00000512, 0x4 Bytes, ...)
T27D0 229:222.272    -- Read from flash cache (4 bytes @ 0x00000512)
T27D0 229:222.304   Data:  18 B1 35 21
T27D0 229:222.304 - 0.045ms returns 0
T27D0 229:222.480 JLINK_ReadMem(0x20004500, 0x40 Bytes, ...)
T27D0 229:222.496   CPU_ReadMem(64 bytes @ 0x20004500)
T27D0 229:223.136    -- Updating C cache (64 bytes @ 0x20004500)
T27D0 229:223.168    -- Read from C cache (64 bytes @ 0x20004500)
T27D0 229:223.168   Data:  44 40 00 20 24 45 00 20 29 00 00 00 FE 26 0A 40 ...
T27D0 229:223.168 - 0.697ms returns 0
T27D0 229:223.328 JLINK_ReadMem(0x00000566, 0x4 Bytes, ...)
T27D0 229:223.328    -- Read from flash cache (4 bytes @ 0x00000566)
T27D0 229:223.344   Data:  00 20 10 BD
T27D0 229:223.344 - 0.022ms returns 0
T27D0 229:238.624 JLINK_ReadReg(XPSR)
T27D0 229:238.656 - 0.037ms returns 0x41000000
T27D0 229:239.120 JLINK_ReadReg(XPSR)
T27D0 229:239.136 - 0.020ms returns 0x41000000
T31B8 229:406.592 JLINK_IsHalted()
T31B8 229:406.624 - 0.025ms returns TRUE
T31B8 229:406.624 JLINK_ReadReg(XPSR)
T31B8 229:406.640 - 0.010ms returns 0x41000000
T31B8 229:406.640 JLINK_ReadReg(R15 (PC))
T31B8 229:406.640 - 0.005ms returns 0x00000512
T31B8 229:406.672 JLINK_ReadReg(XPSR)
T31B8 229:406.672 - 0.005ms returns 0x41000000
T31B8 229:406.672 JLINK_ReadReg(XPSR)
T31B8 229:406.672 - 0.005ms returns 0x41000000
T31B8 229:406.672 JLINK_ReadReg(R15 (PC))
T31B8 229:406.688 - 0.005ms returns 0x00000512
T31B8 229:406.688 JLINK_ReadReg(XPSR)
T31B8 229:406.688 - 0.005ms returns 0x41000000
T31B8 229:406.688 JLINK_ReadReg(XPSR)
T31B8 229:406.688 - 0.005ms returns 0x41000000
T31B8 229:406.720 JLINK_ReadMem(0x00000512, 0x1 Bytes, ...)
T31B8 229:406.720    -- Read from flash cache (1 bytes @ 0x00000512)
T31B8 229:406.720   Data:  18
T31B8 229:406.752 - 0.022ms returns 0
T31B8 229:406.752 JLINK_IsHalted()
T31B8 229:406.752 - 0.004ms returns TRUE
T31B8 229:406.752 JLINK_ReadReg(XPSR)
T31B8 229:406.768 - 0.007ms returns 0x41000000
T31B8 229:406.768 JLINK_ReadReg(XPSR)
T31B8 229:406.768 - 0.005ms returns 0x41000000
T31B8 229:406.768 JLINK_ReadReg(R15 (PC))
T31B8 229:406.768 - 0.005ms returns 0x00000512
T31B8 229:406.800 JLINK_ReadReg(XPSR)
T31B8 229:406.800 - 0.005ms returns 0x41000000
T31B8 229:406.800 JLINK_ReadReg(XPSR)
T31B8 229:406.800 - 0.005ms returns 0x41000000
T31B8 229:406.816 JLINK_ReadMem(0x00000512, 0x1 Bytes, ...)
T31B8 229:406.816    -- Read from flash cache (1 bytes @ 0x00000512)
T31B8 229:406.816   Data:  18
T31B8 229:406.816 - 0.019ms returns 0
T31B8 230:407.840 JLINK_IsHalted()
T31B8 230:408.288 - 0.458ms returns TRUE
T31B8 230:408.352 JLINK_ReadReg(XPSR)
T31B8 230:408.368 - 0.036ms returns 0x41000000
T31B8 230:408.400 JLINK_ReadReg(R15 (PC))
T31B8 230:408.416 - 0.021ms returns 0x00000512
T31B8 230:408.448 JLINK_ReadReg(XPSR)
T31B8 230:408.480 - 0.024ms returns 0x41000000
T31B8 230:408.496 JLINK_ReadReg(XPSR)
T31B8 230:408.528 - 0.022ms returns 0x41000000
T31B8 230:408.544 JLINK_ReadReg(R15 (PC))
T31B8 230:408.544 - 0.019ms returns 0x00000512
T31B8 230:408.576 JLINK_ReadReg(XPSR)
T31B8 230:408.608 - 0.019ms returns 0x41000000
T31B8 230:408.624 JLINK_ReadReg(XPSR)
T31B8 230:408.656 - 0.019ms returns 0x41000000
T31B8 230:408.656 JLINK_ReadMem(0x00000512, 0x1 Bytes, ...)
T31B8 230:408.672    -- Read from flash cache (1 bytes @ 0x00000512)
T31B8 230:408.704   Data:  18
T31B8 230:408.752 - 0.079ms returns 0
T31B8 230:408.752 JLINK_IsHalted()
T31B8 230:408.800 - 0.031ms returns TRUE
T31B8 230:408.800 JLINK_ReadReg(XPSR)
T31B8 230:408.832 - 0.020ms returns 0x41000000
T31B8 230:408.864 JLINK_ReadReg(XPSR)
T31B8 230:408.880 - 0.022ms returns 0x41000000
T31B8 230:408.912 JLINK_ReadReg(R15 (PC))
T31B8 230:408.928 - 0.021ms returns 0x00000512
T31B8 230:408.960 JLINK_ReadReg(XPSR)
T31B8 230:408.960 - 0.018ms returns 0x41000000
T31B8 230:408.992 JLINK_ReadReg(XPSR)
T31B8 230:409.008 - 0.017ms returns 0x41000000
T31B8 230:409.008 JLINK_ReadMem(0x00000512, 0x1 Bytes, ...)
T31B8 230:409.040    -- Read from flash cache (1 bytes @ 0x00000512)
T31B8 230:409.056   Data:  18
T31B8 230:409.088 - 0.066ms returns 0
T27D0 941:208.896 JLINK_ReadReg(XPSR)
T27D0 941:209.280 - 0.393ms returns 0x41000000
T27D0 941:223.936 JLINK_ReadReg(XPSR)
T27D0 941:223.936 - 0.083ms returns 0x41000000
T3634 941:713.280 JLINK_ClrBPEx(BPHandle = 0x00000008)
T3634 941:713.600 - 0.303ms returns 0x00
T3634 941:713.600 JLINK_Halt()
T3634 941:713.600 - 0.005ms returns 0x00
T3634 941:713.600 JLINK_ReadReg(XPSR)
T3634 941:713.600 - 0.012ms returns 0x41000000
T3634 941:723.776 JLINK_Close()
T3634 941:724.032   CPU_WriteMem(4 bytes @ 0xE0002008)
T3634 941:724.352   OnDisconnectTarget() start
T3634 941:724.480    J-Link Script File: Executing OnDisconnectTarget()
T3634 941:724.480   Restoring low power mode settings.
T3634 941:725.504   OnDisconnectTarget() end - Took 1.06ms
T3634 941:734.592 - 10.812ms
T3634 941:734.720   
T3634 941:734.720   Closed
