TA95C 000:000.429   SEGGER J-Link V7.98b Log File
TA95C 000:000.514   DLL Compiled: Jul 31 2024 16:10:46
TA95C 000:000.520   Logging started @ 2025-01-12 08:27
TA95C 000:000.525   Process: C:\Users\a8456\.eclipse\com.renesas.platform_1291987301\DebugComp\RA\e2-server-gdb.exe
TA95C 000:000.532 - 0.531ms
TA95C 000:000.543 JLINK_GetDLLVersion()
TA95C 000:000.550 - 0.006ms returns 79802
TA95C 000:001.790 JLINK_OpenEx(...)
TA95C 000:006.347   Firmware: J-Link V9 compiled May  7 2021 16:26:12
TA95C 000:006.855   Firmware: J-Link V9 compiled May  7 2021 16:26:12
TA95C 000:006.960   Decompressing FW timestamp took 90 us
TA95C 000:012.378   Hardware: V9.60
TA95C 000:012.394   S/N: 69660718
TA95C 000:012.402   OEM: SEGGER
TA95C 000:012.411   Feature(s): RDI, GDB, FlashDL, FlashBP, JFlash
TA95C 000:012.899   Bootloader: (Could not read)
TA95C 000:013.470   TELNET listener socket opened on port 19021
TA95C 000:013.579   WEBSRV WEBSRV_Init(): Starting webserver thread(s)
TA95C 000:013.700   WEBSRV Webserver running on local port 19080
TA95C 000:013.799   Looking for J-Link GUI Server exe at: C:\Users\a8456\.eclipse\com.renesas.platform_1291987301\DebugComp\RA\ARM\Segger_v7.98.2\JLinkGUIServer.exe
TA95C 000:013.871   Looking for J-Link GUI Server exe at: C:\Program Files\SEGGER\JLink_V796h\JLinkGUIServer.exe
TA95C 000:013.896   Forking J-Link GUI Server: C:\Program Files\SEGGER\JLink_V796h\JLinkGUIServer.exe
TA95C 000:032.306   J-Link GUI Server info: "J-Link GUI server V7.96h "
TA95C 000:034.592 - 32.799ms returns "O.K."
TA95C 000:034.674 JLINK_ExecCommand("ProjectFile=C:\Users\a8456\e2_studio\workspace_5.5\RA0E1_Project15/RA0E1_Project15 Debug_Flat.jlink", ...). 
TA95C 000:047.607 - 12.933ms returns 0x00
TA95C 000:047.846 JLINK_ExecCommand("device=R7FA0E107", ...). 
TA95C 000:048.943   Flash bank @ 0x00000000: SFL: Parsing sectorization info from ELF file
TA95C 000:048.962     FlashDevice.SectorInfo[0]: .SectorSize = 0x00000800, .SectorStartAddr = 0x00000000
TA95C 000:049.077   Flash bank @ 0x40100000: SFL: Parsing sectorization info from ELF file
TA95C 000:049.089     FlashDevice.SectorInfo[0]: .SectorSize = 0x00000100, .SectorStartAddr = 0x00000000
TA95C 000:049.097   FlashBank @0x40100000: Sectorization info from SFL ELF file ignored because sectorization override from DLL / XML file is active.
TA95C 000:049.115   Device "R7FA0E107" selected.
TA95C 000:049.404 - 1.549ms returns 0x00
TA95C 000:049.436 JLINK_ExecCommand("SetCPUConnectIDCODE = FFFFFFFFFFFFFFFFFFFFFFFFFFFFFFFF", ...). 
TA95C 000:049.447 - 0.002ms returns 0x00
TA95C 000:049.455 JLINK_TIF_GetAvailable(...)
TA95C 000:049.640 - 0.185ms
TA95C 000:049.650 JLINK_TIF_Select(JLINKARM_TIF_SWD)
TA95C 000:050.109 - 0.458ms returns 0x00
TA95C 000:050.125 JLINK_SetSpeed(4000)
TA95C 000:050.228 - 0.103ms
TA95C 000:050.260 JLINK_SetEndian(ARM_ENDIAN_LITTLE)
TA95C 000:050.269 - 0.008ms returns 0
TA95C 000:050.275 JLINK_SetInitRegsOnReset(OFF)
TA95C 000:050.281 - 0.006ms returns 1
TA95C 000:050.289 JLINK_SetResetType(JLINKARM_RESET_TYPE_NO_RESET)
TA95C 000:050.295 - 0.005ms returns JLINKARM_RESET_TYPE_NORMAL
TA95C 000:050.303 JLINK_ExecCommand("EnableFlashBPs", ...). 
TA95C 000:050.311 - 0.000ms returns 0x00
TA95C 000:050.318 JLINK_ExecCommand("SetAllowFlashCache = 1", ...). 
TA95C 000:050.325 - 0.000ms returns 0x01
TA95C 000:050.332 JLINK_ExecCommand("SetRestartOnClose = 0", ...). 
TA95C 000:050.339 - 0.001ms returns 0x01
TA95C 000:050.347 JLINK_EnableSoftBPs(ON)
TA95C 000:050.352 - 0.006ms
TA95C 000:050.360 JLINK_Connect()
TA95C 000:050.535   InitTarget() start
TA95C 000:050.545    J-Link Script File: Executing InitTarget()
TA95C 000:050.556   Identifying target device...
TA95C 000:050.564   SWD selected. Executing JTAG -> SWD switching sequence...
TA95C 000:051.003   Initializing DAP...
TA95C 000:051.845   DAP initialized successfully.
TA95C 000:052.873   Low power mode detected. Waking device from low power mode.
TA95C 000:055.089   InitTarget() end - Took 4.54ms
TA95C 000:055.617   Found SW-DP with ID 0x5BA02477
TA95C 000:057.259   DPIDR: 0x5BA02477
TA95C 000:057.315   CoreSight SoC-400 or earlier
TA95C 000:057.324   Scanning AP map to find all available APs
TA95C 000:057.958   AP[2]: Stopped AP scan as end of AP map has been reached
TA95C 000:057.982   AP[0]: AHB-AP (IDR: 0x74770001)
TA95C 000:057.991   AP[1]: APB-AP (IDR: 0x44770002)
TA95C 000:057.999   Iterating through AP map to find AHB-AP to use
TA95C 000:058.716   AP[0]: Core found
TA95C 000:058.727   AP[0]: AHB-AP ROM base: 0x4001A000
TA95C 000:059.082   CPUID register: 0x411CD200. Implementer code: 0x41 (ARM)
TA95C 000:059.093   Feature set: Baseline
TA95C 000:059.456   Cache: No cache
TA95C 000:059.467   Found Cortex-M23 r1p0, Little endian.
TA95C 000:059.702   -- Max. mem block: 0x00010C40
TA95C 000:060.108   
  ***** Warning: 
TA95C 000:060.118   Cortex-M (ARMv8-M and later): The connected J-Link (S/N 69660718) uses an old firmware module that does not handle I/D-cache correctly. Proper debugging functionality cannot be guaranteed if cache is enabled
TA95C 000:060.132   CPU_ReadMem(4 bytes @ 0xE000EDF0)
TA95C 000:060.336   CPU_ReadMem(4 bytes @ 0xE0002000)
TA95C 000:060.653   FPUnit: 4 code (BP) slots and 0 literal slots
TA95C 000:060.667   CPU_ReadMem(4 bytes @ 0xE000EDFC)
TA95C 000:060.880   CPU_ReadMem(4 bytes @ 0xE0001000)
TA95C 000:061.109   CPU_ReadMem(4 bytes @ 0xE0001000)
TA95C 000:061.335   CPU_ReadMem(4 bytes @ 0xE0001028)
TA95C 000:061.596   CPU_ReadMem(4 bytes @ 0xE0001038)
TA95C 000:061.812   CPU_WriteMem(4 bytes @ 0xE0001000)
TA95C 000:062.035   CPU_ReadMem(4 bytes @ 0xE000ED88)
TA95C 000:062.250   CPU_WriteMem(4 bytes @ 0xE000ED88)
TA95C 000:062.484   CPU_ReadMem(4 bytes @ 0xE000ED88)
TA95C 000:062.749   CPU_WriteMem(4 bytes @ 0xE000ED88)
TA95C 000:063.009   CPU_ReadMem(4 bytes @ 0xE000EFB8)
TA95C 000:063.270   Security extension: not implemented
TA95C 000:063.286   CoreSight components:
TA95C 000:063.295   ROMTbl[0] @ 4001A000
TA95C 000:063.305   CPU_ReadMem(64 bytes @ 0x4001A000)
TA95C 000:063.817   CPU_ReadMem(32 bytes @ 0xE000EFE0)
TA95C 000:064.186   CPU_ReadMem(4 bytes @ 0xE000EFBC)
TA95C 000:064.395   CPU_ReadMem(4 bytes @ 0xE000EFCC)
TA95C 000:064.597   [0][0]: E000E000 CID B105900D PID 000BBD20 DEVARCH 47702A04 DEVTYPE 00 Cortex-M23
TA95C 000:064.605   CPU_ReadMem(32 bytes @ 0xE0001FE0)
TA95C 000:064.963   CPU_ReadMem(4 bytes @ 0xE0001FBC)
TA95C 000:065.166   CPU_ReadMem(4 bytes @ 0xE0001FCC)
TA95C 000:065.376   [0][1]: E0001000 CID B105900D PID 000BBD20 DEVARCH 47701A02 DEVTYPE 00 DWT
TA95C 000:065.385   CPU_ReadMem(32 bytes @ 0xE0002FE0)
TA95C 000:065.714   CPU_ReadMem(4 bytes @ 0xE0002FBC)
TA95C 000:065.930   CPU_ReadMem(4 bytes @ 0xE0002FCC)
TA95C 000:066.144   [0][2]: E0002000 CID B105900D PID 000BBD20 DEVARCH 47701A03 DEVTYPE 00 FPB
TA95C 000:066.157   CPU_ReadMem(32 bytes @ 0x40019FE0)
TA95C 000:066.516   CPU_ReadMem(4 bytes @ 0x40019FBC)
TA95C 000:066.790   CPU_ReadMem(4 bytes @ 0x40019FCC)
TA95C 000:067.008   [0][3]: 40019000 CID B105900D PID 000BBD20 DEVARCH 47710A31 DEVTYPE 31 MTB
TA95C 000:067.041 - 16.680ms returns 0x00
TA95C 000:067.074 JLINK_Halt()
TA95C 000:069.073 - 1.998ms returns 0x00
TA95C 000:069.084 JLINK_IsHalted()
TA95C 000:069.093 - 0.007ms returns TRUE
TA95C 000:069.099 JLINK_ResetPullsRESET(ON)
TA95C 000:069.105 - 0.006ms
TA95C 000:069.111 JLINK_Reset()
TA95C 000:069.127   CPU_WriteMem(4 bytes @ 0xE000EDF0)
TA95C 000:069.357   CPU_ReadMem(4 bytes @ 0xE000ED44)
TA95C 000:069.597   CPU_WriteMem(4 bytes @ 0xE000EDFC)
TA95C 000:069.831   Reset: Halt core after reset via DEMCR.VC_CORERESET.
TA95C 000:070.065   Reset: Reset device via AIRCR.SYSRESETREQ.
TA95C 000:070.096   CPU_WriteMem(4 bytes @ 0xE000ED0C)
TA95C 000:123.744   CPU_ReadMem(4 bytes @ 0xE000EDF0)
TA95C 000:124.029   CPU_ReadMem(4 bytes @ 0xE000EDF0)
TA95C 000:124.251   CPU_WriteMem(4 bytes @ 0xE000EDFC)
TA95C 000:129.977   CPU_ReadMem(4 bytes @ 0xE000EDF0)
TA95C 000:132.257   CPU_WriteMem(4 bytes @ 0xE0002000)
TA95C 000:132.498   CPU_ReadMem(4 bytes @ 0xE000EDFC)
TA95C 000:132.780   CPU_ReadMem(4 bytes @ 0xE0001000)
TA95C 000:133.000   CPU_WriteMem(4 bytes @ 0xE0001000)
TA95C 000:133.253   CPU_ReadMem(4 bytes @ 0xE000EE08)
TA95C 000:133.488 - 64.376ms
TA95C 000:133.530 JLINK_ReadMem(0x01011080, 0x10 Bytes, ...)
TA95C 000:133.544   CPU_ReadMem(16 bytes @ 0x01011080)
TA95C 000:133.839   Data:  4A 46 43 33 37 30 31 45 30 41 46 37 52 20 20 20
TA95C 000:133.848 - 0.318ms returns 0
TA95C 000:133.860 JLINK_IsHalted()
TA95C 000:133.866 - 0.005ms returns TRUE
TA95C 000:134.082 JLINK_MeasureCPUSpeed(RAMAddr = 0xFFFFFFFF)
TA95C 000:134.092   CPU_ReadMem(16 bytes @ 0x20004000)
TA95C 000:134.384   CPU_ReadMem(64 bytes @ 0x20004000)
TA95C 000:134.889    -- Updating C cache (64 bytes @ 0x20004000)
TA95C 000:134.901    -- Read from C cache (6 bytes @ 0x20004000)
TA95C 000:134.910   CPU_ReadMem(4 bytes @ 0x40019004)
TA95C 000:135.145   CPU_ReadMem(4 bytes @ 0xE000ED90)
TA95C 000:135.373   CPU_WriteMem(16 bytes @ 0x20004000)
TA95C 000:135.647   CPU_WriteMem(6 bytes @ 0x20004000)
TA95C 000:135.912   CPU_ReadMem(64 bytes @ 0x20004000)
TA95C 000:136.411    -- Updating C cache (64 bytes @ 0x20004000)
TA95C 000:136.422    -- Read from C cache (6 bytes @ 0x20004000)
TA95C 000:136.435   CPU_ReadMem(4 bytes @ 0xE000EE08)
TA95C 000:136.647   CPU_WriteMem(4 bytes @ 0xE0002008)
TA95C 000:136.656   CPU_WriteMem(4 bytes @ 0xE000200C)
TA95C 000:136.664   CPU_WriteMem(4 bytes @ 0xE0002010)
TA95C 000:136.672   CPU_WriteMem(4 bytes @ 0xE0002014)
TA95C 000:141.200   CPU_WriteMem(4 bytes @ 0xE0002008)
TA95C 000:141.455   CPU_WriteMem(4 bytes @ 0xE000200C)
TA95C 000:141.689   CPU_WriteMem(4 bytes @ 0xE0002010)
TA95C 000:141.913   CPU_WriteMem(4 bytes @ 0xE0002014)
TA95C 000:142.223   CPU_ReadMem(4 bytes @ 0xE000EE08)
TA95C 000:142.461   CPU_ReadMem(4 bytes @ 0xE000EE08)
TA95C 000:142.687   CPU_ReadMem(4 bytes @ 0xE000EE08)
TA95C 000:167.371   CPU_WriteMem(6 bytes @ 0x20004000)
TA95C 000:167.684   ClockFreq: 3999300 Hz
TA95C 000:167.693 - 33.611ms returns 3999300
TA95C 000:167.727 JLINK_ReadReg(XPSR)
TA95C 000:167.735   CPU_ReadMem(4 bytes @ 0xE000EE08)
TA95C 000:167.984 - 0.257ms returns 0x41000000
T10E0 002:205.624 JLINK_ReadReg(XPSR)
T10E0 002:205.968   CPU_ReadMem(4 bytes @ 0xE000EE08)
T10E0 002:206.281 - 0.657ms returns 0x41000000
T10E0 002:230.241 JLINK_ReadReg(XPSR)
T10E0 002:230.290 - 0.048ms returns 0x41000000
T10E0 002:245.593 JLINK_ReadReg(XPSR)
T10E0 002:245.648 - 0.054ms returns 0x41000000
T10E0 002:338.420 JLINK_SetEndian(ARM_ENDIAN_LITTLE)
T10E0 002:338.469 - 0.049ms returns 0
T10E0 002:338.594 JLINK_BeginDownload(Flags = 0x00000000)
T10E0 002:338.618 - 0.023ms
T10E0 002:359.398 JLINK_WriteMem(0x00000000, 0xBA0 Bytes, ...)
T10E0 002:359.421   Data:  B0 68 00 20 B9 02 00 00 D1 01 00 00 B5 02 00 00 ...
T10E0 002:359.719   completely In flash
T10E0 002:359.741 - 0.344ms returns 0xBA0
T10E0 002:360.126 JLINK_WriteMem(0x00000BA0, 0xBA0 Bytes, ...)
T10E0 002:360.145   Data:  F8 B5 C1 61 4B 69 04 00 03 62 8B 69 0D 00 43 62 ...
T10E0 002:360.158   completely In flash
T10E0 002:360.169 - 0.042ms returns 0xBA0
T10E0 002:360.352 JLINK_WriteMem(0x00001740, 0xB80 Bytes, ...)
T10E0 002:360.368   Data:  FF 26 40 F2 02 0A FF 0F 00 2B 86 D1 43 46 00 2B ...
T10E0 002:360.388   completely In flash
T10E0 002:360.397 - 0.045ms returns 0xB80
T10E0 002:360.600 JLINK_WriteMem(0x000022C0, 0xBA0 Bytes, ...)
T10E0 002:360.612   Data:  03 D1 20 00 58 30 00 F0 43 FA 10 BD DD 24 00 00 ...
T10E0 002:360.632   completely In flash
T10E0 002:360.641 - 0.041ms returns 0xBA0
T10E0 002:360.792 JLINK_WriteMem(0x00002E60, 0xBA0 Bytes, ...)
T10E0 002:360.800   Data:  39 00 02 F0 65 FA 08 9D 11 9A 2B 00 94 46 16 90 ...
T10E0 002:360.817   completely In flash
T10E0 002:360.826 - 0.033ms returns 0xBA0
T10E0 002:360.959 JLINK_WriteMem(0x00003A00, 0xBA0 Bytes, ...)
T10E0 002:360.966   Data:  4C B9 40 F2 71 21 38 00 FF F7 14 FF 01 9B 04 00 ...
T10E0 002:360.974   completely In flash
T10E0 002:360.983 - 0.024ms returns 0xBA0
T10E0 002:361.178 JLINK_WriteMem(0x000045A0, 0xBB0 Bytes, ...)
T10E0 002:361.189   Data:  1A 40 13 00 29 40 6A 08 0A 43 DD 07 5B 08 98 46 ...
T10E0 002:361.205   completely In flash
T10E0 002:361.214 - 0.035ms returns 0xBB0
T10E0 002:361.354 JLINK_WriteMem(0x00005150, 0xBC0 Bytes, ...)
T10E0 002:361.364   Data:  F0 BD 01 20 8E 42 F6 D1 61 46 39 43 0F 00 17 43 ...
T10E0 002:361.373   completely In flash
T10E0 002:361.381 - 0.027ms returns 0xBC0
T10E0 002:361.516 JLINK_WriteMem(0x00005D10, 0xAD0 Bytes, ...)
T10E0 002:361.523   Data:  00 2C 78 D0 01 23 5B 42 4B 44 9A 46 4B 46 01 2B ...
T10E0 002:361.532   completely In flash
T10E0 002:361.540 - 0.024ms returns 0xAD0
T10E0 002:361.623 JLINK_WriteMem(0x000067E0, 0x1DC Bytes, ...)
T10E0 002:361.629   Data:  A0 86 01 00 01 00 10 23 01 00 00 00 00 00 00 00 ...
T10E0 002:361.637   completely In flash
T10E0 002:361.645 - 0.022ms returns 0x1DC
T10E0 002:361.750 JLINK_WriteMem(0x01010018, 0x1C Bytes, ...)
T10E0 002:361.763   Data:  FF FF FF FF FF FF FF FF FF FF FF FF FF FF FF FF ...
T10E0 002:362.166   CPU_ReadMem(4 bytes @ 0x40019004)
T10E0 002:362.378   CPU_ReadMem(4 bytes @ 0xE000ED90)
T10E0 002:362.627    -- --------------------------------------
T10E0 002:362.647    -- Start of determining flash info (Bank @ 0x00000000)
T10E0 002:362.658    -- End of determining flash info
T10E0 002:362.666    -- Start of determining dirty areas in flash cache
T10E0 002:362.676    -- Filling invalid ranges in sector buffer (flash cache) for sector @ 0x00000000 if necessary
T10E0 002:362.685    -- Filling invalid ranges in sector buffer (flash cache) for sector @ 0x00000800 if necessary
T10E0 002:362.694    -- Filling invalid ranges in sector buffer (flash cache) for sector @ 0x00001000 if necessary
T10E0 002:362.702    -- Filling invalid ranges in sector buffer (flash cache) for sector @ 0x00001800 if necessary
T10E0 002:362.711    -- Filling invalid ranges in sector buffer (flash cache) for sector @ 0x00002000 if necessary
T10E0 002:362.720    -- Filling invalid ranges in sector buffer (flash cache) for sector @ 0x00002800 if necessary
T10E0 002:362.729    -- Filling invalid ranges in sector buffer (flash cache) for sector @ 0x00003000 if necessary
T10E0 002:362.738    -- Filling invalid ranges in sector buffer (flash cache) for sector @ 0x00003800 if necessary
T10E0 002:362.747    -- Filling invalid ranges in sector buffer (flash cache) for sector @ 0x00004000 if necessary
T10E0 002:362.756    -- Filling invalid ranges in sector buffer (flash cache) for sector @ 0x00004800 if necessary
T10E0 002:362.765    -- Filling invalid ranges in sector buffer (flash cache) for sector @ 0x00005000 if necessary
T10E0 002:362.774    -- Filling invalid ranges in sector buffer (flash cache) for sector @ 0x00005800 if necessary
T10E0 002:362.784    -- Filling invalid ranges in sector buffer (flash cache) for sector @ 0x00006000 if necessary
T10E0 002:362.793    -- Filling invalid ranges in sector buffer (flash cache) for sector @ 0x00006800 if necessary
T10E0 002:362.807    -- End of determining dirty areas
T10E0 002:362.815    -- Start of preparing flash programming
T10E0 002:362.825    -- Preparing RAMCode
T10E0 002:362.833    -- Calculating RAM usage
T10E0 002:362.842    -- RAM usage = 10936 Bytes
T10E0 002:362.850    -- Preserving CPU registers
T10E0 002:362.875    -- Preparing memory
T10E0 002:362.883    -- Determining CPU clock frequency
T10E0 002:394.082    -- CPU frequency = 3998 kHz
T10E0 002:394.110    -- Preparing target
T10E0 002:394.119    -- Preserving target RAM temporarily used for programming
T10E0 002:443.218    -- Downloading RAMCode
T10E0 002:461.289    -- Initializing RAMCode (InitType: 3 = Verify)
T10E0 002:461.343    -- Executing Init(3)
T10E0 002:474.972    -- End of preparing flash programming
T10E0 002:480.342   
  ***** Warning: 
T10E0 002:480.377   CPU is running at low speed (3998 kHz).
T10E0 002:480.393    -- CPU is running at 3998 kHz.
T10E0 002:480.411    -- Start of comparing flash
T10E0 002:480.427    -- CRC check was estimated as fastest method
T10E0 002:507.582    -- Comparing range 0x0000 - 0x6FFF (14 Sectors, 28 KB), using single-block CRC calculation
T10E0 002:672.702    -- CRC matches
T10E0 002:672.845    -- Comparing range 0x0000 - 0x6FFF (14 Sectors, 28 KB), using alternative single-block CRC calculation
T10E0 002:833.988    -- CRC matches
T10E0 002:834.017    -- End of comparing flash
T10E0 002:834.027    -- Start of erasing sectors
T10E0 002:834.036    -- End of erasing sectors
T10E0 002:834.044    -- Start of flash programming
T10E0 002:834.052    -- End of flash programming
T10E0 002:834.060    -- Start of verifying flash
T10E0 002:834.068    -- End of verifying flash
T10E0 002:834.076    -- Start of restoring
T10E0 002:834.085    -- Executing UnInit()
T10E0 002:843.622    -- Restoring target memory
T10E0 002:883.178    -- Restoring CPU registers
T10E0 002:883.476    -- End of restoring
T10E0 002:883.488    -- Bank 0 @ 0x00000000: Skipped. Contents already match
T10E0 002:883.497    -- Bank 0 @ 0x00000000: Skipped. Contents already match
T10E0 002:886.882   CPU_WriteMem(28 bytes @ 0x01010018)
T10E0 002:887.347 - 525.596ms returns 0x1C
T10E0 002:890.039 JLINK_EndDownload()
T10E0 002:890.085 - 0.045ms returns 0 (0x0)
T10E0 002:890.556 JLINK_WriteReg(R15 (PC), 0x000002B8)
T10E0 002:890.599 - 0.042ms returns 0
T10E0 002:890.633 JLINK_WriteReg(XPSR, 0x01000000)
T10E0 002:890.640 - 0.007ms returns 0
T10E0 002:890.653 JLINK_ResetPullsRESET(ON)
T10E0 002:890.662 - 0.009ms
T10E0 002:890.669 JLINK_Halt()
T10E0 002:891.058 - 0.389ms returns 0x00
T10E0 002:891.071 JLINK_IsHalted()
T10E0 002:891.077 - 0.006ms returns TRUE
T10E0 002:891.083 JLINK_Reset()
T10E0 002:891.093   CPU_ReadMem(4 bytes @ 0x01010018)
T10E0 002:891.409   CPU_WriteMem(4 bytes @ 0x01010018)
T10E0 002:891.849   CPU_WriteMem(4 bytes @ 0xE000EDF0)
T10E0 002:892.134   CPU_ReadMem(4 bytes @ 0xE000ED44)
T10E0 002:892.446   CPU_WriteMem(4 bytes @ 0xE000EDFC)
T10E0 002:892.719   Reset: Halt core after reset via DEMCR.VC_CORERESET.
T10E0 002:893.004   Reset: Reset device via AIRCR.SYSRESETREQ.
T10E0 002:893.034   CPU_WriteMem(4 bytes @ 0xE000ED0C)
T10E0 002:946.107   CPU_ReadMem(4 bytes @ 0xE000EDF0)
T10E0 002:946.334   CPU_ReadMem(4 bytes @ 0xE000EDF0)
T10E0 002:946.617   CPU_WriteMem(4 bytes @ 0xE000EDFC)
T10E0 002:952.256   CPU_ReadMem(4 bytes @ 0xE000EDF0)
T10E0 002:954.942   CPU_WriteMem(4 bytes @ 0xE0002000)
T10E0 002:955.227   CPU_ReadMem(4 bytes @ 0xE000EDFC)
T10E0 002:955.483   CPU_ReadMem(4 bytes @ 0xE0001000)
T10E0 002:955.768   CPU_WriteMem(4 bytes @ 0xE0001000)
T10E0 002:956.067   CPU_ReadMem(4 bytes @ 0xE000EE08)
T10E0 002:956.322 - 65.238ms
T10E0 002:956.342 JLINK_SetEndian(ARM_ENDIAN_LITTLE)
T10E0 002:956.348 - 0.005ms returns 0
T10E0 002:956.840 JLINK_ResetPullsRESET(ON)
T10E0 002:956.855 - 0.015ms
T10E0 002:956.862 JLINK_Halt()
T10E0 002:956.868 - 0.005ms returns 0x00
T10E0 002:956.918 JLINK_IsHalted()
T10E0 002:956.934 - 0.016ms returns TRUE
T10E0 002:956.946 JLINK_Reset()
T10E0 002:956.966   CPU_WriteMem(4 bytes @ 0xE000EDF0)
T10E0 002:957.215   CPU_ReadMem(4 bytes @ 0xE000ED44)
T10E0 002:957.494   CPU_WriteMem(4 bytes @ 0xE000EDFC)
T10E0 002:957.796   Reset: Halt core after reset via DEMCR.VC_CORERESET.
T10E0 002:958.191   Reset: Reset device via AIRCR.SYSRESETREQ.
T10E0 002:958.220   CPU_WriteMem(4 bytes @ 0xE000ED0C)
T10E0 003:010.708   CPU_ReadMem(4 bytes @ 0xE000EDF0)
T10E0 003:010.965   CPU_ReadMem(4 bytes @ 0xE000EDF0)
T10E0 003:011.187   CPU_WriteMem(4 bytes @ 0xE000EDFC)
T10E0 003:017.117   CPU_ReadMem(4 bytes @ 0xE000EDF0)
T10E0 003:019.370   CPU_WriteMem(4 bytes @ 0xE0002000)
T10E0 003:019.601   CPU_ReadMem(4 bytes @ 0xE000EDFC)
T10E0 003:019.835   CPU_ReadMem(4 bytes @ 0xE0001000)
T10E0 003:020.064   CPU_WriteMem(4 bytes @ 0xE0001000)
T10E0 003:020.306   CPU_ReadMem(4 bytes @ 0xE000EE08)
T10E0 003:020.608 - 63.661ms
T10E0 003:020.663 JLINK_SetEndian(ARM_ENDIAN_LITTLE)
T10E0 003:020.690 - 0.031ms returns 0
T10E0 003:047.953 JLINK_ReadReg(XPSR)
T10E0 003:047.984   CPU_ReadMem(4 bytes @ 0xE000EE08)
T10E0 003:048.265 - 0.311ms returns 0x41000000
T10E0 003:048.750 JLINK_ReadMem(0x00000280, 0x40 Bytes, ...)
T10E0 003:048.804    -- Read from flash cache (64 bytes @ 0x00000280)
T10E0 003:048.813   Data:  1F 22 43 09 10 40 1E 3A 82 40 04 49 20 33 9B 00 ...
T10E0 003:048.821 - 0.071ms returns 0
T10E0 003:050.376 JLINK_ReadReg(XPSR)
T10E0 003:050.398 - 0.022ms returns 0x41000000
T10E0 003:051.102 JLINK_ReadMem(0x00000280, 0x40 Bytes, ...)
T10E0 003:051.137    -- Read from flash cache (64 bytes @ 0x00000280)
T10E0 003:051.146   Data:  1F 22 43 09 10 40 1E 3A 82 40 04 49 20 33 9B 00 ...
T10E0 003:051.154 - 0.052ms returns 0
T10E0 003:062.353 JLINK_ReadMem(0x000006C0, 0x40 Bytes, ...)
T10E0 003:062.376    -- Read from flash cache (64 bytes @ 0x000006C0)
T10E0 003:062.385   Data:  39 4A ED E7 40 F2 0C 11 3C 48 00 F0 61 FB 3C 4B ...
T10E0 003:062.394 - 0.040ms returns 0
T10E0 003:062.505 JLINK_ReadMem(0x00000680, 0x40 Bytes, ...)
T10E0 003:062.524    -- Read from flash cache (64 bytes @ 0x00000680)
T10E0 003:062.534   Data:  70 47 C0 46 04 40 00 20 70 B5 43 49 43 48 8C B0 ...
T10E0 003:062.543 - 0.038ms returns 0
T10E0 003:062.779 JLINK_GetNumBPUnits(Type = 0xFFFFFF00)
T10E0 003:062.794 - 0.014ms returns 0x04
T10E0 003:062.800 JLINK_GetNumWPUnits()
T10E0 003:062.806 - 0.005ms returns 2
T10E0 003:062.812 JLINK_GetNumWPUnits()
T10E0 003:062.817 - 0.005ms returns 2
T10E0 003:062.825 JLINK_GetNumBPUnits(Type = 0xFFFFFF00)
T10E0 003:062.831 - 0.005ms returns 0x04
T10E0 003:062.836 JLINK_GetNumWPUnits()
T10E0 003:062.842 - 0.005ms returns 2
T10E0 003:062.848 JLINK_GetNumWPUnits()
T10E0 003:062.853 - 0.005ms returns 2
T10E0 003:062.861 JLINK_GetNumBPUnits(Type = 0xFFFFFF00)
T10E0 003:062.866 - 0.005ms returns 0x04
T10E0 003:062.872 JLINK_GetNumWPUnits()
T10E0 003:062.877 - 0.005ms returns 2
T10E0 003:062.883 JLINK_GetNumWPUnits()
T10E0 003:062.888 - 0.005ms returns 2
T10E0 003:062.917 JLINK_SetBPEx(Addr = 0x000006E2, Type = 0xFFFFFF00)
T10E0 003:062.925 - 0.007ms returns 0x00000001
T10E0 003:183.288 JLINK_ReadReg(XPSR)
T10E0 003:183.346 - 0.058ms returns 0x41000000
T10E0 003:198.945 JLINK_ClrBPEx(BPHandle = 0x00000001)
T10E0 003:198.986 - 0.041ms returns 0x00
T10E0 003:198.996 JLINK_SetBPEx(Addr = 0x000006E2, Type = 0xFFFFFF00)
T10E0 003:199.004 - 0.008ms returns 0x00000002
T10E0 003:199.010 JLINK_SetBPEx(Addr = 0x00000B7A, Type = 0xFFFFFF00)
T10E0 003:199.016 - 0.005ms returns 0x00000003
T10E0 003:199.024 JLINK_ClrBPEx(BPHandle = 0x00000002)
T10E0 003:199.030 - 0.006ms returns 0x00
T10E0 003:199.036 JLINK_ClrBPEx(BPHandle = 0x00000003)
T10E0 003:199.041 - 0.005ms returns 0x00
T10E0 003:199.048 JLINK_SetBPEx(Addr = 0x000006E2, Type = 0xFFFFFF00)
T10E0 003:199.053 - 0.005ms returns 0x00000004
T10E0 003:214.894 JLINK_ReadMem(0x00000B40, 0x40 Bytes, ...)
T10E0 003:214.921    -- Read from flash cache (64 bytes @ 0x00000B40)
T10E0 003:214.930   Data:  37 B5 01 AD 0C 00 2A 00 01 23 13 21 FF F7 5A FE ...
T10E0 003:214.939 - 0.045ms returns 0
T10E0 003:215.363 JLINK_ClrBPEx(BPHandle = 0x00000004)
T10E0 003:215.386 - 0.022ms returns 0x00
T10E0 003:215.396 JLINK_SetBPEx(Addr = 0x000006E2, Type = 0xFFFFFF00)
T10E0 003:215.403 - 0.007ms returns 0x00000005
T10E0 003:215.409 JLINK_SetBPEx(Addr = 0x00000B7A, Type = 0xFFFFFF00)
T10E0 003:215.415 - 0.005ms returns 0x00000006
T10E0 003:355.515 JLINK_ReadRegs(NumRegs = 22, Indexes: 0, 1, 2, 3, 4, 5, 6, 7, 8, 9, 10, 11, 12, 13, 14, 15, 16, 17, 18, 86, 87, 20)
T10E0 003:355.596    -- R0=0x00, R1=0x20006A48, R2=0x00, R3=0xFF, R4=0x20006AA8, R5=0x00, R6=0x20006A48, R7=0xFFFFFFFF, R8=0x452CC27C, R9=0x4000867C, R10=0xD59807CE, R11=0x172C2423, R12=0xF4240, R13 (SP)=0x200068B0, R14=0x20004291, R15 (PC)=0x2B8, XPSR=0x41000000, MSP=0x200068B0, PSP=0xEFEE6EEC, MSPLIM=0x00, PSPLIM=0x00, CFBP=0x00
T10E0 003:355.615 - 0.101ms returns 0x00
T10E0 003:356.139 JLINK_ReadReg(XPSR)
T10E0 003:356.176 - 0.037ms returns 0x41000000
T10E0 003:356.648 JLINK_ReadMem(0x00000280, 0x40 Bytes, ...)
T10E0 003:356.670    -- Read from flash cache (64 bytes @ 0x00000280)
T10E0 003:356.679   Data:  1F 22 43 09 10 40 1E 3A 82 40 04 49 20 33 9B 00 ...
T10E0 003:356.783 - 0.134ms returns 0
T3600 003:522.599 JLINK_GetNumBPUnits(Type = 0xFFFFFF00)
T3600 003:522.640 - 0.042ms returns 0x04
T3600 003:522.652 JLINK_GetNumWPUnits()
T3600 003:522.664 - 0.011ms returns 2
T3600 003:522.676 JLINK_GetNumWPUnits()
T3600 003:522.687 - 0.010ms returns 2
T3600 003:522.892 JLINK_GetNumBPUnits(Type = 0xFFFFFF00)
T3600 003:522.909 - 0.017ms returns 0x04
T3600 003:522.916 JLINK_GetNumWPUnits()
T3600 003:522.921 - 0.005ms returns 2
T3600 003:522.928 JLINK_GetNumWPUnits()
T3600 003:522.934 - 0.006ms returns 2
T3600 003:523.096 JLINK_GetNumBPUnits(Type = 0xFFFFFF00)
T3600 003:523.159 - 0.038ms returns 0x04
T3600 003:523.168 JLINK_GetNumWPUnits()
T3600 003:523.174 - 0.006ms returns 2
T3600 003:523.180 JLINK_GetNumWPUnits()
T3600 003:523.186 - 0.005ms returns 2
T3600 003:523.520 JLINK_GetNumBPUnits(Type = 0xFFFFFF00)
T3600 003:523.545 - 0.025ms returns 0x04
T3600 003:523.558 JLINK_GetNumWPUnits()
T3600 003:523.568 - 0.010ms returns 2
T3600 003:523.580 JLINK_GetNumWPUnits()
T3600 003:523.590 - 0.010ms returns 2
T3600 003:523.730 JLINK_GetNumBPUnits(Type = 0xFFFFFF00)
T3600 003:523.746 - 0.015ms returns 0x04
T3600 003:523.752 JLINK_GetNumWPUnits()
T3600 003:523.758 - 0.005ms returns 2
T3600 003:523.765 JLINK_GetNumWPUnits()
T3600 003:523.770 - 0.005ms returns 2
T3600 003:523.948 JLINK_GetNumBPUnits(Type = 0xFFFFFF00)
T3600 003:523.959 - 0.010ms returns 0x04
T3600 003:523.966 JLINK_GetNumWPUnits()
T3600 003:523.971 - 0.005ms returns 2
T3600 003:523.978 JLINK_GetNumWPUnits()
T3600 003:523.984 - 0.005ms returns 2
T3600 003:524.315 JLINK_GetNumBPUnits(Type = 0xFFFFFF00)
T3600 003:524.344 - 0.030ms returns 0x04
T3600 003:524.370 JLINK_GetNumWPUnits()
T3600 003:524.377 - 0.007ms returns 2
T3600 003:524.384 JLINK_GetNumWPUnits()
T3600 003:524.389 - 0.005ms returns 2
T3600 003:524.579 JLINK_GetNumBPUnits(Type = 0xFFFFFF00)
T3600 003:524.645 - 0.066ms returns 0x04
T3600 003:524.652 JLINK_GetNumWPUnits()
T3600 003:524.657 - 0.005ms returns 2
T3600 003:524.663 JLINK_GetNumWPUnits()
T3600 003:524.668 - 0.005ms returns 2
T10E0 003:648.528 JLINK_ReadReg(XPSR)
T10E0 003:648.788 - 0.259ms returns 0x41000000
T10E0 003:649.200 JLINK_ReadMem(0x00000280, 0x40 Bytes, ...)
T10E0 003:649.217    -- Read from flash cache (64 bytes @ 0x00000280)
T10E0 003:649.227   Data:  1F 22 43 09 10 40 1E 3A 82 40 04 49 20 33 9B 00 ...
T10E0 003:649.236 - 0.035ms returns 0
T10E0 003:679.714 JLINK_ReadReg(XPSR)
T10E0 003:679.751 - 0.037ms returns 0x41000000
T10E0 005:323.357 JLINK_STRACE_Read(..., NumItems = 0x10000)
T10E0 005:324.672 - 1.316ms NumItemsRead = 0x00
T10E0 005:324.714 JLINK_IsHalted()
T10E0 005:325.092 - 0.376ms returns TRUE
T10E0 005:325.124 JLINK_STRACE_Read(..., NumItems = 0x10000)
T10E0 005:325.138 - 0.014ms NumItemsRead = 0x00
T10E0 005:325.179 JLINK_GoEx(MaxEmulInsts = 0, Flags = 0x01)
T10E0 005:325.207   CPU_WriteMem(4 bytes @ 0xE0002000)
T10E0 005:325.576   CPU_WriteMem(4 bytes @ 0xE0002000)
T10E0 005:325.913   CPU_ReadMem(4 bytes @ 0xE0001000)
T10E0 005:326.256   CPU_WriteMem(4 bytes @ 0xE0001000)
T10E0 005:326.553   CPU_WriteMem(4 bytes @ 0xE0002008)
T10E0 005:326.579   CPU_WriteMem(4 bytes @ 0xE000200C)
T10E0 005:326.587   CPU_WriteMem(4 bytes @ 0xE0002010)
T10E0 005:326.595   CPU_WriteMem(4 bytes @ 0xE0002014)
T10E0 005:327.261   CPU_WriteMem(4 bytes @ 0xE0001004)
T10E0 005:327.905   Memory map 'after startup completion point' is active
T10E0 005:327.919 - 2.740ms
T10E0 005:431.738 JLINK_IsHalted()
T10E0 005:433.853 - 2.114ms returns TRUE
T10E0 005:433.877 JLINK_ReadReg(XPSR)
T10E0 005:433.889   CPU_ReadMem(4 bytes @ 0xE000EE08)
T10E0 005:434.129 - 0.251ms returns 0x41000000
T10E0 005:434.136 JLINK_ReadReg(R15 (PC))
T10E0 005:434.143 - 0.006ms returns 0x00000B7A
T10E0 005:434.155 JLINK_ReadReg(XPSR)
T10E0 005:434.161 - 0.006ms returns 0x41000000
T10E0 005:434.167 JLINK_ReadReg(XPSR)
T10E0 005:434.173 - 0.006ms returns 0x41000000
T10E0 005:434.179 JLINK_ReadReg(R15 (PC))
T10E0 005:434.185 - 0.005ms returns 0x00000B7A
T10E0 005:434.193 JLINK_ReadReg(XPSR)
T10E0 005:434.201 - 0.007ms returns 0x41000000
T10E0 005:434.207 JLINK_ReadReg(XPSR)
T10E0 005:434.213 - 0.005ms returns 0x41000000
T10E0 005:434.219 JLINK_ReadMem(0x00000B7A, 0x1 Bytes, ...)
T10E0 005:434.226    -- Read from flash cache (1 bytes @ 0x00000B7A)
T10E0 005:434.234   Data:  10
T10E0 005:434.242 - 0.023ms returns 0
T10E0 005:434.249 JLINK_IsHalted()
T10E0 005:434.254 - 0.005ms returns TRUE
T10E0 005:434.260 JLINK_ReadReg(XPSR)
T10E0 005:434.266 - 0.005ms returns 0x41000000
T10E0 005:434.272 JLINK_ReadReg(XPSR)
T10E0 005:434.277 - 0.005ms returns 0x41000000
T10E0 005:434.283 JLINK_ReadReg(R15 (PC))
T10E0 005:434.289 - 0.005ms returns 0x00000B7A
T10E0 005:434.295 JLINK_ReadReg(XPSR)
T10E0 005:434.301 - 0.005ms returns 0x41000000
T10E0 005:434.307 JLINK_ReadReg(XPSR)
T10E0 005:434.313 - 0.005ms returns 0x41000000
T10E0 005:434.319 JLINK_ReadMem(0x00000B7A, 0x1 Bytes, ...)
T10E0 005:434.324    -- Read from flash cache (1 bytes @ 0x00000B7A)
T10E0 005:434.332   Data:  10
T10E0 005:434.339 - 0.020ms returns 0
T10E0 005:434.626 JLINK_ReadRegs(NumRegs = 22, Indexes: 0, 1, 2, 3, 4, 5, 6, 7, 8, 9, 10, 11, 12, 13, 14, 15, 16, 17, 18, 86, 87, 20)
T10E0 005:434.646    -- R0=0x00, R1=0x00, R2=0x80, R3=0x400A0340, R4=0x20006AA8, R5=0x00, R6=0x20006A48, R7=0xFFFFFFFF, R8=0x452CC27C, R9=0x4000867C, R10=0xD59807CE, R11=0x172C2423, R12=0xF4240, R13 (SP)=0x200068A8, R14=0x2C3, R15 (PC)=0xB7A, XPSR=0x41000000, MSP=0x200068A8, PSP=0xEFEE6EEC, MSPLIM=0x00, PSPLIM=0x00, CFBP=0x00
T10E0 005:434.655 - 0.028ms returns 0x00
T10E0 005:434.984 JLINK_ReadReg(XPSR)
T10E0 005:435.010 - 0.026ms returns 0x41000000
T10E0 005:435.484 JLINK_ReadMem(0x00000B40, 0x40 Bytes, ...)
T10E0 005:435.515    -- Read from flash cache (64 bytes @ 0x00000B40)
T10E0 005:435.533   Data:  37 B5 01 AD 0C 00 2A 00 01 23 13 21 FF F7 5A FE ...
T10E0 005:435.548 - 0.063ms returns 0
T10E0 005:435.992 JLINK_ClrBPEx(BPHandle = 0x00000005)
T10E0 005:436.014 - 0.022ms returns 0x00
T10E0 005:436.026 JLINK_ClrBPEx(BPHandle = 0x00000006)
T10E0 005:436.037 - 0.010ms returns 0x00
T10E0 005:436.051 JLINK_SetBPEx(Addr = 0x000006E2, Type = 0xFFFFFF00)
T10E0 005:436.063 - 0.011ms returns 0x00000007
T10E0 005:459.137 JLINK_ReadMem(0x00000B40, 0x40 Bytes, ...)
T10E0 005:459.190    -- Read from flash cache (64 bytes @ 0x00000B40)
T10E0 005:459.209   Data:  37 B5 01 AD 0C 00 2A 00 01 23 13 21 FF F7 5A FE ...
T10E0 005:459.224 - 0.088ms returns 0
T10E0 005:551.956 JLINK_ReadReg(XPSR)
T10E0 005:551.988 - 0.031ms returns 0x41000000
T10E0 005:552.541 JLINK_ReadReg(XPSR)
T10E0 005:552.581 - 0.040ms returns 0x41000000
T3600 006:436.339 JLINK_IsHalted()
T3600 006:436.743 - 0.404ms returns TRUE
T3600 006:436.774 JLINK_ReadReg(XPSR)
T3600 006:436.799 - 0.025ms returns 0x41000000
T3600 006:436.813 JLINK_ReadReg(R15 (PC))
T3600 006:436.901 - 0.088ms returns 0x00000B7A
T3600 006:436.926 JLINK_ReadReg(XPSR)
T3600 006:436.939 - 0.013ms returns 0x41000000
T3600 006:436.966 JLINK_ReadReg(XPSR)
T3600 006:436.979 - 0.012ms returns 0x41000000
T3600 006:436.992 JLINK_ReadReg(R15 (PC))
T3600 006:437.004 - 0.012ms returns 0x00000B7A
T3600 006:437.017 JLINK_ReadReg(XPSR)
T3600 006:437.030 - 0.012ms returns 0x41000000
T3600 006:437.043 JLINK_ReadReg(XPSR)
T3600 006:437.054 - 0.011ms returns 0x41000000
T3600 006:437.068 JLINK_ReadMem(0x00000B7A, 0x1 Bytes, ...)
T3600 006:437.085    -- Read from flash cache (1 bytes @ 0x00000B7A)
T3600 006:437.102   Data:  10
T3600 006:437.119 - 0.050ms returns 0
T3600 006:437.132 JLINK_IsHalted()
T3600 006:437.143 - 0.011ms returns TRUE
T3600 006:437.156 JLINK_ReadReg(XPSR)
T3600 006:437.169 - 0.012ms returns 0x41000000
T3600 006:437.182 JLINK_ReadReg(XPSR)
T3600 006:437.194 - 0.011ms returns 0x41000000
T3600 006:437.207 JLINK_ReadReg(R15 (PC))
T3600 006:437.219 - 0.012ms returns 0x00000B7A
T3600 006:437.233 JLINK_ReadReg(XPSR)
T3600 006:437.245 - 0.012ms returns 0x41000000
T3600 006:437.259 JLINK_ReadReg(XPSR)
T3600 006:437.270 - 0.011ms returns 0x41000000
T3600 006:437.291 JLINK_ReadMem(0x00000B7A, 0x1 Bytes, ...)
T3600 006:437.309    -- Read from flash cache (1 bytes @ 0x00000B7A)
T3600 006:437.325   Data:  10
T3600 006:437.341 - 0.050ms returns 0
T3600 006:437.489 JLINK_WriteMem(0xE0001FB0, 0x4 Bytes, ...)
T3600 006:437.509   Data:  55 CE AC C5
T3600 006:437.987   CPU_WriteMem(4 bytes @ 0xE0001FB0)
T3600 006:439.444 - 1.953ms returns 0x4
T3600 006:439.512 JLINK_WriteMem(0xE0001000, 0x4 Bytes, ...)
T3600 006:439.519   Data:  01 00 00 48
T3600 006:439.529   Debug reg: DWT_CTRL
T3600 006:439.544   CPU_WriteMem(4 bytes @ 0xE0001000)
T3600 006:439.870 - 0.357ms returns 0x4
T3600 006:440.012 JLINK_ReadMem(0xE0001000, 0x4 Bytes, ...)
T3600 006:440.037   CPU_ReadMem(4 bytes @ 0xE0001000)
T3600 006:440.301   Data:  00 00 00 2B
T3600 006:440.329   Debug reg: DWT_CTRL
T3600 006:440.345 - 0.332ms returns 0
T10E0 006:489.375 JLINK_STRACE_Read(..., NumItems = 0x10000)
T10E0 006:489.426 - 0.052ms NumItemsRead = 0x00
T10E0 006:489.444 JLINK_IsHalted()
T10E0 006:489.458 - 0.013ms returns TRUE
T10E0 006:489.471 JLINK_STRACE_Read(..., NumItems = 0x10000)
T10E0 006:489.483 - 0.011ms NumItemsRead = 0x00
T10E0 006:489.496 JLINK_GoEx(MaxEmulInsts = 0, Flags = 0x01)
T10E0 006:489.521   CPU_WriteMem(4 bytes @ 0xE0002000)
T10E0 006:489.897   CPU_ReadMem(4 bytes @ 0xE0001000)
T10E0 006:490.654   CPU_WriteMem(4 bytes @ 0xE0001000)
T10E0 006:491.015   CPU_WriteMem(4 bytes @ 0xE000200C)
T10E0 006:491.731 - 2.234ms
T10E0 006:587.954 JLINK_IsHalted()
T10E0 006:590.146 - 2.192ms returns TRUE
T10E0 006:590.229 JLINK_ReadReg(XPSR)
T10E0 006:590.240   CPU_ReadMem(4 bytes @ 0xE000EE08)
T10E0 006:590.521 - 0.292ms returns 0x61000000
T10E0 006:590.529 JLINK_ReadReg(R15 (PC))
T10E0 006:590.536 - 0.007ms returns 0x000006E2
T10E0 006:590.546 JLINK_ReadReg(XPSR)
T10E0 006:590.552 - 0.005ms returns 0x61000000
T10E0 006:590.558 JLINK_ReadReg(XPSR)
T10E0 006:590.564 - 0.005ms returns 0x61000000
T10E0 006:590.570 JLINK_ReadReg(R15 (PC))
T10E0 006:590.576 - 0.005ms returns 0x000006E2
T10E0 006:590.582 JLINK_ReadReg(XPSR)
T10E0 006:590.588 - 0.006ms returns 0x61000000
T10E0 006:590.594 JLINK_ReadReg(XPSR)
T10E0 006:590.600 - 0.005ms returns 0x61000000
T10E0 006:590.607 JLINK_ReadMem(0x000006E2, 0x1 Bytes, ...)
T10E0 006:590.614    -- Read from flash cache (1 bytes @ 0x000006E2)
T10E0 006:590.622   Data:  05
T10E0 006:590.630 - 0.023ms returns 0
T10E0 006:590.637 JLINK_IsHalted()
T10E0 006:590.642 - 0.005ms returns TRUE
T10E0 006:590.649 JLINK_ReadReg(XPSR)
T10E0 006:590.654 - 0.005ms returns 0x61000000
T10E0 006:590.660 JLINK_ReadReg(XPSR)
T10E0 006:590.666 - 0.005ms returns 0x61000000
T10E0 006:590.672 JLINK_ReadReg(R15 (PC))
T10E0 006:590.677 - 0.005ms returns 0x000006E2
T10E0 006:590.684 JLINK_ReadReg(XPSR)
T10E0 006:590.706 - 0.021ms returns 0x61000000
T10E0 006:590.712 JLINK_ReadReg(XPSR)
T10E0 006:590.717 - 0.005ms returns 0x61000000
T10E0 006:590.724 JLINK_ReadMem(0x000006E2, 0x1 Bytes, ...)
T10E0 006:590.729    -- Read from flash cache (1 bytes @ 0x000006E2)
T10E0 006:590.737   Data:  05
T10E0 006:590.745 - 0.021ms returns 0
T10E0 006:591.129 JLINK_ReadRegs(NumRegs = 22, Indexes: 0, 1, 2, 3, 4, 5, 6, 7, 8, 9, 10, 11, 12, 13, 14, 15, 16, 17, 18, 86, 87, 20)
T10E0 006:591.156    -- R0=0x00, R1=0x00, R2=0x3E8, R3=0x00, R4=0x20004220, R5=0x20004254, R6=0x20006A48, R7=0xFFFFFFFF, R8=0x452CC27C, R9=0x4000867C, R10=0xD59807CE, R11=0x172C2423, R12=0x989680, R13 (SP)=0x20006860, R14=0x185, R15 (PC)=0x6E2, XPSR=0x61000000, MSP=0x20006860, PSP=0xEFEE6EEC, MSPLIM=0x00, PSPLIM=0x00, CFBP=0x00
T10E0 006:591.166 - 0.037ms returns 0x00
T10E0 006:591.434 JLINK_ReadReg(XPSR)
T10E0 006:591.454 - 0.019ms returns 0x61000000
T10E0 006:591.973 JLINK_ReadMem(0x000006C0, 0x40 Bytes, ...)
T10E0 006:591.999    -- Read from flash cache (64 bytes @ 0x000006C0)
T10E0 006:592.016   Data:  39 4A ED E7 40 F2 0C 11 3C 48 00 F0 61 FB 3C 4B ...
T10E0 006:592.031 - 0.058ms returns 0
T10E0 006:610.465 JLINK_ReadMem(0x000006C0, 0x40 Bytes, ...)
T10E0 006:610.512    -- Read from flash cache (64 bytes @ 0x000006C0)
T10E0 006:610.543   Data:  39 4A ED E7 40 F2 0C 11 3C 48 00 F0 61 FB 3C 4B ...
T10E0 006:610.558 - 0.094ms returns 0
T10E0 006:610.844 JLINK_ReadMem(0x20006880, 0x40 Bytes, ...)
T10E0 006:610.882   CPU_ReadMem(64 bytes @ 0x20006880)
T10E0 006:611.477    -- Updating C cache (64 bytes @ 0x20006880)
T10E0 006:611.507    -- Read from C cache (64 bytes @ 0x20006880)
T10E0 006:611.522   Data:  BD 04 00 00 4D 05 00 00 B1 04 00 00 54 42 00 20 ...
T10E0 006:611.537 - 0.692ms returns 0
T10E0 006:611.796 JLINK_ReadMem(0x00000B80, 0x40 Bytes, ...)
T10E0 006:611.822    -- Read from flash cache (64 bytes @ 0x00000B80)
T10E0 006:611.838   Data:  00 20 10 BD 1F B5 03 6A 4B B1 C4 69 24 78 02 91 ...
T10E0 006:611.853 - 0.057ms returns 0
T10E0 006:639.805 JLINK_ReadReg(XPSR)
T10E0 006:639.856 - 0.051ms returns 0x61000000
T10E0 006:640.562 JLINK_ReadReg(XPSR)
T10E0 006:640.597 - 0.035ms returns 0x61000000
T10E0 006:748.347 JLINK_ReadMem(0x00006440, 0x40 Bytes, ...)
T10E0 006:748.380    -- Read from flash cache (64 bytes @ 0x00006440)
T10E0 006:748.391   Data:  46 47 00 43 00 50 4F 53 49 58 00 2E 00 70 6C 61 ...
T10E0 006:748.401 - 0.054ms returns 0
T10E0 006:748.785 JLINK_ReadMem(0x20006840, 0x40 Bytes, ...)
T10E0 006:748.849   CPU_ReadMem(64 bytes @ 0x20006840)
T10E0 006:749.464    -- Updating C cache (64 bytes @ 0x20006840)
T10E0 006:749.481    -- Read from C cache (64 bytes @ 0x20006840)
T10E0 006:749.489   Data:  FF FF FF FF 77 01 00 00 20 42 00 20 54 42 00 20 ...
T10E0 006:749.497 - 0.713ms returns 0
T10E0 006:750.148 JLINK_ReadMem(0x20006880, 0x40 Bytes, ...)
T10E0 006:750.162    -- Read from C cache (64 bytes @ 0x20006880)
T10E0 006:750.171   Data:  BD 04 00 00 4D 05 00 00 B1 04 00 00 54 42 00 20 ...
T10E0 006:750.180 - 0.032ms returns 0
T3600 007:593.509 JLINK_IsHalted()
T3600 007:593.785 - 0.275ms returns TRUE
T3600 007:593.815 JLINK_ReadReg(XPSR)
T3600 007:593.846 - 0.023ms returns 0x61000000
T3600 007:593.863 JLINK_ReadReg(R15 (PC))
T3600 007:593.874 - 0.011ms returns 0x000006E2
T3600 007:593.882 JLINK_ReadReg(XPSR)
T3600 007:593.889 - 0.006ms returns 0x61000000
T3600 007:593.895 JLINK_ReadReg(XPSR)
T3600 007:593.901 - 0.005ms returns 0x61000000
T3600 007:593.907 JLINK_ReadReg(R15 (PC))
T3600 007:593.913 - 0.005ms returns 0x000006E2
T3600 007:593.919 JLINK_ReadReg(XPSR)
T3600 007:593.925 - 0.005ms returns 0x61000000
T3600 007:593.930 JLINK_ReadReg(XPSR)
T3600 007:593.936 - 0.005ms returns 0x61000000
T3600 007:593.942 JLINK_ReadMem(0x000006E2, 0x1 Bytes, ...)
T3600 007:593.950    -- Read from flash cache (1 bytes @ 0x000006E2)
T3600 007:593.959   Data:  05
T3600 007:593.967 - 0.024ms returns 0
T3600 007:593.973 JLINK_IsHalted()
T3600 007:593.979 - 0.005ms returns TRUE
T3600 007:593.985 JLINK_ReadReg(XPSR)
T3600 007:593.991 - 0.005ms returns 0x61000000
T3600 007:593.997 JLINK_ReadReg(XPSR)
T3600 007:594.003 - 0.005ms returns 0x61000000
T3600 007:594.009 JLINK_ReadReg(R15 (PC))
T3600 007:594.067 - 0.056ms returns 0x000006E2
T3600 007:594.085 JLINK_ReadReg(XPSR)
T3600 007:594.097 - 0.012ms returns 0x61000000
T3600 007:594.109 JLINK_ReadReg(XPSR)
T3600 007:594.121 - 0.011ms returns 0x61000000
T3600 007:594.133 JLINK_ReadMem(0x000006E2, 0x1 Bytes, ...)
T3600 007:594.145    -- Read from flash cache (1 bytes @ 0x000006E2)
T3600 007:594.162   Data:  05
T3600 007:594.177 - 0.044ms returns 0
T10E0 009:166.208 JLINK_ReadMem(0x00000700, 0x40 Bytes, ...)
T10E0 009:166.246    -- Read from flash cache (64 bytes @ 0x00000700)
T10E0 009:166.266   Data:  02 21 08 A8 00 F0 D2 F8 01 24 04 AD 29 00 08 A8 ...
T10E0 009:166.282 - 0.075ms returns 0
T10E0 009:166.517 JLINK_ReadMem(0x00000680, 0x40 Bytes, ...)
T10E0 009:166.544    -- Read from flash cache (64 bytes @ 0x00000680)
T10E0 009:166.563   Data:  70 47 C0 46 04 40 00 20 70 B5 43 49 43 48 8C B0 ...
T10E0 009:166.579 - 0.063ms returns 0
T10E0 009:166.976 JLINK_ClrBPEx(BPHandle = 0x00000007)
T10E0 009:167.322 - 0.347ms returns 0x00
T10E0 009:167.348 JLINK_SetBPEx(Addr = 0x000006E2, Type = 0xFFFFFF00)
T10E0 009:167.367 - 0.019ms returns 0x00000008
T10E0 009:167.383 JLINK_SetBPEx(Addr = 0x00000700, Type = 0xFFFFFF00)
T10E0 009:167.395 - 0.011ms returns 0x00000009
T10E0 017:350.764 JLINK_ReadReg(XPSR)
T10E0 017:351.104 - 0.338ms returns 0x61000000
T10E0 017:351.492 JLINK_ReadReg(XPSR)
T10E0 017:351.510 - 0.017ms returns 0x61000000
T10E0 017:351.936 JLINK_ClrBPEx(BPHandle = 0x00000008)
T10E0 017:351.948 - 0.013ms returns 0x00
T10E0 017:351.956 JLINK_ClrBPEx(BPHandle = 0x00000009)
T10E0 017:351.962 - 0.005ms returns 0x00
T10E0 017:351.970 JLINK_SetBPEx(Addr = 0x00000700, Type = 0xFFFFFF00)
T10E0 017:351.976 - 0.007ms returns 0x0000000A
T10E0 017:352.100 JLINK_STRACE_Read(..., NumItems = 0x10000)
T10E0 017:352.116 - 0.017ms NumItemsRead = 0x00
T10E0 017:352.128 JLINK_Step()
T10E0 017:352.136    -- Read from flash cache (2 bytes @ 0x000006E2)
T10E0 017:352.146   CPU_ReadMem(4 bytes @ 0xE000ED18)
T10E0 017:352.408   CPU_WriteMem(4 bytes @ 0xE000ED18)
T10E0 017:352.660   CPU_ReadMem(4 bytes @ 0xE000ED18)
T10E0 017:352.982   CPU_WriteMem(4 bytes @ 0xE000ED18)
T10E0 017:353.334   CPU_ReadMem(4 bytes @ 0xE0001004)
T10E0 017:353.720   -- Not simulated
T10E0 017:353.758   CPU_WriteMem(4 bytes @ 0xE0002000)
T10E0 017:354.056   CPU_WriteMem(4 bytes @ 0xE0002008)
T10E0 017:356.908 - 4.778ms returns 0
T10E0 017:357.026 JLINK_ReadReg(XPSR)
T10E0 017:357.056   CPU_ReadMem(4 bytes @ 0xE000EE08)
T10E0 017:357.340 - 0.316ms returns 0x61000000
T10E0 017:358.252 JLINK_ClrBPEx(BPHandle = 0x0000000A)
T10E0 017:358.284 - 0.032ms returns 0x00
T10E0 017:358.302 JLINK_SetBPEx(Addr = 0x00000700, Type = 0xFFFFFF00)
T10E0 017:358.316 - 0.015ms returns 0x0000000B
T10E0 017:358.332 JLINK_SetBPEx(Addr = 0x000006E2, Type = 0xFFFFFF00)
T10E0 017:358.344 - 0.013ms returns 0x0000000C
T10E0 017:358.724 JLINK_ReadReg(XPSR)
T10E0 017:358.752 - 0.028ms returns 0x61000000
T10E0 017:359.152 JLINK_ReadRegs(NumRegs = 22, Indexes: 0, 1, 2, 3, 4, 5, 6, 7, 8, 9, 10, 11, 12, 13, 14, 15, 16, 17, 18, 86, 87, 20)
T10E0 017:359.180    -- R0=0x00, R1=0x20006874, R2=0x3E8, R3=0x00, R4=0x20004220, R5=0x20004254, R6=0x20006A48, R7=0xFFFFFFFF, R8=0x452CC27C, R9=0x4000867C, R10=0xD59807CE, R11=0x172C2423, R12=0x989680, R13 (SP)=0x20006860, R14=0x185, R15 (PC)=0x6E4, XPSR=0x61000000, MSP=0x20006860, PSP=0xEFEE6EEC, MSPLIM=0x00, PSPLIM=0x00, CFBP=0x00
T10E0 017:359.190 - 0.038ms returns 0x00
T10E0 017:359.582 JLINK_STRACE_Read(..., NumItems = 0x10000)
T10E0 017:359.606 - 0.025ms NumItemsRead = 0x00
T10E0 017:359.622 JLINK_IsHalted()
T10E0 017:359.644 - 0.020ms returns TRUE
T10E0 017:359.654 JLINK_STRACE_Read(..., NumItems = 0x10000)
T10E0 017:359.660 - 0.007ms NumItemsRead = 0x00
T10E0 017:359.670 JLINK_GoEx(MaxEmulInsts = 0, Flags = 0x01)
T10E0 017:359.710   CPU_WriteMem(4 bytes @ 0xE0002000)
T10E0 017:359.978   CPU_WriteMem(4 bytes @ 0xE0002000)
T10E0 017:360.240   CPU_ReadMem(4 bytes @ 0xE0001000)
T10E0 017:360.476   CPU_WriteMem(4 bytes @ 0xE000200C)
T10E0 017:361.104 - 1.434ms
T10E0 017:463.500 JLINK_IsHalted()
T10E0 017:465.676 - 2.175ms returns TRUE
T10E0 017:465.698 JLINK_ReadReg(XPSR)
T10E0 017:465.708   CPU_ReadMem(4 bytes @ 0xE000EE08)
T10E0 017:465.966 - 0.267ms returns 0x61000000
T10E0 017:465.974 JLINK_ReadReg(R15 (PC))
T10E0 017:465.980 - 0.006ms returns 0x00000700
T10E0 017:465.988 JLINK_ReadReg(XPSR)
T10E0 017:465.994 - 0.005ms returns 0x61000000
T10E0 017:466.000 JLINK_ReadReg(XPSR)
T10E0 017:466.006 - 0.006ms returns 0x61000000
T10E0 017:466.012 JLINK_ReadReg(R15 (PC))
T10E0 017:466.018 - 0.005ms returns 0x00000700
T10E0 017:466.024 JLINK_ReadReg(XPSR)
T10E0 017:466.028 - 0.005ms returns 0x61000000
T10E0 017:466.036 JLINK_ReadReg(XPSR)
T10E0 017:466.040 - 0.005ms returns 0x61000000
T10E0 017:466.048 JLINK_ReadMem(0x00000700, 0x1 Bytes, ...)
T10E0 017:466.054    -- Read from flash cache (1 bytes @ 0x00000700)
T10E0 017:466.062   Data:  02
T10E0 017:466.070 - 0.023ms returns 0
T10E0 017:466.078 JLINK_IsHalted()
T10E0 017:466.084 - 0.005ms returns TRUE
T10E0 017:466.090 JLINK_ReadReg(XPSR)
T10E0 017:466.100 - 0.010ms returns 0x61000000
T10E0 017:466.106 JLINK_ReadReg(XPSR)
T10E0 017:466.112 - 0.005ms returns 0x61000000
T10E0 017:466.118 JLINK_ReadReg(R15 (PC))
T10E0 017:466.124 - 0.005ms returns 0x00000700
T10E0 017:466.130 JLINK_ReadReg(XPSR)
T10E0 017:466.136 - 0.005ms returns 0x61000000
T10E0 017:466.142 JLINK_ReadReg(XPSR)
T10E0 017:466.148 - 0.005ms returns 0x61000000
T10E0 017:466.154 JLINK_ReadMem(0x00000700, 0x1 Bytes, ...)
T10E0 017:466.158    -- Read from flash cache (1 bytes @ 0x00000700)
T10E0 017:466.166   Data:  02
T10E0 017:466.174 - 0.021ms returns 0
T10E0 017:466.564 JLINK_ReadRegs(NumRegs = 22, Indexes: 0, 1, 2, 3, 4, 5, 6, 7, 8, 9, 10, 11, 12, 13, 14, 15, 16, 17, 18, 86, 87, 20)
T10E0 017:466.592    -- R0=0x20, R1=0x0A, R2=0x01, R3=0xB4, R4=0x20004220, R5=0x20004254, R6=0x20006A48, R7=0xFFFFFFFF, R8=0x452CC27C, R9=0x4000867C, R10=0xD59807CE, R11=0x172C2423, R12=0x00, R13 (SP)=0x20006860, R14=0x3F9B, R15 (PC)=0x700, XPSR=0x61000000, MSP=0x20006860, PSP=0xEFEE6EEC, MSPLIM=0x00, PSPLIM=0x00, CFBP=0x00
T10E0 017:466.602 - 0.036ms returns 0x00
T10E0 017:466.932 JLINK_ReadReg(XPSR)
T10E0 017:466.964 - 0.031ms returns 0x61000000
T10E0 017:467.428 JLINK_ReadMem(0x00000700, 0x40 Bytes, ...)
T10E0 017:467.444    -- Read from flash cache (64 bytes @ 0x00000700)
T10E0 017:467.452   Data:  02 21 08 A8 00 F0 D2 F8 01 24 04 AD 29 00 08 A8 ...
T10E0 017:467.460 - 0.033ms returns 0
T10E0 017:489.194 JLINK_ReadMem(0x00000700, 0x40 Bytes, ...)
T10E0 017:489.244    -- Read from flash cache (64 bytes @ 0x00000700)
T10E0 017:489.262   Data:  02 21 08 A8 00 F0 D2 F8 01 24 04 AD 29 00 08 A8 ...
T10E0 017:489.278 - 0.086ms returns 0
T10E0 017:489.654 JLINK_ReadMem(0x20006880, 0x40 Bytes, ...)
T10E0 017:489.696   CPU_ReadMem(64 bytes @ 0x20006880)
T10E0 017:490.270    -- Updating C cache (64 bytes @ 0x20006880)
T10E0 017:490.288    -- Read from C cache (64 bytes @ 0x20006880)
T10E0 017:490.298   Data:  BD 04 00 00 4D 05 00 00 B1 04 00 00 54 42 00 20 ...
T10E0 017:490.306 - 0.652ms returns 0
T10E0 017:490.502 JLINK_ReadMem(0x00000B80, 0x40 Bytes, ...)
T10E0 017:490.514    -- Read from flash cache (64 bytes @ 0x00000B80)
T10E0 017:490.522   Data:  00 20 10 BD 1F B5 03 6A 4B B1 C4 69 24 78 02 91 ...
T10E0 017:490.530 - 0.028ms returns 0
T10E0 017:505.850 JLINK_ReadReg(XPSR)
T10E0 017:505.906 - 0.056ms returns 0x61000000
T10E0 017:506.392 JLINK_ReadReg(XPSR)
T10E0 017:506.412 - 0.021ms returns 0x61000000
T10E0 017:566.868 JLINK_ReadMem(0x00006440, 0x40 Bytes, ...)
T10E0 017:566.924    -- Read from flash cache (64 bytes @ 0x00006440)
T10E0 017:566.936   Data:  46 47 00 43 00 50 4F 53 49 58 00 2E 00 70 6C 61 ...
T10E0 017:566.946 - 0.077ms returns 0
T10E0 017:567.366 JLINK_ReadMem(0x20006840, 0x40 Bytes, ...)
T10E0 017:567.412   CPU_ReadMem(64 bytes @ 0x20006840)
T10E0 017:568.026    -- Updating C cache (64 bytes @ 0x20006840)
T10E0 017:568.044    -- Read from C cache (64 bytes @ 0x20006840)
T10E0 017:568.052   Data:  C5 62 00 00 54 68 00 20 B4 00 00 00 F7 06 00 00 ...
T10E0 017:568.060 - 0.693ms returns 0
T10E0 017:569.116 JLINK_ReadMem(0x20006880, 0x40 Bytes, ...)
T10E0 017:569.130    -- Read from C cache (64 bytes @ 0x20006880)
T10E0 017:569.140   Data:  BD 04 00 00 4D 05 00 00 B1 04 00 00 54 42 00 20 ...
T10E0 017:569.148 - 0.032ms returns 0
T3600 018:468.424 JLINK_IsHalted()
T3600 018:468.702 - 0.277ms returns TRUE
T3600 018:468.718 JLINK_ReadReg(XPSR)
T3600 018:468.732 - 0.012ms returns 0x61000000
T3600 018:468.738 JLINK_ReadReg(R15 (PC))
T3600 018:468.744 - 0.005ms returns 0x00000700
T3600 018:468.750 JLINK_ReadReg(XPSR)
T3600 018:468.756 - 0.005ms returns 0x61000000
T3600 018:468.764 JLINK_ReadReg(XPSR)
T3600 018:468.768 - 0.005ms returns 0x61000000
T3600 018:468.774 JLINK_ReadReg(R15 (PC))
T3600 018:468.780 - 0.006ms returns 0x00000700
T3600 018:468.788 JLINK_ReadReg(XPSR)
T3600 018:468.792 - 0.005ms returns 0x61000000
T3600 018:468.798 JLINK_ReadReg(XPSR)
T3600 018:468.804 - 0.005ms returns 0x61000000
T3600 018:468.812 JLINK_ReadMem(0x00000700, 0x1 Bytes, ...)
T3600 018:468.824    -- Read from flash cache (1 bytes @ 0x00000700)
T3600 018:468.832   Data:  02
T3600 018:468.840 - 0.029ms returns 0
T3600 018:468.846 JLINK_IsHalted()
T3600 018:468.852 - 0.005ms returns TRUE
T3600 018:468.864 JLINK_ReadReg(XPSR)
T3600 018:468.908 - 0.043ms returns 0x61000000
T3600 018:468.922 JLINK_ReadReg(XPSR)
T3600 018:468.938 - 0.015ms returns 0x61000000
T3600 018:468.944 JLINK_ReadReg(R15 (PC))
T3600 018:468.950 - 0.006ms returns 0x00000700
T3600 018:468.956 JLINK_ReadReg(XPSR)
T3600 018:468.964 - 0.005ms returns 0x61000000
T3600 018:468.970 JLINK_ReadReg(XPSR)
T3600 018:468.974 - 0.005ms returns 0x61000000
T3600 018:468.980 JLINK_ReadMem(0x00000700, 0x1 Bytes, ...)
T3600 018:468.988    -- Read from flash cache (1 bytes @ 0x00000700)
T3600 018:468.996   Data:  02
T3600 018:469.004 - 0.021ms returns 0
T10E0 094:709.552 JLINK_ReadMem(0x00000740, 0x40 Bytes, ...)
T10E0 094:709.568    -- Read from flash cache (64 bytes @ 0x00000740)
T10E0 094:709.584   Data:  00 F0 FE F9 6B 46 6A 46 1B 7A 02 A9 A3 43 08 A8 ...
T10E0 094:709.584 - 0.042ms returns 0
T10E0 094:709.784 JLINK_ReadMem(0x00000680, 0x40 Bytes, ...)
T10E0 094:709.816    -- Read from flash cache (64 bytes @ 0x00000680)
T10E0 094:709.840   Data:  70 47 C0 46 04 40 00 20 70 B5 43 49 43 48 8C B0 ...
T10E0 094:709.848 - 0.063ms returns 0
T10E0 094:710.360 JLINK_ClrBPEx(BPHandle = 0x0000000B)
T10E0 094:710.712 - 0.346ms returns 0x00
T10E0 094:710.736 JLINK_ClrBPEx(BPHandle = 0x0000000C)
T10E0 094:710.784 - 0.040ms returns 0x00
T10E0 094:710.808 JLINK_SetBPEx(Addr = 0x00000700, Type = 0xFFFFFF00)
T10E0 094:710.824 - 0.014ms returns 0x0000000D
T10E0 094:710.856 JLINK_SetBPEx(Addr = 0x000006E2, Type = 0xFFFFFF00)
T10E0 094:710.864 - 0.016ms returns 0x0000000E
T10E0 094:710.888 JLINK_SetBPEx(Addr = 0x0000076A, Type = 0xFFFFFF00)
T10E0 094:710.896 - 0.013ms returns 0x0000000F
T10E0 102:592.072 JLINK_ReadReg(XPSR)
T10E0 102:592.416 - 0.342ms returns 0x61000000
T10E0 102:592.992 JLINK_ReadReg(XPSR)
T10E0 102:593.040 - 0.041ms returns 0x61000000
T10E0 102:593.632 JLINK_ClrBPEx(BPHandle = 0x0000000D)
T10E0 102:593.664 - 0.029ms returns 0x00
T10E0 102:593.680 JLINK_ClrBPEx(BPHandle = 0x0000000E)
T10E0 102:593.696 - 0.018ms returns 0x00
T10E0 102:593.712 JLINK_ClrBPEx(BPHandle = 0x0000000F)
T10E0 102:593.720 - 0.011ms returns 0x00
T10E0 102:593.736 JLINK_SetBPEx(Addr = 0x000006E2, Type = 0xFFFFFF00)
T10E0 102:593.744 - 0.013ms returns 0x00000010
T10E0 102:593.760 JLINK_SetBPEx(Addr = 0x0000076A, Type = 0xFFFFFF00)
T10E0 102:593.776 - 0.011ms returns 0x00000011
T10E0 102:593.984 JLINK_STRACE_Read(..., NumItems = 0x10000)
T10E0 102:594.000 - 0.021ms NumItemsRead = 0x00
T10E0 102:594.024 JLINK_Step()
T10E0 102:594.032    -- Read from flash cache (2 bytes @ 0x00000700)
T10E0 102:594.056   CPU_ReadMem(4 bytes @ 0xE0001004)
T10E0 102:594.384   -- Simulated
T10E0 102:594.416 - 0.390ms returns 0
T10E0 102:594.440 JLINK_ReadReg(XPSR)
T10E0 102:594.456 - 0.014ms returns 0x21000000
T10E0 102:594.872 JLINK_ClrBPEx(BPHandle = 0x00000010)
T10E0 102:594.896 - 0.023ms returns 0x00
T10E0 102:594.912 JLINK_ClrBPEx(BPHandle = 0x00000011)
T10E0 102:594.928 - 0.011ms returns 0x00
T10E0 102:594.936 JLINK_SetBPEx(Addr = 0x000006E2, Type = 0xFFFFFF00)
T10E0 102:594.952 - 0.012ms returns 0x00000012
T10E0 102:594.960 JLINK_SetBPEx(Addr = 0x0000076A, Type = 0xFFFFFF00)
T10E0 102:594.976 - 0.011ms returns 0x00000013
T10E0 102:594.992 JLINK_SetBPEx(Addr = 0x00000700, Type = 0xFFFFFF00)
T10E0 102:594.992 - 0.011ms returns 0x00000014
T10E0 102:595.296 JLINK_ReadReg(XPSR)
T10E0 102:595.320 - 0.026ms returns 0x21000000
T10E0 102:595.704 JLINK_ReadRegs(NumRegs = 22, Indexes: 0, 1, 2, 3, 4, 5, 6, 7, 8, 9, 10, 11, 12, 13, 14, 15, 16, 17, 18, 86, 87, 20)
T10E0 102:595.736    -- R0=0x20, R1=0x02, R2=0x01, R3=0xB4, R4=0x20004220, R5=0x20004254, R6=0x20006A48, R7=0xFFFFFFFF, R8=0x452CC27C, R9=0x4000867C, R10=0xD59807CE, R11=0x172C2423, R12=0x00, R13 (SP)=0x20006860, R14=0x3F9B, R15 (PC)=0x702, XPSR=0x21000000, MSP=0x20006860, PSP=0xEFEE6EEC, MSPLIM=0x00, PSPLIM=0x00, CFBP=0x00
T10E0 102:595.760 - 0.062ms returns 0x00
T10E0 102:596.144 JLINK_STRACE_Read(..., NumItems = 0x10000)
T10E0 102:596.168 - 0.025ms NumItemsRead = 0x00
T10E0 102:596.184 JLINK_IsHalted()
T10E0 102:596.192 - 0.011ms returns TRUE
T10E0 102:596.208 JLINK_STRACE_Read(..., NumItems = 0x10000)
T10E0 102:596.216 - 0.010ms NumItemsRead = 0x00
T10E0 102:596.232 JLINK_GoEx(MaxEmulInsts = 0, Flags = 0x01)
T10E0 102:596.272   CPU_WriteMem(4 bytes @ 0xE0002000)
T10E0 102:596.592   CPU_WriteMem(4 bytes @ 0xE0002000)
T10E0 102:596.912   CPU_WriteMem(4 bytes @ 0xE0002000)
T10E0 102:597.216   CPU_ReadMem(4 bytes @ 0xE0001000)
T10E0 102:597.496   CPU_WriteMem(4 bytes @ 0xE0002008)
T10E0 102:597.520   CPU_WriteMem(4 bytes @ 0xE000200C)
T10E0 102:597.520   CPU_WriteMem(4 bytes @ 0xE0002010)
T10E0 102:598.080   CPU_WriteMem(4 bytes @ 0xE0001004)
T10E0 102:599.064 - 2.837ms
T10E0 102:697.248 JLINK_IsHalted()
T10E0 102:699.440 - 2.195ms returns TRUE
T10E0 102:699.472 JLINK_ReadReg(XPSR)
T10E0 102:699.472   CPU_ReadMem(4 bytes @ 0xE000EE08)
T10E0 102:699.728 - 0.266ms returns 0x81000000
T10E0 102:699.744 JLINK_ReadReg(R15 (PC))
T10E0 102:699.752 - 0.006ms returns 0x0000076A
T10E0 102:699.760 JLINK_ReadReg(XPSR)
T10E0 102:699.760 - 0.006ms returns 0x81000000
T10E0 102:699.768 JLINK_ReadReg(XPSR)
T10E0 102:699.776 - 0.005ms returns 0x81000000
T10E0 102:699.784 JLINK_ReadReg(R15 (PC))
T10E0 102:699.792 - 0.005ms returns 0x0000076A
T10E0 102:699.792 JLINK_ReadReg(XPSR)
T10E0 102:699.800 - 0.005ms returns 0x81000000
T10E0 102:699.800 JLINK_ReadReg(XPSR)
T10E0 102:699.808 - 0.005ms returns 0x81000000
T10E0 102:699.816 JLINK_ReadMem(0x0000076A, 0x1 Bytes, ...)
T10E0 102:699.824    -- Read from flash cache (1 bytes @ 0x0000076A)
T10E0 102:699.832   Data:  1A
T10E0 102:699.840 - 0.024ms returns 0
T10E0 102:699.848 JLINK_IsHalted()
T10E0 102:699.856 - 0.005ms returns TRUE
T10E0 102:699.856 JLINK_ReadReg(XPSR)
T10E0 102:699.864 - 0.005ms returns 0x81000000
T10E0 102:699.872 JLINK_ReadReg(XPSR)
T10E0 102:699.880 - 0.005ms returns 0x81000000
T10E0 102:699.888 JLINK_ReadReg(R15 (PC))
T10E0 102:699.888 - 0.006ms returns 0x0000076A
T10E0 102:699.896 JLINK_ReadReg(XPSR)
T10E0 102:699.896 - 0.005ms returns 0x81000000
T10E0 102:699.904 JLINK_ReadReg(XPSR)
T10E0 102:699.912 - 0.005ms returns 0x81000000
T10E0 102:699.920 JLINK_ReadMem(0x0000076A, 0x1 Bytes, ...)
T10E0 102:699.920    -- Read from flash cache (1 bytes @ 0x0000076A)
T10E0 102:699.928   Data:  1A
T10E0 102:699.944 - 0.021ms returns 0
T10E0 102:700.264 JLINK_ReadRegs(NumRegs = 22, Indexes: 0, 1, 2, 3, 4, 5, 6, 7, 8, 9, 10, 11, 12, 13, 14, 15, 16, 17, 18, 86, 87, 20)
T10E0 102:700.280    -- R0=0x00, R1=0x00, R2=0x80000000, R3=0xC0000000, R4=0x2000686C, R5=0x00, R6=0x20006A48, R7=0xFFFFFFFF, R8=0x452CC27C, R9=0x4000867C, R10=0xD59807CE, R11=0x172C2423, R12=0xF4240, R13 (SP)=0x20006860, R14=0x185, R15 (PC)=0x76A, XPSR=0x81000000, MSP=0x20006860, PSP=0xEFEE6EEC, MSPLIM=0x00, PSPLIM=0x00, CFBP=0x00
T10E0 102:700.296 - 0.034ms returns 0x00
T10E0 102:700.592 JLINK_ReadReg(XPSR)
T10E0 102:700.616 - 0.022ms returns 0x81000000
T10E0 102:701.024 JLINK_ReadMem(0x00000740, 0x40 Bytes, ...)
T10E0 102:701.064    -- Read from flash cache (64 bytes @ 0x00000740)
T10E0 102:701.072   Data:  00 F0 FE F9 6B 46 6A 46 1B 7A 02 A9 A3 43 08 A8 ...
T10E0 102:701.080 - 0.063ms returns 0
T10E0 102:714.752 JLINK_ReadMem(0x00000740, 0x40 Bytes, ...)
T10E0 102:714.784    -- Read from flash cache (64 bytes @ 0x00000740)
T10E0 102:714.792   Data:  00 F0 FE F9 6B 46 6A 46 1B 7A 02 A9 A3 43 08 A8 ...
T10E0 102:714.800 - 0.048ms returns 0
T10E0 102:714.960 JLINK_ReadMem(0x20006880, 0x40 Bytes, ...)
T10E0 102:714.984   CPU_ReadMem(64 bytes @ 0x20006880)
T10E0 102:715.552    -- Updating C cache (64 bytes @ 0x20006880)
T10E0 102:715.568    -- Read from C cache (64 bytes @ 0x20006880)
T10E0 102:715.584   Data:  BD 04 00 00 4D 05 00 00 B1 04 00 00 54 42 00 20 ...
T10E0 102:715.592 - 0.629ms returns 0
T10E0 102:715.752 JLINK_ReadMem(0x00000B80, 0x40 Bytes, ...)
T10E0 102:715.760    -- Read from flash cache (64 bytes @ 0x00000B80)
T10E0 102:715.760   Data:  00 20 10 BD 1F B5 03 6A 4B B1 C4 69 24 78 02 91 ...
T10E0 102:715.776 - 0.025ms returns 0
T10E0 102:730.416 JLINK_ReadReg(XPSR)
T10E0 102:730.472 - 0.047ms returns 0x81000000
T10E0 102:731.056 JLINK_ReadReg(XPSR)
T10E0 102:731.088 - 0.030ms returns 0x81000000
T10E0 102:791.824 JLINK_ReadMem(0x00006440, 0x40 Bytes, ...)
T10E0 102:791.856    -- Read from flash cache (64 bytes @ 0x00006440)
T10E0 102:791.872   Data:  46 47 00 43 00 50 4F 53 49 58 00 2E 00 70 6C 61 ...
T10E0 102:791.880 - 0.047ms returns 0
T10E0 102:792.064 JLINK_ReadMem(0x20006840, 0x40 Bytes, ...)
T10E0 102:792.080   CPU_ReadMem(64 bytes @ 0x20006840)
T10E0 102:792.664    -- Updating C cache (64 bytes @ 0x20006840)
T10E0 102:792.680    -- Read from C cache (64 bytes @ 0x20006840)
T10E0 102:792.688   Data:  00 68 00 20 03 0B 00 00 80 68 00 20 6C 68 00 20 ...
T10E0 102:792.688 - 0.627ms returns 0
T10E0 102:793.168 JLINK_ReadMem(0x20006880, 0x40 Bytes, ...)
T10E0 102:793.192    -- Read from C cache (64 bytes @ 0x20006880)
T10E0 102:793.200   Data:  BD 04 00 00 4D 05 00 00 B1 04 00 00 54 42 00 20 ...
T10E0 102:793.216 - 0.050ms returns 0
T3600 103:631.672 JLINK_IsHalted()
T3600 103:631.920 - 0.249ms returns TRUE
T3600 103:631.944 JLINK_ReadReg(XPSR)
T3600 103:631.952 - 0.011ms returns 0x81000000
T3600 103:631.960 JLINK_ReadReg(R15 (PC))
T3600 103:631.968 - 0.005ms returns 0x0000076A
T3600 103:631.976 JLINK_ReadReg(XPSR)
T3600 103:631.984 - 0.005ms returns 0x81000000
T3600 103:631.984 JLINK_ReadReg(XPSR)
T3600 103:631.992 - 0.005ms returns 0x81000000
T3600 103:632.000 JLINK_ReadReg(R15 (PC))
T3600 103:632.000 - 0.005ms returns 0x0000076A
T3600 103:632.008 JLINK_ReadReg(XPSR)
T3600 103:632.016 - 0.005ms returns 0x81000000
T3600 103:632.016 JLINK_ReadReg(XPSR)
T3600 103:632.024 - 0.005ms returns 0x81000000
T3600 103:632.032 JLINK_ReadMem(0x0000076A, 0x1 Bytes, ...)
T3600 103:632.040    -- Read from flash cache (1 bytes @ 0x0000076A)
T3600 103:632.048   Data:  1A
T3600 103:632.056 - 0.024ms returns 0
T3600 103:632.064 JLINK_IsHalted()
T3600 103:632.072 - 0.005ms returns TRUE
T3600 103:632.080 JLINK_ReadReg(XPSR)
T3600 103:632.080 - 0.005ms returns 0x81000000
T3600 103:632.088 JLINK_ReadReg(XPSR)
T3600 103:632.096 - 0.005ms returns 0x81000000
T3600 103:632.096 JLINK_ReadReg(R15 (PC))
T3600 103:632.104 - 0.005ms returns 0x0000076A
T3600 103:632.112 JLINK_ReadReg(XPSR)
T3600 103:632.112 - 0.005ms returns 0x81000000
T3600 103:632.120 JLINK_ReadReg(XPSR)
T3600 103:632.128 - 0.005ms returns 0x81000000
T3600 103:632.136 JLINK_ReadMem(0x0000076A, 0x1 Bytes, ...)
T3600 103:632.144    -- Read from flash cache (1 bytes @ 0x0000076A)
T3600 103:632.144   Data:  1A
T3600 103:632.152 - 0.021ms returns 0
T10E0 113:802.304 JLINK_ReadReg(XPSR)
T10E0 113:802.712 - 0.401ms returns 0x81000000
T10E0 113:803.376 JLINK_ReadReg(XPSR)
T10E0 113:803.416 - 0.035ms returns 0x81000000
T10E0 113:804.224 JLINK_ClrBPEx(BPHandle = 0x00000012)
T10E0 113:804.288 - 0.056ms returns 0x00
T10E0 113:804.304 JLINK_ClrBPEx(BPHandle = 0x00000013)
T10E0 113:804.312 - 0.014ms returns 0x00
T10E0 113:804.328 JLINK_ClrBPEx(BPHandle = 0x00000014)
T10E0 113:804.336 - 0.013ms returns 0x00
T10E0 113:804.368 JLINK_SetBPEx(Addr = 0x000006E2, Type = 0xFFFFFF00)
T10E0 113:804.376 - 0.018ms returns 0x00000015
T10E0 113:804.400 JLINK_SetBPEx(Addr = 0x00000700, Type = 0xFFFFFF00)
T10E0 113:804.416 - 0.013ms returns 0x00000016
T10E0 113:804.752 JLINK_STRACE_Read(..., NumItems = 0x10000)
T10E0 113:804.776 - 0.026ms NumItemsRead = 0x00
T10E0 113:804.800 JLINK_Step()
T10E0 113:804.800    -- Read from flash cache (2 bytes @ 0x0000076A)
T10E0 113:804.824   CPU_ReadMem(4 bytes @ 0xE0001004)
T10E0 113:805.120    -- Read from flash cache (4 bytes @ 0x000007D4)
T10E0 113:805.144   -- Simulated
T10E0 113:805.160 - 0.361ms returns 0
T10E0 113:805.184 JLINK_ReadReg(XPSR)
T10E0 113:805.200 - 0.012ms returns 0x81000000
T10E0 113:805.632 JLINK_ClrBPEx(BPHandle = 0x00000015)
T10E0 113:805.656 - 0.018ms returns 0x00
T10E0 113:805.656 JLINK_ClrBPEx(BPHandle = 0x00000016)
T10E0 113:805.672 - 0.006ms returns 0x00
T10E0 113:805.672 JLINK_SetBPEx(Addr = 0x000006E2, Type = 0xFFFFFF00)
T10E0 113:805.680 - 0.007ms returns 0x00000017
T10E0 113:805.680 JLINK_SetBPEx(Addr = 0x00000700, Type = 0xFFFFFF00)
T10E0 113:805.696 - 0.005ms returns 0x00000018
T10E0 113:805.696 JLINK_SetBPEx(Addr = 0x0000076A, Type = 0xFFFFFF00)
T10E0 113:805.712 - 0.005ms returns 0x00000019
T10E0 113:805.936 JLINK_ReadReg(XPSR)
T10E0 113:805.968 - 0.021ms returns 0x81000000
T10E0 113:806.272 JLINK_ReadRegs(NumRegs = 22, Indexes: 0, 1, 2, 3, 4, 5, 6, 7, 8, 9, 10, 11, 12, 13, 14, 15, 16, 17, 18, 86, 87, 20)
T10E0 113:806.296    -- R0=0x00, R1=0x00, R2=0x80000000, R3=0xC0000000, R4=0x2000686C, R5=0x00, R6=0x2000420C, R7=0xFFFFFFFF, R8=0x452CC27C, R9=0x4000867C, R10=0xD59807CE, R11=0x172C2423, R12=0xF4240, R13 (SP)=0x20006860, R14=0x185, R15 (PC)=0x76C, XPSR=0x81000000, MSP=0x20006860, PSP=0xEFEE6EEC, MSPLIM=0x00, PSPLIM=0x00, CFBP=0x00
T10E0 113:806.312 - 0.035ms returns 0x00
T10E0 113:806.640 JLINK_STRACE_Read(..., NumItems = 0x10000)
T10E0 113:806.656 - 0.016ms NumItemsRead = 0x00
T10E0 113:806.672 JLINK_IsHalted()
T10E0 113:806.672 - 0.006ms returns TRUE
T10E0 113:806.680 JLINK_STRACE_Read(..., NumItems = 0x10000)
T10E0 113:806.680 - 0.005ms NumItemsRead = 0x00
T10E0 113:806.696 JLINK_GoEx(MaxEmulInsts = 0, Flags = 0x01)
T10E0 113:806.704   CPU_WriteMem(4 bytes @ 0xE0002000)
T10E0 113:806.976   CPU_WriteMem(4 bytes @ 0xE0002000)
T10E0 113:807.192   CPU_WriteMem(4 bytes @ 0xE0002000)
T10E0 113:807.440   CPU_ReadMem(4 bytes @ 0xE0001000)
T10E0 113:807.664   CPU_WriteMem(4 bytes @ 0xE000200C)
T10E0 113:807.680   CPU_WriteMem(4 bytes @ 0xE0002010)
T10E0 113:808.080   CPU_WriteMem(4 bytes @ 0xE0001004)
T10E0 113:808.960 - 2.269ms
T10E0 113:916.952 JLINK_IsHalted()
T10E0 113:917.232 - 0.277ms returns FALSE
T10E0 113:917.232 JLINK_IsHalted()
T10E0 113:917.440 - 0.199ms returns FALSE
T10E0 114:025.968 JLINK_IsHalted()
T10E0 114:026.224 - 0.254ms returns FALSE
T10E0 114:026.224 JLINK_IsHalted()
T10E0 114:026.432 - 0.206ms returns FALSE
T10E0 114:134.976 JLINK_IsHalted()
T10E0 114:137.496 - 2.514ms returns TRUE
T10E0 114:137.552 JLINK_ReadReg(XPSR)
T10E0 114:137.560   CPU_ReadMem(4 bytes @ 0xE000EE08)
T10E0 114:137.896 - 0.349ms returns 0x81000000
T10E0 114:137.936 JLINK_ReadReg(R15 (PC))
T10E0 114:137.960 - 0.018ms returns 0x0000076A
T10E0 114:138.032 JLINK_ReadReg(XPSR)
T10E0 114:138.064 - 0.028ms returns 0x81000000
T10E0 114:138.088 JLINK_ReadReg(XPSR)
T10E0 114:138.096 - 0.011ms returns 0x81000000
T10E0 114:138.096 JLINK_ReadReg(R15 (PC))
T10E0 114:138.112 - 0.011ms returns 0x0000076A
T10E0 114:138.128 JLINK_ReadReg(XPSR)
T10E0 114:138.136 - 0.011ms returns 0x81000000
T10E0 114:138.152 JLINK_ReadReg(XPSR)
T10E0 114:138.160 - 0.010ms returns 0x81000000
T10E0 114:138.176 JLINK_ReadMem(0x0000076A, 0x1 Bytes, ...)
T10E0 114:138.192    -- Read from flash cache (1 bytes @ 0x0000076A)
T10E0 114:138.200   Data:  1A
T10E0 114:138.216 - 0.044ms returns 0
T10E0 114:138.224 JLINK_IsHalted()
T10E0 114:138.240 - 0.010ms returns TRUE
T10E0 114:138.256 JLINK_ReadReg(XPSR)
T10E0 114:138.264 - 0.011ms returns 0x81000000
T10E0 114:138.280 JLINK_ReadReg(XPSR)
T10E0 114:138.288 - 0.011ms returns 0x81000000
T10E0 114:138.304 JLINK_ReadReg(R15 (PC))
T10E0 114:138.320 - 0.011ms returns 0x0000076A
T10E0 114:138.328 JLINK_ReadReg(XPSR)
T10E0 114:138.328 - 0.011ms returns 0x81000000
T10E0 114:138.344 JLINK_ReadReg(XPSR)
T10E0 114:138.352 - 0.010ms returns 0x81000000
T10E0 114:138.368 JLINK_ReadMem(0x0000076A, 0x1 Bytes, ...)
T10E0 114:138.384    -- Read from flash cache (1 bytes @ 0x0000076A)
T10E0 114:138.392   Data:  1A
T10E0 114:138.408 - 0.040ms returns 0
T10E0 114:139.176 JLINK_ReadRegs(NumRegs = 22, Indexes: 0, 1, 2, 3, 4, 5, 6, 7, 8, 9, 10, 11, 12, 13, 14, 15, 16, 17, 18, 86, 87, 20)
T10E0 114:139.224    -- R0=0x00, R1=0x00, R2=0x80000000, R3=0xC0000000, R4=0x2000686C, R5=0x408FAD72, R6=0x2000420C, R7=0xFFFFFFFF, R8=0x452CC27C, R9=0x4000867C, R10=0xD59807CE, R11=0x172C2423, R12=0xF4240, R13 (SP)=0x20006860, R14=0x185, R15 (PC)=0x76A, XPSR=0x81000000, MSP=0x20006860, PSP=0xEFEE6EEC, MSPLIM=0x00, PSPLIM=0x00, CFBP=0x00
T10E0 114:139.248 - 0.086ms returns 0x00
T10E0 114:139.816 JLINK_ReadReg(XPSR)
T10E0 114:139.856 - 0.032ms returns 0x81000000
T10E0 114:140.392 JLINK_ReadMem(0x00000740, 0x40 Bytes, ...)
T10E0 114:140.416    -- Read from flash cache (64 bytes @ 0x00000740)
T10E0 114:140.432   Data:  00 F0 FE F9 6B 46 6A 46 1B 7A 02 A9 A3 43 08 A8 ...
T10E0 114:140.440 - 0.055ms returns 0
T10E0 114:154.576 JLINK_ReadMem(0x00000740, 0x40 Bytes, ...)
T10E0 114:154.608    -- Read from flash cache (64 bytes @ 0x00000740)
T10E0 114:154.608   Data:  00 F0 FE F9 6B 46 6A 46 1B 7A 02 A9 A3 43 08 A8 ...
T10E0 114:154.624 - 0.047ms returns 0
T10E0 114:154.816 JLINK_ReadMem(0x20006880, 0x40 Bytes, ...)
T10E0 114:154.832   CPU_ReadMem(64 bytes @ 0x20006880)
T10E0 114:155.416    -- Updating C cache (64 bytes @ 0x20006880)
T10E0 114:155.432    -- Read from C cache (64 bytes @ 0x20006880)
T10E0 114:155.440   Data:  BD 04 00 00 4D 05 00 00 B1 04 00 00 54 42 00 20 ...
T10E0 114:155.456 - 0.641ms returns 0
T10E0 114:155.648 JLINK_ReadMem(0x00000B80, 0x40 Bytes, ...)
T10E0 114:155.664    -- Read from flash cache (64 bytes @ 0x00000B80)
T10E0 114:155.664   Data:  00 20 10 BD 1F B5 03 6A 4B B1 C4 69 24 78 02 91 ...
T10E0 114:155.672 - 0.024ms returns 0
T10E0 114:174.992 JLINK_ReadReg(XPSR)
T10E0 114:175.040 - 0.049ms returns 0x81000000
T10E0 114:175.568 JLINK_ReadReg(XPSR)
T10E0 114:175.616 - 0.046ms returns 0x81000000
T10E0 114:232.624 JLINK_ReadMem(0x00006440, 0x40 Bytes, ...)
T10E0 114:232.680    -- Read from flash cache (64 bytes @ 0x00006440)
T10E0 114:232.688   Data:  46 47 00 43 00 50 4F 53 49 58 00 2E 00 70 6C 61 ...
T10E0 114:232.704 - 0.080ms returns 0
T10E0 114:232.944 JLINK_ReadMem(0x20006840, 0x40 Bytes, ...)
T10E0 114:232.976   CPU_ReadMem(64 bytes @ 0x20006840)
T10E0 114:233.560    -- Updating C cache (64 bytes @ 0x20006840)
T10E0 114:233.576    -- Read from C cache (64 bytes @ 0x20006840)
T10E0 114:233.584   Data:  00 62 00 00 03 68 00 20 00 00 00 80 6C 68 00 20 ...
T10E0 114:233.600 - 0.645ms returns 0
T10E0 114:234.368 JLINK_ReadMem(0x20006880, 0x40 Bytes, ...)
T10E0 114:234.408    -- Read from C cache (64 bytes @ 0x20006880)
T10E0 114:234.416   Data:  BD 04 00 00 4D 05 00 00 B1 04 00 00 54 42 00 20 ...
T10E0 114:234.432 - 0.070ms returns 0
T3600 115:141.992 JLINK_IsHalted()
T3600 115:142.288 - 0.288ms returns TRUE
T3600 115:142.296 JLINK_ReadReg(XPSR)
T3600 115:142.312 - 0.011ms returns 0x81000000
T3600 115:142.320 JLINK_ReadReg(R15 (PC))
T3600 115:142.320 - 0.006ms returns 0x0000076A
T3600 115:142.336 JLINK_ReadReg(XPSR)
T3600 115:142.336 - 0.005ms returns 0x81000000
T3600 115:142.352 JLINK_ReadReg(XPSR)
T3600 115:142.352 - 0.005ms returns 0x81000000
T3600 115:142.360 JLINK_ReadReg(R15 (PC))
T3600 115:142.360 - 0.005ms returns 0x0000076A
T3600 115:142.376 JLINK_ReadReg(XPSR)
T3600 115:142.376 - 0.005ms returns 0x81000000
T3600 115:142.384 JLINK_ReadReg(XPSR)
T3600 115:142.384 - 0.005ms returns 0x81000000
T3600 115:142.384 JLINK_ReadMem(0x0000076A, 0x1 Bytes, ...)
T3600 115:142.400    -- Read from flash cache (1 bytes @ 0x0000076A)
T3600 115:142.416   Data:  1A
T3600 115:142.416 - 0.023ms returns 0
T3600 115:142.424 JLINK_IsHalted()
T3600 115:142.424 - 0.005ms returns TRUE
T3600 115:142.440 JLINK_ReadReg(XPSR)
T3600 115:142.440 - 0.005ms returns 0x81000000
T3600 115:142.448 JLINK_ReadReg(XPSR)
T3600 115:142.448 - 0.005ms returns 0x81000000
T3600 115:142.464 JLINK_ReadReg(R15 (PC))
T3600 115:142.464 - 0.005ms returns 0x0000076A
T3600 115:142.464 JLINK_ReadReg(XPSR)
T3600 115:142.480 - 0.005ms returns 0x81000000
T3600 115:142.480 JLINK_ReadReg(XPSR)
T3600 115:142.488 - 0.005ms returns 0x81000000
T3600 115:142.488 JLINK_ReadMem(0x0000076A, 0x1 Bytes, ...)
T3600 115:142.504    -- Read from flash cache (1 bytes @ 0x0000076A)
T3600 115:142.512   Data:  1A
T3600 115:142.512 - 0.027ms returns 0
T10E0 325:388.256 JLINK_ReadMem(0x00000A40, 0x40 Bytes, ...)
T10E0 325:388.288    -- Read from flash cache (64 bytes @ 0x00000A40)
T10E0 325:388.320   Data:  7F 21 8A 43 13 43 EA 78 6F 39 97 07 FF 0F 12 01 ...
T10E0 325:388.320 - 0.056ms returns 0
T10E0 325:452.320 JLINK_ReadMem(0x00000A40, 0x40 Bytes, ...)
T10E0 325:452.352    -- Read from flash cache (64 bytes @ 0x00000A40)
T10E0 325:452.384   Data:  7F 21 8A 43 13 43 EA 78 6F 39 97 07 FF 0F 12 01 ...
T10E0 325:452.416 - 0.081ms returns 0
T10E0 354:947.584 JLINK_ReadMem(0x00000980, 0x40 Bytes, ...)
T10E0 354:947.616    -- Read from flash cache (64 bytes @ 0x00000980)
T10E0 354:947.648   Data:  40 21 92 01 0A 40 13 43 02 AA 12 78 92 06 D2 0F ...
T10E0 354:947.648 - 0.050ms returns 0
T10E0 354:998.240 JLINK_ReadMem(0x00000980, 0x40 Bytes, ...)
T10E0 354:998.336    -- Read from flash cache (64 bytes @ 0x00000980)
T10E0 354:998.336   Data:  40 21 92 01 0A 40 13 43 02 AA 12 78 92 06 D2 0F ...
T10E0 354:998.368 - 0.113ms returns 0
