T7D9AC 000:000.511   SEGGER J-Link V7.96a Log File
T7D9AC 000:000.644   DLL Compiled: Mar 14 2024 17:11:32
T7D9AC 000:000.650   Logging started @ 2024-05-08 15:59
T7D9AC 000:000.656   Process: C:\Users\a8456\.eclipse\com.renesas.platform_766579204\DebugComp\RA\e2-server-gdb.exe
T7D9AC 000:000.663 - 0.661ms
T7D9AC 000:000.675 JLINK_GetDLLVersion()
T7D9AC 000:000.682 - 0.006ms returns 79601
T7D9AC 000:001.078 JLINK_OpenEx(...)
T7D9AC 000:005.507   Firmware: J-Link V9 compiled May  7 2021 16:26:12
T7D9AC 000:006.013   Firmware: J-Link V9 compiled May  7 2021 16:26:12
T7D9AC 000:006.156   Decompressing FW timestamp took 97 us
T7D9AC 000:011.524   Hardware: V9.60
T7D9AC 000:011.548   S/N: 69660718
T7D9AC 000:011.556   OEM: SEGGER
T7D9AC 000:011.564   Feature(s): RDI, GDB, FlashDL, FlashBP, JFlash
T7D9AC 000:012.018   Bootloader: (Could not read)
T7D9AC 000:012.628   TELNET listener socket opened on port 19021
T7D9AC 000:012.775   WEBSRV WEBSRV_Init(): Starting webserver thread(s)
T7D9AC 000:012.913   WEBSRV Webserver running on local port 19080
T7D9AC 000:013.029   Looking for J-Link GUI Server exe at: C:\Users\a8456\.eclipse\com.renesas.platform_766579204\DebugComp\RA\ARM\Segger_v7.96.1\JLinkGUIServer.exe
T7D9AC 000:013.119   Looking for J-Link GUI Server exe at: C:\Program Files\SEGGER\JLink\JLinkGUIServer.exe
T7D9AC 000:013.149   Forking J-Link GUI Server: C:\Program Files\SEGGER\JLink\JLinkGUIServer.exe
T7D9AC 000:113.348   J-Link GUI Server info: "J-Link GUI server V7.88i "
T7D9AC 000:113.737 - 112.654ms returns "O.K."
T7D9AC 000:114.087 JLINK_ExecCommand("ProjectFile=C:\Users\a8456\e2_studio\workspace_5.3\RA0E1_LED/RA0E1_LED Debug_Flat.jlink", ...). 
T7D9AC 000:128.208 - 14.123ms returns 0x00
T7D9AC 000:128.487 JLINK_ExecCommand("device=R7FA0E107", ...). 
T7D9AC 000:129.396   Flash bank @ 0x00000000: SFL: Parsing sectorization info from ELF file
T7D9AC 000:129.413     FlashDevice.SectorInfo[0]: .SectorSize = 0x00000800, .SectorStartAddr = 0x00000000
T7D9AC 000:129.458   Flash bank @ 0x40100000: SFL: Parsing sectorization info from ELF file
T7D9AC 000:129.466     FlashDevice.SectorInfo[0]: .SectorSize = 0x00000100, .SectorStartAddr = 0x00000000
T7D9AC 000:129.475   FlashBank @0x40100000: Sectorization info from SFL ELF file ignored because sectorization override from DLL / XML file is active.
T7D9AC 000:129.488   Device "R7FA0E107" selected.
T7D9AC 000:129.939 - 1.441ms returns 0x00
T7D9AC 000:129.984 JLINK_ExecCommand("SetCPUConnectIDCODE = FFFFFFFFFFFFFFFFFFFFFFFFFFFFFFFF", ...). 
T7D9AC 000:129.995 - 0.002ms returns 0x00
T7D9AC 000:130.026 JLINK_TIF_GetAvailable(...)
T7D9AC 000:130.184 - 0.182ms
T7D9AC 000:130.195 JLINK_TIF_Select(JLINKARM_TIF_SWD)
T7D9AC 000:130.595 - 0.400ms returns 0x00
T7D9AC 000:130.604 JLINK_SetSpeed(4000)
T7D9AC 000:130.656 - 0.053ms
T7D9AC 000:130.664 JLINK_SetEndian(ARM_ENDIAN_LITTLE)
T7D9AC 000:130.670 - 0.005ms returns 0
T7D9AC 000:130.676 JLINK_SetInitRegsOnReset(OFF)
T7D9AC 000:130.681 - 0.005ms returns 1
T7D9AC 000:130.688 JLINK_SetResetType(JLINKARM_RESET_TYPE_NO_RESET)
T7D9AC 000:130.694 - 0.005ms returns JLINKARM_RESET_TYPE_NORMAL
T7D9AC 000:130.701 JLINK_ExecCommand("EnableFlashBPs", ...). 
T7D9AC 000:130.708 - 0.000ms returns 0x00
T7D9AC 000:130.715 JLINK_ExecCommand("SetAllowFlashCache = 1", ...). 
T7D9AC 000:130.722 - 0.000ms returns 0x01
T7D9AC 000:130.729 JLINK_ExecCommand("SetRestartOnClose = 0", ...). 
T7D9AC 000:130.736 - 0.000ms returns 0x01
T7D9AC 000:130.744 JLINK_EnableSoftBPs(ON)
T7D9AC 000:130.749 - 0.006ms
T7D9AC 000:130.756 JLINK_Connect()
T7D9AC 000:130.920   InitTarget() start
T7D9AC 000:130.939    J-Link Script File: Executing InitTarget()
T7D9AC 000:130.948   Identifying target device...
T7D9AC 000:130.956   SWD selected. Executing JTAG -> SWD switching sequence...
T7D9AC 000:131.395   Initializing DAP...
T7D9AC 000:132.135   DAP initialized successfully.
T7D9AC 000:133.168   Low power mode detected. Waking device from low power mode.
T7D9AC 000:134.517   InitTarget() end - Took 3.57ms
T7D9AC 000:134.968   Found SW-DP with ID 0x5BA02477
T7D9AC 000:136.582   DPIDR: 0x5BA02477
T7D9AC 000:136.598   CoreSight SoC-400 or earlier
T7D9AC 000:136.606   Scanning AP map to find all available APs
T7D9AC 000:137.226   AP[2]: Stopped AP scan as end of AP map has been reached
T7D9AC 000:137.238   AP[0]: AHB-AP (IDR: 0x74770001)
T7D9AC 000:137.247   AP[1]: APB-AP (IDR: 0x44770002)
T7D9AC 000:137.255   Iterating through AP map to find AHB-AP to use
T7D9AC 000:138.012   AP[0]: Core found
T7D9AC 000:138.022   AP[0]: AHB-AP ROM base: 0x4001A000
T7D9AC 000:138.387   CPUID register: 0x411CD200. Implementer code: 0x41 (ARM)
T7D9AC 000:138.396   Feature set: Baseline
T7D9AC 000:138.768   Cache: No cache
T7D9AC 000:138.801   Found Cortex-M23 r1p0, Little endian.
T7D9AC 000:139.059   -- Max. mem block: 0x00010C40
T7D9AC 000:139.456   
  ***** Warning: 
T7D9AC 000:139.467   Cortex-M (ARMv8-M and later): The connected J-Link (S/N 69660718) uses an old firmware module that does not handle I/D-cache correctly. Proper debugging functionality cannot be guaranteed if cache is enabled
T7D9AC 000:139.481   CPU_ReadMem(4 bytes @ 0xE000EDF0)
T7D9AC 000:139.709   CPU_ReadMem(4 bytes @ 0xE0002000)
T7D9AC 000:139.995   FPUnit: 4 code (BP) slots and 0 literal slots
T7D9AC 000:140.013   CPU_ReadMem(4 bytes @ 0xE000EDFC)
T7D9AC 000:140.232   CPU_ReadMem(4 bytes @ 0xE0001000)
T7D9AC 000:140.447   CPU_ReadMem(4 bytes @ 0xE0001000)
T7D9AC 000:140.648   CPU_ReadMem(4 bytes @ 0xE0001028)
T7D9AC 000:140.850   CPU_ReadMem(4 bytes @ 0xE0001038)
T7D9AC 000:141.072   CPU_WriteMem(4 bytes @ 0xE0001000)
T7D9AC 000:141.296   CPU_ReadMem(4 bytes @ 0xE000ED88)
T7D9AC 000:141.495   CPU_WriteMem(4 bytes @ 0xE000ED88)
T7D9AC 000:141.727   CPU_ReadMem(4 bytes @ 0xE000ED88)
T7D9AC 000:141.993   CPU_WriteMem(4 bytes @ 0xE000ED88)
T7D9AC 000:142.207   CPU_ReadMem(4 bytes @ 0xE000EFB8)
T7D9AC 000:142.433   Security extension: not implemented
T7D9AC 000:142.442   CoreSight components:
T7D9AC 000:142.450   ROMTbl[0] @ 4001A000
T7D9AC 000:142.459   CPU_ReadMem(64 bytes @ 0x4001A000)
T7D9AC 000:142.947   CPU_ReadMem(32 bytes @ 0xE000EFE0)
T7D9AC 000:143.317   CPU_ReadMem(4 bytes @ 0xE000EFBC)
T7D9AC 000:143.539   CPU_ReadMem(4 bytes @ 0xE000EFCC)
T7D9AC 000:143.845   [0][0]: E000E000 CID B105900D PID 000BBD20 DEVARCH 47702A04 DEVTYPE 00 Cortex-M23
T7D9AC 000:143.859   CPU_ReadMem(32 bytes @ 0xE0001FE0)
T7D9AC 000:144.221   CPU_ReadMem(4 bytes @ 0xE0001FBC)
T7D9AC 000:144.474   CPU_ReadMem(4 bytes @ 0xE0001FCC)
T7D9AC 000:144.732   [0][1]: E0001000 CID B105900D PID 000BBD20 DEVARCH 47701A02 DEVTYPE 00 DWT
T7D9AC 000:144.749   CPU_ReadMem(32 bytes @ 0xE0002FE0)
T7D9AC 000:145.116   CPU_ReadMem(4 bytes @ 0xE0002FBC)
T7D9AC 000:145.343   CPU_ReadMem(4 bytes @ 0xE0002FCC)
T7D9AC 000:145.571   [0][2]: E0002000 CID B105900D PID 000BBD20 DEVARCH 47701A03 DEVTYPE 00 FPB
T7D9AC 000:145.602   CPU_ReadMem(32 bytes @ 0x40019FE0)
T7D9AC 000:145.939   CPU_ReadMem(4 bytes @ 0x40019FBC)
T7D9AC 000:146.188   CPU_ReadMem(4 bytes @ 0x40019FCC)
T7D9AC 000:146.410   [0][3]: 40019000 CID B105900D PID 000BBD20 DEVARCH 47710A31 DEVTYPE 31 MTB
T7D9AC 000:146.445 - 15.688ms returns 0x00
T7D9AC 000:146.457 JLINK_Halt()
T7D9AC 000:148.494 - 2.036ms returns 0x00
T7D9AC 000:148.509 JLINK_IsHalted()
T7D9AC 000:148.520 - 0.010ms returns TRUE
T7D9AC 000:148.529 JLINK_ResetPullsRESET(ON)
T7D9AC 000:148.534 - 0.005ms
T7D9AC 000:148.571 JLINK_Reset()
T7D9AC 000:148.589   CPU_WriteMem(4 bytes @ 0xE000EDF0)
T7D9AC 000:148.828   CPU_ReadMem(4 bytes @ 0xE000ED44)
T7D9AC 000:149.073   CPU_WriteMem(4 bytes @ 0xE000EDFC)
T7D9AC 000:149.332   Reset: Halt core after reset via DEMCR.VC_CORERESET.
T7D9AC 000:149.582   Reset: Reset device via AIRCR.SYSRESETREQ.
T7D9AC 000:149.592   CPU_WriteMem(4 bytes @ 0xE000ED0C)
T7D9AC 000:202.301   CPU_ReadMem(4 bytes @ 0xE000EDF0)
T7D9AC 000:202.521   CPU_ReadMem(4 bytes @ 0xE000EDF0)
T7D9AC 000:202.747   CPU_WriteMem(4 bytes @ 0xE000EDFC)
T7D9AC 000:208.728   CPU_ReadMem(4 bytes @ 0xE000EDF0)
T7D9AC 000:210.982   CPU_WriteMem(4 bytes @ 0xE0002000)
T7D9AC 000:211.230   CPU_ReadMem(4 bytes @ 0xE000EDFC)
T7D9AC 000:211.472   CPU_ReadMem(4 bytes @ 0xE0001000)
T7D9AC 000:211.697   CPU_WriteMem(4 bytes @ 0xE0001000)
T7D9AC 000:211.916   CPU_ReadMem(4 bytes @ 0xE000EE08)
T7D9AC 000:212.158 - 63.586ms
T7D9AC 000:212.210 JLINK_ReadMem(0x01011080, 0x10 Bytes, ...)
T7D9AC 000:212.221   CPU_ReadMem(16 bytes @ 0x01011080)
T7D9AC 000:212.487   Data:  4A 46 43 33 37 30 31 45 30 41 46 37 52 20 20 20
T7D9AC 000:212.497 - 0.287ms returns 0
T7D9AC 000:212.510 JLINK_IsHalted()
T7D9AC 000:212.516 - 0.005ms returns TRUE
T7D9AC 000:212.693 JLINK_MeasureCPUSpeed(RAMAddr = 0xFFFFFFFF)
T7D9AC 000:212.701   CPU_ReadMem(16 bytes @ 0x20004000)
T7D9AC 000:213.093   CPU_ReadMem(64 bytes @ 0x20004000)
T7D9AC 000:213.591    -- Updating C cache (64 bytes @ 0x20004000)
T7D9AC 000:213.601    -- Read from C cache (6 bytes @ 0x20004000)
T7D9AC 000:213.610   CPU_ReadMem(4 bytes @ 0x40019004)
T7D9AC 000:213.825   CPU_ReadMem(4 bytes @ 0xE000ED90)
T7D9AC 000:214.059   CPU_WriteMem(16 bytes @ 0x20004000)
T7D9AC 000:214.322   CPU_WriteMem(6 bytes @ 0x20004000)
T7D9AC 000:214.587   CPU_ReadMem(64 bytes @ 0x20004000)
T7D9AC 000:215.094    -- Updating C cache (64 bytes @ 0x20004000)
T7D9AC 000:215.104    -- Read from C cache (6 bytes @ 0x20004000)
T7D9AC 000:215.117   CPU_ReadMem(4 bytes @ 0xE000EE08)
T7D9AC 000:215.341   CPU_WriteMem(4 bytes @ 0xE0002008)
T7D9AC 000:215.350   CPU_WriteMem(4 bytes @ 0xE000200C)
T7D9AC 000:215.358   CPU_WriteMem(4 bytes @ 0xE0002010)
T7D9AC 000:215.366   CPU_WriteMem(4 bytes @ 0xE0002014)
T7D9AC 000:220.099   CPU_WriteMem(4 bytes @ 0xE0002008)
T7D9AC 000:220.345   CPU_WriteMem(4 bytes @ 0xE000200C)
T7D9AC 000:220.559   CPU_WriteMem(4 bytes @ 0xE0002010)
T7D9AC 000:220.820   CPU_WriteMem(4 bytes @ 0xE0002014)
T7D9AC 000:221.046   CPU_ReadMem(4 bytes @ 0xE000EE08)
T7D9AC 000:221.247   CPU_ReadMem(4 bytes @ 0xE000EE08)
T7D9AC 000:221.446   CPU_ReadMem(4 bytes @ 0xE000EE08)
T7D9AC 000:246.247   CPU_WriteMem(6 bytes @ 0x20004000)
T7D9AC 000:246.535   ClockFreq: 4000800 Hz
T7D9AC 000:246.553 - 33.859ms returns 4000800
T7D9AC 000:246.629 JLINK_ReadReg(XPSR)
T7D9AC 000:246.638   CPU_ReadMem(4 bytes @ 0xE000EE08)
T7D9AC 000:246.890 - 0.261ms returns 0x21000000
T8A598 002:309.073 JLINK_ReadReg(XPSR)
T8A598 002:309.382   CPU_ReadMem(4 bytes @ 0xE000EE08)
T8A598 002:309.634 - 0.554ms returns 0x21000000
T8A598 002:333.420 JLINK_ReadReg(XPSR)
T8A598 002:333.497 - 0.077ms returns 0x21000000
T8A598 002:393.121 JLINK_ReadReg(XPSR)
T8A598 002:393.154 - 0.032ms returns 0x21000000
T8A598 002:483.212 JLINK_SetEndian(ARM_ENDIAN_LITTLE)
T8A598 002:483.242 - 0.030ms returns 0
T8A598 002:483.374 JLINK_BeginDownload(Flags = 0x00000000)
T8A598 002:483.384 - 0.010ms
T8A598 002:499.809 JLINK_WriteMem(0x00000000, 0x934 Bytes, ...)
T8A598 002:499.831   Data:  38 45 00 20 A9 01 00 00 C1 00 00 00 A5 01 00 00 ...
T8A598 002:500.076   completely In flash
T8A598 002:500.089 - 0.279ms returns 0x934
T8A598 002:500.368 JLINK_WriteMem(0x00000934, 0x8 Bytes, ...)
T8A598 002:500.388   Data:  89 04 00 00 59 04 00 00
T8A598 002:500.399   completely In flash
T8A598 002:500.407 - 0.039ms returns 0x8
T8A598 002:500.584 JLINK_WriteMem(0x01010018, 0x1C Bytes, ...)
T8A598 002:500.598   Data:  FF FF FF FF FF FF FF FF FF FF FF FF FF FF FF FF ...
T8A598 002:501.025   CPU_ReadMem(4 bytes @ 0x40019004)
T8A598 002:501.247   CPU_ReadMem(4 bytes @ 0xE000ED90)
T8A598 002:501.451    -- --------------------------------------
T8A598 002:501.463    -- Start of determining flash info (Bank @ 0x00000000)
T8A598 002:501.475    -- End of determining flash info
T8A598 002:501.484    -- Start of determining dirty areas in flash cache
T8A598 002:501.493    -- Filling invalid ranges in sector buffer (flash cache) for sector @ 0x00000000 if necessary
T8A598 002:501.502    -- Filling invalid ranges in sector buffer (flash cache) for sector @ 0x00000800 if necessary
T8A598 002:501.520    -- End of determining dirty areas
T8A598 002:501.528    -- Start of preparing flash programming
T8A598 002:501.542    -- Preparing RAMCode
T8A598 002:501.550    -- Calculating RAM usage
T8A598 002:501.558    -- RAM usage = 4792 Bytes
T8A598 002:501.566    -- Preserving CPU registers
T8A598 002:501.590    -- Preparing memory
T8A598 002:501.599    -- Determining CPU clock frequency
T8A598 002:532.975    -- CPU frequency = 4000 kHz
T8A598 002:532.998    -- Preparing target
T8A598 002:533.006    -- Preserving target RAM temporarily used for programming
T8A598 002:554.271    -- Downloading RAMCode
T8A598 002:572.399    -- Initializing RAMCode (InitType: 3 = Verify)
T8A598 002:572.457    -- Executing Init(3)
T8A598 002:585.748    -- End of preparing flash programming
T8A598 002:597.788   
  ***** Warning: 
T8A598 002:597.850   CPU is running at low speed (4000 kHz).
T8A598 002:597.866    -- CPU is running at 4000 kHz.
T8A598 002:597.884    -- Start of comparing flash
T8A598 002:597.901    -- CRC check was estimated as fastest method
T8A598 002:637.258    -- Comparing range 0x0000 - 0x0FFF (2 Sectors, 4 KB), using single-block CRC calculation
T8A598 002:664.272    -- CRC does not match, checking individual sectors
T8A598 002:688.826    -- CRC does not match for sectors 0-1
T8A598 002:688.853    -- End of comparing flash
T8A598 002:688.863    -- Start of erasing sectors
T8A598 002:688.874    -- Erasing range 0x00000000 - 0x00000FFF (  2 Sectors, 4 KB)
T8A598 002:688.883    -- Initializing RAMCode (InitType: 1 = Erase)
T8A598 002:688.892    -- Executing UnInit()
T8A598 002:698.143    -- Executing Init(1)
T8A598 002:734.992    -- End of erasing sectors
T8A598 002:735.020    -- Start of flash programming
T8A598 002:735.031    -- Programming range 0x00000000 - 0x00000FFF (  2 Sectors, 4 KB)
T8A598 002:736.504    -- Initializing RAMCode (InitType: 2 = Program)
T8A598 002:736.527    -- Executing UnInit()
T8A598 002:746.900    -- Executing Init(2)
T8A598 002:755.972    -- Program page timeout too high. Use default timeout: 10000 [s]
T8A598 002:756.014    -- Program page timeout too high. Use default timeout: 10000 [s]
T8A598 002:792.053    -- End of flash programming
T8A598 002:792.080    -- 0x0000 - 0x0FFF (  2 Sectors, 4 KB)
T8A598 002:792.089    -- Start of verifying flash
T8A598 002:792.098    -- Checksum calculation was estimated as fastest method
T8A598 002:792.107    -- Checksum is not supported by this flash bank. Switched to read back method.
T8A598 002:792.116    -- Initializing RAMCode (InitType: 3 = Verify)
T8A598 002:792.125    -- Executing UnInit()
T8A598 002:860.125    -- Executing Init(3)
T8A598 002:895.017    -- End of verifying flash
T8A598 002:895.074    -- Start of restoring
T8A598 002:895.091    -- Executing UnInit()
T8A598 002:904.646    -- Restoring target memory
T8A598 002:922.432    -- Restoring CPU registers
T8A598 002:922.844    -- End of restoring
T8A598 002:922.864    -- Bank 0 @ 0x00000000: 1 range affected (4096 bytes)
T8A598 002:922.874    -- Total: 0.421s (Prepare: 0.096s, Compare: 0.090s, Erase: 0.046s, Program: 0.116s, Verify: 0.043s, Restore: 0.027s)
T8A598 002:922.883    -- Program speed: 34 KB/s
T8A598 002:926.616   CPU_WriteMem(28 bytes @ 0x01010018)
T8A598 002:927.689 - 427.104ms returns 0x1C
T8A598 002:934.404 JLINK_EndDownload()
T8A598 002:934.453 - 0.049ms returns 0 (0x0)
T8A598 002:934.666 JLINK_WriteReg(R15 (PC), 0x000001A8)
T8A598 002:934.704 - 0.038ms returns 0
T8A598 002:934.763 JLINK_WriteReg(XPSR, 0x01000000)
T8A598 002:934.786 - 0.022ms returns 0
T8A598 002:934.812 JLINK_ResetPullsRESET(ON)
T8A598 002:934.824 - 0.011ms
T8A598 002:934.836 JLINK_Halt()
T8A598 002:934.847 - 0.010ms returns 0x00
T8A598 002:934.859 JLINK_IsHalted()
T8A598 002:934.871 - 0.011ms returns TRUE
T8A598 002:934.882 JLINK_Reset()
T8A598 002:934.897   CPU_ReadMem(4 bytes @ 0x01010018)
T8A598 002:936.760   CPU_WriteMem(4 bytes @ 0x01010018)
T8A598 002:937.085   CPU_WriteMem(4 bytes @ 0xE000EDF0)
T8A598 002:937.353   CPU_ReadMem(4 bytes @ 0xE000ED44)
T8A598 002:938.052   CPU_WriteMem(4 bytes @ 0xE000EDFC)
T8A598 002:938.314   Reset: Halt core after reset via DEMCR.VC_CORERESET.
T8A598 002:938.838   Reset: Reset device via AIRCR.SYSRESETREQ.
T8A598 002:938.872   CPU_WriteMem(4 bytes @ 0xE000ED0C)
T8A598 002:992.246   CPU_ReadMem(4 bytes @ 0xE000EDF0)
T8A598 002:992.468   CPU_ReadMem(4 bytes @ 0xE000EDF0)
T8A598 002:992.683   CPU_WriteMem(4 bytes @ 0xE000EDFC)
T8A598 002:998.788   CPU_ReadMem(4 bytes @ 0xE000EDF0)
T8A598 003:001.067   CPU_WriteMem(4 bytes @ 0xE0002000)
T8A598 003:001.290   CPU_ReadMem(4 bytes @ 0xE000EDFC)
T8A598 003:001.520   CPU_ReadMem(4 bytes @ 0xE0001000)
T8A598 003:001.729   CPU_WriteMem(4 bytes @ 0xE0001000)
T8A598 003:001.998   CPU_ReadMem(4 bytes @ 0xE000EE08)
T8A598 003:002.232 - 67.349ms
T8A598 003:002.253 JLINK_SetEndian(ARM_ENDIAN_LITTLE)
T8A598 003:002.258 - 0.005ms returns 0
T8A598 003:002.632 JLINK_ResetPullsRESET(ON)
T8A598 003:002.646 - 0.014ms
T8A598 003:002.653 JLINK_Halt()
T8A598 003:002.660 - 0.006ms returns 0x00
T8A598 003:002.667 JLINK_IsHalted()
T8A598 003:002.674 - 0.006ms returns TRUE
T8A598 003:002.680 JLINK_Reset()
T8A598 003:002.691   CPU_WriteMem(4 bytes @ 0xE000EDF0)
T8A598 003:002.948   CPU_ReadMem(4 bytes @ 0xE000ED44)
T8A598 003:003.176   CPU_WriteMem(4 bytes @ 0xE000EDFC)
T8A598 003:003.418   Reset: Halt core after reset via DEMCR.VC_CORERESET.
T8A598 003:003.666   Reset: Reset device via AIRCR.SYSRESETREQ.
T8A598 003:003.676   CPU_WriteMem(4 bytes @ 0xE000ED0C)
T8A598 003:056.681   CPU_ReadMem(4 bytes @ 0xE000EDF0)
T8A598 003:056.986   CPU_ReadMem(4 bytes @ 0xE000EDF0)
T8A598 003:057.284   CPU_WriteMem(4 bytes @ 0xE000EDFC)
T8A598 003:063.021   CPU_ReadMem(4 bytes @ 0xE000EDF0)
T8A598 003:065.327   CPU_WriteMem(4 bytes @ 0xE0002000)
T8A598 003:065.588   CPU_ReadMem(4 bytes @ 0xE000EDFC)
T8A598 003:065.822   CPU_ReadMem(4 bytes @ 0xE0001000)
T8A598 003:066.032   CPU_WriteMem(4 bytes @ 0xE0001000)
T8A598 003:066.288   CPU_ReadMem(4 bytes @ 0xE000EE08)
T8A598 003:066.513 - 63.832ms
T8A598 003:066.526 JLINK_SetEndian(ARM_ENDIAN_LITTLE)
T8A598 003:066.532 - 0.006ms returns 0
T8A598 003:088.634 JLINK_ReadReg(XPSR)
T8A598 003:088.694   CPU_ReadMem(4 bytes @ 0xE000EE08)
T8A598 003:088.996 - 0.361ms returns 0x41000000
T8A598 003:089.385 JLINK_ReadMem(0x000001A8, 0x4 Bytes, ...)
T8A598 003:089.403    -- Read from flash cache (4 bytes @ 0x000001A8)
T8A598 003:089.412   Data:  10 B5 00 F0
T8A598 003:089.420 - 0.034ms returns 0
T8A598 003:091.014 JLINK_ReadReg(XPSR)
T8A598 003:091.040 - 0.025ms returns 0x41000000
T8A598 003:091.516 JLINK_ReadMem(0x000001A8, 0x4 Bytes, ...)
T8A598 003:091.548    -- Read from flash cache (4 bytes @ 0x000001A8)
T8A598 003:091.557   Data:  10 B5 00 F0
T8A598 003:091.566 - 0.050ms returns 0
T8A598 003:466.502 JLINK_GetNumBPUnits(Type = 0xFFFFFF00)
T8A598 003:466.552 - 0.049ms returns 0x04
T8A598 003:466.564 JLINK_GetNumWPUnits()
T8A598 003:466.575 - 0.010ms returns 2
T8A598 003:466.586 JLINK_GetNumWPUnits()
T8A598 003:466.596 - 0.010ms returns 2
T8A598 003:466.613 JLINK_GetNumBPUnits(Type = 0xFFFFFF00)
T8A598 003:466.625 - 0.011ms returns 0x04
T8A598 003:466.636 JLINK_GetNumWPUnits()
T8A598 003:466.646 - 0.010ms returns 2
T8A598 003:466.658 JLINK_GetNumWPUnits()
T8A598 003:466.668 - 0.009ms returns 2
T8A598 003:466.683 JLINK_GetNumBPUnits(Type = 0xFFFFFF00)
T8A598 003:466.694 - 0.010ms returns 0x04
T8A598 003:466.704 JLINK_GetNumWPUnits()
T8A598 003:466.714 - 0.009ms returns 2
T8A598 003:466.725 JLINK_GetNumWPUnits()
T8A598 003:466.735 - 0.009ms returns 2
T8A598 003:466.778 JLINK_SetBPEx(Addr = 0x00000514, Type = 0xFFFFFF00)
T8A598 003:466.797 - 0.019ms returns 0x00000001
T8A598 003:466.813 JLINK_ClrBPEx(BPHandle = 0x00000001)
T8A598 003:466.828 - 0.014ms returns 0x00
T8A598 003:481.828 JLINK_ReadMem(0x00000500, 0x40 Bytes, ...)
T8A598 003:481.856    -- Read from flash cache (64 bytes @ 0x00000500)
T8A598 003:481.866   Data:  00 F0 68 F8 F7 E7 C0 46 90 C0 7E 40 04 09 00 00 ...
T8A598 003:481.874 - 0.046ms returns 0
T8A598 003:482.330 JLINK_ReadMem(0x00000514, 0x2 Bytes, ...)
T8A598 003:482.350    -- Read from flash cache (2 bytes @ 0x00000514)
T8A598 003:482.364   Data:  10 B5
T8A598 003:482.373 - 0.043ms returns 0
T8A598 003:482.603 JLINK_SetBPEx(Addr = 0x00000514, Type = 0xFFFFFF00)
T8A598 003:482.640 - 0.037ms returns 0x00000002
T8A598 003:572.024 JLINK_ReadRegs(NumRegs = 22, Indexes: 0, 1, 2, 3, 4, 5, 6, 7, 8, 9, 10, 11, 12, 13, 14, 15, 16, 17, 18, 86, 87, 20)
T8A598 003:572.112    -- R0=0x00, R1=0x20005280, R2=0x00, R3=0xFF, R4=0x20005270, R5=0x00, R6=0x20005280, R7=0xFFFFFFFF, R8=0x2C6E6E25, R9=0x4000867C, R10=0x966EBA8D, R11=0x353E55B8, R12=0x20DE100, R13 (SP)=0x20004538, R14=0x20004291, R15 (PC)=0x1A8, XPSR=0x41000000, MSP=0x20004538, PSP=0x92AB8A28, MSPLIM=0x00, PSPLIM=0x00, CFBP=0x00
T8A598 003:572.144 - 0.121ms returns 0x00
T8A598 003:572.454 JLINK_ReadReg(XPSR)
T8A598 003:572.728 - 0.273ms returns 0x41000000
T8A598 003:573.281 JLINK_ReadMem(0x000001A8, 0x4 Bytes, ...)
T8A598 003:573.304    -- Read from flash cache (4 bytes @ 0x000001A8)
T8A598 003:573.315   Data:  10 B5 00 F0
T8A598 003:573.325 - 0.044ms returns 0
T88DF0 003:590.496 JLINK_GetNumBPUnits(Type = 0xFFFFFF00)
T88DF0 003:590.534 - 0.038ms returns 0x04
T88DF0 003:590.548 JLINK_GetNumWPUnits()
T88DF0 003:590.559 - 0.010ms returns 2
T88DF0 003:590.571 JLINK_GetNumWPUnits()
T88DF0 003:590.581 - 0.010ms returns 2
T88DF0 003:590.764 JLINK_GetNumBPUnits(Type = 0xFFFFFF00)
T88DF0 003:590.783 - 0.018ms returns 0x04
T88DF0 003:590.790 JLINK_GetNumWPUnits()
T88DF0 003:590.795 - 0.005ms returns 2
T88DF0 003:590.801 JLINK_GetNumWPUnits()
T88DF0 003:590.807 - 0.005ms returns 2
T88DF0 003:591.161 JLINK_GetNumBPUnits(Type = 0xFFFFFF00)
T88DF0 003:591.189 - 0.027ms returns 0x04
T88DF0 003:591.197 JLINK_GetNumWPUnits()
T88DF0 003:591.203 - 0.005ms returns 2
T88DF0 003:591.209 JLINK_GetNumWPUnits()
T88DF0 003:591.214 - 0.005ms returns 2
T88DF0 003:591.485 JLINK_GetNumBPUnits(Type = 0xFFFFFF00)
T88DF0 003:591.510 - 0.025ms returns 0x04
T88DF0 003:591.522 JLINK_GetNumWPUnits()
T88DF0 003:591.534 - 0.011ms returns 2
T88DF0 003:591.546 JLINK_GetNumWPUnits()
T88DF0 003:591.556 - 0.010ms returns 2
T88DF0 003:591.703 JLINK_GetNumBPUnits(Type = 0xFFFFFF00)
T88DF0 003:591.728 - 0.024ms returns 0x04
T88DF0 003:591.740 JLINK_GetNumWPUnits()
T88DF0 003:591.751 - 0.010ms returns 2
T88DF0 003:591.763 JLINK_GetNumWPUnits()
T88DF0 003:591.774 - 0.011ms returns 2
T88DF0 003:591.939 JLINK_GetNumBPUnits(Type = 0xFFFFFF00)
T88DF0 003:591.949 - 0.010ms returns 0x04
T88DF0 003:591.956 JLINK_GetNumWPUnits()
T88DF0 003:591.961 - 0.005ms returns 2
T88DF0 003:591.967 JLINK_GetNumWPUnits()
T88DF0 003:591.972 - 0.005ms returns 2
T88DF0 003:592.089 JLINK_GetNumBPUnits(Type = 0xFFFFFF00)
T88DF0 003:592.104 - 0.015ms returns 0x04
T88DF0 003:592.111 JLINK_GetNumWPUnits()
T88DF0 003:592.116 - 0.005ms returns 2
T88DF0 003:592.123 JLINK_GetNumWPUnits()
T88DF0 003:592.128 - 0.005ms returns 2
T88DF0 003:592.252 JLINK_GetNumBPUnits(Type = 0xFFFFFF00)
T88DF0 003:592.264 - 0.011ms returns 0x04
T88DF0 003:592.270 JLINK_GetNumWPUnits()
T88DF0 003:592.276 - 0.005ms returns 2
T88DF0 003:592.282 JLINK_GetNumWPUnits()
T88DF0 003:592.287 - 0.005ms returns 2
T8A598 004:021.360 JLINK_ReadMem(0x000001A8, 0x4 Bytes, ...)
T8A598 004:021.389    -- Read from flash cache (4 bytes @ 0x000001A8)
T8A598 004:021.398   Data:  10 B5 00 F0
T8A598 004:021.407 - 0.047ms returns 0
T8A598 004:021.760 JLINK_ReadReg(XPSR)
T8A598 004:021.794 - 0.033ms returns 0x41000000
T8A598 004:036.730 JLINK_ReadReg(XPSR)
T8A598 004:036.769 - 0.039ms returns 0x41000000
T8A598 005:593.469 JLINK_STRACE_Read(..., NumItems = 0x10000)
T8A598 005:594.918 - 1.448ms NumItemsRead = 0x00
T8A598 005:594.964 JLINK_IsHalted()
T8A598 005:595.439 - 0.474ms returns TRUE
T8A598 005:595.496 JLINK_STRACE_Read(..., NumItems = 0x10000)
T8A598 005:595.511 - 0.015ms NumItemsRead = 0x00
T8A598 005:595.527 JLINK_GoEx(MaxEmulInsts = 0, Flags = 0x01)
T8A598 005:595.553   CPU_WriteMem(4 bytes @ 0xE0002000)
T8A598 005:595.964   CPU_ReadMem(4 bytes @ 0xE0001000)
T8A598 005:596.234   CPU_WriteMem(4 bytes @ 0xE0001000)
T8A598 005:596.528   CPU_WriteMem(4 bytes @ 0xE0002008)
T8A598 005:596.554   CPU_WriteMem(4 bytes @ 0xE000200C)
T8A598 005:596.569   CPU_WriteMem(4 bytes @ 0xE0002010)
T8A598 005:596.584   CPU_WriteMem(4 bytes @ 0xE0002014)
T8A598 005:597.289   CPU_WriteMem(4 bytes @ 0xE0001004)
T8A598 005:597.876   Memory map 'after startup completion point' is active
T8A598 005:597.898 - 2.371ms
T8A598 005:705.092 JLINK_IsHalted()
T8A598 005:707.231 - 2.138ms returns TRUE
T8A598 005:707.267 JLINK_ReadReg(XPSR)
T8A598 005:707.288   CPU_ReadMem(4 bytes @ 0xE000EE08)
T8A598 005:707.589 - 0.322ms returns 0x41000000
T8A598 005:707.613 JLINK_ReadReg(R15 (PC))
T8A598 005:707.627 - 0.014ms returns 0x00000514
T8A598 005:707.651 JLINK_ReadReg(XPSR)
T8A598 005:707.663 - 0.012ms returns 0x41000000
T8A598 005:707.675 JLINK_ReadReg(XPSR)
T8A598 005:707.686 - 0.011ms returns 0x41000000
T8A598 005:707.698 JLINK_ReadReg(R15 (PC))
T8A598 005:707.710 - 0.011ms returns 0x00000514
T8A598 005:707.722 JLINK_ReadReg(XPSR)
T8A598 005:707.734 - 0.011ms returns 0x41000000
T8A598 005:707.746 JLINK_ReadReg(XPSR)
T8A598 005:707.757 - 0.011ms returns 0x41000000
T8A598 005:707.769 JLINK_ReadMem(0x00000514, 0x1 Bytes, ...)
T8A598 005:707.783    -- Read from flash cache (1 bytes @ 0x00000514)
T8A598 005:707.797   Data:  10
T8A598 005:707.812 - 0.042ms returns 0
T8A598 005:707.824 JLINK_IsHalted()
T8A598 005:707.835 - 0.010ms returns TRUE
T8A598 005:707.846 JLINK_ReadReg(XPSR)
T8A598 005:707.858 - 0.011ms returns 0x41000000
T8A598 005:707.869 JLINK_ReadReg(XPSR)
T8A598 005:707.881 - 0.011ms returns 0x41000000
T8A598 005:707.893 JLINK_ReadReg(R15 (PC))
T8A598 005:707.904 - 0.011ms returns 0x00000514
T8A598 005:707.917 JLINK_ReadReg(XPSR)
T8A598 005:707.928 - 0.011ms returns 0x41000000
T8A598 005:707.940 JLINK_ReadReg(XPSR)
T8A598 005:707.951 - 0.011ms returns 0x41000000
T8A598 005:707.963 JLINK_ReadMem(0x00000514, 0x1 Bytes, ...)
T8A598 005:707.973    -- Read from flash cache (1 bytes @ 0x00000514)
T8A598 005:707.988   Data:  10
T8A598 005:708.002 - 0.039ms returns 0
T8A598 005:708.515 JLINK_ReadRegs(NumRegs = 22, Indexes: 0, 1, 2, 3, 4, 5, 6, 7, 8, 9, 10, 11, 12, 13, 14, 15, 16, 17, 18, 86, 87, 20)
T8A598 005:708.557    -- R0=0x00, R1=0x00, R2=0x80, R3=0x400A0340, R4=0x20005270, R5=0x00, R6=0x20005280, R7=0xFFFFFFFF, R8=0x2C6E6E25, R9=0x4000867C, R10=0x966EBA8D, R11=0x353E55B8, R12=0x20DE100, R13 (SP)=0x20004530, R14=0x1B3, R15 (PC)=0x514, XPSR=0x41000000, MSP=0x20004530, PSP=0x92AB8A28, MSPLIM=0x00, PSPLIM=0x00, CFBP=0x00
T8A598 005:708.574 - 0.059ms returns 0x00
T8A598 005:709.121 JLINK_ReadReg(XPSR)
T8A598 005:709.159 - 0.037ms returns 0x41000000
T8A598 005:709.843 JLINK_ReadMem(0x00000514, 0x4 Bytes, ...)
T8A598 005:709.886    -- Read from flash cache (4 bytes @ 0x00000514)
T8A598 005:709.909   Data:  10 B5 FF F7
T8A598 005:709.929 - 0.086ms returns 0
T8A598 005:711.388 JLINK_ClrBPEx(BPHandle = 0x00000002)
T8A598 005:711.425 - 0.036ms returns 0x00
T8A598 005:728.833 JLINK_ReadMem(0x00000514, 0x4 Bytes, ...)
T8A598 005:728.872    -- Read from flash cache (4 bytes @ 0x00000514)
T8A598 005:728.883   Data:  10 B5 FF F7
T8A598 005:728.893 - 0.060ms returns 0
T8A598 005:775.136 JLINK_ReadReg(XPSR)
T8A598 005:775.192 - 0.055ms returns 0x41000000
T8A598 005:775.822 JLINK_ReadReg(XPSR)
T8A598 005:775.847 - 0.025ms returns 0x41000000
T8A598 006:289.825 JLINK_STRACE_Read(..., NumItems = 0x10000)
T8A598 006:289.869 - 0.044ms NumItemsRead = 0x00
T8A598 006:289.887 JLINK_IsHalted()
T8A598 006:290.133 - 0.245ms returns TRUE
T8A598 006:290.171 JLINK_STRACE_Read(..., NumItems = 0x10000)
T8A598 006:290.184 - 0.012ms NumItemsRead = 0x00
T8A598 006:290.198 JLINK_GoEx(MaxEmulInsts = 0, Flags = 0x01)
T8A598 006:290.227   CPU_ReadMem(4 bytes @ 0xE0001000)
T8A598 006:290.459   CPU_WriteMem(4 bytes @ 0xE0002008)
T8A598 006:291.075 - 0.877ms
T8A598 006:393.045 JLINK_IsHalted()
T8A598 006:393.341 - 0.295ms returns FALSE
T8A598 006:393.383 JLINK_IsHalted()
T8A598 006:393.625 - 0.242ms returns FALSE
T8A598 006:502.053 JLINK_IsHalted()
T8A598 006:502.355 - 0.302ms returns FALSE
T8A598 006:502.373 JLINK_IsHalted()
T8A598 006:502.654 - 0.280ms returns FALSE
T8A598 006:611.747 JLINK_IsHalted()
T8A598 006:612.046 - 0.298ms returns FALSE
T8A598 006:612.074 JLINK_IsHalted()
T8A598 006:612.297 - 0.222ms returns FALSE
T8A598 006:721.332 JLINK_IsHalted()
T8A598 006:721.601 - 0.268ms returns FALSE
T8A598 006:721.622 JLINK_IsHalted()
T8A598 006:721.873 - 0.250ms returns FALSE
T8A598 006:830.321 JLINK_IsHalted()
T8A598 006:830.679 - 0.358ms returns FALSE
T8A598 006:830.702 JLINK_IsHalted()
T8A598 006:830.995 - 0.292ms returns FALSE
T8A598 006:939.273 JLINK_IsHalted()
T8A598 006:939.574 - 0.300ms returns FALSE
T8A598 006:939.585 JLINK_IsHalted()
T8A598 006:939.830 - 0.244ms returns FALSE
T8A598 007:049.333 JLINK_IsHalted()
T8A598 007:049.578 - 0.244ms returns FALSE
T8A598 007:049.598 JLINK_IsHalted()
T8A598 007:049.825 - 0.226ms returns FALSE
T8A598 007:158.364 JLINK_IsHalted()
T8A598 007:158.625 - 0.261ms returns FALSE
T8A598 007:158.639 JLINK_IsHalted()
T8A598 007:158.845 - 0.205ms returns FALSE
T8A598 007:267.651 JLINK_IsHalted()
T8A598 007:268.005 - 0.353ms returns FALSE
T8A598 007:268.014 JLINK_IsHalted()
T8A598 007:268.220 - 0.205ms returns FALSE
T8A598 007:376.653 JLINK_IsHalted()
T8A598 007:377.011 - 0.357ms returns FALSE
T8A598 007:377.039 JLINK_IsHalted()
T8A598 007:377.271 - 0.231ms returns FALSE
T8A598 007:486.649 JLINK_IsHalted()
T8A598 007:486.993 - 0.344ms returns FALSE
T8A598 007:487.031 JLINK_IsHalted()
T8A598 007:487.275 - 0.243ms returns FALSE
T8A598 007:595.649 JLINK_IsHalted()
T8A598 007:596.009 - 0.361ms returns FALSE
T8A598 007:596.035 JLINK_IsHalted()
T8A598 007:596.266 - 0.230ms returns FALSE
T8A598 007:705.575 JLINK_IsHalted()
T8A598 007:705.830 - 0.255ms returns FALSE
T8A598 007:705.850 JLINK_IsHalted()
T8A598 007:706.060 - 0.208ms returns FALSE
T88DF0 007:713.665 JLINK_IsHalted()
T88DF0 007:714.017 - 0.352ms returns FALSE
T88DF0 007:714.039 JLINK_IsHalted()
T88DF0 007:714.252 - 0.212ms returns FALSE
T88DF0 007:714.510 JLINK_IsHalted()
T88DF0 007:714.833 - 0.322ms returns FALSE
T88DF0 007:714.856 JLINK_IsHalted()
T88DF0 007:715.232 - 0.375ms returns FALSE
T8A598 007:814.382 JLINK_IsHalted()
T8A598 007:814.675 - 0.292ms returns FALSE
T8A598 007:814.689 JLINK_IsHalted()
T8A598 007:814.909 - 0.220ms returns FALSE
T8A598 007:924.361 JLINK_IsHalted()
T8A598 007:924.656 - 0.295ms returns FALSE
T8A598 007:924.682 JLINK_IsHalted()
T8A598 007:924.916 - 0.233ms returns FALSE
T8A598 008:033.329 JLINK_IsHalted()
T8A598 008:033.572 - 0.242ms returns FALSE
T8A598 008:033.581 JLINK_IsHalted()
T8A598 008:033.857 - 0.276ms returns FALSE
T8A598 008:143.025 JLINK_IsHalted()
T8A598 008:143.915 - 0.852ms returns FALSE
T8A598 008:143.954 JLINK_IsHalted()
T8A598 008:144.556 - 0.600ms returns FALSE
T8A598 008:252.033 JLINK_IsHalted()
T8A598 008:252.276 - 0.242ms returns FALSE
T8A598 008:252.284 JLINK_IsHalted()
T8A598 008:252.494 - 0.209ms returns FALSE
T8A598 008:361.389 JLINK_IsHalted()
T8A598 008:361.706 - 0.317ms returns FALSE
T8A598 008:361.728 JLINK_IsHalted()
T8A598 008:362.001 - 0.272ms returns FALSE
T8A598 008:470.402 JLINK_IsHalted()
T8A598 008:470.705 - 0.302ms returns FALSE
T8A598 008:470.722 JLINK_IsHalted()
T8A598 008:471.019 - 0.296ms returns FALSE
T8A598 008:580.410 JLINK_IsHalted()
T8A598 008:580.744 - 0.333ms returns FALSE
T8A598 008:580.754 JLINK_IsHalted()
T8A598 008:581.010 - 0.255ms returns FALSE
T8A598 008:689.365 JLINK_IsHalted()
T8A598 008:690.692 - 1.326ms returns FALSE
T8A598 008:690.757 JLINK_IsHalted()
T8A598 008:691.214 - 0.456ms returns FALSE
T88DF0 008:716.062 JLINK_IsHalted()
T88DF0 008:716.384 - 0.322ms returns FALSE
T88DF0 008:716.410 JLINK_IsHalted()
T88DF0 008:716.673 - 0.261ms returns FALSE
T8A598 008:799.097 JLINK_IsHalted()
T8A598 008:799.391 - 0.294ms returns FALSE
T8A598 008:799.412 JLINK_IsHalted()
T8A598 008:799.660 - 0.248ms returns FALSE
T8A598 008:908.565 JLINK_IsHalted()
T8A598 008:908.915 - 0.350ms returns FALSE
T8A598 008:908.944 JLINK_IsHalted()
T8A598 008:909.190 - 0.244ms returns FALSE
T8A598 009:017.543 JLINK_IsHalted()
T8A598 009:017.825 - 0.281ms returns FALSE
T8A598 009:017.834 JLINK_IsHalted()
T8A598 009:018.034 - 0.201ms returns FALSE
T8A598 009:126.985 JLINK_IsHalted()
T8A598 009:127.382 - 0.396ms returns FALSE
T8A598 009:127.414 JLINK_IsHalted()
T8A598 009:127.722 - 0.307ms returns FALSE
T8A598 009:236.227 JLINK_IsHalted()
T8A598 009:236.469 - 0.240ms returns FALSE
T8A598 009:236.488 JLINK_IsHalted()
T8A598 009:236.710 - 0.222ms returns FALSE
T8A598 009:345.923 JLINK_IsHalted()
T8A598 009:346.231 - 0.307ms returns FALSE
T8A598 009:346.245 JLINK_IsHalted()
T8A598 009:346.455 - 0.210ms returns FALSE
T8A598 009:455.611 JLINK_IsHalted()
T8A598 009:455.919 - 0.308ms returns FALSE
T8A598 009:455.931 JLINK_IsHalted()
T8A598 009:456.191 - 0.259ms returns FALSE
T8A598 009:564.618 JLINK_IsHalted()
T8A598 009:565.009 - 0.391ms returns FALSE
T8A598 009:565.043 JLINK_IsHalted()
T8A598 009:565.281 - 0.236ms returns FALSE
T8A598 009:673.618 JLINK_IsHalted()
T8A598 009:673.922 - 0.304ms returns FALSE
T8A598 009:673.956 JLINK_IsHalted()
T8A598 009:674.189 - 0.232ms returns FALSE
T88DF0 009:716.765 JLINK_IsHalted()
T88DF0 009:717.118 - 0.354ms returns FALSE
T88DF0 009:717.161 JLINK_IsHalted()
T88DF0 009:717.403 - 0.242ms returns FALSE
T8A598 009:783.610 JLINK_IsHalted()
T8A598 009:783.925 - 0.315ms returns FALSE
T8A598 009:783.950 JLINK_IsHalted()
T8A598 009:784.210 - 0.259ms returns FALSE
T8A598 009:892.670 JLINK_IsHalted()
T8A598 009:892.996 - 0.326ms returns FALSE
T8A598 009:893.004 JLINK_IsHalted()
T8A598 009:893.219 - 0.214ms returns FALSE
T8A598 010:001.720 JLINK_IsHalted()
T8A598 010:002.010 - 0.289ms returns FALSE
T8A598 010:002.032 JLINK_IsHalted()
T8A598 010:002.275 - 0.242ms returns FALSE
T8A598 010:111.397 JLINK_IsHalted()
T8A598 010:111.742 - 0.346ms returns FALSE
T8A598 010:111.763 JLINK_IsHalted()
T8A598 010:112.040 - 0.275ms returns FALSE
T8A598 010:220.455 JLINK_IsHalted()
T8A598 010:220.732 - 0.276ms returns FALSE
T8A598 010:220.741 JLINK_IsHalted()
T8A598 010:220.995 - 0.254ms returns FALSE
T8A598 010:330.078 JLINK_IsHalted()
T8A598 010:330.378 - 0.301ms returns FALSE
T8A598 010:330.404 JLINK_IsHalted()
T8A598 010:330.624 - 0.220ms returns FALSE
T8A598 010:439.721 JLINK_IsHalted()
T8A598 010:439.984 - 0.262ms returns FALSE
T8A598 010:440.002 JLINK_IsHalted()
T8A598 010:440.228 - 0.226ms returns FALSE
T8A598 010:548.738 JLINK_IsHalted()
T8A598 010:549.052 - 0.314ms returns FALSE
T8A598 010:549.084 JLINK_IsHalted()
T8A598 010:549.358 - 0.273ms returns FALSE
T8A598 010:658.734 JLINK_IsHalted()
T8A598 010:658.998 - 0.264ms returns FALSE
T8A598 010:659.007 JLINK_IsHalted()
T8A598 010:659.253 - 0.245ms returns FALSE
T88DF0 010:717.637 JLINK_IsHalted()
T88DF0 010:718.010 - 0.373ms returns FALSE
T88DF0 010:718.036 JLINK_IsHalted()
T88DF0 010:718.266 - 0.230ms returns FALSE
T8A598 010:767.990 JLINK_IsHalted()
T8A598 010:768.317 - 0.325ms returns FALSE
T8A598 010:768.336 JLINK_IsHalted()
T8A598 010:768.548 - 0.211ms returns FALSE
T8A598 010:877.149 JLINK_IsHalted()
T8A598 010:877.442 - 0.293ms returns FALSE
T8A598 010:877.485 JLINK_IsHalted()
T8A598 010:877.830 - 0.344ms returns FALSE
T8A598 010:986.094 JLINK_IsHalted()
T8A598 010:986.382 - 0.285ms returns FALSE
T8A598 010:986.421 JLINK_IsHalted()
T8A598 010:986.653 - 0.231ms returns FALSE
T8A598 011:095.730 JLINK_IsHalted()
T8A598 011:096.096 - 0.367ms returns FALSE
T8A598 011:096.118 JLINK_IsHalted()
T8A598 011:096.352 - 0.234ms returns FALSE
T8A598 011:205.645 JLINK_IsHalted()
T8A598 011:206.008 - 0.361ms returns FALSE
T8A598 011:206.051 JLINK_IsHalted()
T8A598 011:206.278 - 0.226ms returns FALSE
T8A598 011:314.429 JLINK_IsHalted()
T8A598 011:314.841 - 0.411ms returns FALSE
T8A598 011:314.873 JLINK_IsHalted()
T8A598 011:315.214 - 0.340ms returns FALSE
T8A598 011:424.118 JLINK_IsHalted()
T8A598 011:424.381 - 0.261ms returns FALSE
T8A598 011:424.431 JLINK_IsHalted()
T8A598 011:424.676 - 0.244ms returns FALSE
T8A598 011:533.108 JLINK_IsHalted()
T8A598 011:533.427 - 0.320ms returns FALSE
T8A598 011:533.450 JLINK_IsHalted()
T8A598 011:533.690 - 0.239ms returns FALSE
T8A598 011:642.779 JLINK_IsHalted()
T8A598 011:643.092 - 0.313ms returns FALSE
T8A598 011:643.121 JLINK_IsHalted()
T8A598 011:643.406 - 0.284ms returns FALSE
T88DF0 011:718.243 JLINK_IsHalted()
T88DF0 011:718.536 - 0.292ms returns FALSE
T88DF0 011:718.568 JLINK_IsHalted()
T88DF0 011:718.827 - 0.259ms returns FALSE
T8A598 011:751.862 JLINK_IsHalted()
T8A598 011:752.181 - 0.318ms returns FALSE
T8A598 011:752.202 JLINK_IsHalted()
T8A598 011:752.451 - 0.248ms returns FALSE
T8A598 011:861.163 JLINK_IsHalted()
T8A598 011:861.490 - 0.325ms returns FALSE
T8A598 011:861.518 JLINK_IsHalted()
T8A598 011:861.829 - 0.309ms returns FALSE
T8A598 011:970.865 JLINK_IsHalted()
T8A598 011:971.143 - 0.277ms returns FALSE
T8A598 011:971.154 JLINK_IsHalted()
T8A598 011:971.402 - 0.247ms returns FALSE
T8A598 012:080.455 JLINK_IsHalted()
T8A598 012:081.375 - 0.918ms returns FALSE
T8A598 012:081.430 JLINK_IsHalted()
T8A598 012:081.742 - 0.310ms returns FALSE
T8A598 012:189.440 JLINK_IsHalted()
T8A598 012:189.712 - 0.272ms returns FALSE
T8A598 012:189.724 JLINK_IsHalted()
T8A598 012:190.004 - 0.280ms returns FALSE
T8A598 012:298.767 JLINK_IsHalted()
T8A598 012:299.101 - 0.316ms returns FALSE
T8A598 012:299.117 JLINK_IsHalted()
T8A598 012:299.325 - 0.207ms returns FALSE
T8A598 012:408.264 JLINK_IsHalted()
T8A598 012:408.567 - 0.302ms returns FALSE
T8A598 012:408.586 JLINK_IsHalted()
T8A598 012:408.865 - 0.278ms returns FALSE
T8A598 012:517.249 JLINK_IsHalted()
T8A598 012:517.527 - 0.278ms returns FALSE
T8A598 012:517.539 JLINK_IsHalted()
T8A598 012:517.754 - 0.213ms returns FALSE
T8A598 012:627.284 JLINK_IsHalted()
T8A598 012:627.578 - 0.294ms returns FALSE
T8A598 012:627.622 JLINK_IsHalted()
T8A598 012:627.874 - 0.252ms returns FALSE
T88DF0 012:718.356 JLINK_IsHalted()
T88DF0 012:718.631 - 0.274ms returns FALSE
T88DF0 012:718.654 JLINK_IsHalted()
T88DF0 012:718.878 - 0.222ms returns FALSE
T8A598 012:736.297 JLINK_IsHalted()
T8A598 012:736.589 - 0.291ms returns FALSE
T8A598 012:736.599 JLINK_IsHalted()
T8A598 012:736.826 - 0.226ms returns FALSE
T8A598 012:846.846 JLINK_IsHalted()
T8A598 012:847.354 - 0.508ms returns FALSE
T8A598 012:847.386 JLINK_IsHalted()
T8A598 012:847.987 - 0.600ms returns FALSE
T8A598 012:955.343 JLINK_IsHalted()
T8A598 012:955.593 - 0.249ms returns FALSE
T8A598 012:955.612 JLINK_IsHalted()
T8A598 012:955.823 - 0.211ms returns FALSE
T8A598 013:064.919 JLINK_IsHalted()
T8A598 013:065.242 - 0.322ms returns FALSE
T8A598 013:065.271 JLINK_IsHalted()
T8A598 013:065.483 - 0.212ms returns FALSE
T8A598 013:173.918 JLINK_IsHalted()
T8A598 013:174.281 - 0.363ms returns FALSE
T8A598 013:174.315 JLINK_IsHalted()
T8A598 013:174.595 - 0.279ms returns FALSE
T8A598 013:283.612 JLINK_IsHalted()
T8A598 013:283.885 - 0.271ms returns FALSE
T8A598 013:283.921 JLINK_IsHalted()
T8A598 013:284.188 - 0.267ms returns FALSE
T8A598 013:392.887 JLINK_IsHalted()
T8A598 013:393.282 - 0.394ms returns FALSE
T8A598 013:393.312 JLINK_IsHalted()
T8A598 013:393.602 - 0.289ms returns FALSE
T8A598 013:501.848 JLINK_IsHalted()
T8A598 013:502.181 - 0.332ms returns FALSE
T8A598 013:502.210 JLINK_IsHalted()
T8A598 013:502.469 - 0.258ms returns FALSE
T8A598 013:611.874 JLINK_IsHalted()
T8A598 013:612.128 - 0.254ms returns FALSE
T8A598 013:612.147 JLINK_IsHalted()
T8A598 013:612.355 - 0.207ms returns FALSE
T88DF0 013:718.949 JLINK_IsHalted()
T88DF0 013:719.203 - 0.254ms returns FALSE
T88DF0 013:719.224 JLINK_IsHalted()
T88DF0 013:719.482 - 0.256ms returns FALSE
T8A598 013:720.912 JLINK_IsHalted()
T8A598 013:721.171 - 0.260ms returns FALSE
T8A598 013:721.189 JLINK_IsHalted()
T8A598 013:721.445 - 0.255ms returns FALSE
T8A598 013:830.110 JLINK_IsHalted()
T8A598 013:830.501 - 0.389ms returns FALSE
T8A598 013:830.523 JLINK_IsHalted()
T8A598 013:830.832 - 0.307ms returns FALSE
T8A598 013:939.456 JLINK_IsHalted()
T8A598 013:939.776 - 0.321ms returns FALSE
T8A598 013:939.800 JLINK_IsHalted()
T8A598 013:940.042 - 0.241ms returns FALSE
T8A598 014:049.250 JLINK_IsHalted()
T8A598 014:049.528 - 0.279ms returns FALSE
T8A598 014:049.538 JLINK_IsHalted()
T8A598 014:049.746 - 0.207ms returns FALSE
T8A598 014:158.245 JLINK_IsHalted()
T8A598 014:158.496 - 0.250ms returns FALSE
T8A598 014:158.504 JLINK_IsHalted()
T8A598 014:158.731 - 0.227ms returns FALSE
T8A598 014:268.074 JLINK_IsHalted()
T8A598 014:268.381 - 0.306ms returns FALSE
T8A598 014:268.397 JLINK_IsHalted()
T8A598 014:268.648 - 0.250ms returns FALSE
T8A598 014:377.152 JLINK_IsHalted()
T8A598 014:377.458 - 0.305ms returns FALSE
T8A598 014:377.491 JLINK_IsHalted()
T8A598 014:377.741 - 0.248ms returns FALSE
T8A598 014:486.746 JLINK_IsHalted()
T8A598 014:487.058 - 0.311ms returns FALSE
T8A598 014:487.075 JLINK_IsHalted()
T8A598 014:487.317 - 0.240ms returns FALSE
T8A598 014:595.763 JLINK_IsHalted()
T8A598 014:596.066 - 0.302ms returns FALSE
T8A598 014:596.088 JLINK_IsHalted()
T8A598 014:596.301 - 0.212ms returns FALSE
T8A598 014:705.736 JLINK_IsHalted()
T8A598 014:706.002 - 0.265ms returns FALSE
T8A598 014:706.022 JLINK_IsHalted()
T8A598 014:706.250 - 0.227ms returns FALSE
T88DF0 014:719.950 JLINK_IsHalted()
T88DF0 014:720.250 - 0.299ms returns FALSE
T88DF0 014:720.277 JLINK_IsHalted()
T88DF0 014:720.518 - 0.241ms returns FALSE
T8A598 014:814.242 JLINK_IsHalted()
T8A598 014:814.533 - 0.291ms returns FALSE
T8A598 014:814.552 JLINK_IsHalted()
T8A598 014:814.837 - 0.282ms returns FALSE
T8A598 014:923.526 JLINK_IsHalted()
T8A598 014:923.829 - 0.302ms returns FALSE
T8A598 014:923.840 JLINK_IsHalted()
T8A598 014:924.074 - 0.233ms returns FALSE
T8A598 015:033.205 JLINK_IsHalted()
T8A598 015:033.453 - 0.246ms returns FALSE
T8A598 015:033.461 JLINK_IsHalted()
T8A598 015:033.670 - 0.210ms returns FALSE
T8A598 015:142.744 JLINK_IsHalted()
T8A598 015:143.043 - 0.297ms returns FALSE
T8A598 015:143.066 JLINK_IsHalted()
T8A598 015:143.280 - 0.213ms returns FALSE
T8A598 015:251.726 JLINK_IsHalted()
T8A598 015:252.000 - 0.272ms returns FALSE
T8A598 015:252.016 JLINK_IsHalted()
T8A598 015:252.270 - 0.253ms returns FALSE
T8A598 015:361.046 JLINK_IsHalted()
T8A598 015:361.405 - 0.359ms returns FALSE
T8A598 015:361.424 JLINK_IsHalted()
T8A598 015:361.674 - 0.248ms returns FALSE
T8A598 015:470.630 JLINK_IsHalted()
T8A598 015:470.920 - 0.288ms returns FALSE
T8A598 015:470.944 JLINK_IsHalted()
T8A598 015:471.173 - 0.229ms returns FALSE
T8A598 015:580.653 JLINK_IsHalted()
T8A598 015:581.011 - 0.357ms returns FALSE
T8A598 015:581.034 JLINK_IsHalted()
T8A598 015:581.245 - 0.211ms returns FALSE
T8A598 015:689.846 JLINK_IsHalted()
T8A598 015:690.136 - 0.289ms returns FALSE
T8A598 015:690.168 JLINK_IsHalted()
T8A598 015:690.414 - 0.245ms returns FALSE
T88DF0 015:719.938 JLINK_IsHalted()
T88DF0 015:720.243 - 0.303ms returns FALSE
T88DF0 015:720.278 JLINK_IsHalted()
T88DF0 015:720.506 - 0.227ms returns FALSE
T8A598 015:798.856 JLINK_IsHalted()
T8A598 015:799.166 - 0.311ms returns FALSE
T8A598 015:799.202 JLINK_IsHalted()
T8A598 015:799.422 - 0.220ms returns FALSE
T8A598 015:907.894 JLINK_IsHalted()
T8A598 015:908.210 - 0.315ms returns FALSE
T8A598 015:908.235 JLINK_IsHalted()
T8A598 015:908.504 - 0.267ms returns FALSE
T8A598 016:017.875 JLINK_IsHalted()
T8A598 016:018.131 - 0.254ms returns FALSE
T8A598 016:018.150 JLINK_IsHalted()
T8A598 016:018.357 - 0.207ms returns FALSE
T8A598 016:126.779 JLINK_IsHalted()
T8A598 016:127.136 - 0.356ms returns FALSE
T8A598 016:127.200 JLINK_IsHalted()
T8A598 016:127.434 - 0.233ms returns FALSE
T8A598 016:236.749 JLINK_IsHalted()
T8A598 016:237.030 - 0.280ms returns FALSE
T8A598 016:237.051 JLINK_IsHalted()
T8A598 016:237.277 - 0.225ms returns FALSE
T8A598 016:346.186 JLINK_IsHalted()
T8A598 016:346.451 - 0.265ms returns FALSE
T8A598 016:346.461 JLINK_IsHalted()
T8A598 016:346.651 - 0.190ms returns FALSE
T8A598 016:454.784 JLINK_IsHalted()
T8A598 016:455.117 - 0.330ms returns FALSE
T8A598 016:455.139 JLINK_IsHalted()
T8A598 016:455.373 - 0.232ms returns FALSE
T8A598 016:564.464 JLINK_IsHalted()
T8A598 016:564.736 - 0.271ms returns FALSE
T8A598 016:564.770 JLINK_IsHalted()
T8A598 016:565.021 - 0.250ms returns FALSE
T8A598 016:674.133 JLINK_IsHalted()
T8A598 016:674.448 - 0.314ms returns FALSE
T8A598 016:674.474 JLINK_IsHalted()
T8A598 016:674.714 - 0.239ms returns FALSE
T88DF0 016:720.278 JLINK_IsHalted()
T88DF0 016:720.576 - 0.296ms returns FALSE
T88DF0 016:720.597 JLINK_IsHalted()
T88DF0 016:720.835 - 0.239ms returns FALSE
T8A598 016:783.260 JLINK_IsHalted()
T8A598 016:783.524 - 0.264ms returns FALSE
T8A598 016:783.552 JLINK_IsHalted()
T8A598 016:783.832 - 0.281ms returns FALSE
T8A598 016:892.926 JLINK_IsHalted()
T8A598 016:893.354 - 0.427ms returns FALSE
T8A598 016:893.388 JLINK_IsHalted()
T8A598 016:893.650 - 0.262ms returns FALSE
T8A598 017:001.868 JLINK_IsHalted()
T8A598 017:003.358 - 1.490ms returns FALSE
T8A598 017:003.412 JLINK_IsHalted()
T8A598 017:003.662 - 0.250ms returns FALSE
T8A598 017:111.360 JLINK_IsHalted()
T8A598 017:111.628 - 0.268ms returns FALSE
T8A598 017:111.650 JLINK_IsHalted()
T8A598 017:111.916 - 0.266ms returns FALSE
T8A598 017:221.358 JLINK_IsHalted()
T8A598 017:221.682 - 0.323ms returns FALSE
T8A598 017:221.710 JLINK_IsHalted()
T8A598 017:222.000 - 0.289ms returns FALSE
T8A598 017:330.364 JLINK_IsHalted()
T8A598 017:330.696 - 0.332ms returns FALSE
T8A598 017:330.724 JLINK_IsHalted()
T8A598 017:331.000 - 0.275ms returns FALSE
T8A598 017:439.910 JLINK_IsHalted()
T8A598 017:440.168 - 0.261ms returns FALSE
T8A598 017:440.188 JLINK_IsHalted()
T8A598 017:440.400 - 0.212ms returns FALSE
T8A598 017:548.898 JLINK_IsHalted()
T8A598 017:549.190 - 0.292ms returns FALSE
T8A598 017:549.210 JLINK_IsHalted()
T8A598 017:549.444 - 0.232ms returns FALSE
T8A598 017:657.908 JLINK_IsHalted()
T8A598 017:658.182 - 0.273ms returns FALSE
T8A598 017:658.198 JLINK_IsHalted()
T8A598 017:658.410 - 0.210ms returns FALSE
T88DF0 017:720.982 JLINK_IsHalted()
T88DF0 017:721.252 - 0.268ms returns FALSE
T88DF0 017:721.260 JLINK_IsHalted()
T88DF0 017:721.478 - 0.218ms returns FALSE
T8A598 017:767.940 JLINK_IsHalted()
T8A598 017:768.258 - 0.316ms returns FALSE
T8A598 017:768.288 JLINK_IsHalted()
T8A598 017:768.528 - 0.240ms returns FALSE
T8A598 017:876.838 JLINK_IsHalted()
T8A598 017:877.222 - 0.383ms returns FALSE
T8A598 017:877.256 JLINK_IsHalted()
T8A598 017:878.108 - 0.851ms returns FALSE
T8A598 017:986.674 JLINK_IsHalted()
T8A598 017:987.012 - 0.336ms returns FALSE
T8A598 017:987.048 JLINK_IsHalted()
T8A598 017:987.282 - 0.232ms returns FALSE
T8A598 018:095.382 JLINK_IsHalted()
T8A598 018:095.646 - 0.265ms returns FALSE
T8A598 018:095.658 JLINK_IsHalted()
T8A598 018:095.904 - 0.245ms returns FALSE
T8A598 018:205.376 JLINK_IsHalted()
T8A598 018:205.678 - 0.302ms returns FALSE
T8A598 018:205.692 JLINK_IsHalted()
T8A598 018:206.006 - 0.312ms returns FALSE
T8A598 018:314.428 JLINK_IsHalted()
T8A598 018:314.740 - 0.312ms returns FALSE
T8A598 018:314.786 JLINK_IsHalted()
T8A598 018:315.002 - 0.215ms returns FALSE
T8A598 018:424.030 JLINK_IsHalted()
T8A598 018:424.322 - 0.290ms returns FALSE
T8A598 018:424.344 JLINK_IsHalted()
T8A598 018:424.604 - 0.261ms returns FALSE
T8A598 018:533.570 JLINK_IsHalted()
T8A598 018:533.870 - 0.300ms returns FALSE
T8A598 018:533.902 JLINK_IsHalted()
T8A598 018:534.144 - 0.240ms returns FALSE
T8A598 018:642.568 JLINK_IsHalted()
T8A598 018:642.876 - 0.307ms returns FALSE
T8A598 018:642.906 JLINK_IsHalted()
T8A598 018:643.148 - 0.243ms returns FALSE
T88DF0 018:721.646 JLINK_IsHalted()
T88DF0 018:721.912 - 0.264ms returns FALSE
T88DF0 018:721.956 JLINK_IsHalted()
T88DF0 018:722.238 - 0.281ms returns FALSE
T8A598 018:752.568 JLINK_IsHalted()
T8A598 018:752.832 - 0.263ms returns FALSE
T8A598 018:752.852 JLINK_IsHalted()
T8A598 018:753.100 - 0.248ms returns FALSE
T8A598 018:861.586 JLINK_IsHalted()
T8A598 018:862.166 - 0.581ms returns FALSE
T8A598 018:862.232 JLINK_IsHalted()
T8A598 018:862.454 - 0.222ms returns FALSE
T8A598 018:970.500 JLINK_IsHalted()
T8A598 018:970.756 - 0.255ms returns FALSE
T8A598 018:970.778 JLINK_IsHalted()
T8A598 018:971.014 - 0.237ms returns FALSE
T8A598 019:080.470 JLINK_IsHalted()
T8A598 019:080.748 - 0.277ms returns FALSE
T8A598 019:080.756 JLINK_IsHalted()
T8A598 019:081.008 - 0.251ms returns FALSE
T8A598 019:189.500 JLINK_IsHalted()
T8A598 019:189.750 - 0.250ms returns FALSE
T8A598 019:189.760 JLINK_IsHalted()
T8A598 019:189.998 - 0.237ms returns FALSE
T8A598 019:299.388 JLINK_IsHalted()
T8A598 019:299.644 - 0.255ms returns FALSE
T8A598 019:299.664 JLINK_IsHalted()
T8A598 019:299.876 - 0.211ms returns FALSE
T8A598 019:408.604 JLINK_IsHalted()
T8A598 019:408.888 - 0.283ms returns FALSE
T8A598 019:408.936 JLINK_IsHalted()
T8A598 019:409.174 - 0.237ms returns FALSE
T8A598 019:517.332 JLINK_IsHalted()
T8A598 019:517.596 - 0.262ms returns FALSE
T8A598 019:517.616 JLINK_IsHalted()
T8A598 019:517.830 - 0.213ms returns FALSE
T8A598 019:627.344 JLINK_IsHalted()
T8A598 019:627.630 - 0.286ms returns FALSE
T8A598 019:627.652 JLINK_IsHalted()
T8A598 019:627.876 - 0.223ms returns FALSE
T88DF0 019:722.382 JLINK_IsHalted()
T88DF0 019:722.688 - 0.304ms returns FALSE
T88DF0 019:722.696 JLINK_IsHalted()
T88DF0 019:722.952 - 0.255ms returns FALSE
T8A598 019:736.356 JLINK_IsHalted()
T8A598 019:736.684 - 0.326ms returns FALSE
T8A598 019:736.710 JLINK_IsHalted()
T8A598 019:737.004 - 0.292ms returns FALSE
T8A598 019:845.942 JLINK_IsHalted()
T8A598 019:846.202 - 0.257ms returns FALSE
T8A598 019:846.210 JLINK_IsHalted()
T8A598 019:846.402 - 0.191ms returns FALSE
T8A598 019:955.366 JLINK_IsHalted()
T8A598 019:955.652 - 0.285ms returns FALSE
T8A598 019:955.676 JLINK_IsHalted()
T8A598 019:955.950 - 0.272ms returns FALSE
T8A598 020:064.970 JLINK_IsHalted()
T8A598 020:065.274 - 0.303ms returns FALSE
T8A598 020:065.300 JLINK_IsHalted()
T8A598 020:065.548 - 0.248ms returns FALSE
T8A598 020:174.102 JLINK_IsHalted()
T8A598 020:174.354 - 0.249ms returns FALSE
T8A598 020:174.368 JLINK_IsHalted()
T8A598 020:174.586 - 0.218ms returns FALSE
T8A598 020:283.116 JLINK_IsHalted()
T8A598 020:283.406 - 0.291ms returns FALSE
T8A598 020:283.426 JLINK_IsHalted()
T8A598 020:283.636 - 0.209ms returns FALSE
T8A598 020:392.904 JLINK_IsHalted()
T8A598 020:393.288 - 0.383ms returns FALSE
T8A598 020:393.322 JLINK_IsHalted()
T8A598 020:393.616 - 0.292ms returns FALSE
T8A598 020:502.562 JLINK_IsHalted()
T8A598 020:502.836 - 0.273ms returns FALSE
T8A598 020:502.856 JLINK_IsHalted()
T8A598 020:503.122 - 0.265ms returns FALSE
T8A598 020:611.872 JLINK_IsHalted()
T8A598 020:612.186 - 0.313ms returns FALSE
T8A598 020:612.220 JLINK_IsHalted()
T8A598 020:612.500 - 0.279ms returns FALSE
T8A598 020:720.886 JLINK_IsHalted()
T8A598 020:721.280 - 0.394ms returns FALSE
T8A598 020:721.314 JLINK_IsHalted()
T8A598 020:721.580 - 0.265ms returns FALSE
T88DF0 020:722.758 JLINK_IsHalted()
T88DF0 020:723.024 - 0.262ms returns FALSE
T88DF0 020:723.044 JLINK_IsHalted()
T88DF0 020:723.278 - 0.235ms returns FALSE
T8A598 020:829.856 JLINK_IsHalted()
T8A598 020:830.154 - 0.296ms returns FALSE
T8A598 020:830.172 JLINK_IsHalted()
T8A598 020:830.420 - 0.248ms returns FALSE
T8A598 020:939.432 JLINK_IsHalted()
T8A598 020:939.716 - 0.285ms returns FALSE
T8A598 020:939.724 JLINK_IsHalted()
T8A598 020:939.998 - 0.272ms returns FALSE
T8A598 021:048.956 JLINK_IsHalted()
T8A598 021:049.228 - 0.273ms returns FALSE
T8A598 021:049.238 JLINK_IsHalted()
T8A598 021:049.450 - 0.210ms returns FALSE
T8A598 021:158.424 JLINK_IsHalted()
T8A598 021:159.010 - 0.584ms returns FALSE
T8A598 021:159.034 JLINK_IsHalted()
T8A598 021:160.480 - 1.445ms returns FALSE
T8A598 021:267.412 JLINK_IsHalted()
T8A598 021:267.698 - 0.284ms returns FALSE
T8A598 021:267.718 JLINK_IsHalted()
T8A598 021:268.044 - 0.325ms returns FALSE
T8A598 021:377.168 JLINK_IsHalted()
T8A598 021:377.516 - 0.348ms returns FALSE
T8A598 021:377.548 JLINK_IsHalted()
T8A598 021:377.864 - 0.314ms returns FALSE
T8A598 021:486.980 JLINK_IsHalted()
T8A598 021:487.322 - 0.341ms returns FALSE
T8A598 021:487.340 JLINK_IsHalted()
T8A598 021:487.588 - 0.246ms returns FALSE
T8A598 021:596.252 JLINK_IsHalted()
T8A598 021:596.530 - 0.276ms returns FALSE
T8A598 021:596.538 JLINK_IsHalted()
T8A598 021:596.824 - 0.287ms returns FALSE
T8A598 021:704.936 JLINK_IsHalted()
T8A598 021:705.208 - 0.272ms returns FALSE
T8A598 021:705.224 JLINK_IsHalted()
T8A598 021:705.456 - 0.230ms returns FALSE
T88DF0 021:723.054 JLINK_IsHalted()
T88DF0 021:723.360 - 0.305ms returns FALSE
T88DF0 021:723.398 JLINK_IsHalted()
T88DF0 021:723.624 - 0.226ms returns FALSE
T8A598 021:814.924 JLINK_IsHalted()
T8A598 021:815.204 - 0.278ms returns FALSE
T8A598 021:815.222 JLINK_IsHalted()
T8A598 021:815.436 - 0.213ms returns FALSE
T8A598 021:923.940 JLINK_IsHalted()
T8A598 021:924.208 - 0.267ms returns FALSE
T8A598 021:924.224 JLINK_IsHalted()
T8A598 021:924.454 - 0.228ms returns FALSE
T8A598 022:033.476 JLINK_IsHalted()
T8A598 022:033.866 - 0.388ms returns FALSE
T8A598 022:033.886 JLINK_IsHalted()
T8A598 022:034.104 - 0.218ms returns FALSE
T8A598 022:143.056 JLINK_IsHalted()
T8A598 022:143.402 - 0.346ms returns FALSE
T8A598 022:143.430 JLINK_IsHalted()
T8A598 022:143.712 - 0.280ms returns FALSE
T8A598 022:251.978 JLINK_IsHalted()
T8A598 022:253.252 - 1.275ms returns FALSE
T8A598 022:253.288 JLINK_IsHalted()
T8A598 022:253.524 - 0.237ms returns FALSE
T8A598 022:361.684 JLINK_IsHalted()
T8A598 022:362.054 - 0.370ms returns FALSE
T8A598 022:362.092 JLINK_IsHalted()
T8A598 022:362.422 - 0.329ms returns FALSE
T8A598 022:471.254 JLINK_IsHalted()
T8A598 022:471.572 - 0.319ms returns FALSE
T8A598 022:471.592 JLINK_IsHalted()
T8A598 022:471.828 - 0.235ms returns FALSE
T8A598 022:580.212 JLINK_IsHalted()
T8A598 022:580.492 - 0.281ms returns FALSE
T8A598 022:580.522 JLINK_IsHalted()
T8A598 022:580.834 - 0.310ms returns FALSE
T8A598 022:689.192 JLINK_IsHalted()
T8A598 022:689.494 - 0.301ms returns FALSE
T8A598 022:689.516 JLINK_IsHalted()
T8A598 022:689.732 - 0.216ms returns FALSE
T88DF0 022:723.436 JLINK_IsHalted()
T88DF0 022:723.842 - 0.405ms returns FALSE
T88DF0 022:723.868 JLINK_IsHalted()
T88DF0 022:724.104 - 0.235ms returns FALSE
T8A598 022:799.200 JLINK_IsHalted()
T8A598 022:799.540 - 0.339ms returns FALSE
T8A598 022:799.572 JLINK_IsHalted()
T8A598 022:799.834 - 0.258ms returns FALSE
T8A598 022:908.432 JLINK_IsHalted()
T8A598 022:908.716 - 0.285ms returns FALSE
T8A598 022:908.728 JLINK_IsHalted()
T8A598 022:909.022 - 0.294ms returns FALSE
T8A598 023:017.314 JLINK_IsHalted()
T8A598 023:017.580 - 0.268ms returns FALSE
T8A598 023:017.606 JLINK_IsHalted()
T8A598 023:017.828 - 0.221ms returns FALSE
T8A598 023:126.660 JLINK_IsHalted()
T8A598 023:127.012 - 0.353ms returns FALSE
T8A598 023:127.038 JLINK_IsHalted()
T8A598 023:127.322 - 0.283ms returns FALSE
T8A598 023:236.246 JLINK_IsHalted()
T8A598 023:236.938 - 0.688ms returns FALSE
T8A598 023:236.982 JLINK_IsHalted()
T8A598 023:237.228 - 0.246ms returns FALSE
T8A598 023:346.366 JLINK_IsHalted()
T8A598 023:346.676 - 0.310ms returns FALSE
T8A598 023:346.686 JLINK_IsHalted()
T8A598 023:346.904 - 0.217ms returns FALSE
T8A598 023:455.326 JLINK_IsHalted()
T8A598 023:455.580 - 0.253ms returns FALSE
T8A598 023:455.602 JLINK_IsHalted()
T8A598 023:455.830 - 0.228ms returns FALSE
T8A598 023:564.990 JLINK_IsHalted()
T8A598 023:565.280 - 0.289ms returns FALSE
T8A598 023:565.302 JLINK_IsHalted()
T8A598 023:565.518 - 0.215ms returns FALSE
T8A598 023:674.406 JLINK_IsHalted()
T8A598 023:674.680 - 0.272ms returns FALSE
T8A598 023:674.700 JLINK_IsHalted()
T8A598 023:675.000 - 0.298ms returns FALSE
T88DF0 023:724.516 JLINK_IsHalted()
T88DF0 023:724.834 - 0.318ms returns FALSE
T88DF0 023:724.852 JLINK_IsHalted()
T88DF0 023:725.066 - 0.214ms returns FALSE
T8A598 023:783.380 JLINK_IsHalted()
T8A598 023:783.658 - 0.276ms returns FALSE
T8A598 023:783.674 JLINK_IsHalted()
T8A598 023:783.902 - 0.228ms returns FALSE
T8A598 023:892.688 JLINK_IsHalted()
T8A598 023:893.044 - 0.356ms returns FALSE
T8A598 023:893.078 JLINK_IsHalted()
T8A598 023:893.380 - 0.300ms returns FALSE
T8A598 024:002.358 JLINK_IsHalted()
T8A598 024:002.602 - 0.244ms returns FALSE
T8A598 024:002.612 JLINK_IsHalted()
T8A598 024:002.834 - 0.222ms returns FALSE
T8A598 024:111.064 JLINK_IsHalted()
T8A598 024:111.392 - 0.328ms returns FALSE
T8A598 024:111.436 JLINK_IsHalted()
T8A598 024:111.746 - 0.308ms returns FALSE
T8A598 024:221.046 JLINK_IsHalted()
T8A598 024:221.392 - 0.345ms returns FALSE
T8A598 024:221.436 JLINK_IsHalted()
T8A598 024:221.722 - 0.283ms returns FALSE
T8A598 024:330.162 JLINK_IsHalted()
T8A598 024:330.412 - 0.249ms returns FALSE
T8A598 024:330.458 JLINK_IsHalted()
T8A598 024:330.678 - 0.220ms returns FALSE
T8A598 024:439.412 JLINK_IsHalted()
T8A598 024:439.710 - 0.299ms returns FALSE
T8A598 024:439.742 JLINK_IsHalted()
T8A598 024:440.108 - 0.364ms returns FALSE
T8A598 024:549.282 JLINK_IsHalted()
T8A598 024:549.556 - 0.275ms returns FALSE
T8A598 024:549.566 JLINK_IsHalted()
T8A598 024:549.824 - 0.257ms returns FALSE
T8A598 024:658.222 JLINK_IsHalted()
T8A598 024:658.532 - 0.306ms returns FALSE
T8A598 024:658.568 JLINK_IsHalted()
T8A598 024:658.830 - 0.262ms returns FALSE
T88DF0 024:725.324 JLINK_IsHalted()
T88DF0 024:725.614 - 0.290ms returns FALSE
T88DF0 024:725.634 JLINK_IsHalted()
T88DF0 024:725.852 - 0.218ms returns FALSE
T8A598 024:768.222 JLINK_IsHalted()
T8A598 024:768.764 - 0.540ms returns FALSE
T8A598 024:768.788 JLINK_IsHalted()
T8A598 024:769.098 - 0.309ms returns FALSE
T8A598 024:877.216 JLINK_IsHalted()
T8A598 024:877.578 - 0.361ms returns FALSE
T8A598 024:877.600 JLINK_IsHalted()
T8A598 024:877.918 - 0.316ms returns FALSE
T8A598 024:986.212 JLINK_IsHalted()
T8A598 024:986.486 - 0.274ms returns FALSE
T8A598 024:986.508 JLINK_IsHalted()
T8A598 024:986.744 - 0.236ms returns FALSE
T7D9AC 025:579.322 JLINK_Halt()
T7D9AC 025:581.694 - 2.371ms returns 0x00
T7D9AC 025:581.748 JLINK_ReadReg(XPSR)
T7D9AC 025:582.048   CPU_ReadMem(4 bytes @ 0xE000EE08)
T7D9AC 025:582.422 - 0.674ms returns 0x21000000
T7D9AC 025:583.940 JLINK_Close()
T7D9AC 025:585.124   OnDisconnectTarget() start
T7D9AC 025:585.168    J-Link Script File: Executing OnDisconnectTarget()
T7D9AC 025:585.180   Restoring low power mode settings.
T7D9AC 025:587.916   OnDisconnectTarget() end - Took 2.74ms
T7D9AC 025:595.562 - 11.620ms
T7D9AC 025:595.598   
T7D9AC 025:595.604   Closed
