T419C 000:000.408   SEGGER J-Link V7.98b Log File
T419C 000:000.498   DLL Compiled: Jul 31 2024 16:10:46
T419C 000:000.504   Logging started @ 2024-10-14 12:52
T419C 000:000.510   Process: C:\Users\a8456\.eclipse\com.renesas.platform_1291987301\DebugComp\RA\e2-server-gdb.exe
T419C 000:000.517 - 0.515ms
T419C 000:000.529 JLINK_GetDLLVersion()
T419C 000:000.536 - 0.006ms returns 79802
T419C 000:001.840 JLINK_OpenEx(...)
T419C 000:005.431   Firmware: J-Link V9 compiled May  7 2021 16:26:12
T419C 000:005.998   Firmware: J-Link V9 compiled May  7 2021 16:26:12
T419C 000:006.114   Decompressing FW timestamp took 92 us
T419C 000:011.448   Hardware: V9.60
T419C 000:011.469   S/N: 69660718
T419C 000:011.477   OEM: SEGGER
T419C 000:011.485   Feature(s): RDI, GDB, FlashDL, FlashBP, JFlash
T419C 000:011.912   Bootloader: (Could not read)
T419C 000:012.461   TELNET listener socket opened on port 19021
T419C 000:012.581   WEBSRV WEBSRV_Init(): Starting webserver thread(s)
T419C 000:012.677   WEBSRV Webserver running on local port 19080
T419C 000:012.807   Looking for J-Link GUI Server exe at: C:\Users\a8456\.eclipse\com.renesas.platform_1291987301\DebugComp\RA\ARM\Segger_v7.98.2\JLinkGUIServer.exe
T419C 000:012.897   Looking for J-Link GUI Server exe at: C:\Program Files\SEGGER\JLink_V796h\JLinkGUIServer.exe
T419C 000:012.922   Forking J-Link GUI Server: C:\Program Files\SEGGER\JLink_V796h\JLinkGUIServer.exe
T419C 000:030.339   J-Link GUI Server info: "J-Link GUI server V7.96h "
T419C 000:035.192 - 33.344ms returns "O.K."
T419C 000:035.312 JLINK_ExecCommand("ProjectFile=C:\Users\a8456\e2_studio\workspace_5.5\RA3E1_TAU_ONE_PWM/RA3E1_TAU_ONE_PWM Debug_Flat.jlink", ...). 
T419C 000:049.581 - 14.273ms returns 0x00
T419C 000:049.803 JLINK_ExecCommand("device=R7FA0E107", ...). 
T419C 000:050.540   Flash bank @ 0x00000000: SFL: Parsing sectorization info from ELF file
T419C 000:050.556     FlashDevice.SectorInfo[0]: .SectorSize = 0x00000800, .SectorStartAddr = 0x00000000
T419C 000:050.596   Flash bank @ 0x40100000: SFL: Parsing sectorization info from ELF file
T419C 000:050.606     FlashDevice.SectorInfo[0]: .SectorSize = 0x00000100, .SectorStartAddr = 0x00000000
T419C 000:050.630   FlashBank @0x40100000: Sectorization info from SFL ELF file ignored because sectorization override from DLL / XML file is active.
T419C 000:050.653   Device "R7FA0E107" selected.
T419C 000:050.910 - 1.097ms returns 0x00
T419C 000:050.936 JLINK_ExecCommand("SetCPUConnectIDCODE = FFFFFFFFFFFFFFFFFFFFFFFFFFFFFFFF", ...). 
T419C 000:050.946 - 0.002ms returns 0x00
T419C 000:050.953 JLINK_TIF_GetAvailable(...)
T419C 000:051.077 - 0.124ms
T419C 000:051.085 JLINK_TIF_Select(JLINKARM_TIF_SWD)
T419C 000:051.458 - 0.372ms returns 0x00
T419C 000:051.466 JLINK_SetSpeed(4000)
T419C 000:051.519 - 0.054ms
T419C 000:051.527 JLINK_SetEndian(ARM_ENDIAN_LITTLE)
T419C 000:051.532 - 0.005ms returns 0
T419C 000:051.539 JLINK_SetInitRegsOnReset(OFF)
T419C 000:051.544 - 0.005ms returns 1
T419C 000:051.552 JLINK_SetResetType(JLINKARM_RESET_TYPE_NO_RESET)
T419C 000:051.557 - 0.005ms returns JLINKARM_RESET_TYPE_NORMAL
T419C 000:051.564 JLINK_ExecCommand("EnableFlashBPs", ...). 
T419C 000:051.571 - 0.000ms returns 0x00
T419C 000:051.578 JLINK_ExecCommand("SetAllowFlashCache = 1", ...). 
T419C 000:051.585 - 0.000ms returns 0x01
T419C 000:051.592 JLINK_ExecCommand("SetRestartOnClose = 0", ...). 
T419C 000:051.599 - 0.000ms returns 0x01
T419C 000:051.608 JLINK_EnableSoftBPs(ON)
T419C 000:051.613 - 0.006ms
T419C 000:051.620 JLINK_Connect()
T419C 000:051.757   InitTarget() start
T419C 000:051.774    J-Link Script File: Executing InitTarget()
T419C 000:051.785   Identifying target device...
T419C 000:051.794   SWD selected. Executing JTAG -> SWD switching sequence...
T419C 000:052.227   Initializing DAP...
T419C 000:052.959   DAP initialized successfully.
T419C 000:053.961   Low power mode detected. Waking device from low power mode.
T419C 000:056.036   InitTarget() end - Took 4.26ms
T419C 000:056.751   Found SW-DP with ID 0x5BA02477
T419C 000:058.471   DPIDR: 0x5BA02477
T419C 000:058.541   CoreSight SoC-400 or earlier
T419C 000:058.551   Scanning AP map to find all available APs
T419C 000:059.261   AP[2]: Stopped AP scan as end of AP map has been reached
T419C 000:059.282   AP[0]: AHB-AP (IDR: 0x74770001)
T419C 000:059.292   AP[1]: APB-AP (IDR: 0x44770002)
T419C 000:059.302   Iterating through AP map to find AHB-AP to use
T419C 000:060.039   AP[0]: Core found
T419C 000:060.057   AP[0]: AHB-AP ROM base: 0x4001A000
T419C 000:060.394   CPUID register: 0x411CD200. Implementer code: 0x41 (ARM)
T419C 000:060.404   Feature set: Baseline
T419C 000:060.758   Cache: No cache
T419C 000:060.777   Found Cortex-M23 r1p0, Little endian.
T419C 000:061.037   -- Max. mem block: 0x00010C40
T419C 000:061.439   
  ***** Warning: 
T419C 000:061.449   Cortex-M (ARMv8-M and later): The connected J-Link (S/N 69660718) uses an old firmware module that does not handle I/D-cache correctly. Proper debugging functionality cannot be guaranteed if cache is enabled
T419C 000:061.466   CPU_ReadMem(4 bytes @ 0xE000EDF0)
T419C 000:061.690   CPU_ReadMem(4 bytes @ 0xE0002000)
T419C 000:061.889   FPUnit: 4 code (BP) slots and 0 literal slots
T419C 000:061.900   CPU_ReadMem(4 bytes @ 0xE000EDFC)
T419C 000:062.107   CPU_ReadMem(4 bytes @ 0xE0001000)
T419C 000:062.305   CPU_ReadMem(4 bytes @ 0xE0001000)
T419C 000:062.535   CPU_ReadMem(4 bytes @ 0xE0001028)
T419C 000:062.756   CPU_ReadMem(4 bytes @ 0xE0001038)
T419C 000:062.982   CPU_WriteMem(4 bytes @ 0xE0001000)
T419C 000:063.219   CPU_ReadMem(4 bytes @ 0xE000ED88)
T419C 000:063.419   CPU_WriteMem(4 bytes @ 0xE000ED88)
T419C 000:063.686   CPU_ReadMem(4 bytes @ 0xE000ED88)
T419C 000:063.918   CPU_WriteMem(4 bytes @ 0xE000ED88)
T419C 000:064.156   CPU_ReadMem(4 bytes @ 0xE000EFB8)
T419C 000:064.366   Security extension: not implemented
T419C 000:064.381   CoreSight components:
T419C 000:064.390   ROMTbl[0] @ 4001A000
T419C 000:064.398   CPU_ReadMem(64 bytes @ 0x4001A000)
T419C 000:064.888   CPU_ReadMem(32 bytes @ 0xE000EFE0)
T419C 000:065.251   CPU_ReadMem(4 bytes @ 0xE000EFBC)
T419C 000:065.452   CPU_ReadMem(4 bytes @ 0xE000EFCC)
T419C 000:065.745   [0][0]: E000E000 CID B105900D PID 000BBD20 DEVARCH 47702A04 DEVTYPE 00 Cortex-M23
T419C 000:065.756   CPU_ReadMem(32 bytes @ 0xE0001FE0)
T419C 000:066.095   CPU_ReadMem(4 bytes @ 0xE0001FBC)
T419C 000:066.305   CPU_ReadMem(4 bytes @ 0xE0001FCC)
T419C 000:066.513   [0][1]: E0001000 CID B105900D PID 000BBD20 DEVARCH 47701A02 DEVTYPE 00 DWT
T419C 000:066.530   CPU_ReadMem(32 bytes @ 0xE0002FE0)
T419C 000:066.887   CPU_ReadMem(4 bytes @ 0xE0002FBC)
T419C 000:067.141   CPU_ReadMem(4 bytes @ 0xE0002FCC)
T419C 000:067.339   [0][2]: E0002000 CID B105900D PID 000BBD20 DEVARCH 47701A03 DEVTYPE 00 FPB
T419C 000:067.348   CPU_ReadMem(32 bytes @ 0x40019FE0)
T419C 000:067.741   CPU_ReadMem(4 bytes @ 0x40019FBC)
T419C 000:067.936   CPU_ReadMem(4 bytes @ 0x40019FCC)
T419C 000:068.139   [0][3]: 40019000 CID B105900D PID 000BBD20 DEVARCH 47710A31 DEVTYPE 31 MTB
T419C 000:068.170 - 16.549ms returns 0x00
T419C 000:068.205 JLINK_Halt()
T419C 000:070.207 - 2.000ms returns 0x00
T419C 000:070.221 JLINK_IsHalted()
T419C 000:070.232 - 0.010ms returns TRUE
T419C 000:070.239 JLINK_ResetPullsRESET(ON)
T419C 000:070.244 - 0.005ms
T419C 000:070.278 JLINK_Reset()
T419C 000:070.294   CPU_WriteMem(4 bytes @ 0xE000EDF0)
T419C 000:070.522   CPU_ReadMem(4 bytes @ 0xE000ED44)
T419C 000:070.774   CPU_WriteMem(4 bytes @ 0xE000EDFC)
T419C 000:071.050   Reset: Halt core after reset via DEMCR.VC_CORERESET.
T419C 000:071.279   Reset: Reset device via AIRCR.SYSRESETREQ.
T419C 000:071.289   CPU_WriteMem(4 bytes @ 0xE000ED0C)
T419C 000:123.369   CPU_ReadMem(4 bytes @ 0xE000EDF0)
T419C 000:123.590   CPU_ReadMem(4 bytes @ 0xE000EDF0)
T419C 000:123.846   CPU_WriteMem(4 bytes @ 0xE000EDFC)
T419C 000:129.867   CPU_ReadMem(4 bytes @ 0xE000EDF0)
T419C 000:132.062   CPU_WriteMem(4 bytes @ 0xE0002000)
T419C 000:132.299   CPU_ReadMem(4 bytes @ 0xE000EDFC)
T419C 000:132.489   CPU_ReadMem(4 bytes @ 0xE0001000)
T419C 000:132.743   CPU_WriteMem(4 bytes @ 0xE0001000)
T419C 000:133.006   CPU_ReadMem(4 bytes @ 0xE000EE08)
T419C 000:133.238 - 62.959ms
T419C 000:133.274 JLINK_ReadMem(0x01011080, 0x10 Bytes, ...)
T419C 000:133.285   CPU_ReadMem(16 bytes @ 0x01011080)
T419C 000:133.534   Data:  4A 46 43 33 37 30 31 45 30 41 46 37 52 20 20 20
T419C 000:133.543 - 0.269ms returns 0
T419C 000:133.554 JLINK_IsHalted()
T419C 000:133.560 - 0.006ms returns TRUE
T419C 000:133.734 JLINK_MeasureCPUSpeed(RAMAddr = 0xFFFFFFFF)
T419C 000:133.741   CPU_ReadMem(16 bytes @ 0x20004000)
T419C 000:134.038   CPU_ReadMem(64 bytes @ 0x20004000)
T419C 000:134.548    -- Updating C cache (64 bytes @ 0x20004000)
T419C 000:134.557    -- Read from C cache (6 bytes @ 0x20004000)
T419C 000:134.566   CPU_ReadMem(4 bytes @ 0x40019004)
T419C 000:134.768   CPU_ReadMem(4 bytes @ 0xE000ED90)
T419C 000:135.000   CPU_WriteMem(16 bytes @ 0x20004000)
T419C 000:135.298   CPU_WriteMem(6 bytes @ 0x20004000)
T419C 000:135.562   CPU_ReadMem(64 bytes @ 0x20004000)
T419C 000:136.041    -- Updating C cache (64 bytes @ 0x20004000)
T419C 000:136.052    -- Read from C cache (6 bytes @ 0x20004000)
T419C 000:136.067   CPU_ReadMem(4 bytes @ 0xE000EE08)
T419C 000:136.269   CPU_WriteMem(4 bytes @ 0xE0002008)
T419C 000:136.278   CPU_WriteMem(4 bytes @ 0xE000200C)
T419C 000:136.286   CPU_WriteMem(4 bytes @ 0xE0002010)
T419C 000:136.294   CPU_WriteMem(4 bytes @ 0xE0002014)
T419C 000:140.798   CPU_WriteMem(4 bytes @ 0xE0002008)
T419C 000:141.079   CPU_WriteMem(4 bytes @ 0xE000200C)
T419C 000:141.308   CPU_WriteMem(4 bytes @ 0xE0002010)
T419C 000:141.528   CPU_WriteMem(4 bytes @ 0xE0002014)
T419C 000:141.764   CPU_ReadMem(4 bytes @ 0xE000EE08)
T419C 000:141.973   CPU_ReadMem(4 bytes @ 0xE000EE08)
T419C 000:142.261   CPU_ReadMem(4 bytes @ 0xE000EE08)
T419C 000:166.857   CPU_WriteMem(6 bytes @ 0x20004000)
T419C 000:167.163   ClockFreq: 4000350 Hz
T419C 000:167.187 - 33.453ms returns 4000350
T419C 000:167.250 JLINK_ReadReg(XPSR)
T419C 000:167.262   CPU_ReadMem(4 bytes @ 0xE000EE08)
T419C 000:167.487 - 0.236ms returns 0x81000000
T7298 002:202.157 JLINK_ReadReg(XPSR)
T7298 002:202.490   CPU_ReadMem(4 bytes @ 0xE000EE08)
T7298 002:202.760 - 0.603ms returns 0x81000000
T7298 002:227.218 JLINK_ReadReg(XPSR)
T7298 002:227.274 - 0.057ms returns 0x81000000
T7298 002:248.340 JLINK_ReadReg(XPSR)
T7298 002:248.402 - 0.062ms returns 0x81000000
T7298 002:368.923 JLINK_SetEndian(ARM_ENDIAN_LITTLE)
T7298 002:368.963 - 0.039ms returns 0
T7298 002:369.154 JLINK_BeginDownload(Flags = 0x00000000)
T7298 002:369.183 - 0.029ms
T7298 002:386.653 JLINK_WriteMem(0x00000000, 0xBC0 Bytes, ...)
T7298 002:386.711   Data:  38 45 00 20 5D 02 00 00 75 01 00 00 59 02 00 00 ...
T7298 002:386.947   completely In flash
T7298 002:386.959 - 0.306ms returns 0xBC0
T7298 002:387.227 JLINK_WriteMem(0x00000BC0, 0x74 Bytes, ...)
T7298 002:387.242   Data:  2E 2F 73 72 63 2F 68 61 6C 5F 65 6E 74 72 79 2E ...
T7298 002:387.254   completely In flash
T7298 002:387.262 - 0.035ms returns 0x74
T7298 002:387.423 JLINK_WriteMem(0x00000C34, 0x8 Bytes, ...)
T7298 002:387.451   Data:  89 04 00 00 59 04 00 00
T7298 002:387.470   completely In flash
T7298 002:387.486 - 0.063ms returns 0x8
T7298 002:387.731 JLINK_WriteMem(0x01010018, 0x1C Bytes, ...)
T7298 002:387.757   Data:  FF FF FF FF FF FF FF FF FF FF FF FF FF FF FF FF ...
T7298 002:388.173   CPU_ReadMem(4 bytes @ 0x40019004)
T7298 002:388.459   CPU_ReadMem(4 bytes @ 0xE000ED90)
T7298 002:389.244    -- --------------------------------------
T7298 002:389.288    -- Start of determining flash info (Bank @ 0x00000000)
T7298 002:389.307    -- End of determining flash info
T7298 002:389.324    -- Start of determining dirty areas in flash cache
T7298 002:389.341    -- Filling invalid ranges in sector buffer (flash cache) for sector @ 0x00000000 if necessary
T7298 002:389.358    -- Filling invalid ranges in sector buffer (flash cache) for sector @ 0x00000800 if necessary
T7298 002:389.425    -- End of determining dirty areas
T7298 002:389.463    -- Start of preparing flash programming
T7298 002:389.486    -- Preparing RAMCode
T7298 002:389.504    -- Calculating RAM usage
T7298 002:389.521    -- RAM usage = 4792 Bytes
T7298 002:389.537    -- Preserving CPU registers
T7298 002:389.593    -- Preparing memory
T7298 002:389.602    -- Determining CPU clock frequency
T7298 002:420.719    -- CPU frequency = 4000 kHz
T7298 002:420.763    -- Preparing target
T7298 002:420.780    -- Preserving target RAM temporarily used for programming
T7298 002:442.022    -- Downloading RAMCode
T7298 002:460.064    -- Initializing RAMCode (InitType: 3 = Verify)
T7298 002:460.088    -- Executing Init(3)
T7298 002:472.876    -- End of preparing flash programming
T7298 002:476.853   
  ***** Warning: 
T7298 002:476.872   CPU is running at low speed (4000 kHz).
T7298 002:476.880    -- CPU is running at 4000 kHz.
T7298 002:476.889    -- Start of comparing flash
T7298 002:476.898    -- CRC check was estimated as fastest method
T7298 002:501.734    -- Comparing range 0x0000 - 0x0FFF (2 Sectors, 4 KB), using single-block CRC calculation
T7298 002:529.046    -- CRC does not match, checking individual sectors
T7298 002:553.559    -- CRC does not match for sectors 0-1
T7298 002:553.624    -- End of comparing flash
T7298 002:553.643    -- Start of erasing sectors
T7298 002:553.661    -- Erasing range 0x00000000 - 0x00000FFF (  2 Sectors, 4 KB)
T7298 002:553.678    -- Initializing RAMCode (InitType: 1 = Erase)
T7298 002:553.693    -- Executing UnInit()
T7298 002:563.021    -- Executing Init(1)
T7298 002:600.505    -- End of erasing sectors
T7298 002:600.536    -- Start of flash programming
T7298 002:600.546    -- Programming range 0x00000000 - 0x00000FFF (  2 Sectors, 4 KB)
T7298 002:601.572    -- Initializing RAMCode (InitType: 2 = Program)
T7298 002:601.593    -- Executing UnInit()
T7298 002:611.462    -- Executing Init(2)
T7298 002:620.414    -- Program page timeout too high. Use default timeout: 10000 [s]
T7298 002:620.452    -- Program page timeout too high. Use default timeout: 10000 [s]
T7298 002:687.017    -- End of flash programming
T7298 002:687.046    -- 0x0000 - 0x0FFF (  2 Sectors, 4 KB)
T7298 002:687.055    -- Start of verifying flash
T7298 002:687.069    -- Checksum calculation was estimated as fastest method
T7298 002:687.078    -- Checksum is not supported by this flash bank. Switched to read back method.
T7298 002:687.088    -- Initializing RAMCode (InitType: 3 = Verify)
T7298 002:687.097    -- Executing UnInit()
T7298 002:755.341    -- Executing Init(3)
T7298 002:789.957    -- End of verifying flash
T7298 002:790.008    -- Start of restoring
T7298 002:790.025    -- Executing UnInit()
T7298 002:799.564    -- Restoring target memory
T7298 002:817.355    -- Restoring CPU registers
T7298 002:817.711    -- End of restoring
T7298 002:817.727    -- Bank 0 @ 0x00000000: 1 range affected (4096 bytes)
T7298 002:817.738    -- Total: 0.428s (Prepare: 0.087s, Compare: 0.076s, Erase: 0.046s, Program: 0.146s, Verify: 0.043s, Restore: 0.027s)
T7298 002:817.748    -- Program speed: 27 KB/s
T7298 002:821.605   CPU_WriteMem(28 bytes @ 0x01010018)
T7298 002:821.968 - 434.237ms returns 0x1C
T7298 002:841.686 JLINK_EndDownload()
T7298 002:841.733 - 0.046ms returns 0 (0x0)
T7298 002:841.864 JLINK_WriteReg(R15 (PC), 0x0000025C)
T7298 002:841.890 - 0.026ms returns 0
T7298 002:841.910 JLINK_WriteReg(XPSR, 0x01000000)
T7298 002:841.935 - 0.025ms returns 0
T7298 002:841.954 JLINK_ResetPullsRESET(ON)
T7298 002:841.966 - 0.011ms
T7298 002:841.978 JLINK_Halt()
T7298 002:841.990 - 0.011ms returns 0x00
T7298 002:842.002 JLINK_IsHalted()
T7298 002:842.014 - 0.012ms returns TRUE
T7298 002:842.027 JLINK_Reset()
T7298 002:842.041   CPU_ReadMem(4 bytes @ 0x01010018)
T7298 002:842.364   CPU_WriteMem(4 bytes @ 0x01010018)
T7298 002:842.646   CPU_WriteMem(4 bytes @ 0xE000EDF0)
T7298 002:842.927   CPU_ReadMem(4 bytes @ 0xE000ED44)
T7298 002:843.191   CPU_WriteMem(4 bytes @ 0xE000EDFC)
T7298 002:843.440   Reset: Halt core after reset via DEMCR.VC_CORERESET.
T7298 002:843.767   Reset: Reset device via AIRCR.SYSRESETREQ.
T7298 002:843.779   CPU_WriteMem(4 bytes @ 0xE000ED0C)
T7298 002:896.829   CPU_ReadMem(4 bytes @ 0xE000EDF0)
T7298 002:897.066   CPU_ReadMem(4 bytes @ 0xE000EDF0)
T7298 002:897.293   CPU_WriteMem(4 bytes @ 0xE000EDFC)
T7298 002:903.070   CPU_ReadMem(4 bytes @ 0xE000EDF0)
T7298 002:905.597   CPU_WriteMem(4 bytes @ 0xE0002000)
T7298 002:906.102   CPU_ReadMem(4 bytes @ 0xE000EDFC)
T7298 002:906.541   CPU_ReadMem(4 bytes @ 0xE0001000)
T7298 002:906.849   CPU_WriteMem(4 bytes @ 0xE0001000)
T7298 002:907.116   CPU_ReadMem(4 bytes @ 0xE000EE08)
T7298 002:907.355 - 65.328ms
T7298 002:907.376 JLINK_SetEndian(ARM_ENDIAN_LITTLE)
T7298 002:907.387 - 0.011ms returns 0
T7298 002:907.867 JLINK_ResetPullsRESET(ON)
T7298 002:907.890 - 0.023ms
T7298 002:907.903 JLINK_Halt()
T7298 002:907.916 - 0.012ms returns 0x00
T7298 002:907.928 JLINK_IsHalted()
T7298 002:907.940 - 0.011ms returns TRUE
T7298 002:907.955 JLINK_Reset()
T7298 002:907.974   CPU_WriteMem(4 bytes @ 0xE000EDF0)
T7298 002:908.276   CPU_ReadMem(4 bytes @ 0xE000ED44)
T7298 002:908.585   CPU_WriteMem(4 bytes @ 0xE000EDFC)
T7298 002:908.883   Reset: Halt core after reset via DEMCR.VC_CORERESET.
T7298 002:909.199   Reset: Reset device via AIRCR.SYSRESETREQ.
T7298 002:909.230   CPU_WriteMem(4 bytes @ 0xE000ED0C)
T7298 002:961.366   CPU_ReadMem(4 bytes @ 0xE000EDF0)
T7298 002:961.600   CPU_ReadMem(4 bytes @ 0xE000EDF0)
T7298 002:961.847   CPU_WriteMem(4 bytes @ 0xE000EDFC)
T7298 002:967.846   CPU_ReadMem(4 bytes @ 0xE000EDF0)
T7298 002:970.145   CPU_WriteMem(4 bytes @ 0xE0002000)
T7298 002:970.375   CPU_ReadMem(4 bytes @ 0xE000EDFC)
T7298 002:970.592   CPU_ReadMem(4 bytes @ 0xE0001000)
T7298 002:970.846   CPU_WriteMem(4 bytes @ 0xE0001000)
T7298 002:971.083   CPU_ReadMem(4 bytes @ 0xE000EE08)
T7298 002:971.299 - 63.343ms
T7298 002:971.314 JLINK_SetEndian(ARM_ENDIAN_LITTLE)
T7298 002:971.319 - 0.005ms returns 0
T7298 003:000.580 JLINK_ReadReg(XPSR)
T7298 003:000.629   CPU_ReadMem(4 bytes @ 0xE000EE08)
T7298 003:000.893 - 0.313ms returns 0x21000000
T7298 003:001.393 JLINK_ReadMem(0x00000240, 0x40 Bytes, ...)
T7298 003:001.408    -- Read from flash cache (64 bytes @ 0x00000240)
T7298 003:001.417   Data:  00 E1 00 E0 10 B5 04 00 FF F7 BA FF 20 00 FF F7 ...
T7298 003:001.425 - 0.032ms returns 0
T7298 003:003.241 JLINK_ReadReg(XPSR)
T7298 003:003.282 - 0.041ms returns 0x21000000
T7298 003:004.033 JLINK_ReadMem(0x00000240, 0x40 Bytes, ...)
T7298 003:004.065    -- Read from flash cache (64 bytes @ 0x00000240)
T7298 003:004.082   Data:  00 E1 00 E0 10 B5 04 00 FF F7 BA FF 20 00 FF F7 ...
T7298 003:004.097 - 0.064ms returns 0
T7298 003:076.456 JLINK_ReadReg(XPSR)
T7298 003:076.486 - 0.030ms returns 0x21000000
T7298 003:094.274 JLINK_GetNumBPUnits(Type = 0xFFFFFF00)
T7298 003:094.299 - 0.025ms returns 0x04
T7298 003:094.308 JLINK_GetNumWPUnits()
T7298 003:094.314 - 0.006ms returns 2
T7298 003:094.321 JLINK_GetNumWPUnits()
T7298 003:094.328 - 0.006ms returns 2
T7298 003:094.337 JLINK_GetNumBPUnits(Type = 0xFFFFFF00)
T7298 003:094.343 - 0.006ms returns 0x04
T7298 003:094.350 JLINK_GetNumWPUnits()
T7298 003:094.357 - 0.006ms returns 2
T7298 003:094.364 JLINK_GetNumWPUnits()
T7298 003:094.370 - 0.006ms returns 2
T7298 003:094.378 JLINK_GetNumBPUnits(Type = 0xFFFFFF00)
T7298 003:094.384 - 0.005ms returns 0x04
T7298 003:094.389 JLINK_GetNumWPUnits()
T7298 003:094.395 - 0.005ms returns 2
T7298 003:094.400 JLINK_GetNumWPUnits()
T7298 003:094.406 - 0.005ms returns 2
T7298 003:094.434 JLINK_SetBPEx(Addr = 0x000005D4, Type = 0xFFFFFF00)
T7298 003:094.443 - 0.008ms returns 0x00000001
T7298 003:094.451 JLINK_ClrBPEx(BPHandle = 0x00000001)
T7298 003:094.458 - 0.006ms returns 0x00
T7298 003:108.300 JLINK_ReadMem(0x000005C0, 0x40 Bytes, ...)
T7298 003:108.340    -- Read from flash cache (64 bytes @ 0x000005C0)
T7298 003:108.359   Data:  00 F0 76 F9 F7 E7 C0 46 90 C0 7E 40 0C 0C 00 00 ...
T7298 003:108.375 - 0.076ms returns 0
T7298 003:108.782 JLINK_SetBPEx(Addr = 0x000005D4, Type = 0xFFFFFF00)
T7298 003:108.822 - 0.039ms returns 0x00000002
T7298 003:187.687 JLINK_ReadRegs(NumRegs = 22, Indexes: 0, 1, 2, 3, 4, 5, 6, 7, 8, 9, 10, 11, 12, 13, 14, 15, 16, 17, 18, 86, 87, 20)
T7298 003:187.759    -- R0=0x200044B5, R1=0x20005280, R2=0x00, R3=0xFF, R4=0x20005270, R5=0x00, R6=0x20005280, R7=0xFFFFFFFF, R8=0x3BBAAC05, R9=0x4000867C, R10=0x357BB58, R11=0x78BE1F1F, R12=0x400A2606, R13 (SP)=0x20004538, R14=0x20004291, R15 (PC)=0x25C, XPSR=0x21000000, MSP=0x20004538, PSP=0xDD70E660, MSPLIM=0x00, PSPLIM=0x00, CFBP=0x00
T7298 003:187.779 - 0.092ms returns 0x00
T7298 003:188.144 JLINK_ReadReg(XPSR)
T7298 003:188.178 - 0.033ms returns 0x21000000
T7298 003:189.955 JLINK_ReadMem(0x00000240, 0x40 Bytes, ...)
T7298 003:190.155    -- Read from flash cache (64 bytes @ 0x00000240)
T7298 003:190.176   Data:  00 E1 00 E0 10 B5 04 00 FF F7 BA FF 20 00 FF F7 ...
T7298 003:190.192 - 0.238ms returns 0
T0CC4 003:201.770 JLINK_GetNumBPUnits(Type = 0xFFFFFF00)
T0CC4 003:201.820 - 0.050ms returns 0x04
T0CC4 003:201.837 JLINK_GetNumWPUnits()
T0CC4 003:201.848 - 0.011ms returns 2
T0CC4 003:201.860 JLINK_GetNumWPUnits()
T0CC4 003:201.871 - 0.010ms returns 2
T0CC4 003:202.022 JLINK_GetNumBPUnits(Type = 0xFFFFFF00)
T0CC4 003:202.045 - 0.023ms returns 0x04
T0CC4 003:202.053 JLINK_GetNumWPUnits()
T0CC4 003:202.058 - 0.005ms returns 2
T0CC4 003:202.065 JLINK_GetNumWPUnits()
T0CC4 003:202.070 - 0.005ms returns 2
T0CC4 003:202.216 JLINK_GetNumBPUnits(Type = 0xFFFFFF00)
T0CC4 003:202.226 - 0.009ms returns 0x04
T0CC4 003:202.232 JLINK_GetNumWPUnits()
T0CC4 003:202.238 - 0.005ms returns 2
T0CC4 003:202.244 JLINK_GetNumWPUnits()
T0CC4 003:202.249 - 0.005ms returns 2
T0CC4 003:202.540 JLINK_GetNumBPUnits(Type = 0xFFFFFF00)
T0CC4 003:202.568 - 0.027ms returns 0x04
T0CC4 003:202.581 JLINK_GetNumWPUnits()
T0CC4 003:202.592 - 0.010ms returns 2
T0CC4 003:202.603 JLINK_GetNumWPUnits()
T0CC4 003:202.613 - 0.010ms returns 2
T0CC4 003:203.242 JLINK_GetNumBPUnits(Type = 0xFFFFFF00)
T0CC4 003:203.270 - 0.029ms returns 0x04
T0CC4 003:203.284 JLINK_GetNumWPUnits()
T0CC4 003:203.295 - 0.011ms returns 2
T0CC4 003:203.308 JLINK_GetNumWPUnits()
T0CC4 003:203.320 - 0.012ms returns 2
T0CC4 003:203.530 JLINK_GetNumBPUnits(Type = 0xFFFFFF00)
T0CC4 003:203.553 - 0.023ms returns 0x04
T0CC4 003:203.565 JLINK_GetNumWPUnits()
T0CC4 003:203.577 - 0.011ms returns 2
T0CC4 003:203.588 JLINK_GetNumWPUnits()
T0CC4 003:203.598 - 0.010ms returns 2
T0CC4 003:203.789 JLINK_GetNumBPUnits(Type = 0xFFFFFF00)
T0CC4 003:203.817 - 0.028ms returns 0x04
T0CC4 003:203.830 JLINK_GetNumWPUnits()
T0CC4 003:203.841 - 0.011ms returns 2
T0CC4 003:203.853 JLINK_GetNumWPUnits()
T0CC4 003:203.864 - 0.010ms returns 2
T0CC4 003:204.053 JLINK_GetNumBPUnits(Type = 0xFFFFFF00)
T0CC4 003:204.080 - 0.027ms returns 0x04
T0CC4 003:204.093 JLINK_GetNumWPUnits()
T0CC4 003:204.104 - 0.011ms returns 2
T0CC4 003:204.116 JLINK_GetNumWPUnits()
T0CC4 003:204.127 - 0.010ms returns 2
T7298 003:218.204 JLINK_ReadReg(XPSR)
T7298 003:218.287 - 0.082ms returns 0x21000000
T7298 003:219.039 JLINK_ReadReg(XPSR)
T7298 003:219.081 - 0.041ms returns 0x21000000
T7298 003:219.494 JLINK_ReadMem(0x00000240, 0x40 Bytes, ...)
T7298 003:219.527    -- Read from flash cache (64 bytes @ 0x00000240)
T7298 003:219.546   Data:  00 E1 00 E0 10 B5 04 00 FF F7 BA FF 20 00 FF F7 ...
T7298 003:219.561 - 0.067ms returns 0
T7298 003:220.370 JLINK_ReadMem(0x00000240, 0x40 Bytes, ...)
T7298 003:220.390    -- Read from flash cache (64 bytes @ 0x00000240)
T7298 003:220.398   Data:  00 E1 00 E0 10 B5 04 00 FF F7 BA FF 20 00 FF F7 ...
T7298 003:220.440 - 0.057ms returns 0
T7298 005:892.333 JLINK_ReadMem(0x20004040, 0x4 Bytes, ...)
T7298 005:892.395   CPU_ReadMem(64 bytes @ 0x20004040)
T7298 005:892.949    -- Updating C cache (64 bytes @ 0x20004040)
T7298 005:892.966    -- Read from C cache (4 bytes @ 0x20004040)
T7298 005:892.975   Data:  01 00 00 00
T7298 005:892.984 - 0.651ms returns 0
T7298 007:407.715 JLINK_STRACE_Read(..., NumItems = 0x10000)
T7298 007:408.240 - 0.524ms NumItemsRead = 0x00
T7298 007:408.277 JLINK_IsHalted()
T7298 007:408.573 - 0.295ms returns TRUE
T7298 007:408.601 JLINK_STRACE_Read(..., NumItems = 0x10000)
T7298 007:408.614 - 0.013ms NumItemsRead = 0x00
T7298 007:408.628 JLINK_GoEx(MaxEmulInsts = 0, Flags = 0x01)
T7298 007:408.650   CPU_WriteMem(4 bytes @ 0xE0002000)
T7298 007:409.025   CPU_ReadMem(4 bytes @ 0xE0001000)
T7298 007:409.353   CPU_WriteMem(4 bytes @ 0xE0001000)
T7298 007:409.698   CPU_WriteMem(4 bytes @ 0xE0002008)
T7298 007:409.717   CPU_WriteMem(4 bytes @ 0xE000200C)
T7298 007:409.725   CPU_WriteMem(4 bytes @ 0xE0002010)
T7298 007:409.733   CPU_WriteMem(4 bytes @ 0xE0002014)
T7298 007:410.418   CPU_WriteMem(4 bytes @ 0xE0001004)
T7298 007:411.007   Memory map 'after startup completion point' is active
T7298 007:411.037 - 2.408ms
T7298 007:468.492 JLINK_ReadMem(0x20004040, 0x4 Bytes, ...)
T7298 007:468.528   CPU_ReadMem(4 bytes @ 0x20004040)
T7298 007:468.845   Data:  00 00 00 00
T7298 007:468.865 - 0.373ms returns 0
T7298 007:514.682 JLINK_IsHalted()
T7298 007:516.985 - 2.302ms returns TRUE
T7298 007:517.004 JLINK_ReadReg(XPSR)
T7298 007:517.014   CPU_ReadMem(4 bytes @ 0xE000EE08)
T7298 007:517.282 - 0.278ms returns 0x41000000
T7298 007:517.289 JLINK_ReadReg(R15 (PC))
T7298 007:517.296 - 0.006ms returns 0x000005D4
T7298 007:517.308 JLINK_ReadReg(XPSR)
T7298 007:517.315 - 0.007ms returns 0x41000000
T7298 007:517.321 JLINK_ReadReg(XPSR)
T7298 007:517.327 - 0.005ms returns 0x41000000
T7298 007:517.333 JLINK_ReadReg(R15 (PC))
T7298 007:517.339 - 0.005ms returns 0x000005D4
T7298 007:517.345 JLINK_ReadReg(XPSR)
T7298 007:517.351 - 0.005ms returns 0x41000000
T7298 007:517.357 JLINK_ReadReg(XPSR)
T7298 007:517.362 - 0.005ms returns 0x41000000
T7298 007:517.374 JLINK_ReadMem(0x000005D4, 0x1 Bytes, ...)
T7298 007:517.381    -- Read from flash cache (1 bytes @ 0x000005D4)
T7298 007:517.390   Data:  10
T7298 007:517.398 - 0.023ms returns 0
T7298 007:517.405 JLINK_IsHalted()
T7298 007:517.409 - 0.005ms returns TRUE
T7298 007:517.416 JLINK_ReadReg(XPSR)
T7298 007:517.421 - 0.005ms returns 0x41000000
T7298 007:517.428 JLINK_ReadReg(XPSR)
T7298 007:517.433 - 0.005ms returns 0x41000000
T7298 007:517.439 JLINK_ReadReg(R15 (PC))
T7298 007:517.445 - 0.005ms returns 0x000005D4
T7298 007:517.451 JLINK_ReadReg(XPSR)
T7298 007:517.457 - 0.005ms returns 0x41000000
T7298 007:517.463 JLINK_ReadReg(XPSR)
T7298 007:517.469 - 0.005ms returns 0x41000000
T7298 007:517.475 JLINK_ReadMem(0x000005D4, 0x1 Bytes, ...)
T7298 007:517.480    -- Read from flash cache (1 bytes @ 0x000005D4)
T7298 007:517.488   Data:  10
T7298 007:517.496 - 0.021ms returns 0
T7298 007:517.817 JLINK_ReadRegs(NumRegs = 22, Indexes: 0, 1, 2, 3, 4, 5, 6, 7, 8, 9, 10, 11, 12, 13, 14, 15, 16, 17, 18, 86, 87, 20)
T7298 007:517.848    -- R0=0x00, R1=0x00, R2=0x80, R3=0x400A0340, R4=0x20005270, R5=0x00, R6=0x20005280, R7=0xFFFFFFFF, R8=0x3BBAAC05, R9=0x4000867C, R10=0x357BB58, R11=0x78BE1F1F, R12=0x400A2606, R13 (SP)=0x20004530, R14=0x267, R15 (PC)=0x5D4, XPSR=0x41000000, MSP=0x20004530, PSP=0xDD70E660, MSPLIM=0x00, PSPLIM=0x00, CFBP=0x00
T7298 007:517.857 - 0.041ms returns 0x00
T7298 007:518.125 JLINK_ReadReg(XPSR)
T7298 007:518.139 - 0.014ms returns 0x41000000
T7298 007:518.454 JLINK_ReadMem(0x000005C0, 0x40 Bytes, ...)
T7298 007:518.470    -- Read from flash cache (64 bytes @ 0x000005C0)
T7298 007:518.479   Data:  00 F0 76 F9 F7 E7 C0 46 90 C0 7E 40 0C 0C 00 00 ...
T7298 007:518.488 - 0.034ms returns 0
T7298 007:518.937 JLINK_ClrBPEx(BPHandle = 0x00000002)
T7298 007:518.952 - 0.013ms returns 0x00
T7298 007:545.953 JLINK_ReadMem(0x000005C0, 0x40 Bytes, ...)
T7298 007:545.982    -- Read from flash cache (64 bytes @ 0x000005C0)
T7298 007:545.993   Data:  00 F0 76 F9 F7 E7 C0 46 90 C0 7E 40 0C 0C 00 00 ...
T7298 007:546.002 - 0.049ms returns 0
T7298 007:546.520 JLINK_ReadMem(0x20004040, 0x4 Bytes, ...)
T7298 007:546.550   CPU_ReadMem(64 bytes @ 0x20004040)
T7298 007:547.191    -- Updating C cache (64 bytes @ 0x20004040)
T7298 007:547.217    -- Read from C cache (4 bytes @ 0x20004040)
T7298 007:547.226   Data:  00 00 00 00
T7298 007:547.235 - 0.714ms returns 0
T7298 007:576.841 JLINK_ReadReg(XPSR)
T7298 007:576.869 - 0.029ms returns 0x41000000
T7298 007:577.436 JLINK_ReadReg(XPSR)
T7298 007:577.499 - 0.062ms returns 0x41000000
T7298 007:638.242 JLINK_ReadMem(0x20004040, 0x4 Bytes, ...)
T7298 007:638.283    -- Read from C cache (4 bytes @ 0x20004040)
T7298 007:638.390   Data:  00 00 00 00
T7298 007:638.437 - 0.193ms returns 0
T7298 007:995.057 JLINK_STRACE_Read(..., NumItems = 0x10000)
T7298 007:995.097 - 0.039ms NumItemsRead = 0x00
T7298 007:995.113 JLINK_IsHalted()
T7298 007:995.125 - 0.012ms returns TRUE
T7298 007:995.138 JLINK_STRACE_Read(..., NumItems = 0x10000)
T7298 007:995.149 - 0.011ms NumItemsRead = 0x00
T7298 007:995.161 JLINK_GoEx(MaxEmulInsts = 0, Flags = 0x01)
T7298 007:995.188   CPU_ReadMem(4 bytes @ 0xE0001000)
T7298 007:995.513   CPU_WriteMem(4 bytes @ 0xE0002008)
T7298 007:996.218 - 1.056ms
T7298 008:093.255 JLINK_IsHalted()
T7298 008:093.625 - 0.370ms returns FALSE
T7298 008:093.652 JLINK_IsHalted()
T7298 008:093.932 - 0.278ms returns FALSE
T7298 008:201.664 JLINK_IsHalted()
T7298 008:201.936 - 0.271ms returns FALSE
T7298 008:201.953 JLINK_IsHalted()
T7298 008:202.177 - 0.223ms returns FALSE
T7298 008:311.309 JLINK_IsHalted()
T7298 008:311.639 - 0.331ms returns FALSE
T7298 008:311.650 JLINK_IsHalted()
T7298 008:311.913 - 0.263ms returns FALSE
T7298 008:420.952 JLINK_IsHalted()
T7298 008:421.229 - 0.276ms returns FALSE
T7298 008:421.242 JLINK_IsHalted()
T7298 008:421.508 - 0.266ms returns FALSE
T0CC4 008:520.023 JLINK_IsHalted()
T0CC4 008:520.351 - 0.328ms returns FALSE
T0CC4 008:520.374 JLINK_IsHalted()
T0CC4 008:520.638 - 0.264ms returns FALSE
T7298 008:530.582 JLINK_IsHalted()
T7298 008:530.892 - 0.309ms returns FALSE
T7298 008:530.900 JLINK_IsHalted()
T7298 008:531.158 - 0.258ms returns FALSE
T7298 008:639.916 JLINK_IsHalted()
T7298 008:640.254 - 0.337ms returns FALSE
T7298 008:640.293 JLINK_IsHalted()
T7298 008:640.603 - 0.310ms returns FALSE
T7298 008:749.422 JLINK_IsHalted()
T7298 008:749.738 - 0.316ms returns FALSE
T7298 008:749.757 JLINK_IsHalted()
T7298 008:749.995 - 0.238ms returns FALSE
T7298 008:858.454 JLINK_IsHalted()
T7298 008:858.747 - 0.291ms returns FALSE
T7298 008:858.760 JLINK_IsHalted()
T7298 008:859.023 - 0.261ms returns FALSE
T7298 008:968.080 JLINK_IsHalted()
T7298 008:968.399 - 0.319ms returns FALSE
T7298 008:968.409 JLINK_IsHalted()
T7298 008:968.644 - 0.234ms returns FALSE
T0CC4 008:998.072 JLINK_IsHalted()
T0CC4 008:998.355 - 0.283ms returns FALSE
T0CC4 008:998.363 JLINK_IsHalted()
T0CC4 008:998.621 - 0.257ms returns FALSE
T7298 009:076.716 JLINK_IsHalted()
T7298 009:077.042 - 0.324ms returns FALSE
T7298 009:077.073 JLINK_IsHalted()
T7298 009:077.352 - 0.279ms returns FALSE
T7298 009:186.394 JLINK_IsHalted()
T7298 009:186.701 - 0.305ms returns FALSE
T7298 009:186.718 JLINK_IsHalted()
T7298 009:186.922 - 0.202ms returns FALSE
T7298 009:296.046 JLINK_IsHalted()
T7298 009:296.333 - 0.285ms returns FALSE
T7298 009:296.365 JLINK_IsHalted()
T7298 009:296.610 - 0.244ms returns FALSE
T7298 009:405.340 JLINK_IsHalted()
T7298 009:405.738 - 0.398ms returns FALSE
T7298 009:405.758 JLINK_IsHalted()
T7298 009:406.042 - 0.284ms returns FALSE
T7298 009:514.956 JLINK_IsHalted()
T7298 009:515.283 - 0.328ms returns FALSE
T7298 009:515.294 JLINK_IsHalted()
T7298 009:515.526 - 0.232ms returns FALSE
T7298 009:624.186 JLINK_IsHalted()
T7298 009:624.499 - 0.310ms returns FALSE
T7298 009:624.510 JLINK_IsHalted()
T7298 009:624.765 - 0.254ms returns FALSE
T7298 009:733.811 JLINK_IsHalted()
T7298 009:734.131 - 0.320ms returns FALSE
T7298 009:734.151 JLINK_IsHalted()
T7298 009:734.422 - 0.270ms returns FALSE
T7298 009:842.650 JLINK_IsHalted()
T7298 009:842.959 - 0.308ms returns FALSE
T7298 009:842.994 JLINK_IsHalted()
T7298 009:843.246 - 0.251ms returns FALSE
T7298 009:952.270 JLINK_IsHalted()
T7298 009:952.578 - 0.306ms returns FALSE
T7298 009:952.637 JLINK_IsHalted()
T7298 009:952.894 - 0.257ms returns FALSE
T0CC4 009:998.231 JLINK_IsHalted()
T0CC4 009:998.523 - 0.291ms returns FALSE
T0CC4 009:998.531 JLINK_IsHalted()
T0CC4 009:998.749 - 0.217ms returns FALSE
T7298 010:061.910 JLINK_IsHalted()
T7298 010:062.214 - 0.304ms returns FALSE
T7298 010:062.222 JLINK_IsHalted()
T7298 010:062.472 - 0.249ms returns FALSE
T7298 010:170.536 JLINK_IsHalted()
T7298 010:170.819 - 0.283ms returns FALSE
T7298 010:170.827 JLINK_IsHalted()
T7298 010:171.080 - 0.252ms returns FALSE
T7298 010:280.179 JLINK_IsHalted()
T7298 010:280.524 - 0.345ms returns FALSE
T7298 010:280.550 JLINK_IsHalted()
T7298 010:280.842 - 0.292ms returns FALSE
T7298 010:389.814 JLINK_IsHalted()
T7298 010:390.141 - 0.326ms returns FALSE
T7298 010:390.169 JLINK_IsHalted()
T7298 010:390.454 - 0.284ms returns FALSE
T7298 010:499.444 JLINK_IsHalted()
T7298 010:499.768 - 0.324ms returns FALSE
T7298 010:499.793 JLINK_IsHalted()
T7298 010:500.037 - 0.242ms returns FALSE
T7298 010:608.094 JLINK_IsHalted()
T7298 010:608.362 - 0.267ms returns FALSE
T7298 010:608.384 JLINK_IsHalted()
T7298 010:608.615 - 0.230ms returns FALSE
T7298 010:717.312 JLINK_IsHalted()
T7298 010:717.589 - 0.277ms returns FALSE
T7298 010:717.606 JLINK_IsHalted()
T7298 010:717.881 - 0.273ms returns FALSE
T7298 010:826.897 JLINK_IsHalted()
T7298 010:827.165 - 0.268ms returns FALSE
T7298 010:827.183 JLINK_IsHalted()
T7298 010:827.405 - 0.221ms returns FALSE
T7298 010:936.532 JLINK_IsHalted()
T7298 010:936.784 - 0.251ms returns FALSE
T7298 010:936.803 JLINK_IsHalted()
T7298 010:937.032 - 0.228ms returns FALSE
T0CC4 010:998.440 JLINK_IsHalted()
T0CC4 010:998.761 - 0.319ms returns FALSE
T0CC4 010:998.796 JLINK_IsHalted()
T0CC4 010:999.072 - 0.275ms returns FALSE
T7298 011:046.164 JLINK_IsHalted()
T7298 011:046.466 - 0.301ms returns FALSE
T7298 011:046.475 JLINK_IsHalted()
T7298 011:046.735 - 0.260ms returns FALSE
T7298 011:154.811 JLINK_IsHalted()
T7298 011:155.094 - 0.283ms returns FALSE
T7298 011:155.129 JLINK_IsHalted()
T7298 011:155.350 - 0.221ms returns FALSE
T7298 011:264.434 JLINK_IsHalted()
T7298 011:264.742 - 0.307ms returns FALSE
T7298 011:264.759 JLINK_IsHalted()
T7298 011:264.998 - 0.238ms returns FALSE
T7298 011:374.075 JLINK_IsHalted()
T7298 011:374.379 - 0.303ms returns FALSE
T7298 011:374.390 JLINK_IsHalted()
T7298 011:374.665 - 0.273ms returns FALSE
T7298 011:483.705 JLINK_IsHalted()
T7298 011:484.042 - 0.336ms returns FALSE
T7298 011:484.062 JLINK_IsHalted()
T7298 011:484.302 - 0.239ms returns FALSE
T7298 011:592.333 JLINK_IsHalted()
T7298 011:592.656 - 0.322ms returns FALSE
T7298 011:592.665 JLINK_IsHalted()
T7298 011:592.934 - 0.268ms returns FALSE
T7298 011:702.536 JLINK_IsHalted()
T7298 011:702.930 - 0.393ms returns FALSE
T7298 011:702.952 JLINK_IsHalted()
T7298 011:703.219 - 0.267ms returns FALSE
T7298 011:812.017 JLINK_IsHalted()
T7298 011:812.287 - 0.270ms returns FALSE
T7298 011:812.306 JLINK_IsHalted()
T7298 011:812.570 - 0.264ms returns FALSE
T7298 011:920.660 JLINK_IsHalted()
T7298 011:920.968 - 0.307ms returns FALSE
T7298 011:920.978 JLINK_IsHalted()
T7298 011:921.219 - 0.242ms returns FALSE
T0CC4 011:998.596 JLINK_IsHalted()
T0CC4 011:998.899 - 0.303ms returns FALSE
T0CC4 011:998.909 JLINK_IsHalted()
T0CC4 011:999.158 - 0.248ms returns FALSE
T7298 012:030.386 JLINK_IsHalted()
T7298 012:030.741 - 0.355ms returns FALSE
T7298 012:030.750 JLINK_IsHalted()
T7298 012:030.978 - 0.227ms returns FALSE
T7298 012:140.037 JLINK_IsHalted()
T7298 012:140.352 - 0.314ms returns FALSE
T7298 012:140.388 JLINK_IsHalted()
T7298 012:140.670 - 0.281ms returns FALSE
T7298 012:248.672 JLINK_IsHalted()
T7298 012:248.967 - 0.294ms returns FALSE
T7298 012:248.979 JLINK_IsHalted()
T7298 012:249.246 - 0.266ms returns FALSE
T7298 012:358.314 JLINK_IsHalted()
T7298 012:358.614 - 0.299ms returns FALSE
T7298 012:358.624 JLINK_IsHalted()
T7298 012:358.926 - 0.300ms returns FALSE
T7298 012:467.741 JLINK_IsHalted()
T7298 012:468.054 - 0.312ms returns FALSE
T7298 012:468.093 JLINK_IsHalted()
T7298 012:468.366 - 0.273ms returns FALSE
T7298 012:577.374 JLINK_IsHalted()
T7298 012:577.712 - 0.338ms returns FALSE
T7298 012:577.722 JLINK_IsHalted()
T7298 012:577.997 - 0.274ms returns FALSE
T7298 012:686.634 JLINK_IsHalted()
T7298 012:686.907 - 0.273ms returns FALSE
T7298 012:686.915 JLINK_IsHalted()
T7298 012:687.125 - 0.209ms returns FALSE
T7298 012:795.437 JLINK_IsHalted()
T7298 012:795.778 - 0.339ms returns FALSE
T7298 012:795.815 JLINK_IsHalted()
T7298 012:796.089 - 0.273ms returns FALSE
T7298 012:905.117 JLINK_IsHalted()
T7298 012:905.491 - 0.375ms returns FALSE
T7298 012:905.521 JLINK_IsHalted()
T7298 012:905.820 - 0.298ms returns FALSE
T0CC4 012:998.920 JLINK_IsHalted()
T0CC4 012:999.243 - 0.323ms returns FALSE
T0CC4 012:999.269 JLINK_IsHalted()
T0CC4 012:999.527 - 0.258ms returns FALSE
T7298 013:014.707 JLINK_IsHalted()
T7298 013:015.037 - 0.329ms returns FALSE
T7298 013:015.059 JLINK_IsHalted()
T7298 013:015.329 - 0.269ms returns FALSE
T7298 013:124.350 JLINK_IsHalted()
T7298 013:124.747 - 0.396ms returns FALSE
T7298 013:124.772 JLINK_IsHalted()
T7298 013:125.050 - 0.278ms returns FALSE
T7298 013:232.961 JLINK_IsHalted()
T7298 013:233.230 - 0.269ms returns FALSE
T7298 013:233.238 JLINK_IsHalted()
T7298 013:233.472 - 0.232ms returns FALSE
T7298 013:342.612 JLINK_IsHalted()
T7298 013:342.878 - 0.266ms returns FALSE
T7298 013:342.905 JLINK_IsHalted()
T7298 013:343.146 - 0.240ms returns FALSE
T7298 013:452.242 JLINK_IsHalted()
T7298 013:452.530 - 0.287ms returns FALSE
T7298 013:452.555 JLINK_IsHalted()
T7298 013:452.782 - 0.226ms returns FALSE
T7298 013:561.939 JLINK_IsHalted()
T7298 013:562.237 - 0.297ms returns FALSE
T7298 013:562.278 JLINK_IsHalted()
T7298 013:562.514 - 0.234ms returns FALSE
T7298 013:671.126 JLINK_IsHalted()
T7298 013:671.478 - 0.352ms returns FALSE
T7298 013:671.506 JLINK_IsHalted()
T7298 013:671.923 - 0.416ms returns FALSE
T7298 013:780.397 JLINK_IsHalted()
T7298 013:780.744 - 0.347ms returns FALSE
T7298 013:780.762 JLINK_IsHalted()
T7298 013:781.019 - 0.257ms returns FALSE
T7298 013:890.054 JLINK_IsHalted()
T7298 013:890.486 - 0.431ms returns FALSE
T7298 013:890.528 JLINK_IsHalted()
T7298 013:890.832 - 0.304ms returns FALSE
T7298 013:998.931 JLINK_IsHalted()
T7298 013:999.358 - 0.426ms returns FALSE
T7298 013:999.379 JLINK_IsHalted()
T7298 013:999.643 - 0.264ms returns FALSE
T0CC4 013:999.678 JLINK_IsHalted()
T0CC4 013:999.928 - 0.248ms returns FALSE
T0CC4 013:999.960 JLINK_IsHalted()
T0CC4 014:000.262 - 0.302ms returns FALSE
T7298 014:108.566 JLINK_IsHalted()
T7298 014:108.925 - 0.357ms returns FALSE
T7298 014:108.962 JLINK_IsHalted()
T7298 014:109.202 - 0.239ms returns FALSE
T7298 014:218.206 JLINK_IsHalted()
T7298 014:218.539 - 0.331ms returns FALSE
T7298 014:218.563 JLINK_IsHalted()
T7298 014:218.778 - 0.213ms returns FALSE
T7298 014:326.834 JLINK_IsHalted()
T7298 014:327.110 - 0.277ms returns FALSE
T7298 014:327.120 JLINK_IsHalted()
T7298 014:327.315 - 0.196ms returns FALSE
T7298 014:436.464 JLINK_IsHalted()
T7298 014:436.771 - 0.305ms returns FALSE
T7298 014:436.790 JLINK_IsHalted()
T7298 014:437.018 - 0.228ms returns FALSE
T7298 014:546.098 JLINK_IsHalted()
T7298 014:546.395 - 0.296ms returns FALSE
T7298 014:546.408 JLINK_IsHalted()
T7298 014:546.739 - 0.330ms returns FALSE
T7298 014:655.371 JLINK_IsHalted()
T7298 014:655.747 - 0.377ms returns FALSE
T7298 014:655.779 JLINK_IsHalted()
T7298 014:656.077 - 0.296ms returns FALSE
T7298 014:764.954 JLINK_IsHalted()
T7298 014:765.266 - 0.312ms returns FALSE
T7298 014:765.275 JLINK_IsHalted()
T7298 014:765.506 - 0.230ms returns FALSE
T7298 014:874.144 JLINK_IsHalted()
T7298 014:874.419 - 0.275ms returns FALSE
T7298 014:874.427 JLINK_IsHalted()
T7298 014:874.662 - 0.235ms returns FALSE
T7298 014:983.774 JLINK_IsHalted()
T7298 014:984.069 - 0.293ms returns FALSE
T7298 014:984.075 JLINK_IsHalted()
T7298 014:984.328 - 0.251ms returns FALSE
T0CC4 015:000.794 JLINK_IsHalted()
T0CC4 015:001.078 - 0.284ms returns FALSE
T0CC4 015:001.098 JLINK_IsHalted()
T0CC4 015:001.339 - 0.241ms returns FALSE
T7298 015:092.408 JLINK_IsHalted()
T7298 015:092.746 - 0.337ms returns FALSE
T7298 015:092.770 JLINK_IsHalted()
T7298 015:093.019 - 0.249ms returns FALSE
T7298 015:202.045 JLINK_IsHalted()
T7298 015:202.370 - 0.324ms returns FALSE
T7298 015:202.405 JLINK_IsHalted()
T7298 015:202.707 - 0.301ms returns FALSE
T7298 015:311.659 JLINK_IsHalted()
T7298 015:311.986 - 0.325ms returns FALSE
T7298 015:312.000 JLINK_IsHalted()
T7298 015:312.238 - 0.237ms returns FALSE
T7298 015:420.915 JLINK_IsHalted()
T7298 015:421.232 - 0.316ms returns FALSE
T7298 015:421.242 JLINK_IsHalted()
T7298 015:421.515 - 0.273ms returns FALSE
T7298 015:530.565 JLINK_IsHalted()
T7298 015:530.910 - 0.346ms returns FALSE
T7298 015:530.936 JLINK_IsHalted()
T7298 015:531.232 - 0.294ms returns FALSE
T7298 015:639.854 JLINK_IsHalted()
T7298 015:640.194 - 0.340ms returns FALSE
T7298 015:640.234 JLINK_IsHalted()
T7298 015:640.506 - 0.271ms returns FALSE
T7298 015:749.462 JLINK_IsHalted()
T7298 015:749.744 - 0.281ms returns FALSE
T7298 015:749.752 JLINK_IsHalted()
T7298 015:749.982 - 0.230ms returns FALSE
T7298 015:858.406 JLINK_IsHalted()
T7298 015:858.781 - 0.375ms returns FALSE
T7298 015:858.816 JLINK_IsHalted()
T7298 015:859.080 - 0.263ms returns FALSE
T7298 015:968.050 JLINK_IsHalted()
T7298 015:968.362 - 0.312ms returns FALSE
T7298 015:968.371 JLINK_IsHalted()
T7298 015:968.568 - 0.197ms returns FALSE
T0CC4 016:001.013 JLINK_IsHalted()
T0CC4 016:001.288 - 0.274ms returns FALSE
T0CC4 016:001.304 JLINK_IsHalted()
T0CC4 016:001.499 - 0.193ms returns FALSE
T7298 016:076.664 JLINK_IsHalted()
T7298 016:076.934 - 0.271ms returns FALSE
T7298 016:076.942 JLINK_IsHalted()
T7298 016:077.181 - 0.238ms returns FALSE
T7298 016:186.323 JLINK_IsHalted()
T7298 016:186.653 - 0.329ms returns FALSE
T7298 016:186.670 JLINK_IsHalted()
T7298 016:186.906 - 0.234ms returns FALSE
T7298 016:295.954 JLINK_IsHalted()
T7298 016:296.234 - 0.280ms returns FALSE
T7298 016:296.243 JLINK_IsHalted()
T7298 016:296.506 - 0.262ms returns FALSE
T7298 016:405.595 JLINK_IsHalted()
T7298 016:405.925 - 0.329ms returns FALSE
T7298 016:405.949 JLINK_IsHalted()
T7298 016:406.243 - 0.293ms returns FALSE
T7298 016:514.216 JLINK_IsHalted()
T7298 016:514.550 - 0.334ms returns FALSE
T7298 016:514.578 JLINK_IsHalted()
T7298 016:514.920 - 0.342ms returns FALSE
T7298 016:624.434 JLINK_IsHalted()
T7298 016:624.742 - 0.308ms returns FALSE
T7298 016:624.750 JLINK_IsHalted()
T7298 016:624.981 - 0.230ms returns FALSE
T7298 016:733.056 JLINK_IsHalted()
T7298 016:733.358 - 0.301ms returns FALSE
T7298 016:733.366 JLINK_IsHalted()
T7298 016:733.600 - 0.233ms returns FALSE
T7298 016:842.494 JLINK_IsHalted()
T7298 016:842.826 - 0.332ms returns FALSE
T7298 016:842.844 JLINK_IsHalted()
T7298 016:843.098 - 0.252ms returns FALSE
T7298 016:952.164 JLINK_IsHalted()
T7298 016:952.454 - 0.288ms returns FALSE
T7298 016:952.462 JLINK_IsHalted()
T7298 016:952.708 - 0.244ms returns FALSE
T0CC4 017:001.148 JLINK_IsHalted()
T0CC4 017:001.440 - 0.292ms returns FALSE
T0CC4 017:001.462 JLINK_IsHalted()
T0CC4 017:001.700 - 0.239ms returns FALSE
T7298 017:061.762 JLINK_IsHalted()
T7298 017:062.088 - 0.327ms returns FALSE
T7298 017:062.110 JLINK_IsHalted()
T7298 017:062.366 - 0.254ms returns FALSE
T7298 017:171.388 JLINK_IsHalted()
T7298 017:171.756 - 0.367ms returns FALSE
T7298 017:171.796 JLINK_IsHalted()
T7298 017:172.114 - 0.317ms returns FALSE
T7298 017:280.012 JLINK_IsHalted()
T7298 017:280.316 - 0.304ms returns FALSE
T7298 017:280.336 JLINK_IsHalted()
T7298 017:280.596 - 0.258ms returns FALSE
T7298 017:389.688 JLINK_IsHalted()
T7298 017:390.042 - 0.357ms returns FALSE
T7298 017:390.078 JLINK_IsHalted()
T7298 017:390.318 - 0.240ms returns FALSE
T7298 017:499.204 JLINK_IsHalted()
T7298 017:499.484 - 0.279ms returns FALSE
T7298 017:499.492 JLINK_IsHalted()
T7298 017:499.706 - 0.212ms returns FALSE
T7298 017:608.834 JLINK_IsHalted()
T7298 017:609.150 - 0.316ms returns FALSE
T7298 017:609.182 JLINK_IsHalted()
T7298 017:609.436 - 0.252ms returns FALSE
T7298 017:717.348 JLINK_IsHalted()
T7298 017:717.662 - 0.313ms returns FALSE
T7298 017:717.670 JLINK_IsHalted()
T7298 017:717.916 - 0.246ms returns FALSE
T7298 017:827.602 JLINK_IsHalted()
T7298 017:827.932 - 0.328ms returns FALSE
T7298 017:827.962 JLINK_IsHalted()
T7298 017:828.228 - 0.265ms returns FALSE
T7298 017:936.228 JLINK_IsHalted()
T7298 017:936.520 - 0.291ms returns FALSE
T7298 017:936.528 JLINK_IsHalted()
T7298 017:936.766 - 0.237ms returns FALSE
T0CC4 018:001.170 JLINK_IsHalted()
T0CC4 018:001.476 - 0.306ms returns FALSE
T0CC4 018:001.488 JLINK_IsHalted()
T0CC4 018:001.742 - 0.253ms returns FALSE
T7298 018:045.862 JLINK_IsHalted()
T7298 018:046.166 - 0.305ms returns FALSE
T7298 018:046.176 JLINK_IsHalted()
T7298 018:046.436 - 0.257ms returns FALSE
T7298 018:155.392 JLINK_IsHalted()
T7298 018:155.722 - 0.330ms returns FALSE
T7298 018:155.764 JLINK_IsHalted()
T7298 018:156.130 - 0.363ms returns FALSE
T7298 018:265.004 JLINK_IsHalted()
T7298 018:265.276 - 0.273ms returns FALSE
T7298 018:265.298 JLINK_IsHalted()
T7298 018:265.502 - 0.203ms returns FALSE
T7298 018:373.656 JLINK_IsHalted()
T7298 018:373.946 - 0.288ms returns FALSE
T7298 018:373.964 JLINK_IsHalted()
T7298 018:374.200 - 0.234ms returns FALSE
T7298 018:483.888 JLINK_IsHalted()
T7298 018:484.246 - 0.358ms returns FALSE
T7298 018:484.302 JLINK_IsHalted()
T7298 018:484.580 - 0.277ms returns FALSE
T7298 018:592.530 JLINK_IsHalted()
T7298 018:592.964 - 0.443ms returns FALSE
T7298 018:592.988 JLINK_IsHalted()
T7298 018:593.246 - 0.257ms returns FALSE
T7298 018:702.458 JLINK_IsHalted()
T7298 018:702.982 - 0.525ms returns FALSE
T7298 018:703.012 JLINK_IsHalted()
T7298 018:703.276 - 0.264ms returns FALSE
T7298 018:811.908 JLINK_IsHalted()
T7298 018:812.204 - 0.296ms returns FALSE
T7298 018:812.236 JLINK_IsHalted()
T7298 018:812.484 - 0.247ms returns FALSE
T7298 018:920.540 JLINK_IsHalted()
T7298 018:920.832 - 0.291ms returns FALSE
T7298 018:920.850 JLINK_IsHalted()
T7298 018:921.104 - 0.252ms returns FALSE
T0CC4 019:001.424 JLINK_IsHalted()
T0CC4 019:001.744 - 0.320ms returns FALSE
T0CC4 019:001.754 JLINK_IsHalted()
T0CC4 019:001.992 - 0.238ms returns FALSE
T7298 019:030.182 JLINK_IsHalted()
T7298 019:030.454 - 0.271ms returns FALSE
T7298 019:030.472 JLINK_IsHalted()
T7298 019:030.742 - 0.270ms returns FALSE
T7298 019:139.834 JLINK_IsHalted()
T7298 019:140.152 - 0.318ms returns FALSE
T7298 019:140.178 JLINK_IsHalted()
T7298 019:140.498 - 0.320ms returns FALSE
T7298 019:249.436 JLINK_IsHalted()
T7298 019:249.842 - 0.403ms returns FALSE
T7298 019:249.884 JLINK_IsHalted()
T7298 019:250.164 - 0.282ms returns FALSE
T7298 019:358.120 JLINK_IsHalted()
T7298 019:358.452 - 0.332ms returns FALSE
T7298 019:358.476 JLINK_IsHalted()
T7298 019:358.754 - 0.278ms returns FALSE
T7298 019:468.094 JLINK_IsHalted()
T7298 019:468.416 - 0.321ms returns FALSE
T7298 019:468.440 JLINK_IsHalted()
T7298 019:468.762 - 0.321ms returns FALSE
T7298 019:576.716 JLINK_IsHalted()
T7298 019:577.022 - 0.306ms returns FALSE
T7298 019:577.030 JLINK_IsHalted()
T7298 019:577.284 - 0.252ms returns FALSE
T7298 019:686.968 JLINK_IsHalted()
T7298 019:687.310 - 0.342ms returns FALSE
T7298 019:687.340 JLINK_IsHalted()
T7298 019:687.624 - 0.284ms returns FALSE
T7298 019:795.434 JLINK_IsHalted()
T7298 019:795.746 - 0.312ms returns FALSE
T7298 019:795.756 JLINK_IsHalted()
T7298 019:796.008 - 0.253ms returns FALSE
T7298 019:905.206 JLINK_IsHalted()
T7298 019:905.932 - 0.727ms returns FALSE
T7298 019:905.972 JLINK_IsHalted()
T7298 019:906.264 - 0.291ms returns FALSE
T0CC4 020:001.872 JLINK_IsHalted()
T0CC4 020:002.182 - 0.308ms returns FALSE
T0CC4 020:002.220 JLINK_IsHalted()
T0CC4 020:002.500 - 0.279ms returns FALSE
T7298 020:014.676 JLINK_IsHalted()
T7298 020:014.936 - 0.260ms returns FALSE
T7298 020:014.944 JLINK_IsHalted()
T7298 020:015.192 - 0.248ms returns FALSE
T7298 020:124.336 JLINK_IsHalted()
T7298 020:124.680 - 0.345ms returns FALSE
T7298 020:124.704 JLINK_IsHalted()
T7298 020:124.964 - 0.259ms returns FALSE
T7298 020:232.954 JLINK_IsHalted()
T7298 020:233.252 - 0.299ms returns FALSE
T7298 020:233.268 JLINK_IsHalted()
T7298 020:233.532 - 0.262ms returns FALSE
T7298 020:342.596 JLINK_IsHalted()
T7298 020:342.926 - 0.332ms returns FALSE
T7298 020:342.954 JLINK_IsHalted()
T7298 020:343.224 - 0.271ms returns FALSE
T7298 020:452.228 JLINK_IsHalted()
T7298 020:452.568 - 0.339ms returns FALSE
T7298 020:452.596 JLINK_IsHalted()
T7298 020:452.910 - 0.312ms returns FALSE
T7298 020:561.858 JLINK_IsHalted()
T7298 020:562.174 - 0.318ms returns FALSE
T7298 020:562.192 JLINK_IsHalted()
T7298 020:562.446 - 0.254ms returns FALSE
T7298 020:671.084 JLINK_IsHalted()
T7298 020:671.412 - 0.328ms returns FALSE
T7298 020:671.464 JLINK_IsHalted()
T7298 020:671.798 - 0.333ms returns FALSE
T7298 020:780.322 JLINK_IsHalted()
T7298 020:780.616 - 0.294ms returns FALSE
T7298 020:780.624 JLINK_IsHalted()
T7298 020:780.908 - 0.283ms returns FALSE
T7298 020:889.946 JLINK_IsHalted()
T7298 020:890.322 - 0.374ms returns FALSE
T7298 020:890.356 JLINK_IsHalted()
T7298 020:890.652 - 0.298ms returns FALSE
T7298 020:998.612 JLINK_IsHalted()
T7298 020:998.982 - 0.367ms returns FALSE
T7298 020:999.014 JLINK_IsHalted()
T7298 020:999.224 - 0.209ms returns FALSE
T0CC4 021:002.740 JLINK_IsHalted()
T0CC4 021:002.974 - 0.235ms returns FALSE
T0CC4 021:002.992 JLINK_IsHalted()
T0CC4 021:003.202 - 0.210ms returns FALSE
T7298 021:108.210 JLINK_IsHalted()
T7298 021:108.502 - 0.292ms returns FALSE
T7298 021:108.532 JLINK_IsHalted()
T7298 021:108.766 - 0.231ms returns FALSE
T7298 021:217.856 JLINK_IsHalted()
T7298 021:218.148 - 0.291ms returns FALSE
T7298 021:218.166 JLINK_IsHalted()
T7298 021:218.388 - 0.220ms returns FALSE
T7298 021:327.192 JLINK_IsHalted()
T7298 021:327.476 - 0.283ms returns FALSE
T7298 021:327.508 JLINK_IsHalted()
T7298 021:327.764 - 0.255ms returns FALSE
T7298 021:436.576 JLINK_IsHalted()
T7298 021:436.894 - 0.314ms returns FALSE
T7298 021:436.916 JLINK_IsHalted()
T7298 021:437.128 - 0.210ms returns FALSE
T7298 021:546.188 JLINK_IsHalted()
T7298 021:546.492 - 0.305ms returns FALSE
T7298 021:546.536 JLINK_IsHalted()
T7298 021:546.758 - 0.221ms returns FALSE
T7298 021:655.468 JLINK_IsHalted()
T7298 021:655.768 - 0.300ms returns FALSE
T7298 021:655.802 JLINK_IsHalted()
T7298 021:656.058 - 0.254ms returns FALSE
T7298 021:764.990 JLINK_IsHalted()
T7298 021:765.274 - 0.283ms returns FALSE
T7298 021:765.306 JLINK_IsHalted()
T7298 021:765.554 - 0.246ms returns FALSE
T7298 021:874.242 JLINK_IsHalted()
T7298 021:874.612 - 0.371ms returns FALSE
T7298 021:874.648 JLINK_IsHalted()
T7298 021:874.932 - 0.282ms returns FALSE
T7298 021:983.422 JLINK_IsHalted()
T7298 021:983.754 - 0.331ms returns FALSE
T7298 021:983.812 JLINK_IsHalted()
T7298 021:984.114 - 0.300ms returns FALSE
T0CC4 022:003.490 JLINK_IsHalted()
T0CC4 022:003.802 - 0.312ms returns FALSE
T0CC4 022:003.822 JLINK_IsHalted()
T0CC4 022:004.104 - 0.281ms returns FALSE
T7298 022:093.062 JLINK_IsHalted()
T7298 022:093.390 - 0.328ms returns FALSE
T7298 022:093.414 JLINK_IsHalted()
T7298 022:093.752 - 0.336ms returns FALSE
T7298 022:201.688 JLINK_IsHalted()
T7298 022:202.034 - 0.345ms returns FALSE
T7298 022:202.060 JLINK_IsHalted()
T7298 022:202.334 - 0.274ms returns FALSE
T7298 022:311.330 JLINK_IsHalted()
T7298 022:311.660 - 0.329ms returns FALSE
T7298 022:311.676 JLINK_IsHalted()
T7298 022:311.940 - 0.264ms returns FALSE
T7298 022:420.964 JLINK_IsHalted()
T7298 022:421.308 - 0.342ms returns FALSE
T7298 022:421.374 JLINK_IsHalted()
T7298 022:421.754 - 0.379ms returns FALSE
T7298 022:530.602 JLINK_IsHalted()
T7298 022:530.932 - 0.331ms returns FALSE
T7298 022:530.962 JLINK_IsHalted()
T7298 022:531.242 - 0.279ms returns FALSE
T7298 022:639.838 JLINK_IsHalted()
T7298 022:640.182 - 0.345ms returns FALSE
T7298 022:640.228 JLINK_IsHalted()
T7298 022:640.500 - 0.269ms returns FALSE
T7298 022:749.460 JLINK_IsHalted()
T7298 022:749.772 - 0.315ms returns FALSE
T7298 022:749.782 JLINK_IsHalted()
T7298 022:750.042 - 0.258ms returns FALSE
T7298 022:858.368 JLINK_IsHalted()
T7298 022:858.758 - 0.391ms returns FALSE
T7298 022:858.780 JLINK_IsHalted()
T7298 022:859.058 - 0.276ms returns FALSE
T7298 022:968.218 JLINK_IsHalted()
T7298 022:968.554 - 0.336ms returns FALSE
T7298 022:968.580 JLINK_IsHalted()
T7298 022:968.928 - 0.347ms returns FALSE
T0CC4 023:004.202 JLINK_IsHalted()
T0CC4 023:004.474 - 0.272ms returns FALSE
T0CC4 023:004.484 JLINK_IsHalted()
T0CC4 023:004.720 - 0.237ms returns FALSE
T7298 023:076.848 JLINK_IsHalted()
T7298 023:077.144 - 0.297ms returns FALSE
T7298 023:077.154 JLINK_IsHalted()
T7298 023:077.368 - 0.213ms returns FALSE
T7298 023:186.490 JLINK_IsHalted()
T7298 023:186.770 - 0.279ms returns FALSE
T7298 023:186.780 JLINK_IsHalted()
T7298 023:186.988 - 0.205ms returns FALSE
T7298 023:296.094 JLINK_IsHalted()
T7298 023:296.394 - 0.297ms returns FALSE
T7298 023:296.410 JLINK_IsHalted()
T7298 023:296.648 - 0.239ms returns FALSE
T7298 023:405.164 JLINK_IsHalted()
T7298 023:405.484 - 0.321ms returns FALSE
T7298 023:405.514 JLINK_IsHalted()
T7298 023:405.768 - 0.254ms returns FALSE
T7298 023:514.758 JLINK_IsHalted()
T7298 023:515.028 - 0.272ms returns FALSE
T7298 023:515.062 JLINK_IsHalted()
T7298 023:515.294 - 0.227ms returns FALSE
T7298 023:624.010 JLINK_IsHalted()
T7298 023:624.322 - 0.313ms returns FALSE
T7298 023:624.346 JLINK_IsHalted()
T7298 023:624.582 - 0.235ms returns FALSE
T7298 023:733.646 JLINK_IsHalted()
T7298 023:733.892 - 0.244ms returns FALSE
T7298 023:733.916 JLINK_IsHalted()
T7298 023:734.170 - 0.252ms returns FALSE
T7298 023:842.550 JLINK_IsHalted()
T7298 023:842.860 - 0.308ms returns FALSE
T7298 023:842.880 JLINK_IsHalted()
T7298 023:843.114 - 0.233ms returns FALSE
T7298 023:952.174 JLINK_IsHalted()
T7298 023:952.464 - 0.288ms returns FALSE
T7298 023:952.484 JLINK_IsHalted()
T7298 023:952.748 - 0.264ms returns FALSE
T0CC4 024:005.268 JLINK_IsHalted()
T0CC4 024:005.910 - 0.641ms returns FALSE
T0CC4 024:005.940 JLINK_IsHalted()
T0CC4 024:006.230 - 0.289ms returns FALSE
T7298 024:061.812 JLINK_IsHalted()
T7298 024:062.108 - 0.296ms returns FALSE
T7298 024:062.122 JLINK_IsHalted()
T7298 024:062.386 - 0.265ms returns FALSE
T7298 024:170.462 JLINK_IsHalted()
T7298 024:170.754 - 0.291ms returns FALSE
T7298 024:170.768 JLINK_IsHalted()
T7298 024:171.026 - 0.256ms returns FALSE
T7298 024:280.108 JLINK_IsHalted()
T7298 024:280.404 - 0.294ms returns FALSE
T7298 024:280.412 JLINK_IsHalted()
T7298 024:280.636 - 0.226ms returns FALSE
T7298 024:389.392 JLINK_IsHalted()
T7298 024:389.760 - 0.367ms returns FALSE
T7298 024:389.788 JLINK_IsHalted()
T7298 024:390.070 - 0.281ms returns FALSE
T7298 024:499.004 JLINK_IsHalted()
T7298 024:499.436 - 0.432ms returns FALSE
T7298 024:499.470 JLINK_IsHalted()
T7298 024:499.750 - 0.278ms returns FALSE
T7298 024:608.616 JLINK_IsHalted()
T7298 024:608.940 - 0.324ms returns FALSE
T7298 024:608.962 JLINK_IsHalted()
T7298 024:609.202 - 0.239ms returns FALSE
T7298 024:717.978 JLINK_IsHalted()
T7298 024:718.282 - 0.305ms returns FALSE
T7298 024:718.302 JLINK_IsHalted()
T7298 024:718.588 - 0.284ms returns FALSE
T7298 024:826.832 JLINK_IsHalted()
T7298 024:827.142 - 0.309ms returns FALSE
T7298 024:827.160 JLINK_IsHalted()
T7298 024:827.408 - 0.248ms returns FALSE
T7298 024:936.464 JLINK_IsHalted()
T7298 024:936.772 - 0.308ms returns FALSE
T7298 024:936.782 JLINK_IsHalted()
T7298 024:937.048 - 0.265ms returns FALSE
T0CC4 025:007.026 JLINK_IsHalted()
T0CC4 025:007.320 - 0.294ms returns FALSE
T0CC4 025:007.330 JLINK_IsHalted()
T0CC4 025:007.564 - 0.235ms returns FALSE
T7298 025:045.790 JLINK_IsHalted()
T7298 025:046.090 - 0.299ms returns FALSE
T7298 025:046.100 JLINK_IsHalted()
T7298 025:046.326 - 0.227ms returns FALSE
T7298 025:155.420 JLINK_IsHalted()
T7298 025:155.762 - 0.342ms returns FALSE
T7298 025:155.804 JLINK_IsHalted()
T7298 025:156.082 - 0.278ms returns FALSE
T7298 025:265.040 JLINK_IsHalted()
T7298 025:265.334 - 0.293ms returns FALSE
T7298 025:265.352 JLINK_IsHalted()
T7298 025:265.608 - 0.256ms returns FALSE
T7298 025:373.662 JLINK_IsHalted()
T7298 025:373.954 - 0.291ms returns FALSE
T7298 025:373.962 JLINK_IsHalted()
T7298 025:374.204 - 0.240ms returns FALSE
T7298 025:483.430 JLINK_IsHalted()
T7298 025:483.718 - 0.286ms returns FALSE
T7298 025:483.736 JLINK_IsHalted()
T7298 025:483.964 - 0.227ms returns FALSE
T7298 025:593.066 JLINK_IsHalted()
T7298 025:593.358 - 0.291ms returns FALSE
T7298 025:593.380 JLINK_IsHalted()
T7298 025:593.600 - 0.218ms returns FALSE
T7298 025:702.268 JLINK_IsHalted()
T7298 025:702.602 - 0.332ms returns FALSE
T7298 025:702.622 JLINK_IsHalted()
T7298 025:702.934 - 0.312ms returns FALSE
T7298 025:811.500 JLINK_IsHalted()
T7298 025:811.774 - 0.273ms returns FALSE
T7298 025:811.792 JLINK_IsHalted()
T7298 025:812.036 - 0.242ms returns FALSE
T7298 025:921.128 JLINK_IsHalted()
T7298 025:921.394 - 0.264ms returns FALSE
T7298 025:921.434 JLINK_IsHalted()
T7298 025:921.816 - 0.380ms returns FALSE
T0CC4 026:007.948 JLINK_IsHalted()
T0CC4 026:008.268 - 0.318ms returns FALSE
T0CC4 026:008.276 JLINK_IsHalted()
T0CC4 026:008.516 - 0.238ms returns FALSE
T7298 026:030.788 JLINK_IsHalted()
T7298 026:031.116 - 0.326ms returns FALSE
T7298 026:031.140 JLINK_IsHalted()
T7298 026:031.396 - 0.256ms returns FALSE
T7298 026:139.420 JLINK_IsHalted()
T7298 026:139.780 - 0.359ms returns FALSE
T7298 026:139.812 JLINK_IsHalted()
T7298 026:140.076 - 0.262ms returns FALSE
T7298 026:249.052 JLINK_IsHalted()
T7298 026:249.400 - 0.346ms returns FALSE
T7298 026:249.434 JLINK_IsHalted()
T7298 026:249.718 - 0.283ms returns FALSE
T7298 026:358.678 JLINK_IsHalted()
T7298 026:359.010 - 0.330ms returns FALSE
T7298 026:359.042 JLINK_IsHalted()
T7298 026:359.306 - 0.263ms returns FALSE
T7298 026:467.322 JLINK_IsHalted()
T7298 026:467.624 - 0.303ms returns FALSE
T7298 026:467.646 JLINK_IsHalted()
T7298 026:467.890 - 0.243ms returns FALSE
T7298 026:576.932 JLINK_IsHalted()
T7298 026:577.198 - 0.265ms returns FALSE
T7298 026:577.212 JLINK_IsHalted()
T7298 026:577.418 - 0.205ms returns FALSE
T7298 026:686.166 JLINK_IsHalted()
T7298 026:686.428 - 0.261ms returns FALSE
T7298 026:686.444 JLINK_IsHalted()
T7298 026:686.712 - 0.266ms returns FALSE
T7298 026:795.988 JLINK_IsHalted()
T7298 026:796.332 - 0.345ms returns FALSE
T7298 026:796.362 JLINK_IsHalted()
T7298 026:796.626 - 0.264ms returns FALSE
T7298 026:905.642 JLINK_IsHalted()
T7298 026:906.108 - 0.467ms returns FALSE
T7298 026:906.150 JLINK_IsHalted()
T7298 026:906.432 - 0.282ms returns FALSE
T7298 027:014.282 JLINK_IsHalted()
T7298 027:014.598 - 0.317ms returns FALSE
T7298 027:014.634 JLINK_IsHalted()
T7298 027:014.900 - 0.264ms returns FALSE
T0CC4 027:022.012 JLINK_IsHalted()
T0CC4 027:022.996 - 0.982ms returns FALSE
T0CC4 027:023.034 JLINK_IsHalted()
T0CC4 027:023.754 - 0.718ms returns FALSE
T7298 027:123.930 JLINK_IsHalted()
T7298 027:124.224 - 0.293ms returns FALSE
T7298 027:124.246 JLINK_IsHalted()
T7298 027:124.468 - 0.219ms returns FALSE
T7298 027:233.540 JLINK_IsHalted()
T7298 027:233.796 - 0.256ms returns FALSE
T7298 027:233.808 JLINK_IsHalted()
T7298 027:234.054 - 0.245ms returns FALSE
T7298 027:343.046 JLINK_IsHalted()
T7298 027:343.376 - 0.338ms returns FALSE
T7298 027:343.398 JLINK_IsHalted()
T7298 027:343.754 - 0.356ms returns FALSE
T7298 027:452.308 JLINK_IsHalted()
T7298 027:452.556 - 0.251ms returns FALSE
T7298 027:452.576 JLINK_IsHalted()
T7298 027:452.794 - 0.217ms returns FALSE
T7298 027:561.500 JLINK_IsHalted()
T7298 027:561.772 - 0.268ms returns FALSE
T7298 027:561.788 JLINK_IsHalted()
T7298 027:561.994 - 0.201ms returns FALSE
T7298 027:670.726 JLINK_IsHalted()
T7298 027:671.002 - 0.276ms returns FALSE
T7298 027:671.012 JLINK_IsHalted()
T7298 027:671.286 - 0.274ms returns FALSE
T7298 027:780.640 JLINK_IsHalted()
T7298 027:780.924 - 0.284ms returns FALSE
T7298 027:780.940 JLINK_IsHalted()
T7298 027:781.178 - 0.237ms returns FALSE
T7298 027:889.302 JLINK_IsHalted()
T7298 027:889.866 - 0.562ms returns FALSE
T7298 027:889.904 JLINK_IsHalted()
T7298 027:890.188 - 0.284ms returns FALSE
T7298 027:998.896 JLINK_IsHalted()
T7298 027:999.156 - 0.260ms returns FALSE
T7298 027:999.164 JLINK_IsHalted()
T7298 027:999.372 - 0.209ms returns FALSE
T0CC4 028:024.956 JLINK_IsHalted()
T0CC4 028:025.238 - 0.278ms returns FALSE
T0CC4 028:025.260 JLINK_IsHalted()
T0CC4 028:025.494 - 0.233ms returns FALSE
T7298 028:108.532 JLINK_IsHalted()
T7298 028:108.848 - 0.318ms returns FALSE
T7298 028:108.884 JLINK_IsHalted()
T7298 028:109.172 - 0.285ms returns FALSE
T7298 028:217.882 JLINK_IsHalted()
T7298 028:218.180 - 0.295ms returns FALSE
T7298 028:218.186 JLINK_IsHalted()
T7298 028:218.420 - 0.232ms returns FALSE
T7298 028:327.546 JLINK_IsHalted()
T7298 028:334.916 - 7.368ms returns FALSE
T7298 028:334.922 JLINK_IsHalted()
T7298 028:335.172 - 0.248ms returns FALSE
T7298 028:436.180 JLINK_IsHalted()
T7298 028:436.496 - 0.317ms returns FALSE
T7298 028:436.506 JLINK_IsHalted()
T7298 028:436.752 - 0.246ms returns FALSE
T7298 028:545.836 JLINK_IsHalted()
T7298 028:546.156 - 0.320ms returns FALSE
T7298 028:546.198 JLINK_IsHalted()
T7298 028:546.470 - 0.272ms returns FALSE
T7298 028:655.018 JLINK_IsHalted()
T7298 028:655.382 - 0.366ms returns FALSE
T7298 028:655.456 JLINK_IsHalted()
T7298 028:655.724 - 0.268ms returns FALSE
T7298 028:764.746 JLINK_IsHalted()
T7298 028:764.982 - 0.236ms returns FALSE
T7298 028:765.002 JLINK_IsHalted()
T7298 028:765.216 - 0.214ms returns FALSE
T7298 028:874.396 JLINK_IsHalted()
T7298 028:874.762 - 0.364ms returns FALSE
T7298 028:874.780 JLINK_IsHalted()
T7298 028:875.052 - 0.269ms returns FALSE
T7298 028:983.014 JLINK_IsHalted()
T7298 028:983.300 - 0.284ms returns FALSE
T7298 028:983.316 JLINK_IsHalted()
T7298 028:983.542 - 0.226ms returns FALSE
T0CC4 029:025.152 JLINK_IsHalted()
T0CC4 029:025.456 - 0.303ms returns FALSE
T0CC4 029:025.466 JLINK_IsHalted()
T0CC4 029:025.718 - 0.249ms returns FALSE
T7298 029:092.646 JLINK_IsHalted()
T7298 029:092.934 - 0.288ms returns FALSE
T7298 029:092.970 JLINK_IsHalted()
T7298 029:093.210 - 0.241ms returns FALSE
T7298 029:202.276 JLINK_IsHalted()
T7298 029:202.544 - 0.265ms returns FALSE
T7298 029:202.560 JLINK_IsHalted()
T7298 029:202.764 - 0.203ms returns FALSE
T7298 029:311.900 JLINK_IsHalted()
T7298 029:312.192 - 0.290ms returns FALSE
T7298 029:312.198 JLINK_IsHalted()
T7298 029:312.458 - 0.258ms returns FALSE
T7298 029:420.550 JLINK_IsHalted()
T7298 029:420.844 - 0.292ms returns FALSE
T7298 029:420.852 JLINK_IsHalted()
T7298 029:421.082 - 0.229ms returns FALSE
T7298 029:530.164 JLINK_IsHalted()
T7298 029:530.468 - 0.304ms returns FALSE
T7298 029:530.480 JLINK_IsHalted()
T7298 029:530.752 - 0.272ms returns FALSE
T7298 029:639.450 JLINK_IsHalted()
T7298 029:639.760 - 0.307ms returns FALSE
T7298 029:639.766 JLINK_IsHalted()
T7298 029:640.028 - 0.261ms returns FALSE
T7298 029:749.088 JLINK_IsHalted()
T7298 029:749.420 - 0.335ms returns FALSE
T7298 029:749.436 JLINK_IsHalted()
T7298 029:749.676 - 0.241ms returns FALSE
T7298 029:858.324 JLINK_IsHalted()
T7298 029:858.694 - 0.370ms returns FALSE
T7298 029:858.726 JLINK_IsHalted()
T7298 029:859.034 - 0.307ms returns FALSE
T7298 029:967.948 JLINK_IsHalted()
T7298 029:968.292 - 0.341ms returns FALSE
T7298 029:968.314 JLINK_IsHalted()
T7298 029:968.570 - 0.258ms returns FALSE
T0CC4 030:026.890 JLINK_IsHalted()
T0CC4 030:027.206 - 0.314ms returns FALSE
T0CC4 030:027.216 JLINK_IsHalted()
T0CC4 030:027.472 - 0.255ms returns FALSE
T7298 030:077.116 JLINK_IsHalted()
T7298 030:077.434 - 0.316ms returns FALSE
T7298 030:077.444 JLINK_IsHalted()
T7298 030:077.764 - 0.319ms returns FALSE
T7298 030:186.758 JLINK_IsHalted()
T7298 030:187.094 - 0.334ms returns FALSE
T7298 030:187.116 JLINK_IsHalted()
T7298 030:187.398 - 0.280ms returns FALSE
T7298 030:296.374 JLINK_IsHalted()
T7298 030:296.624 - 0.248ms returns FALSE
T7298 030:296.644 JLINK_IsHalted()
T7298 030:296.912 - 0.268ms returns FALSE
T7298 030:405.632 JLINK_IsHalted()
T7298 030:405.948 - 0.316ms returns FALSE
T7298 030:405.968 JLINK_IsHalted()
T7298 030:406.236 - 0.267ms returns FALSE
T7298 030:514.288 JLINK_IsHalted()
T7298 030:514.602 - 0.313ms returns FALSE
T7298 030:514.618 JLINK_IsHalted()
T7298 030:514.922 - 0.301ms returns FALSE
T7298 030:623.632 JLINK_IsHalted()
T7298 030:623.898 - 0.265ms returns FALSE
T7298 030:623.914 JLINK_IsHalted()
T7298 030:624.122 - 0.206ms returns FALSE
T7298 030:733.260 JLINK_IsHalted()
T7298 030:733.584 - 0.324ms returns FALSE
T7298 030:733.600 JLINK_IsHalted()
T7298 030:733.836 - 0.237ms returns FALSE
T7298 030:842.534 JLINK_IsHalted()
T7298 030:842.804 - 0.267ms returns FALSE
T7298 030:842.820 JLINK_IsHalted()
T7298 030:843.060 - 0.238ms returns FALSE
T7298 030:952.154 JLINK_IsHalted()
T7298 030:952.432 - 0.277ms returns FALSE
T7298 030:952.444 JLINK_IsHalted()
T7298 030:952.716 - 0.273ms returns FALSE
T0CC4 031:027.004 JLINK_IsHalted()
T0CC4 031:027.274 - 0.266ms returns FALSE
T0CC4 031:027.280 JLINK_IsHalted()
T0CC4 031:027.494 - 0.213ms returns FALSE
T7298 031:061.808 JLINK_IsHalted()
T7298 031:062.150 - 0.343ms returns FALSE
T7298 031:062.176 JLINK_IsHalted()
T7298 031:062.422 - 0.244ms returns FALSE
T7298 031:171.152 JLINK_IsHalted()
T7298 031:171.804 - 0.654ms returns FALSE
T7298 031:171.836 JLINK_IsHalted()
T7298 031:172.404 - 0.564ms returns FALSE
T7298 031:280.758 JLINK_IsHalted()
T7298 031:281.018 - 0.257ms returns FALSE
T7298 031:281.028 JLINK_IsHalted()
T7298 031:281.220 - 0.193ms returns FALSE
T7298 031:389.424 JLINK_IsHalted()
T7298 031:389.724 - 0.302ms returns FALSE
T7298 031:389.754 JLINK_IsHalted()
T7298 031:390.026 - 0.271ms returns FALSE
T7298 031:499.030 JLINK_IsHalted()
T7298 031:499.268 - 0.237ms returns FALSE
T7298 031:499.276 JLINK_IsHalted()
T7298 031:499.482 - 0.202ms returns FALSE
T7298 031:608.682 JLINK_IsHalted()
T7298 031:608.940 - 0.259ms returns FALSE
T7298 031:608.960 JLINK_IsHalted()
T7298 031:609.180 - 0.221ms returns FALSE
T7298 031:718.294 JLINK_IsHalted()
T7298 031:718.550 - 0.255ms returns FALSE
T7298 031:718.560 JLINK_IsHalted()
T7298 031:718.816 - 0.255ms returns FALSE
T7298 031:827.142 JLINK_IsHalted()
T7298 031:827.450 - 0.307ms returns FALSE
T7298 031:827.472 JLINK_IsHalted()
T7298 031:827.756 - 0.285ms returns FALSE
T7298 031:936.788 JLINK_IsHalted()
T7298 031:937.088 - 0.299ms returns FALSE
T7298 031:937.094 JLINK_IsHalted()
T7298 031:937.334 - 0.238ms returns FALSE
T0CC4 032:027.600 JLINK_IsHalted()
T0CC4 032:027.900 - 0.299ms returns FALSE
T0CC4 032:027.936 JLINK_IsHalted()
T0CC4 032:028.144 - 0.206ms returns FALSE
T7298 032:046.422 JLINK_IsHalted()
T7298 032:046.726 - 0.306ms returns FALSE
T7298 032:046.752 JLINK_IsHalted()
T7298 032:046.964 - 0.208ms returns FALSE
T7298 032:155.130 JLINK_IsHalted()
T7298 032:155.478 - 0.351ms returns FALSE
T7298 032:155.526 JLINK_IsHalted()
T7298 032:155.820 - 0.293ms returns FALSE
T7298 032:264.656 JLINK_IsHalted()
T7298 032:264.918 - 0.260ms returns FALSE
T7298 032:264.940 JLINK_IsHalted()
T7298 032:265.136 - 0.195ms returns FALSE
T7298 032:374.320 JLINK_IsHalted()
T7298 032:374.662 - 0.342ms returns FALSE
T7298 032:374.692 JLINK_IsHalted()
T7298 032:374.954 - 0.263ms returns FALSE
T7298 032:483.350 JLINK_IsHalted()
T7298 032:483.622 - 0.273ms returns FALSE
T7298 032:483.632 JLINK_IsHalted()
T7298 032:483.916 - 0.284ms returns FALSE
T7298 032:592.998 JLINK_IsHalted()
T7298 032:593.306 - 0.306ms returns FALSE
T7298 032:593.316 JLINK_IsHalted()
T7298 032:593.572 - 0.254ms returns FALSE
T7298 032:702.288 JLINK_IsHalted()
T7298 032:702.592 - 0.307ms returns FALSE
T7298 032:702.608 JLINK_IsHalted()
T7298 032:702.916 - 0.307ms returns FALSE
T7298 032:811.108 JLINK_IsHalted()
T7298 032:836.160 - 25.051ms returns FALSE
T7298 032:836.224 JLINK_IsHalted()
T7298 032:836.516 - 0.290ms returns FALSE
T7298 032:936.644 JLINK_IsHalted()
T7298 032:936.896 - 0.254ms returns FALSE
T7298 032:936.916 JLINK_IsHalted()
T7298 032:937.178 - 0.261ms returns FALSE
T0CC4 033:028.496 JLINK_IsHalted()
T0CC4 033:028.768 - 0.274ms returns FALSE
T0CC4 033:028.790 JLINK_IsHalted()
T0CC4 033:029.020 - 0.230ms returns FALSE
T7298 033:046.294 JLINK_IsHalted()
T7298 033:046.570 - 0.277ms returns FALSE
T7298 033:046.588 JLINK_IsHalted()
T7298 033:046.800 - 0.211ms returns FALSE
T7298 033:154.940 JLINK_IsHalted()
T7298 033:155.300 - 0.357ms returns FALSE
T7298 033:155.316 JLINK_IsHalted()
T7298 033:155.572 - 0.253ms returns FALSE
T7298 033:264.564 JLINK_IsHalted()
T7298 033:264.828 - 0.265ms returns FALSE
T7298 033:264.848 JLINK_IsHalted()
T7298 033:265.078 - 0.228ms returns FALSE
T7298 033:373.798 JLINK_IsHalted()
T7298 033:374.086 - 0.286ms returns FALSE
T7298 033:374.122 JLINK_IsHalted()
T7298 033:374.358 - 0.236ms returns FALSE
T7298 033:483.444 JLINK_IsHalted()
T7298 033:483.760 - 0.316ms returns FALSE
T7298 033:483.770 JLINK_IsHalted()
T7298 033:484.000 - 0.231ms returns FALSE
T7298 033:592.904 JLINK_IsHalted()
T7298 033:593.208 - 0.305ms returns FALSE
T7298 033:593.228 JLINK_IsHalted()
T7298 033:593.468 - 0.241ms returns FALSE
T7298 033:702.056 JLINK_IsHalted()
T7298 033:702.376 - 0.321ms returns FALSE
T7298 033:702.396 JLINK_IsHalted()
T7298 033:702.688 - 0.291ms returns FALSE
T7298 033:811.964 JLINK_IsHalted()
T7298 033:812.264 - 0.297ms returns FALSE
T7298 033:812.272 JLINK_IsHalted()
T7298 033:812.504 - 0.234ms returns FALSE
T7298 033:920.628 JLINK_IsHalted()
T7298 033:920.940 - 0.313ms returns FALSE
T7298 033:920.952 JLINK_IsHalted()
T7298 033:921.300 - 0.346ms returns FALSE
T0CC4 034:029.364 JLINK_IsHalted()
T0CC4 034:029.668 - 0.304ms returns FALSE
T0CC4 034:029.688 JLINK_IsHalted()
T0CC4 034:029.944 - 0.256ms returns FALSE
T7298 034:030.252 JLINK_IsHalted()
T7298 034:030.516 - 0.260ms returns FALSE
T7298 034:030.520 JLINK_IsHalted()
T7298 034:030.760 - 0.240ms returns FALSE
T7298 034:140.068 JLINK_IsHalted()
T7298 034:140.408 - 0.342ms returns FALSE
T7298 034:140.428 JLINK_IsHalted()
T7298 034:140.728 - 0.296ms returns FALSE
T7298 034:248.668 JLINK_IsHalted()
T7298 034:248.932 - 0.260ms returns FALSE
T7298 034:248.948 JLINK_IsHalted()
T7298 034:249.148 - 0.201ms returns FALSE
T7298 034:358.328 JLINK_IsHalted()
T7298 034:358.648 - 0.315ms returns FALSE
T7298 034:358.660 JLINK_IsHalted()
T7298 034:358.912 - 0.252ms returns FALSE
T7298 034:467.944 JLINK_IsHalted()
T7298 034:468.256 - 0.308ms returns FALSE
T7298 034:468.264 JLINK_IsHalted()
T7298 034:468.524 - 0.261ms returns FALSE
T7298 034:577.580 JLINK_IsHalted()
T7298 034:577.940 - 0.359ms returns FALSE
T7298 034:577.948 JLINK_IsHalted()
T7298 034:578.184 - 0.238ms returns FALSE
T7298 034:686.856 JLINK_IsHalted()
T7298 034:687.124 - 0.265ms returns FALSE
T7298 034:687.140 JLINK_IsHalted()
T7298 034:687.360 - 0.222ms returns FALSE
T7298 034:796.040 JLINK_IsHalted()
T7298 034:796.268 - 0.229ms returns FALSE
T7298 034:796.284 JLINK_IsHalted()
T7298 034:796.504 - 0.222ms returns FALSE
T7298 034:905.716 JLINK_IsHalted()
T7298 034:906.056 - 0.337ms returns FALSE
T7298 034:906.092 JLINK_IsHalted()
T7298 034:906.368 - 0.275ms returns FALSE
T7298 035:014.316 JLINK_IsHalted()
T7298 035:014.616 - 0.299ms returns FALSE
T7298 035:014.632 JLINK_IsHalted()
T7298 035:014.940 - 0.307ms returns FALSE
T0CC4 035:029.432 JLINK_IsHalted()
T0CC4 035:029.768 - 0.333ms returns FALSE
T0CC4 035:029.792 JLINK_IsHalted()
T0CC4 035:030.068 - 0.273ms returns FALSE
T7298 035:123.956 JLINK_IsHalted()
T7298 035:124.296 - 0.343ms returns FALSE
T7298 035:124.336 JLINK_IsHalted()
T7298 035:124.564 - 0.226ms returns FALSE
T7298 035:233.572 JLINK_IsHalted()
T7298 035:233.896 - 0.327ms returns FALSE
T7298 035:233.932 JLINK_IsHalted()
T7298 035:234.208 - 0.273ms returns FALSE
T7298 035:343.216 JLINK_IsHalted()
T7298 035:343.516 - 0.301ms returns FALSE
T7298 035:343.528 JLINK_IsHalted()
T7298 035:343.784 - 0.257ms returns FALSE
T7298 035:451.832 JLINK_IsHalted()
T7298 035:452.116 - 0.284ms returns FALSE
T7298 035:452.124 JLINK_IsHalted()
T7298 035:452.436 - 0.310ms returns FALSE
T7298 035:561.468 JLINK_IsHalted()
T7298 035:561.768 - 0.296ms returns FALSE
T7298 035:561.772 JLINK_IsHalted()
T7298 035:562.028 - 0.253ms returns FALSE
T7298 035:670.724 JLINK_IsHalted()
T7298 035:671.052 - 0.328ms returns FALSE
T7298 035:671.084 JLINK_IsHalted()
T7298 035:671.520 - 0.435ms returns FALSE
T7298 035:780.608 JLINK_IsHalted()
T7298 035:780.888 - 0.279ms returns FALSE
T7298 035:780.904 JLINK_IsHalted()
T7298 035:781.108 - 0.200ms returns FALSE
T7298 035:889.252 JLINK_IsHalted()
T7298 035:889.556 - 0.304ms returns FALSE
T7298 035:889.576 JLINK_IsHalted()
T7298 035:889.904 - 0.324ms returns FALSE
T7298 035:998.872 JLINK_IsHalted()
T7298 035:999.132 - 0.261ms returns FALSE
T7298 035:999.152 JLINK_IsHalted()
T7298 035:999.360 - 0.207ms returns FALSE
T0CC4 036:029.884 JLINK_IsHalted()
T0CC4 036:030.152 - 0.265ms returns FALSE
T0CC4 036:030.168 JLINK_IsHalted()
T0CC4 036:030.392 - 0.222ms returns FALSE
T7298 036:108.508 JLINK_IsHalted()
T7298 036:108.792 - 0.281ms returns FALSE
T7298 036:108.812 JLINK_IsHalted()
T7298 036:109.032 - 0.219ms returns FALSE
T7298 036:217.324 JLINK_IsHalted()
T7298 036:217.592 - 0.268ms returns FALSE
T7298 036:217.608 JLINK_IsHalted()
T7298 036:217.904 - 0.292ms returns FALSE
T7298 036:326.972 JLINK_IsHalted()
T7298 036:327.240 - 0.267ms returns FALSE
T7298 036:327.256 JLINK_IsHalted()
T7298 036:327.456 - 0.197ms returns FALSE
T7298 036:436.168 JLINK_IsHalted()
T7298 036:436.468 - 0.294ms returns FALSE
T7298 036:436.472 JLINK_IsHalted()
T7298 036:436.760 - 0.288ms returns FALSE
T7298 036:545.832 JLINK_IsHalted()
T7298 036:546.136 - 0.305ms returns FALSE
T7298 036:546.152 JLINK_IsHalted()
T7298 036:546.348 - 0.196ms returns FALSE
T7298 036:655.144 JLINK_IsHalted()
T7298 036:655.492 - 0.344ms returns FALSE
T7298 036:655.512 JLINK_IsHalted()
T7298 036:655.800 - 0.284ms returns FALSE
T7298 036:764.984 JLINK_IsHalted()
T7298 036:765.260 - 0.273ms returns FALSE
T7298 036:765.280 JLINK_IsHalted()
T7298 036:765.516 - 0.235ms returns FALSE
T7298 036:874.200 JLINK_IsHalted()
T7298 036:874.472 - 0.277ms returns FALSE
T7298 036:874.484 JLINK_IsHalted()
T7298 036:874.724 - 0.238ms returns FALSE
T7298 036:983.824 JLINK_IsHalted()
T7298 036:984.076 - 0.251ms returns FALSE
T7298 036:984.088 JLINK_IsHalted()
T7298 036:984.304 - 0.216ms returns FALSE
T0CC4 037:030.848 JLINK_IsHalted()
T0CC4 037:031.132 - 0.287ms returns FALSE
T0CC4 037:031.160 JLINK_IsHalted()
T0CC4 037:031.380 - 0.219ms returns FALSE
T7298 037:092.476 JLINK_IsHalted()
T7298 037:092.728 - 0.248ms returns FALSE
T7298 037:092.736 JLINK_IsHalted()
T7298 037:092.952 - 0.215ms returns FALSE
T7298 037:202.120 JLINK_IsHalted()
T7298 037:202.424 - 0.304ms returns FALSE
T7298 037:202.444 JLINK_IsHalted()
T7298 037:202.728 - 0.283ms returns FALSE
T7298 037:311.748 JLINK_IsHalted()
T7298 037:312.024 - 0.277ms returns FALSE
T7298 037:312.044 JLINK_IsHalted()
T7298 037:312.264 - 0.216ms returns FALSE
T7298 037:421.380 JLINK_IsHalted()
T7298 037:421.736 - 0.356ms returns FALSE
T7298 037:421.776 JLINK_IsHalted()
T7298 037:422.060 - 0.283ms returns FALSE
T7298 037:530.000 JLINK_IsHalted()
T7298 037:530.256 - 0.253ms returns FALSE
T7298 037:530.268 JLINK_IsHalted()
T7298 037:530.464 - 0.196ms returns FALSE
T7298 037:639.432 JLINK_IsHalted()
T7298 037:639.724 - 0.295ms returns FALSE
T7298 037:639.736 JLINK_IsHalted()
T7298 037:639.964 - 0.227ms returns FALSE
T7298 037:749.044 JLINK_IsHalted()
T7298 037:749.304 - 0.263ms returns FALSE
T7298 037:749.316 JLINK_IsHalted()
T7298 037:749.528 - 0.212ms returns FALSE
T7298 037:858.912 JLINK_IsHalted()
T7298 037:859.192 - 0.279ms returns FALSE
T7298 037:859.200 JLINK_IsHalted()
T7298 037:859.412 - 0.211ms returns FALSE
T7298 037:967.944 JLINK_IsHalted()
T7298 037:968.264 - 0.317ms returns FALSE
T7298 037:968.280 JLINK_IsHalted()
T7298 037:968.536 - 0.256ms returns FALSE
T0CC4 038:030.848 JLINK_IsHalted()
T0CC4 038:031.164 - 0.316ms returns FALSE
T0CC4 038:031.224 JLINK_IsHalted()
T0CC4 038:031.480 - 0.257ms returns FALSE
T7298 038:077.588 JLINK_IsHalted()
T7298 038:077.908 - 0.319ms returns FALSE
T7298 038:077.932 JLINK_IsHalted()
T7298 038:078.176 - 0.241ms returns FALSE
T7298 038:186.840 JLINK_IsHalted()
T7298 038:187.136 - 0.298ms returns FALSE
T7298 038:187.164 JLINK_IsHalted()
T7298 038:187.416 - 0.248ms returns FALSE
T7298 038:295.448 JLINK_IsHalted()
T7298 038:295.728 - 0.280ms returns FALSE
T7298 038:295.736 JLINK_IsHalted()
T7298 038:295.964 - 0.228ms returns FALSE
T7298 038:405.116 JLINK_IsHalted()
T7298 038:405.428 - 0.310ms returns FALSE
T7298 038:405.464 JLINK_IsHalted()
T7298 038:405.736 - 0.272ms returns FALSE
T7298 038:515.112 JLINK_IsHalted()
T7298 038:515.384 - 0.274ms returns FALSE
T7298 038:515.400 JLINK_IsHalted()
T7298 038:515.640 - 0.240ms returns FALSE
T7298 038:624.336 JLINK_IsHalted()
T7298 038:624.600 - 0.266ms returns FALSE
T7298 038:624.620 JLINK_IsHalted()
T7298 038:624.904 - 0.284ms returns FALSE
T7298 038:733.268 JLINK_IsHalted()
T7298 038:733.544 - 0.277ms returns FALSE
T7298 038:733.556 JLINK_IsHalted()
T7298 038:733.784 - 0.225ms returns FALSE
T7298 038:842.980 JLINK_IsHalted()
T7298 038:843.272 - 0.293ms returns FALSE
T7298 038:843.288 JLINK_IsHalted()
T7298 038:843.532 - 0.246ms returns FALSE
T7298 038:952.616 JLINK_IsHalted()
T7298 038:952.952 - 0.338ms returns FALSE
T7298 038:952.980 JLINK_IsHalted()
T7298 038:953.280 - 0.302ms returns FALSE
T0CC4 039:031.508 JLINK_IsHalted()
T0CC4 039:031.820 - 0.313ms returns FALSE
T0CC4 039:031.832 JLINK_IsHalted()
T0CC4 039:032.076 - 0.242ms returns FALSE
T7298 039:061.244 JLINK_IsHalted()
T7298 039:061.564 - 0.320ms returns FALSE
T7298 039:061.576 JLINK_IsHalted()
T7298 039:061.820 - 0.246ms returns FALSE
T7298 039:170.964 JLINK_IsHalted()
T7298 039:171.776 - 0.812ms returns FALSE
T7298 039:171.808 JLINK_IsHalted()
T7298 039:172.124 - 0.315ms returns FALSE
T7298 039:280.724 JLINK_IsHalted()
T7298 039:280.980 - 0.257ms returns FALSE
T7298 039:280.996 JLINK_IsHalted()
T7298 039:281.192 - 0.199ms returns FALSE
T7298 039:390.016 JLINK_IsHalted()
T7298 039:390.308 - 0.291ms returns FALSE
T7298 039:390.328 JLINK_IsHalted()
T7298 039:390.560 - 0.233ms returns FALSE
T7298 039:498.632 JLINK_IsHalted()
T7298 039:498.948 - 0.312ms returns FALSE
T7298 039:498.956 JLINK_IsHalted()
T7298 039:499.192 - 0.234ms returns FALSE
T7298 039:608.260 JLINK_IsHalted()
T7298 039:608.528 - 0.269ms returns FALSE
T7298 039:608.536 JLINK_IsHalted()
T7298 039:608.732 - 0.195ms returns FALSE
T7298 039:717.480 JLINK_IsHalted()
T7298 039:717.728 - 0.248ms returns FALSE
T7298 039:717.736 JLINK_IsHalted()
T7298 039:717.932 - 0.196ms returns FALSE
T7298 039:827.344 JLINK_IsHalted()
T7298 039:827.620 - 0.274ms returns FALSE
T7298 039:827.640 JLINK_IsHalted()
T7298 039:827.912 - 0.274ms returns FALSE
T7298 039:936.984 JLINK_IsHalted()
T7298 039:937.284 - 0.299ms returns FALSE
T7298 039:937.304 JLINK_IsHalted()
T7298 039:937.496 - 0.198ms returns FALSE
T0CC4 040:031.768 JLINK_IsHalted()
T0CC4 040:032.064 - 0.296ms returns FALSE
T0CC4 040:032.072 JLINK_IsHalted()
T0CC4 040:032.296 - 0.227ms returns FALSE
T7298 040:045.604 JLINK_IsHalted()
T7298 040:045.948 - 0.346ms returns FALSE
T7298 040:045.964 JLINK_IsHalted()
T7298 040:046.204 - 0.239ms returns FALSE
T7298 040:155.320 JLINK_IsHalted()
T7298 040:155.664 - 0.344ms returns FALSE
T7298 040:155.688 JLINK_IsHalted()
T7298 040:155.964 - 0.275ms returns FALSE
T7298 040:264.872 JLINK_IsHalted()
T7298 040:265.180 - 0.312ms returns FALSE
T7298 040:265.200 JLINK_IsHalted()
T7298 040:265.456 - 0.257ms returns FALSE
T7298 040:374.528 JLINK_IsHalted()
T7298 040:374.936 - 0.406ms returns FALSE
T7298 040:374.960 JLINK_IsHalted()
T7298 040:375.236 - 0.275ms returns FALSE
T7298 040:483.156 JLINK_IsHalted()
T7298 040:483.432 - 0.276ms returns FALSE
T7298 040:483.476 JLINK_IsHalted()
T7298 040:483.732 - 0.254ms returns FALSE
T7298 040:592.824 JLINK_IsHalted()
T7298 040:593.208 - 0.379ms returns FALSE
T7298 040:593.272 JLINK_IsHalted()
T7298 040:593.532 - 0.262ms returns FALSE
T7298 040:702.200 JLINK_IsHalted()
T7298 040:702.480 - 0.277ms returns FALSE
T7298 040:702.496 JLINK_IsHalted()
T7298 040:702.728 - 0.229ms returns FALSE
T7298 040:811.656 JLINK_IsHalted()
T7298 040:811.920 - 0.267ms returns FALSE
T7298 040:811.960 JLINK_IsHalted()
T7298 040:812.224 - 0.267ms returns FALSE
T7298 040:921.320 JLINK_IsHalted()
T7298 040:921.612 - 0.293ms returns FALSE
T7298 040:921.644 JLINK_IsHalted()
T7298 040:921.932 - 0.291ms returns FALSE
T7298 041:029.912 JLINK_IsHalted()
T7298 041:030.212 - 0.301ms returns FALSE
T7298 041:030.216 JLINK_IsHalted()
T7298 041:030.464 - 0.245ms returns FALSE
T0CC4 041:032.008 JLINK_IsHalted()
T0CC4 041:032.256 - 0.247ms returns FALSE
T0CC4 041:032.264 JLINK_IsHalted()
T0CC4 041:032.520 - 0.257ms returns FALSE
T7298 041:139.572 JLINK_IsHalted()
T7298 041:139.952 - 0.383ms returns FALSE
T7298 041:139.980 JLINK_IsHalted()
T7298 041:140.264 - 0.282ms returns FALSE
T7298 041:249.188 JLINK_IsHalted()
T7298 041:249.448 - 0.260ms returns FALSE
T7298 041:249.456 JLINK_IsHalted()
T7298 041:249.784 - 0.331ms returns FALSE
T7298 041:358.840 JLINK_IsHalted()
T7298 041:359.144 - 0.302ms returns FALSE
T7298 041:359.164 JLINK_IsHalted()
T7298 041:359.384 - 0.218ms returns FALSE
T7298 041:467.452 JLINK_IsHalted()
T7298 041:467.740 - 0.288ms returns FALSE
T7298 041:467.772 JLINK_IsHalted()
T7298 041:468.008 - 0.234ms returns FALSE
T7298 041:577.096 JLINK_IsHalted()
T7298 041:577.440 - 0.347ms returns FALSE
T7298 041:577.480 JLINK_IsHalted()
T7298 041:577.736 - 0.252ms returns FALSE
T7298 041:686.328 JLINK_IsHalted()
T7298 041:686.664 - 0.331ms returns FALSE
T7298 041:686.680 JLINK_IsHalted()
T7298 041:686.968 - 0.285ms returns FALSE
T7298 041:796.196 JLINK_IsHalted()
T7298 041:796.572 - 0.376ms returns FALSE
T7298 041:796.588 JLINK_IsHalted()
T7298 041:796.864 - 0.274ms returns FALSE
T7298 041:904.860 JLINK_IsHalted()
T7298 041:905.160 - 0.299ms returns FALSE
T7298 041:905.180 JLINK_IsHalted()
T7298 041:905.412 - 0.228ms returns FALSE
T7298 042:014.500 JLINK_IsHalted()
T7298 042:014.792 - 0.290ms returns FALSE
T7298 042:014.832 JLINK_IsHalted()
T7298 042:015.104 - 0.273ms returns FALSE
T0CC4 042:032.676 JLINK_IsHalted()
T0CC4 042:032.968 - 0.289ms returns FALSE
T0CC4 042:032.980 JLINK_IsHalted()
T0CC4 042:033.180 - 0.201ms returns FALSE
T7298 042:124.120 JLINK_IsHalted()
T7298 042:124.408 - 0.288ms returns FALSE
T7298 042:124.416 JLINK_IsHalted()
T7298 042:124.644 - 0.228ms returns FALSE
T7298 042:233.756 JLINK_IsHalted()
T7298 042:234.072 - 0.312ms returns FALSE
T7298 042:234.084 JLINK_IsHalted()
T7298 042:234.320 - 0.236ms returns FALSE
T7298 042:342.384 JLINK_IsHalted()
T7298 042:342.692 - 0.307ms returns FALSE
T7298 042:342.700 JLINK_IsHalted()
T7298 042:342.936 - 0.235ms returns FALSE
T7298 042:452.604 JLINK_IsHalted()
T7298 042:452.932 - 0.327ms returns FALSE
T7298 042:452.940 JLINK_IsHalted()
T7298 042:453.188 - 0.247ms returns FALSE
T7298 042:561.244 JLINK_IsHalted()
T7298 042:561.580 - 0.338ms returns FALSE
T7298 042:561.600 JLINK_IsHalted()
T7298 042:561.876 - 0.275ms returns FALSE
T7298 042:670.560 JLINK_IsHalted()
T7298 042:670.864 - 0.303ms returns FALSE
T7298 042:670.904 JLINK_IsHalted()
T7298 042:671.200 - 0.296ms returns FALSE
T7298 042:780.420 JLINK_IsHalted()
T7298 042:780.784 - 0.364ms returns FALSE
T7298 042:780.832 JLINK_IsHalted()
T7298 042:781.116 - 0.285ms returns FALSE
T7298 042:890.060 JLINK_IsHalted()
T7298 042:890.424 - 0.363ms returns FALSE
T7298 042:890.448 JLINK_IsHalted()
T7298 042:890.776 - 0.326ms returns FALSE
T7298 042:998.664 JLINK_IsHalted()
T7298 042:998.964 - 0.295ms returns FALSE
T7298 042:998.996 JLINK_IsHalted()
T7298 042:999.272 - 0.276ms returns FALSE
T0CC4 043:032.696 JLINK_IsHalted()
T0CC4 043:032.976 - 0.281ms returns FALSE
T0CC4 043:033.012 JLINK_IsHalted()
T0CC4 043:033.228 - 0.219ms returns FALSE
T7298 043:108.316 JLINK_IsHalted()
T7298 043:108.616 - 0.302ms returns FALSE
T7298 043:108.732 JLINK_IsHalted()
T7298 043:109.032 - 0.299ms returns FALSE
T7298 043:217.940 JLINK_IsHalted()
T7298 043:218.260 - 0.319ms returns FALSE
T7298 043:218.288 JLINK_IsHalted()
T7298 043:218.568 - 0.283ms returns FALSE
T7298 043:327.560 JLINK_IsHalted()
T7298 043:327.852 - 0.292ms returns FALSE
T7298 043:327.864 JLINK_IsHalted()
T7298 043:328.116 - 0.252ms returns FALSE
T7298 043:436.216 JLINK_IsHalted()
T7298 043:436.512 - 0.294ms returns FALSE
T7298 043:436.520 JLINK_IsHalted()
T7298 043:436.772 - 0.250ms returns FALSE
T7298 043:545.896 JLINK_IsHalted()
T7298 043:546.200 - 0.302ms returns FALSE
T7298 043:546.208 JLINK_IsHalted()
T7298 043:546.448 - 0.238ms returns FALSE
T7298 043:655.588 JLINK_IsHalted()
T7298 043:655.960 - 0.366ms returns FALSE
T7298 043:655.980 JLINK_IsHalted()
T7298 043:656.228 - 0.246ms returns FALSE
T7298 043:764.836 JLINK_IsHalted()
T7298 043:765.112 - 0.278ms returns FALSE
T7298 043:765.120 JLINK_IsHalted()
T7298 043:765.368 - 0.250ms returns FALSE
T7298 043:874.200 JLINK_IsHalted()
T7298 043:874.544 - 0.342ms returns FALSE
T7298 043:874.576 JLINK_IsHalted()
T7298 043:874.856 - 0.281ms returns FALSE
T7298 043:983.820 JLINK_IsHalted()
T7298 043:984.128 - 0.305ms returns FALSE
T7298 043:984.156 JLINK_IsHalted()
T7298 043:984.408 - 0.251ms returns FALSE
T0CC4 044:032.824 JLINK_IsHalted()
T0CC4 044:033.120 - 0.299ms returns FALSE
T0CC4 044:033.148 JLINK_IsHalted()
T0CC4 044:033.384 - 0.235ms returns FALSE
T7298 044:092.472 JLINK_IsHalted()
T7298 044:092.808 - 0.334ms returns FALSE
T7298 044:092.844 JLINK_IsHalted()
T7298 044:093.100 - 0.254ms returns FALSE
T7298 044:202.108 JLINK_IsHalted()
T7298 044:202.420 - 0.307ms returns FALSE
T7298 044:202.444 JLINK_IsHalted()
T7298 044:202.740 - 0.293ms returns FALSE
T7298 044:311.736 JLINK_IsHalted()
T7298 044:312.052 - 0.318ms returns FALSE
T7298 044:312.072 JLINK_IsHalted()
T7298 044:312.348 - 0.273ms returns FALSE
T7298 044:421.396 JLINK_IsHalted()
T7298 044:421.744 - 0.346ms returns FALSE
T7298 044:421.780 JLINK_IsHalted()
T7298 044:422.060 - 0.280ms returns FALSE
T7298 044:530.648 JLINK_IsHalted()
T7298 044:530.912 - 0.264ms returns FALSE
T7298 044:530.944 JLINK_IsHalted()
T7298 044:531.204 - 0.257ms returns FALSE
T7298 044:640.024 JLINK_IsHalted()
T7298 044:640.348 - 0.325ms returns FALSE
T7298 044:640.368 JLINK_IsHalted()
T7298 044:640.636 - 0.270ms returns FALSE
T7298 044:748.968 JLINK_IsHalted()
T7298 044:749.232 - 0.265ms returns FALSE
T7298 044:749.240 JLINK_IsHalted()
T7298 044:749.432 - 0.191ms returns FALSE
T7298 044:858.900 JLINK_IsHalted()
T7298 044:859.188 - 0.288ms returns FALSE
T7298 044:859.196 JLINK_IsHalted()
T7298 044:859.420 - 0.226ms returns FALSE
T7298 044:967.548 JLINK_IsHalted()
T7298 044:967.872 - 0.320ms returns FALSE
T7298 044:967.892 JLINK_IsHalted()
T7298 044:968.152 - 0.257ms returns FALSE
T0CC4 045:033.456 JLINK_IsHalted()
T0CC4 045:033.772 - 0.318ms returns FALSE
T0CC4 045:033.784 JLINK_IsHalted()
T0CC4 045:034.036 - 0.250ms returns FALSE
T7298 045:077.184 JLINK_IsHalted()
T7298 045:077.488 - 0.304ms returns FALSE
T7298 045:077.512 JLINK_IsHalted()
T7298 045:077.776 - 0.262ms returns FALSE
T7298 045:186.808 JLINK_IsHalted()
T7298 045:187.080 - 0.272ms returns FALSE
T7298 045:187.088 JLINK_IsHalted()
T7298 045:187.320 - 0.228ms returns FALSE
T7298 045:295.452 JLINK_IsHalted()
T7298 045:295.992 - 0.541ms returns FALSE
T7298 045:296.024 JLINK_IsHalted()
T7298 045:296.364 - 0.340ms returns FALSE
T7298 045:405.772 JLINK_IsHalted()
T7298 045:406.356 - 0.580ms returns FALSE
T7298 045:406.384 JLINK_IsHalted()
T7298 045:406.632 - 0.246ms returns FALSE
T7298 045:514.388 JLINK_IsHalted()
T7298 045:514.640 - 0.252ms returns FALSE
T7298 045:514.656 JLINK_IsHalted()
T7298 045:514.912 - 0.255ms returns FALSE
T7298 045:624.160 JLINK_IsHalted()
T7298 045:624.416 - 0.254ms returns FALSE
T7298 045:624.424 JLINK_IsHalted()
T7298 045:624.612 - 0.186ms returns FALSE
T7298 045:733.784 JLINK_IsHalted()
T7298 045:734.112 - 0.326ms returns FALSE
T7298 045:734.200 JLINK_IsHalted()
T7298 045:734.464 - 0.264ms returns FALSE
T7298 045:842.732 JLINK_IsHalted()
T7298 045:843.000 - 0.268ms returns FALSE
T7298 045:843.020 JLINK_IsHalted()
T7298 045:843.224 - 0.204ms returns FALSE
T7298 045:952.352 JLINK_IsHalted()
T7298 045:952.612 - 0.257ms returns FALSE
T7298 045:952.628 JLINK_IsHalted()
T7298 045:952.912 - 0.283ms returns FALSE
T0CC4 046:034.248 JLINK_IsHalted()
T0CC4 046:034.576 - 0.327ms returns FALSE
T0CC4 046:034.596 JLINK_IsHalted()
T0CC4 046:034.856 - 0.259ms returns FALSE
T7298 046:061.256 JLINK_IsHalted()
T7298 046:061.556 - 0.297ms returns FALSE
T7298 046:061.560 JLINK_IsHalted()
T7298 046:061.800 - 0.240ms returns FALSE
T7298 046:170.912 JLINK_IsHalted()
T7298 046:171.452 - 0.539ms returns FALSE
T7298 046:171.480 JLINK_IsHalted()
T7298 046:171.776 - 0.296ms returns FALSE
T7298 046:280.548 JLINK_IsHalted()
T7298 046:280.828 - 0.279ms returns FALSE
T7298 046:280.836 JLINK_IsHalted()
T7298 046:281.076 - 0.238ms returns FALSE
T7298 046:389.156 JLINK_IsHalted()
T7298 046:389.452 - 0.295ms returns FALSE
T7298 046:389.468 JLINK_IsHalted()
T7298 046:389.772 - 0.303ms returns FALSE
T7298 046:498.796 JLINK_IsHalted()
T7298 046:499.144 - 0.346ms returns FALSE
T7298 046:499.164 JLINK_IsHalted()
T7298 046:499.448 - 0.283ms returns FALSE
T7298 046:608.436 JLINK_IsHalted()
T7298 046:608.800 - 0.363ms returns FALSE
T7298 046:608.820 JLINK_IsHalted()
T7298 046:609.076 - 0.253ms returns FALSE
T7298 046:717.760 JLINK_IsHalted()
T7298 046:718.056 - 0.294ms returns FALSE
T7298 046:718.072 JLINK_IsHalted()
T7298 046:718.328 - 0.255ms returns FALSE
T7298 046:826.968 JLINK_IsHalted()
T7298 046:827.276 - 0.304ms returns FALSE
T7298 046:827.288 JLINK_IsHalted()
T7298 046:827.552 - 0.261ms returns FALSE
T7298 046:936.588 JLINK_IsHalted()
T7298 046:936.952 - 0.362ms returns FALSE
T7298 046:936.972 JLINK_IsHalted()
T7298 046:937.232 - 0.256ms returns FALSE
T0CC4 047:034.400 JLINK_IsHalted()
T0CC4 047:034.684 - 0.283ms returns FALSE
T0CC4 047:034.696 JLINK_IsHalted()
T0CC4 047:034.968 - 0.272ms returns FALSE
T7298 047:046.236 JLINK_IsHalted()
T7298 047:046.496 - 0.260ms returns FALSE
T7298 047:046.512 JLINK_IsHalted()
T7298 047:046.776 - 0.263ms returns FALSE
T7298 047:154.872 JLINK_IsHalted()
T7298 047:155.196 - 0.322ms returns FALSE
T7298 047:155.224 JLINK_IsHalted()
T7298 047:155.496 - 0.268ms returns FALSE
T7298 047:264.512 JLINK_IsHalted()
T7298 047:264.808 - 0.295ms returns FALSE
T7298 047:264.824 JLINK_IsHalted()
T7298 047:265.088 - 0.265ms returns FALSE
T7298 047:374.128 JLINK_IsHalted()
T7298 047:374.436 - 0.308ms returns FALSE
T7298 047:374.456 JLINK_IsHalted()
T7298 047:374.692 - 0.235ms returns FALSE
T7298 047:483.748 JLINK_IsHalted()
T7298 047:484.024 - 0.277ms returns FALSE
T7298 047:484.048 JLINK_IsHalted()
T7298 047:484.272 - 0.224ms returns FALSE
T7298 047:592.376 JLINK_IsHalted()
T7298 047:592.640 - 0.263ms returns FALSE
T7298 047:592.648 JLINK_IsHalted()
T7298 047:592.916 - 0.268ms returns FALSE
T7298 047:702.656 JLINK_IsHalted()
T7298 047:702.936 - 0.281ms returns FALSE
T7298 047:702.968 JLINK_IsHalted()
T7298 047:703.220 - 0.251ms returns FALSE
T7298 047:811.640 JLINK_IsHalted()
T7298 047:811.912 - 0.274ms returns FALSE
T7298 047:811.928 JLINK_IsHalted()
T7298 047:812.140 - 0.208ms returns FALSE
T7298 047:921.296 JLINK_IsHalted()
T7298 047:921.592 - 0.296ms returns FALSE
T7298 047:921.608 JLINK_IsHalted()
T7298 047:921.852 - 0.240ms returns FALSE
T7298 048:029.916 JLINK_IsHalted()
T7298 048:030.188 - 0.271ms returns FALSE
T7298 048:030.196 JLINK_IsHalted()
T7298 048:030.428 - 0.231ms returns FALSE
T0CC4 048:035.016 JLINK_IsHalted()
T0CC4 048:035.272 - 0.257ms returns FALSE
T0CC4 048:035.284 JLINK_IsHalted()
T0CC4 048:035.516 - 0.233ms returns FALSE
T7298 048:139.548 JLINK_IsHalted()
T7298 048:139.828 - 0.278ms returns FALSE
T7298 048:139.836 JLINK_IsHalted()
T7298 048:140.104 - 0.268ms returns FALSE
T7298 048:249.108 JLINK_IsHalted()
T7298 048:249.500 - 0.389ms returns FALSE
T7298 048:249.544 JLINK_IsHalted()
T7298 048:249.808 - 0.264ms returns FALSE
T7298 048:358.736 JLINK_IsHalted()
T7298 048:359.020 - 0.285ms returns FALSE
T7298 048:359.048 JLINK_IsHalted()
T7298 048:359.280 - 0.232ms returns FALSE
T7298 048:467.976 JLINK_IsHalted()
T7298 048:468.276 - 0.299ms returns FALSE
T7298 048:468.296 JLINK_IsHalted()
T7298 048:468.536 - 0.239ms returns FALSE
T7298 048:576.836 JLINK_IsHalted()
T7298 048:577.112 - 0.275ms returns FALSE
T7298 048:577.128 JLINK_IsHalted()
T7298 048:577.388 - 0.257ms returns FALSE
T7298 048:686.120 JLINK_IsHalted()
T7298 048:686.436 - 0.313ms returns FALSE
T7298 048:686.444 JLINK_IsHalted()
T7298 048:686.704 - 0.260ms returns FALSE
T7298 048:796.196 JLINK_IsHalted()
T7298 048:796.484 - 0.287ms returns FALSE
T7298 048:796.492 JLINK_IsHalted()
T7298 048:796.776 - 0.282ms returns FALSE
T7298 048:904.808 JLINK_IsHalted()
T7298 048:905.140 - 0.329ms returns FALSE
T7298 048:905.176 JLINK_IsHalted()
T7298 048:905.460 - 0.281ms returns FALSE
T7298 049:014.708 JLINK_IsHalted()
T7298 049:014.996 - 0.289ms returns FALSE
T7298 049:015.012 JLINK_IsHalted()
T7298 049:015.268 - 0.256ms returns FALSE
T0CC4 049:035.752 JLINK_IsHalted()
T0CC4 049:036.008 - 0.254ms returns FALSE
T0CC4 049:036.024 JLINK_IsHalted()
T0CC4 049:036.228 - 0.201ms returns FALSE
T7298 049:124.432 JLINK_IsHalted()
T7298 049:124.744 - 0.313ms returns FALSE
T7298 049:124.764 JLINK_IsHalted()
T7298 049:124.988 - 0.221ms returns FALSE
T7298 049:232.968 JLINK_IsHalted()
T7298 049:233.264 - 0.295ms returns FALSE
T7298 049:233.308 JLINK_IsHalted()
T7298 049:233.760 - 0.452ms returns FALSE
T7298 049:342.604 JLINK_IsHalted()
T7298 049:342.948 - 0.339ms returns FALSE
T7298 049:342.960 JLINK_IsHalted()
T7298 049:343.208 - 0.249ms returns FALSE
T7298 049:452.236 JLINK_IsHalted()
T7298 049:452.544 - 0.308ms returns FALSE
T7298 049:452.564 JLINK_IsHalted()
T7298 049:452.800 - 0.234ms returns FALSE
T7298 049:561.864 JLINK_IsHalted()
T7298 049:562.164 - 0.301ms returns FALSE
T7298 049:562.172 JLINK_IsHalted()
T7298 049:562.396 - 0.226ms returns FALSE
T7298 049:671.156 JLINK_IsHalted()
T7298 049:671.480 - 0.323ms returns FALSE
T7298 049:671.504 JLINK_IsHalted()
T7298 049:671.784 - 0.280ms returns FALSE
T7298 049:780.720 JLINK_IsHalted()
T7298 049:781.012 - 0.290ms returns FALSE
T7298 049:781.040 JLINK_IsHalted()
T7298 049:781.292 - 0.250ms returns FALSE
T7298 049:889.352 JLINK_IsHalted()
T7298 049:889.648 - 0.295ms returns FALSE
T7298 049:889.668 JLINK_IsHalted()
T7298 049:889.900 - 0.232ms returns FALSE
T7298 049:998.988 JLINK_IsHalted()
T7298 049:999.316 - 0.327ms returns FALSE
T7298 049:999.336 JLINK_IsHalted()
T7298 049:999.592 - 0.251ms returns FALSE
T0CC4 050:036.568 JLINK_IsHalted()
T0CC4 050:036.888 - 0.320ms returns FALSE
T0CC4 050:036.920 JLINK_IsHalted()
T0CC4 050:037.296 - 0.373ms returns FALSE
T7298 050:108.208 JLINK_IsHalted()
T7298 050:108.492 - 0.284ms returns FALSE
T7298 050:108.516 JLINK_IsHalted()
T7298 050:108.744 - 0.228ms returns FALSE
T7298 050:217.848 JLINK_IsHalted()
T7298 050:218.152 - 0.307ms returns FALSE
T7298 050:218.164 JLINK_IsHalted()
T7298 050:218.412 - 0.249ms returns FALSE
T7298 050:327.464 JLINK_IsHalted()
T7298 050:327.784 - 0.318ms returns FALSE
T7298 050:327.816 JLINK_IsHalted()
T7298 050:328.096 - 0.279ms returns FALSE
T7298 050:436.136 JLINK_IsHalted()
T7298 050:436.404 - 0.270ms returns FALSE
T7298 050:436.428 JLINK_IsHalted()
T7298 050:436.744 - 0.315ms returns FALSE
T7298 050:545.748 JLINK_IsHalted()
T7298 050:546.024 - 0.275ms returns FALSE
T7298 050:546.052 JLINK_IsHalted()
T7298 050:546.296 - 0.243ms returns FALSE
T7298 050:655.008 JLINK_IsHalted()
T7298 050:655.444 - 0.436ms returns FALSE
T7298 050:655.476 JLINK_IsHalted()
T7298 050:655.784 - 0.306ms returns FALSE
T7298 050:764.544 JLINK_IsHalted()
T7298 050:764.796 - 0.254ms returns FALSE
T7298 050:764.808 JLINK_IsHalted()
T7298 050:765.052 - 0.245ms returns FALSE
T7298 050:873.968 JLINK_IsHalted()
T7298 050:874.376 - 0.407ms returns FALSE
T7298 050:874.384 JLINK_IsHalted()
T7298 050:874.616 - 0.230ms returns FALSE
T7298 050:983.592 JLINK_IsHalted()
T7298 050:983.960 - 0.363ms returns FALSE
T7298 050:983.972 JLINK_IsHalted()
T7298 050:984.204 - 0.233ms returns FALSE
T0CC4 051:038.568 JLINK_IsHalted()
T0CC4 051:038.936 - 0.367ms returns FALSE
T0CC4 051:038.956 JLINK_IsHalted()
T0CC4 051:039.216 - 0.259ms returns FALSE
T419C 051:049.544 JLINK_ClrBPEx(BPHandle = 0xFFFFFFFF)
T419C 051:049.576 - 0.034ms returns 0x00
T419C 051:049.584 JLINK_IsHalted()
T419C 051:049.864 - 0.281ms returns FALSE
T419C 051:049.900 JLINK_STRACE_Read(..., NumItems = 0x10000)
T419C 051:250.748 - 200.847ms NumItemsRead = 0x00
T419C 051:251.128 JLINK_GoEx(MaxEmulInsts = 0, Flags = 0x01)
T419C 051:251.432   
  ***** Error: 
T419C 051:251.452   CPU is not halted
T419C 051:251.464 - 0.338ms
T419C 051:251.480 JLINK_ReadReg(XPSR)
T419C 051:251.784   CPU is running
T419C 051:251.812   
  ***** Error: 
T419C 051:251.824   Cannot read register 16 (XPSR) while CPU is running
T419C 051:251.840 - 0.358ms returns 0x00000000
T419C 051:252.788 JLINK_Close()
T419C 051:252.984   CPU is running
T419C 051:253.000   CPU_WriteMem(4 bytes @ 0xE0002008)
T419C 051:253.256   CPU is running
T419C 051:253.268   CPU_WriteMem(4 bytes @ 0xE000200C)
T419C 051:253.480   CPU is running
T419C 051:253.488   CPU_WriteMem(4 bytes @ 0xE0002010)
T419C 051:253.744   CPU is running
T419C 051:253.764   CPU_WriteMem(4 bytes @ 0xE0002014)
T419C 051:256.120   OnDisconnectTarget() start
T419C 051:256.140    J-Link Script File: Executing OnDisconnectTarget()
T419C 051:256.148   Restoring low power mode settings.
T419C 051:257.184   OnDisconnectTarget() end - Took 1.04ms
T419C 051:270.372 - 17.585ms
T419C 051:270.388   
T419C 051:270.392   Closed
